[2024-12-05T00:00:14.300+0000] {processor.py:186} INFO - Started process (PID=359) to work on /opt/airflow/dags/airflow_pipeline.py
[2024-12-05T00:00:14.304+0000] {processor.py:914} INFO - Processing file /opt/airflow/dags/airflow_pipeline.py for tasks to queue
[2024-12-05T00:00:14.312+0000] {logging_mixin.py:190} INFO - [2024-12-05T00:00:14.311+0000] {dagbag.py:588} INFO - Filling up the DagBag from /opt/airflow/dags/airflow_pipeline.py
[2024-12-05T00:00:15.024+0000] {logging_mixin.py:190} INFO - [2024-12-05T00:00:14.987+0000] {dagbag.py:387} ERROR - Failed to import: /opt/airflow/dags/airflow_pipeline.py
Traceback (most recent call last):
  File "/home/airflow/.local/lib/python3.12/site-packages/airflow/models/dagbag.py", line 383, in parse
    loader.exec_module(new_module)
  File "<frozen importlib._bootstrap_external>", line 995, in exec_module
  File "<frozen importlib._bootstrap>", line 488, in _call_with_frames_removed
  File "/opt/airflow/dags/airflow_pipeline.py", line 6, in <module>
    from src.data_processing import preprocess_data
  File "/opt/airflow/dags/src/data_processing.py", line 2, in <module>
    from sklearn.preprocessing import StandardScaler
ModuleNotFoundError: No module named 'sklearn'
[2024-12-05T00:00:15.038+0000] {processor.py:927} WARNING - No viable dags retrieved from /opt/airflow/dags/airflow_pipeline.py
[2024-12-05T00:00:15.174+0000] {processor.py:208} INFO - Processing /opt/airflow/dags/airflow_pipeline.py took 0.926 seconds
[2024-12-05T00:09:19.764+0000] {processor.py:186} INFO - Started process (PID=170) to work on /opt/airflow/dags/airflow_pipeline.py
[2024-12-05T00:09:19.766+0000] {processor.py:914} INFO - Processing file /opt/airflow/dags/airflow_pipeline.py for tasks to queue
[2024-12-05T00:09:19.771+0000] {logging_mixin.py:190} INFO - [2024-12-05T00:09:19.770+0000] {dagbag.py:588} INFO - Filling up the DagBag from /opt/airflow/dags/airflow_pipeline.py
[2024-12-05T00:09:21.906+0000] {processor.py:925} INFO - DAG(s) 'class_act_7_pipeline' retrieved from /opt/airflow/dags/airflow_pipeline.py
[2024-12-05T00:09:22.966+0000] {logging_mixin.py:190} INFO - [2024-12-05T00:09:22.955+0000] {dag.py:3239} INFO - Sync 1 DAGs
[2024-12-05T00:09:23.933+0000] {processor.py:208} INFO - Processing /opt/airflow/dags/airflow_pipeline.py took 4.181 seconds
[2024-12-05T00:10:13.238+0000] {processor.py:186} INFO - Started process (PID=277) to work on /opt/airflow/dags/airflow_pipeline.py
[2024-12-05T00:10:13.251+0000] {processor.py:914} INFO - Processing file /opt/airflow/dags/airflow_pipeline.py for tasks to queue
[2024-12-05T00:10:13.267+0000] {logging_mixin.py:190} INFO - [2024-12-05T00:10:13.265+0000] {dagbag.py:588} INFO - Filling up the DagBag from /opt/airflow/dags/airflow_pipeline.py
[2024-12-05T00:10:19.616+0000] {processor.py:925} INFO - DAG(s) 'class_act_7_pipeline' retrieved from /opt/airflow/dags/airflow_pipeline.py
[2024-12-05T00:10:19.751+0000] {logging_mixin.py:190} INFO - [2024-12-05T00:10:19.749+0000] {dag.py:3239} INFO - Sync 1 DAGs
[2024-12-05T00:10:19.977+0000] {processor.py:208} INFO - Processing /opt/airflow/dags/airflow_pipeline.py took 6.776 seconds
[2024-12-05T00:11:07.947+0000] {processor.py:186} INFO - Started process (PID=371) to work on /opt/airflow/dags/airflow_pipeline.py
[2024-12-05T00:11:07.962+0000] {processor.py:914} INFO - Processing file /opt/airflow/dags/airflow_pipeline.py for tasks to queue
[2024-12-05T00:11:07.979+0000] {logging_mixin.py:190} INFO - [2024-12-05T00:11:07.978+0000] {dagbag.py:588} INFO - Filling up the DagBag from /opt/airflow/dags/airflow_pipeline.py
[2024-12-05T00:11:15.807+0000] {processor.py:925} INFO - DAG(s) 'class_act_7_pipeline' retrieved from /opt/airflow/dags/airflow_pipeline.py
[2024-12-05T00:11:15.885+0000] {logging_mixin.py:190} INFO - [2024-12-05T00:11:15.884+0000] {dag.py:3239} INFO - Sync 1 DAGs
[2024-12-05T00:11:16.030+0000] {logging_mixin.py:190} INFO - [2024-12-05T00:11:16.030+0000] {dag.py:4180} INFO - Setting next_dagrun for class_act_7_pipeline to 2024-10-12 17:00:00+00:00, run_after=2024-10-12 18:00:00+00:00
[2024-12-05T00:11:16.149+0000] {processor.py:208} INFO - Processing /opt/airflow/dags/airflow_pipeline.py took 8.307 seconds
[2024-12-05T00:11:53.463+0000] {processor.py:186} INFO - Started process (PID=425) to work on /opt/airflow/dags/airflow_pipeline.py
[2024-12-05T00:11:53.482+0000] {processor.py:914} INFO - Processing file /opt/airflow/dags/airflow_pipeline.py for tasks to queue
[2024-12-05T00:11:53.514+0000] {logging_mixin.py:190} INFO - [2024-12-05T00:11:53.513+0000] {dagbag.py:588} INFO - Filling up the DagBag from /opt/airflow/dags/airflow_pipeline.py
[2024-12-05T00:11:58.797+0000] {processor.py:925} INFO - DAG(s) 'class_act_7_pipeline' retrieved from /opt/airflow/dags/airflow_pipeline.py
[2024-12-05T00:11:58.928+0000] {logging_mixin.py:190} INFO - [2024-12-05T00:11:58.927+0000] {dag.py:3239} INFO - Sync 1 DAGs
[2024-12-05T00:11:59.337+0000] {processor.py:208} INFO - Processing /opt/airflow/dags/airflow_pipeline.py took 6.041 seconds
[2024-12-05T00:12:31.083+0000] {processor.py:186} INFO - Started process (PID=488) to work on /opt/airflow/dags/airflow_pipeline.py
[2024-12-05T00:12:31.114+0000] {processor.py:914} INFO - Processing file /opt/airflow/dags/airflow_pipeline.py for tasks to queue
[2024-12-05T00:12:31.133+0000] {logging_mixin.py:190} INFO - [2024-12-05T00:12:31.131+0000] {dagbag.py:588} INFO - Filling up the DagBag from /opt/airflow/dags/airflow_pipeline.py
[2024-12-05T00:12:40.617+0000] {processor.py:925} INFO - DAG(s) 'class_act_7_pipeline' retrieved from /opt/airflow/dags/airflow_pipeline.py
[2024-12-05T00:12:40.937+0000] {logging_mixin.py:190} INFO - [2024-12-05T00:12:40.935+0000] {dag.py:3239} INFO - Sync 1 DAGs
[2024-12-05T00:12:41.759+0000] {processor.py:208} INFO - Processing /opt/airflow/dags/airflow_pipeline.py took 10.860 seconds
[2024-12-05T00:13:35.748+0000] {processor.py:186} INFO - Started process (PID=563) to work on /opt/airflow/dags/airflow_pipeline.py
[2024-12-05T00:13:35.750+0000] {processor.py:914} INFO - Processing file /opt/airflow/dags/airflow_pipeline.py for tasks to queue
[2024-12-05T00:13:35.756+0000] {logging_mixin.py:190} INFO - [2024-12-05T00:13:35.755+0000] {dagbag.py:588} INFO - Filling up the DagBag from /opt/airflow/dags/airflow_pipeline.py
[2024-12-05T00:13:39.844+0000] {processor.py:925} INFO - DAG(s) 'class_act_7_pipeline' retrieved from /opt/airflow/dags/airflow_pipeline.py
[2024-12-05T00:13:39.953+0000] {logging_mixin.py:190} INFO - [2024-12-05T00:13:39.950+0000] {dag.py:3239} INFO - Sync 1 DAGs
[2024-12-05T00:13:41.487+0000] {logging_mixin.py:190} INFO - [2024-12-05T00:13:41.487+0000] {dag.py:4180} INFO - Setting next_dagrun for class_act_7_pipeline to 2024-10-13 03:00:00+00:00, run_after=2024-10-13 04:00:00+00:00
[2024-12-05T00:13:42.117+0000] {processor.py:208} INFO - Processing /opt/airflow/dags/airflow_pipeline.py took 6.407 seconds
[2024-12-05T00:14:31.082+0000] {processor.py:186} INFO - Started process (PID=639) to work on /opt/airflow/dags/airflow_pipeline.py
[2024-12-05T00:14:31.084+0000] {processor.py:914} INFO - Processing file /opt/airflow/dags/airflow_pipeline.py for tasks to queue
[2024-12-05T00:14:31.094+0000] {logging_mixin.py:190} INFO - [2024-12-05T00:14:31.093+0000] {dagbag.py:588} INFO - Filling up the DagBag from /opt/airflow/dags/airflow_pipeline.py
[2024-12-05T00:14:35.203+0000] {processor.py:925} INFO - DAG(s) 'class_act_7_pipeline' retrieved from /opt/airflow/dags/airflow_pipeline.py
[2024-12-05T00:14:35.430+0000] {logging_mixin.py:190} INFO - [2024-12-05T00:14:35.428+0000] {dag.py:3239} INFO - Sync 1 DAGs
[2024-12-05T00:14:36.214+0000] {processor.py:208} INFO - Processing /opt/airflow/dags/airflow_pipeline.py took 5.167 seconds
[2024-12-05T00:15:23.946+0000] {processor.py:186} INFO - Started process (PID=734) to work on /opt/airflow/dags/airflow_pipeline.py
[2024-12-05T00:15:23.979+0000] {processor.py:914} INFO - Processing file /opt/airflow/dags/airflow_pipeline.py for tasks to queue
[2024-12-05T00:15:24.009+0000] {logging_mixin.py:190} INFO - [2024-12-05T00:15:23.996+0000] {dagbag.py:588} INFO - Filling up the DagBag from /opt/airflow/dags/airflow_pipeline.py
[2024-12-05T00:15:28.075+0000] {processor.py:925} INFO - DAG(s) 'class_act_7_pipeline' retrieved from /opt/airflow/dags/airflow_pipeline.py
[2024-12-05T00:15:28.275+0000] {logging_mixin.py:190} INFO - [2024-12-05T00:15:28.273+0000] {dag.py:3239} INFO - Sync 1 DAGs
[2024-12-05T00:15:28.577+0000] {logging_mixin.py:190} INFO - [2024-12-05T00:15:28.576+0000] {dag.py:4180} INFO - Setting next_dagrun for class_act_7_pipeline to 2024-10-13 14:00:00+00:00, run_after=2024-10-13 15:00:00+00:00
[2024-12-05T00:15:28.718+0000] {processor.py:208} INFO - Processing /opt/airflow/dags/airflow_pipeline.py took 4.813 seconds
[2024-12-05T00:16:13.716+0000] {processor.py:186} INFO - Started process (PID=812) to work on /opt/airflow/dags/airflow_pipeline.py
[2024-12-05T00:16:13.723+0000] {processor.py:914} INFO - Processing file /opt/airflow/dags/airflow_pipeline.py for tasks to queue
[2024-12-05T00:16:13.739+0000] {logging_mixin.py:190} INFO - [2024-12-05T00:16:13.738+0000] {dagbag.py:588} INFO - Filling up the DagBag from /opt/airflow/dags/airflow_pipeline.py
[2024-12-05T00:16:20.350+0000] {processor.py:925} INFO - DAG(s) 'class_act_7_pipeline' retrieved from /opt/airflow/dags/airflow_pipeline.py
[2024-12-05T00:16:20.523+0000] {logging_mixin.py:190} INFO - [2024-12-05T00:16:20.522+0000] {dag.py:3239} INFO - Sync 1 DAGs
[2024-12-05T00:16:21.004+0000] {processor.py:208} INFO - Processing /opt/airflow/dags/airflow_pipeline.py took 7.333 seconds
[2024-12-05T00:17:20.671+0000] {processor.py:186} INFO - Started process (PID=898) to work on /opt/airflow/dags/airflow_pipeline.py
[2024-12-05T00:17:20.707+0000] {processor.py:914} INFO - Processing file /opt/airflow/dags/airflow_pipeline.py for tasks to queue
[2024-12-05T00:17:20.760+0000] {logging_mixin.py:190} INFO - [2024-12-05T00:17:20.723+0000] {dagbag.py:588} INFO - Filling up the DagBag from /opt/airflow/dags/airflow_pipeline.py
[2024-12-05T00:17:26.229+0000] {processor.py:925} INFO - DAG(s) 'class_act_7_pipeline' retrieved from /opt/airflow/dags/airflow_pipeline.py
[2024-12-05T00:17:26.406+0000] {logging_mixin.py:190} INFO - [2024-12-05T00:17:26.403+0000] {dag.py:3239} INFO - Sync 1 DAGs
[2024-12-05T00:17:27.683+0000] {logging_mixin.py:190} INFO - [2024-12-05T00:17:27.683+0000] {dag.py:4180} INFO - Setting next_dagrun for class_act_7_pipeline to 2024-10-14 06:00:00+00:00, run_after=2024-10-14 07:00:00+00:00
[2024-12-05T00:17:27.816+0000] {processor.py:208} INFO - Processing /opt/airflow/dags/airflow_pipeline.py took 7.189 seconds
[2024-12-05T00:18:30.831+0000] {processor.py:186} INFO - Started process (PID=979) to work on /opt/airflow/dags/airflow_pipeline.py
[2024-12-05T00:18:30.864+0000] {processor.py:914} INFO - Processing file /opt/airflow/dags/airflow_pipeline.py for tasks to queue
[2024-12-05T00:18:30.881+0000] {logging_mixin.py:190} INFO - [2024-12-05T00:18:30.880+0000] {dagbag.py:588} INFO - Filling up the DagBag from /opt/airflow/dags/airflow_pipeline.py
[2024-12-05T00:18:37.083+0000] {processor.py:925} INFO - DAG(s) 'class_act_7_pipeline' retrieved from /opt/airflow/dags/airflow_pipeline.py
[2024-12-05T00:18:37.310+0000] {logging_mixin.py:190} INFO - [2024-12-05T00:18:37.309+0000] {dag.py:3239} INFO - Sync 1 DAGs
[2024-12-05T00:18:39.215+0000] {logging_mixin.py:190} INFO - [2024-12-05T00:18:39.215+0000] {dag.py:4180} INFO - Setting next_dagrun for class_act_7_pipeline to 2024-10-14 17:00:00+00:00, run_after=2024-10-14 18:00:00+00:00
[2024-12-05T00:18:39.472+0000] {processor.py:208} INFO - Processing /opt/airflow/dags/airflow_pipeline.py took 8.683 seconds
[2024-12-05T00:19:24.579+0000] {processor.py:186} INFO - Started process (PID=1054) to work on /opt/airflow/dags/airflow_pipeline.py
[2024-12-05T00:19:24.592+0000] {processor.py:914} INFO - Processing file /opt/airflow/dags/airflow_pipeline.py for tasks to queue
[2024-12-05T00:19:24.659+0000] {logging_mixin.py:190} INFO - [2024-12-05T00:19:24.645+0000] {dagbag.py:588} INFO - Filling up the DagBag from /opt/airflow/dags/airflow_pipeline.py
[2024-12-05T00:19:29.961+0000] {processor.py:925} INFO - DAG(s) 'class_act_7_pipeline' retrieved from /opt/airflow/dags/airflow_pipeline.py
[2024-12-05T00:19:30.203+0000] {logging_mixin.py:190} INFO - [2024-12-05T00:19:30.202+0000] {dag.py:3239} INFO - Sync 1 DAGs
[2024-12-05T00:19:32.120+0000] {logging_mixin.py:190} INFO - [2024-12-05T00:19:32.119+0000] {dag.py:4180} INFO - Setting next_dagrun for class_act_7_pipeline to 2024-10-14 19:00:00+00:00, run_after=2024-10-14 20:00:00+00:00
[2024-12-05T00:19:32.560+0000] {processor.py:208} INFO - Processing /opt/airflow/dags/airflow_pipeline.py took 8.133 seconds
[2024-12-05T00:20:17.096+0000] {processor.py:186} INFO - Started process (PID=1135) to work on /opt/airflow/dags/airflow_pipeline.py
[2024-12-05T00:20:17.115+0000] {processor.py:914} INFO - Processing file /opt/airflow/dags/airflow_pipeline.py for tasks to queue
[2024-12-05T00:20:17.156+0000] {logging_mixin.py:190} INFO - [2024-12-05T00:20:17.142+0000] {dagbag.py:588} INFO - Filling up the DagBag from /opt/airflow/dags/airflow_pipeline.py
[2024-12-05T00:20:24.360+0000] {processor.py:925} INFO - DAG(s) 'class_act_7_pipeline' retrieved from /opt/airflow/dags/airflow_pipeline.py
[2024-12-05T00:20:24.461+0000] {logging_mixin.py:190} INFO - [2024-12-05T00:20:24.459+0000] {dag.py:3239} INFO - Sync 1 DAGs
[2024-12-05T00:20:24.946+0000] {processor.py:208} INFO - Processing /opt/airflow/dags/airflow_pipeline.py took 7.899 seconds
[2024-12-05T00:21:16.368+0000] {processor.py:186} INFO - Started process (PID=1220) to work on /opt/airflow/dags/airflow_pipeline.py
[2024-12-05T00:21:16.384+0000] {processor.py:914} INFO - Processing file /opt/airflow/dags/airflow_pipeline.py for tasks to queue
[2024-12-05T00:21:16.423+0000] {logging_mixin.py:190} INFO - [2024-12-05T00:21:16.422+0000] {dagbag.py:588} INFO - Filling up the DagBag from /opt/airflow/dags/airflow_pipeline.py
[2024-12-05T00:21:23.760+0000] {processor.py:925} INFO - DAG(s) 'class_act_7_pipeline' retrieved from /opt/airflow/dags/airflow_pipeline.py
[2024-12-05T00:21:23.870+0000] {logging_mixin.py:190} INFO - [2024-12-05T00:21:23.868+0000] {dag.py:3239} INFO - Sync 1 DAGs
[2024-12-05T00:21:24.562+0000] {processor.py:208} INFO - Processing /opt/airflow/dags/airflow_pipeline.py took 8.258 seconds
[2024-12-05T00:22:08.445+0000] {processor.py:186} INFO - Started process (PID=1288) to work on /opt/airflow/dags/airflow_pipeline.py
[2024-12-05T00:22:08.573+0000] {processor.py:914} INFO - Processing file /opt/airflow/dags/airflow_pipeline.py for tasks to queue
[2024-12-05T00:22:08.630+0000] {logging_mixin.py:190} INFO - [2024-12-05T00:22:08.610+0000] {dagbag.py:588} INFO - Filling up the DagBag from /opt/airflow/dags/airflow_pipeline.py
[2024-12-05T00:22:15.993+0000] {processor.py:925} INFO - DAG(s) 'class_act_7_pipeline' retrieved from /opt/airflow/dags/airflow_pipeline.py
[2024-12-05T00:22:16.284+0000] {logging_mixin.py:190} INFO - [2024-12-05T00:22:16.280+0000] {dag.py:3239} INFO - Sync 1 DAGs
[2024-12-05T00:22:16.779+0000] {processor.py:208} INFO - Processing /opt/airflow/dags/airflow_pipeline.py took 8.388 seconds
[2024-12-05T00:22:59.431+0000] {processor.py:186} INFO - Started process (PID=1372) to work on /opt/airflow/dags/airflow_pipeline.py
[2024-12-05T00:22:59.437+0000] {processor.py:914} INFO - Processing file /opt/airflow/dags/airflow_pipeline.py for tasks to queue
[2024-12-05T00:22:59.448+0000] {logging_mixin.py:190} INFO - [2024-12-05T00:22:59.447+0000] {dagbag.py:588} INFO - Filling up the DagBag from /opt/airflow/dags/airflow_pipeline.py
[2024-12-05T00:23:06.470+0000] {processor.py:925} INFO - DAG(s) 'class_act_7_pipeline' retrieved from /opt/airflow/dags/airflow_pipeline.py
[2024-12-05T00:23:06.730+0000] {logging_mixin.py:190} INFO - [2024-12-05T00:23:06.729+0000] {dag.py:3239} INFO - Sync 1 DAGs
[2024-12-05T00:23:06.907+0000] {logging_mixin.py:190} INFO - [2024-12-05T00:23:06.906+0000] {dag.py:4180} INFO - Setting next_dagrun for class_act_7_pipeline to 2024-10-15 12:00:00+00:00, run_after=2024-10-15 13:00:00+00:00
[2024-12-05T00:23:07.327+0000] {processor.py:208} INFO - Processing /opt/airflow/dags/airflow_pipeline.py took 7.931 seconds
[2024-12-05T00:24:00.682+0000] {processor.py:186} INFO - Started process (PID=1435) to work on /opt/airflow/dags/airflow_pipeline.py
[2024-12-05T00:24:00.689+0000] {processor.py:914} INFO - Processing file /opt/airflow/dags/airflow_pipeline.py for tasks to queue
[2024-12-05T00:24:00.707+0000] {logging_mixin.py:190} INFO - [2024-12-05T00:24:00.706+0000] {dagbag.py:588} INFO - Filling up the DagBag from /opt/airflow/dags/airflow_pipeline.py
[2024-12-05T00:24:12.875+0000] {processor.py:925} INFO - DAG(s) 'class_act_7_pipeline' retrieved from /opt/airflow/dags/airflow_pipeline.py
[2024-12-05T00:24:13.192+0000] {logging_mixin.py:190} INFO - [2024-12-05T00:24:13.191+0000] {dag.py:3239} INFO - Sync 1 DAGs
[2024-12-05T00:24:13.575+0000] {logging_mixin.py:190} INFO - [2024-12-05T00:24:13.574+0000] {dag.py:4180} INFO - Setting next_dagrun for class_act_7_pipeline to 2024-10-16 01:00:00+00:00, run_after=2024-10-16 02:00:00+00:00
[2024-12-05T00:24:14.050+0000] {processor.py:208} INFO - Processing /opt/airflow/dags/airflow_pipeline.py took 13.410 seconds
