[2024-12-05T00:23:11.921+0000] {local_task_job_runner.py:123} INFO - ::group::Pre task execution logs
[2024-12-05T00:23:12.614+0000] {taskinstance.py:2613} INFO - Dependencies all met for dep_context=non-requeueable deps ti=<TaskInstance: class_act_7_pipeline.preprocess_data scheduled__2024-10-15T09:00:00+00:00 [queued]>
[2024-12-05T00:23:12.781+0000] {taskinstance.py:2613} INFO - Dependencies all met for dep_context=requeueable deps ti=<TaskInstance: class_act_7_pipeline.preprocess_data scheduled__2024-10-15T09:00:00+00:00 [queued]>
[2024-12-05T00:23:12.829+0000] {taskinstance.py:2866} INFO - Starting attempt 1 of 4
[2024-12-05T00:23:13.514+0000] {taskinstance.py:2889} INFO - Executing <Task(PythonOperator): preprocess_data> on 2024-10-15 09:00:00+00:00
[2024-12-05T00:23:13.735+0000] {warnings.py:112} WARNING - /home/***/.local/lib/python3.12/site-packages/***/task/task_runner/standard_task_runner.py:70: DeprecationWarning: This process (pid=1948) is multi-threaded, use of fork() may lead to deadlocks in the child.
  pid = os.fork()

[2024-12-05T00:23:13.797+0000] {standard_task_runner.py:72} INFO - Started process 2039 to run task
[2024-12-05T00:23:13.783+0000] {standard_task_runner.py:104} INFO - Running: ['***', 'tasks', 'run', 'class_act_7_pipeline', 'preprocess_data', 'scheduled__2024-10-15T09:00:00+00:00', '--job-id', '253', '--raw', '--subdir', 'DAGS_FOLDER/***_pipeline.py', '--cfg-path', '/tmp/tmpml87rfuk']
[2024-12-05T00:23:13.848+0000] {standard_task_runner.py:105} INFO - Job 253: Subtask preprocess_data
[2024-12-05T00:23:14.795+0000] {task_command.py:467} INFO - Running <TaskInstance: class_act_7_pipeline.preprocess_data scheduled__2024-10-15T09:00:00+00:00 [running]> on host cff371549a6e
[2024-12-05T00:23:17.081+0000] {taskinstance.py:3132} INFO - Exporting env vars: AIRFLOW_CTX_DAG_EMAIL='abdulrahmanbutt7273@gmail.com' AIRFLOW_CTX_DAG_OWNER='***' AIRFLOW_CTX_DAG_ID='class_act_7_pipeline' AIRFLOW_CTX_TASK_ID='preprocess_data' AIRFLOW_CTX_EXECUTION_DATE='2024-10-15T09:00:00+00:00' AIRFLOW_CTX_TRY_NUMBER='1' AIRFLOW_CTX_DAG_RUN_ID='scheduled__2024-10-15T09:00:00+00:00'
[2024-12-05T00:23:17.120+0000] {logging_mixin.py:190} INFO - Task instance is in running state
[2024-12-05T00:23:17.134+0000] {logging_mixin.py:190} INFO -  Previous state of the Task instance: queued
[2024-12-05T00:23:17.155+0000] {logging_mixin.py:190} INFO - Current task name:preprocess_data state:running start_date:2024-12-05 00:23:12.618941+00:00
[2024-12-05T00:23:17.234+0000] {logging_mixin.py:190} INFO - Dag name:class_act_7_pipeline and current dag run status:running
[2024-12-05T00:23:17.267+0000] {taskinstance.py:731} INFO - ::endgroup::
[2024-12-05T00:23:17.786+0000] {python.py:240} INFO - Done. Returned value was: None
[2024-12-05T00:23:17.888+0000] {taskinstance.py:340} INFO - ::group::Post task execution logs
[2024-12-05T00:23:17.956+0000] {taskinstance.py:352} INFO - Marking task as SUCCESS. dag_id=class_act_7_pipeline, task_id=preprocess_data, run_id=scheduled__2024-10-15T09:00:00+00:00, execution_date=20241015T090000, start_date=20241205T002312, end_date=20241205T002317
[2024-12-05T00:23:18.190+0000] {logging_mixin.py:190} INFO - Task instance in success state
[2024-12-05T00:23:18.205+0000] {logging_mixin.py:190} INFO -  Previous state of the Task instance: running
[2024-12-05T00:23:18.213+0000] {logging_mixin.py:190} INFO - Dag name:class_act_7_pipeline queued_at:2024-12-05 00:21:22.492724+00:00
[2024-12-05T00:23:18.229+0000] {logging_mixin.py:190} INFO - Task hostname:cff371549a6e operator:PythonOperator
[2024-12-05T00:23:18.370+0000] {local_task_job_runner.py:266} INFO - Task exited with return code 0
[2024-12-05T00:23:18.669+0000] {taskinstance.py:3895} INFO - 0 downstream tasks scheduled from follow-on schedule check
[2024-12-05T00:23:18.829+0000] {local_task_job_runner.py:245} INFO - ::endgroup::
[2024-12-05T00:23:18.882+0000] {standard_task_runner.py:217} INFO - Process not found (most likely exited), stop collecting metrics
