[2024-12-06T00:30:48.219+0000] {local_task_job_runner.py:123} INFO - ::group::Pre task execution logs
[2024-12-06T00:30:48.507+0000] {taskinstance.py:2613} INFO - Dependencies all met for dep_context=non-requeueable deps ti=<TaskInstance: class_act_7_pipeline.preprocess_data scheduled__2024-10-16T04:00:00+00:00 [queued]>
[2024-12-06T00:30:48.935+0000] {taskinstance.py:2613} INFO - Dependencies all met for dep_context=requeueable deps ti=<TaskInstance: class_act_7_pipeline.preprocess_data scheduled__2024-10-16T04:00:00+00:00 [queued]>
[2024-12-06T00:30:49.078+0000] {taskinstance.py:2866} INFO - Starting attempt 1 of 4
[2024-12-06T00:30:50.289+0000] {taskinstance.py:2889} INFO - Executing <Task(PythonOperator): preprocess_data> on 2024-10-16 04:00:00+00:00
[2024-12-06T00:30:50.635+0000] {warnings.py:112} WARNING - /home/***/.local/lib/python3.12/site-packages/***/task/task_runner/standard_task_runner.py:70: DeprecationWarning: This process (pid=2580) is multi-threaded, use of fork() may lead to deadlocks in the child.
  pid = os.fork()

[2024-12-06T00:30:50.664+0000] {standard_task_runner.py:72} INFO - Started process 2766 to run task
[2024-12-06T00:30:50.681+0000] {standard_task_runner.py:104} INFO - Running: ['***', 'tasks', 'run', 'class_act_7_pipeline', 'preprocess_data', 'scheduled__2024-10-16T04:00:00+00:00', '--job-id', '309', '--raw', '--subdir', 'DAGS_FOLDER/***_pipeline.py', '--cfg-path', '/tmp/tmpp_qt9xv1']
[2024-12-06T00:30:50.705+0000] {standard_task_runner.py:105} INFO - Job 309: Subtask preprocess_data
[2024-12-06T00:30:51.797+0000] {task_command.py:467} INFO - Running <TaskInstance: class_act_7_pipeline.preprocess_data scheduled__2024-10-16T04:00:00+00:00 [running]> on host cff371549a6e
[2024-12-06T00:30:54.361+0000] {taskinstance.py:3132} INFO - Exporting env vars: AIRFLOW_CTX_DAG_EMAIL='abdulrahmanbutt7273@gmail.com' AIRFLOW_CTX_DAG_OWNER='***' AIRFLOW_CTX_DAG_ID='class_act_7_pipeline' AIRFLOW_CTX_TASK_ID='preprocess_data' AIRFLOW_CTX_EXECUTION_DATE='2024-10-16T04:00:00+00:00' AIRFLOW_CTX_TRY_NUMBER='1' AIRFLOW_CTX_DAG_RUN_ID='scheduled__2024-10-16T04:00:00+00:00'
[2024-12-06T00:30:54.378+0000] {logging_mixin.py:190} INFO - Task instance is in running state
[2024-12-06T00:30:54.392+0000] {logging_mixin.py:190} INFO -  Previous state of the Task instance: queued
[2024-12-06T00:30:54.393+0000] {logging_mixin.py:190} INFO - Current task name:preprocess_data state:running start_date:2024-12-06 00:30:48.606317+00:00
[2024-12-06T00:30:54.425+0000] {logging_mixin.py:190} INFO - Dag name:class_act_7_pipeline and current dag run status:running
[2024-12-06T00:30:54.426+0000] {taskinstance.py:731} INFO - ::endgroup::
[2024-12-06T00:30:55.852+0000] {python.py:240} INFO - Done. Returned value was: None
[2024-12-06T00:30:56.141+0000] {taskinstance.py:340} INFO - ::group::Post task execution logs
[2024-12-06T00:30:56.179+0000] {taskinstance.py:352} INFO - Marking task as SUCCESS. dag_id=class_act_7_pipeline, task_id=preprocess_data, run_id=scheduled__2024-10-16T04:00:00+00:00, execution_date=20241016T040000, start_date=20241206T003048, end_date=20241206T003056
[2024-12-06T00:30:56.541+0000] {logging_mixin.py:190} INFO - Task instance in success state
[2024-12-06T00:30:56.599+0000] {logging_mixin.py:190} INFO -  Previous state of the Task instance: running
[2024-12-06T00:30:56.778+0000] {logging_mixin.py:190} INFO - Dag name:class_act_7_pipeline queued_at:2024-12-06 00:26:52.542701+00:00
[2024-12-06T00:30:56.809+0000] {logging_mixin.py:190} INFO - Task hostname:cff371549a6e operator:PythonOperator
[2024-12-06T00:30:57.497+0000] {local_task_job_runner.py:266} INFO - Task exited with return code 0
[2024-12-06T00:30:57.718+0000] {local_task_job_runner.py:245} INFO - ::endgroup::
