[2024-12-05T00:20:25.516+0000] {local_task_job_runner.py:123} INFO - ::group::Pre task execution logs
[2024-12-05T00:20:26.184+0000] {taskinstance.py:2613} INFO - Dependencies all met for dep_context=non-requeueable deps ti=<TaskInstance: class_act_7_pipeline.preprocess_data scheduled__2024-10-14T07:00:00+00:00 [queued]>
[2024-12-05T00:20:26.749+0000] {taskinstance.py:2613} INFO - Dependencies all met for dep_context=requeueable deps ti=<TaskInstance: class_act_7_pipeline.preprocess_data scheduled__2024-10-14T07:00:00+00:00 [queued]>
[2024-12-05T00:20:26.759+0000] {taskinstance.py:2866} INFO - Starting attempt 1 of 4
[2024-12-05T00:20:28.848+0000] {taskinstance.py:2889} INFO - Executing <Task(PythonOperator): preprocess_data> on 2024-10-14 07:00:00+00:00
[2024-12-05T00:20:29.360+0000] {warnings.py:112} WARNING - /home/***/.local/lib/python3.12/site-packages/***/task/task_runner/standard_task_runner.py:70: DeprecationWarning: This process (pid=1498) is multi-threaded, use of fork() may lead to deadlocks in the child.
  pid = os.fork()

[2024-12-05T00:20:29.375+0000] {standard_task_runner.py:72} INFO - Started process 1670 to run task
[2024-12-05T00:20:29.392+0000] {standard_task_runner.py:104} INFO - Running: ['***', 'tasks', 'run', 'class_act_7_pipeline', 'preprocess_data', 'scheduled__2024-10-14T07:00:00+00:00', '--job-id', '213', '--raw', '--subdir', 'DAGS_FOLDER/***_pipeline.py', '--cfg-path', '/tmp/tmpr8lxpji7']
[2024-12-05T00:20:29.400+0000] {standard_task_runner.py:105} INFO - Job 213: Subtask preprocess_data
[2024-12-05T00:20:30.870+0000] {task_command.py:467} INFO - Running <TaskInstance: class_act_7_pipeline.preprocess_data scheduled__2024-10-14T07:00:00+00:00 [running]> on host cff371549a6e
[2024-12-05T00:20:33.025+0000] {taskinstance.py:3132} INFO - Exporting env vars: AIRFLOW_CTX_DAG_EMAIL='abdulrahmanbutt7273@gmail.com' AIRFLOW_CTX_DAG_OWNER='***' AIRFLOW_CTX_DAG_ID='class_act_7_pipeline' AIRFLOW_CTX_TASK_ID='preprocess_data' AIRFLOW_CTX_EXECUTION_DATE='2024-10-14T07:00:00+00:00' AIRFLOW_CTX_TRY_NUMBER='1' AIRFLOW_CTX_DAG_RUN_ID='scheduled__2024-10-14T07:00:00+00:00'
[2024-12-05T00:20:33.031+0000] {logging_mixin.py:190} INFO - Task instance is in running state
[2024-12-05T00:20:33.039+0000] {logging_mixin.py:190} INFO -  Previous state of the Task instance: queued
[2024-12-05T00:20:33.040+0000] {logging_mixin.py:190} INFO - Current task name:preprocess_data state:running start_date:2024-12-05 00:20:26.243837+00:00
[2024-12-05T00:20:33.046+0000] {logging_mixin.py:190} INFO - Dag name:class_act_7_pipeline and current dag run status:running
[2024-12-05T00:20:33.047+0000] {taskinstance.py:731} INFO - ::endgroup::
[2024-12-05T00:20:33.239+0000] {python.py:240} INFO - Done. Returned value was: None
[2024-12-05T00:20:33.321+0000] {taskinstance.py:340} INFO - ::group::Post task execution logs
[2024-12-05T00:20:33.327+0000] {taskinstance.py:352} INFO - Marking task as SUCCESS. dag_id=class_act_7_pipeline, task_id=preprocess_data, run_id=scheduled__2024-10-14T07:00:00+00:00, execution_date=20241014T070000, start_date=20241205T002026, end_date=20241205T002033
[2024-12-05T00:20:33.384+0000] {logging_mixin.py:190} INFO - Task instance in success state
[2024-12-05T00:20:33.385+0000] {logging_mixin.py:190} INFO -  Previous state of the Task instance: running
[2024-12-05T00:20:33.387+0000] {logging_mixin.py:190} INFO - Dag name:class_act_7_pipeline queued_at:2024-12-05 00:18:26.235307+00:00
[2024-12-05T00:20:33.395+0000] {logging_mixin.py:190} INFO - Task hostname:cff371549a6e operator:PythonOperator
[2024-12-05T00:20:33.467+0000] {local_task_job_runner.py:266} INFO - Task exited with return code 0
[2024-12-05T00:20:33.678+0000] {taskinstance.py:3895} INFO - 0 downstream tasks scheduled from follow-on schedule check
[2024-12-05T00:20:33.696+0000] {local_task_job_runner.py:245} INFO - ::endgroup::
