[2024-12-05T00:00:04.913+0000] {processor.py:186} INFO - Started process (PID=343) to work on /home/airflow/.local/lib/python3.12/site-packages/airflow/example_dags/example_latest_only.py
[2024-12-05T00:00:04.916+0000] {processor.py:914} INFO - Processing file /home/airflow/.local/lib/python3.12/site-packages/airflow/example_dags/example_latest_only.py for tasks to queue
[2024-12-05T00:00:04.922+0000] {logging_mixin.py:190} INFO - [2024-12-05T00:00:04.921+0000] {dagbag.py:588} INFO - Filling up the DagBag from /home/airflow/.local/lib/python3.12/site-packages/airflow/example_dags/example_latest_only.py
[2024-12-05T00:00:04.954+0000] {processor.py:925} INFO - DAG(s) 'latest_only' retrieved from /home/airflow/.local/lib/python3.12/site-packages/airflow/example_dags/example_latest_only.py
[2024-12-05T00:00:05.023+0000] {logging_mixin.py:190} INFO - [2024-12-05T00:00:05.022+0000] {dag.py:3239} INFO - Sync 1 DAGs
[2024-12-05T00:00:05.173+0000] {logging_mixin.py:190} INFO - [2024-12-05T00:00:05.172+0000] {dag.py:4180} INFO - Setting next_dagrun for latest_only to 2024-12-04 20:00:00+00:00, run_after=2024-12-05 00:00:00+00:00
[2024-12-05T00:00:05.251+0000] {processor.py:208} INFO - Processing /home/airflow/.local/lib/python3.12/site-packages/airflow/example_dags/example_latest_only.py took 0.359 seconds
[2024-12-05T00:09:52.318+0000] {processor.py:186} INFO - Started process (PID=235) to work on /home/airflow/.local/lib/python3.12/site-packages/airflow/example_dags/example_latest_only.py
[2024-12-05T00:09:52.323+0000] {processor.py:914} INFO - Processing file /home/airflow/.local/lib/python3.12/site-packages/airflow/example_dags/example_latest_only.py for tasks to queue
[2024-12-05T00:09:52.344+0000] {logging_mixin.py:190} INFO - [2024-12-05T00:09:52.344+0000] {dagbag.py:588} INFO - Filling up the DagBag from /home/airflow/.local/lib/python3.12/site-packages/airflow/example_dags/example_latest_only.py
[2024-12-05T00:09:52.412+0000] {processor.py:925} INFO - DAG(s) 'latest_only' retrieved from /home/airflow/.local/lib/python3.12/site-packages/airflow/example_dags/example_latest_only.py
[2024-12-05T00:09:52.665+0000] {logging_mixin.py:190} INFO - [2024-12-05T00:09:52.663+0000] {dag.py:3239} INFO - Sync 1 DAGs
[2024-12-05T00:09:52.906+0000] {logging_mixin.py:190} INFO - [2024-12-05T00:09:52.905+0000] {dag.py:4180} INFO - Setting next_dagrun for latest_only to 2024-12-04 20:00:00+00:00, run_after=2024-12-05 00:00:00+00:00
[2024-12-05T00:09:53.288+0000] {processor.py:208} INFO - Processing /home/airflow/.local/lib/python3.12/site-packages/airflow/example_dags/example_latest_only.py took 1.000 seconds
[2024-12-05T00:10:39.779+0000] {processor.py:186} INFO - Started process (PID=312) to work on /home/airflow/.local/lib/python3.12/site-packages/airflow/example_dags/example_latest_only.py
[2024-12-05T00:10:39.796+0000] {processor.py:914} INFO - Processing file /home/airflow/.local/lib/python3.12/site-packages/airflow/example_dags/example_latest_only.py for tasks to queue
[2024-12-05T00:10:39.817+0000] {logging_mixin.py:190} INFO - [2024-12-05T00:10:39.816+0000] {dagbag.py:588} INFO - Filling up the DagBag from /home/airflow/.local/lib/python3.12/site-packages/airflow/example_dags/example_latest_only.py
[2024-12-05T00:10:39.887+0000] {processor.py:925} INFO - DAG(s) 'latest_only' retrieved from /home/airflow/.local/lib/python3.12/site-packages/airflow/example_dags/example_latest_only.py
[2024-12-05T00:10:40.082+0000] {logging_mixin.py:190} INFO - [2024-12-05T00:10:40.081+0000] {dag.py:3239} INFO - Sync 1 DAGs
[2024-12-05T00:10:40.214+0000] {logging_mixin.py:190} INFO - [2024-12-05T00:10:40.213+0000] {dag.py:4180} INFO - Setting next_dagrun for latest_only to 2024-12-04 20:00:00+00:00, run_after=2024-12-05 00:00:00+00:00
[2024-12-05T00:10:40.327+0000] {processor.py:208} INFO - Processing /home/airflow/.local/lib/python3.12/site-packages/airflow/example_dags/example_latest_only.py took 0.582 seconds
[2024-12-05T00:11:36.619+0000] {processor.py:186} INFO - Started process (PID=406) to work on /home/airflow/.local/lib/python3.12/site-packages/airflow/example_dags/example_latest_only.py
[2024-12-05T00:11:36.649+0000] {processor.py:914} INFO - Processing file /home/airflow/.local/lib/python3.12/site-packages/airflow/example_dags/example_latest_only.py for tasks to queue
[2024-12-05T00:11:36.672+0000] {logging_mixin.py:190} INFO - [2024-12-05T00:11:36.671+0000] {dagbag.py:588} INFO - Filling up the DagBag from /home/airflow/.local/lib/python3.12/site-packages/airflow/example_dags/example_latest_only.py
[2024-12-05T00:11:36.795+0000] {processor.py:925} INFO - DAG(s) 'latest_only' retrieved from /home/airflow/.local/lib/python3.12/site-packages/airflow/example_dags/example_latest_only.py
[2024-12-05T00:11:37.012+0000] {logging_mixin.py:190} INFO - [2024-12-05T00:11:37.001+0000] {dag.py:3239} INFO - Sync 1 DAGs
[2024-12-05T00:11:37.245+0000] {logging_mixin.py:190} INFO - [2024-12-05T00:11:37.245+0000] {dag.py:4180} INFO - Setting next_dagrun for latest_only to 2024-12-04 20:00:00+00:00, run_after=2024-12-05 00:00:00+00:00
[2024-12-05T00:11:37.492+0000] {processor.py:208} INFO - Processing /home/airflow/.local/lib/python3.12/site-packages/airflow/example_dags/example_latest_only.py took 0.971 seconds
[2024-12-05T00:12:29.852+0000] {processor.py:186} INFO - Started process (PID=487) to work on /home/airflow/.local/lib/python3.12/site-packages/airflow/example_dags/example_latest_only.py
[2024-12-05T00:12:29.887+0000] {processor.py:914} INFO - Processing file /home/airflow/.local/lib/python3.12/site-packages/airflow/example_dags/example_latest_only.py for tasks to queue
[2024-12-05T00:12:29.924+0000] {logging_mixin.py:190} INFO - [2024-12-05T00:12:29.923+0000] {dagbag.py:588} INFO - Filling up the DagBag from /home/airflow/.local/lib/python3.12/site-packages/airflow/example_dags/example_latest_only.py
[2024-12-05T00:12:30.080+0000] {processor.py:925} INFO - DAG(s) 'latest_only' retrieved from /home/airflow/.local/lib/python3.12/site-packages/airflow/example_dags/example_latest_only.py
[2024-12-05T00:12:30.313+0000] {logging_mixin.py:190} INFO - [2024-12-05T00:12:30.312+0000] {dag.py:3239} INFO - Sync 1 DAGs
[2024-12-05T00:12:30.738+0000] {logging_mixin.py:190} INFO - [2024-12-05T00:12:30.737+0000] {dag.py:4180} INFO - Setting next_dagrun for latest_only to 2024-12-04 20:00:00+00:00, run_after=2024-12-05 00:00:00+00:00
[2024-12-05T00:12:31.220+0000] {processor.py:208} INFO - Processing /home/airflow/.local/lib/python3.12/site-packages/airflow/example_dags/example_latest_only.py took 1.564 seconds
[2024-12-05T00:13:42.726+0000] {processor.py:186} INFO - Started process (PID=576) to work on /home/airflow/.local/lib/python3.12/site-packages/airflow/example_dags/example_latest_only.py
[2024-12-05T00:13:42.737+0000] {processor.py:914} INFO - Processing file /home/airflow/.local/lib/python3.12/site-packages/airflow/example_dags/example_latest_only.py for tasks to queue
[2024-12-05T00:13:42.756+0000] {logging_mixin.py:190} INFO - [2024-12-05T00:13:42.755+0000] {dagbag.py:588} INFO - Filling up the DagBag from /home/airflow/.local/lib/python3.12/site-packages/airflow/example_dags/example_latest_only.py
[2024-12-05T00:13:42.804+0000] {processor.py:925} INFO - DAG(s) 'latest_only' retrieved from /home/airflow/.local/lib/python3.12/site-packages/airflow/example_dags/example_latest_only.py
[2024-12-05T00:13:42.875+0000] {logging_mixin.py:190} INFO - [2024-12-05T00:13:42.874+0000] {dag.py:3239} INFO - Sync 1 DAGs
[2024-12-05T00:13:43.127+0000] {logging_mixin.py:190} INFO - [2024-12-05T00:13:43.123+0000] {dag.py:4180} INFO - Setting next_dagrun for latest_only to 2024-12-04 20:00:00+00:00, run_after=2024-12-05 00:00:00+00:00
[2024-12-05T00:13:43.407+0000] {processor.py:208} INFO - Processing /home/airflow/.local/lib/python3.12/site-packages/airflow/example_dags/example_latest_only.py took 0.718 seconds
[2024-12-05T00:14:37.412+0000] {processor.py:186} INFO - Started process (PID=652) to work on /home/airflow/.local/lib/python3.12/site-packages/airflow/example_dags/example_latest_only.py
[2024-12-05T00:14:37.431+0000] {processor.py:914} INFO - Processing file /home/airflow/.local/lib/python3.12/site-packages/airflow/example_dags/example_latest_only.py for tasks to queue
[2024-12-05T00:14:37.463+0000] {logging_mixin.py:190} INFO - [2024-12-05T00:14:37.462+0000] {dagbag.py:588} INFO - Filling up the DagBag from /home/airflow/.local/lib/python3.12/site-packages/airflow/example_dags/example_latest_only.py
[2024-12-05T00:14:37.528+0000] {processor.py:925} INFO - DAG(s) 'latest_only' retrieved from /home/airflow/.local/lib/python3.12/site-packages/airflow/example_dags/example_latest_only.py
[2024-12-05T00:14:37.652+0000] {logging_mixin.py:190} INFO - [2024-12-05T00:14:37.652+0000] {dag.py:3239} INFO - Sync 1 DAGs
[2024-12-05T00:14:37.809+0000] {logging_mixin.py:190} INFO - [2024-12-05T00:14:37.809+0000] {dag.py:4180} INFO - Setting next_dagrun for latest_only to 2024-12-04 20:00:00+00:00, run_after=2024-12-05 00:00:00+00:00
[2024-12-05T00:14:38.963+0000] {processor.py:208} INFO - Processing /home/airflow/.local/lib/python3.12/site-packages/airflow/example_dags/example_latest_only.py took 1.633 seconds
[2024-12-05T00:15:27.064+0000] {processor.py:186} INFO - Started process (PID=744) to work on /home/airflow/.local/lib/python3.12/site-packages/airflow/example_dags/example_latest_only.py
[2024-12-05T00:15:27.069+0000] {processor.py:914} INFO - Processing file /home/airflow/.local/lib/python3.12/site-packages/airflow/example_dags/example_latest_only.py for tasks to queue
[2024-12-05T00:15:27.092+0000] {logging_mixin.py:190} INFO - [2024-12-05T00:15:27.083+0000] {dagbag.py:588} INFO - Filling up the DagBag from /home/airflow/.local/lib/python3.12/site-packages/airflow/example_dags/example_latest_only.py
[2024-12-05T00:15:27.133+0000] {processor.py:925} INFO - DAG(s) 'latest_only' retrieved from /home/airflow/.local/lib/python3.12/site-packages/airflow/example_dags/example_latest_only.py
[2024-12-05T00:15:27.252+0000] {logging_mixin.py:190} INFO - [2024-12-05T00:15:27.252+0000] {dag.py:3239} INFO - Sync 1 DAGs
[2024-12-05T00:15:27.507+0000] {logging_mixin.py:190} INFO - [2024-12-05T00:15:27.507+0000] {dag.py:4180} INFO - Setting next_dagrun for latest_only to 2024-12-04 20:00:00+00:00, run_after=2024-12-05 00:00:00+00:00
[2024-12-05T00:15:27.779+0000] {processor.py:208} INFO - Processing /home/airflow/.local/lib/python3.12/site-packages/airflow/example_dags/example_latest_only.py took 0.744 seconds
[2024-12-05T00:16:17.777+0000] {processor.py:186} INFO - Started process (PID=822) to work on /home/airflow/.local/lib/python3.12/site-packages/airflow/example_dags/example_latest_only.py
[2024-12-05T00:16:17.801+0000] {processor.py:914} INFO - Processing file /home/airflow/.local/lib/python3.12/site-packages/airflow/example_dags/example_latest_only.py for tasks to queue
[2024-12-05T00:16:17.838+0000] {logging_mixin.py:190} INFO - [2024-12-05T00:16:17.837+0000] {dagbag.py:588} INFO - Filling up the DagBag from /home/airflow/.local/lib/python3.12/site-packages/airflow/example_dags/example_latest_only.py
[2024-12-05T00:16:17.990+0000] {processor.py:925} INFO - DAG(s) 'latest_only' retrieved from /home/airflow/.local/lib/python3.12/site-packages/airflow/example_dags/example_latest_only.py
[2024-12-05T00:16:18.567+0000] {logging_mixin.py:190} INFO - [2024-12-05T00:16:18.502+0000] {dag.py:3239} INFO - Sync 1 DAGs
[2024-12-05T00:16:18.862+0000] {logging_mixin.py:190} INFO - [2024-12-05T00:16:18.861+0000] {dag.py:4180} INFO - Setting next_dagrun for latest_only to 2024-12-04 20:00:00+00:00, run_after=2024-12-05 00:00:00+00:00
[2024-12-05T00:16:19.036+0000] {processor.py:208} INFO - Processing /home/airflow/.local/lib/python3.12/site-packages/airflow/example_dags/example_latest_only.py took 1.328 seconds
[2024-12-05T00:17:28.682+0000] {processor.py:186} INFO - Started process (PID=913) to work on /home/airflow/.local/lib/python3.12/site-packages/airflow/example_dags/example_latest_only.py
[2024-12-05T00:17:28.693+0000] {processor.py:914} INFO - Processing file /home/airflow/.local/lib/python3.12/site-packages/airflow/example_dags/example_latest_only.py for tasks to queue
[2024-12-05T00:17:28.711+0000] {logging_mixin.py:190} INFO - [2024-12-05T00:17:28.709+0000] {dagbag.py:588} INFO - Filling up the DagBag from /home/airflow/.local/lib/python3.12/site-packages/airflow/example_dags/example_latest_only.py
[2024-12-05T00:17:28.766+0000] {processor.py:925} INFO - DAG(s) 'latest_only' retrieved from /home/airflow/.local/lib/python3.12/site-packages/airflow/example_dags/example_latest_only.py
[2024-12-05T00:17:28.928+0000] {logging_mixin.py:190} INFO - [2024-12-05T00:17:28.927+0000] {dag.py:3239} INFO - Sync 1 DAGs
[2024-12-05T00:17:29.077+0000] {logging_mixin.py:190} INFO - [2024-12-05T00:17:29.077+0000] {dag.py:4180} INFO - Setting next_dagrun for latest_only to 2024-12-04 20:00:00+00:00, run_after=2024-12-05 00:00:00+00:00
[2024-12-05T00:17:29.213+0000] {processor.py:208} INFO - Processing /home/airflow/.local/lib/python3.12/site-packages/airflow/example_dags/example_latest_only.py took 0.608 seconds
[2024-12-05T00:18:40.624+0000] {processor.py:186} INFO - Started process (PID=999) to work on /home/airflow/.local/lib/python3.12/site-packages/airflow/example_dags/example_latest_only.py
[2024-12-05T00:18:40.640+0000] {processor.py:914} INFO - Processing file /home/airflow/.local/lib/python3.12/site-packages/airflow/example_dags/example_latest_only.py for tasks to queue
[2024-12-05T00:18:40.653+0000] {logging_mixin.py:190} INFO - [2024-12-05T00:18:40.652+0000] {dagbag.py:588} INFO - Filling up the DagBag from /home/airflow/.local/lib/python3.12/site-packages/airflow/example_dags/example_latest_only.py
[2024-12-05T00:18:40.697+0000] {processor.py:925} INFO - DAG(s) 'latest_only' retrieved from /home/airflow/.local/lib/python3.12/site-packages/airflow/example_dags/example_latest_only.py
[2024-12-05T00:18:41.080+0000] {logging_mixin.py:190} INFO - [2024-12-05T00:18:41.079+0000] {dag.py:3239} INFO - Sync 1 DAGs
[2024-12-05T00:18:41.532+0000] {logging_mixin.py:190} INFO - [2024-12-05T00:18:41.520+0000] {dag.py:4180} INFO - Setting next_dagrun for latest_only to 2024-12-04 20:00:00+00:00, run_after=2024-12-05 00:00:00+00:00
[2024-12-05T00:18:41.939+0000] {processor.py:208} INFO - Processing /home/airflow/.local/lib/python3.12/site-packages/airflow/example_dags/example_latest_only.py took 1.356 seconds
[2024-12-05T00:19:33.755+0000] {processor.py:186} INFO - Started process (PID=1074) to work on /home/airflow/.local/lib/python3.12/site-packages/airflow/example_dags/example_latest_only.py
[2024-12-05T00:19:33.786+0000] {processor.py:914} INFO - Processing file /home/airflow/.local/lib/python3.12/site-packages/airflow/example_dags/example_latest_only.py for tasks to queue
[2024-12-05T00:19:33.803+0000] {logging_mixin.py:190} INFO - [2024-12-05T00:19:33.802+0000] {dagbag.py:588} INFO - Filling up the DagBag from /home/airflow/.local/lib/python3.12/site-packages/airflow/example_dags/example_latest_only.py
[2024-12-05T00:19:33.886+0000] {processor.py:925} INFO - DAG(s) 'latest_only' retrieved from /home/airflow/.local/lib/python3.12/site-packages/airflow/example_dags/example_latest_only.py
[2024-12-05T00:19:34.212+0000] {logging_mixin.py:190} INFO - [2024-12-05T00:19:34.211+0000] {dag.py:3239} INFO - Sync 1 DAGs
[2024-12-05T00:19:34.695+0000] {logging_mixin.py:190} INFO - [2024-12-05T00:19:34.682+0000] {dag.py:4180} INFO - Setting next_dagrun for latest_only to 2024-12-04 20:00:00+00:00, run_after=2024-12-05 00:00:00+00:00
[2024-12-05T00:19:34.956+0000] {processor.py:208} INFO - Processing /home/airflow/.local/lib/python3.12/site-packages/airflow/example_dags/example_latest_only.py took 1.379 seconds
[2024-12-05T00:20:32.686+0000] {processor.py:186} INFO - Started process (PID=1155) to work on /home/airflow/.local/lib/python3.12/site-packages/airflow/example_dags/example_latest_only.py
[2024-12-05T00:20:32.689+0000] {processor.py:914} INFO - Processing file /home/airflow/.local/lib/python3.12/site-packages/airflow/example_dags/example_latest_only.py for tasks to queue
[2024-12-05T00:20:32.723+0000] {logging_mixin.py:190} INFO - [2024-12-05T00:20:32.723+0000] {dagbag.py:588} INFO - Filling up the DagBag from /home/airflow/.local/lib/python3.12/site-packages/airflow/example_dags/example_latest_only.py
[2024-12-05T00:20:32.795+0000] {processor.py:925} INFO - DAG(s) 'latest_only' retrieved from /home/airflow/.local/lib/python3.12/site-packages/airflow/example_dags/example_latest_only.py
[2024-12-05T00:20:33.103+0000] {logging_mixin.py:190} INFO - [2024-12-05T00:20:33.103+0000] {dag.py:3239} INFO - Sync 1 DAGs
[2024-12-05T00:20:33.400+0000] {logging_mixin.py:190} INFO - [2024-12-05T00:20:33.400+0000] {dag.py:4180} INFO - Setting next_dagrun for latest_only to 2024-12-04 20:00:00+00:00, run_after=2024-12-05 00:00:00+00:00
[2024-12-05T00:20:33.504+0000] {processor.py:208} INFO - Processing /home/airflow/.local/lib/python3.12/site-packages/airflow/example_dags/example_latest_only.py took 0.879 seconds
[2024-12-05T00:21:25.670+0000] {processor.py:186} INFO - Started process (PID=1234) to work on /home/airflow/.local/lib/python3.12/site-packages/airflow/example_dags/example_latest_only.py
[2024-12-05T00:21:25.688+0000] {processor.py:914} INFO - Processing file /home/airflow/.local/lib/python3.12/site-packages/airflow/example_dags/example_latest_only.py for tasks to queue
[2024-12-05T00:21:25.712+0000] {logging_mixin.py:190} INFO - [2024-12-05T00:21:25.710+0000] {dagbag.py:588} INFO - Filling up the DagBag from /home/airflow/.local/lib/python3.12/site-packages/airflow/example_dags/example_latest_only.py
[2024-12-05T00:21:25.771+0000] {processor.py:925} INFO - DAG(s) 'latest_only' retrieved from /home/airflow/.local/lib/python3.12/site-packages/airflow/example_dags/example_latest_only.py
[2024-12-05T00:21:26.085+0000] {logging_mixin.py:190} INFO - [2024-12-05T00:21:26.073+0000] {dag.py:3239} INFO - Sync 1 DAGs
[2024-12-05T00:21:26.727+0000] {logging_mixin.py:190} INFO - [2024-12-05T00:21:26.722+0000] {dag.py:4180} INFO - Setting next_dagrun for latest_only to 2024-12-04 20:00:00+00:00, run_after=2024-12-05 00:00:00+00:00
[2024-12-05T00:21:27.018+0000] {processor.py:208} INFO - Processing /home/airflow/.local/lib/python3.12/site-packages/airflow/example_dags/example_latest_only.py took 1.465 seconds
[2024-12-05T00:22:18.602+0000] {processor.py:186} INFO - Started process (PID=1313) to work on /home/airflow/.local/lib/python3.12/site-packages/airflow/example_dags/example_latest_only.py
[2024-12-05T00:22:18.612+0000] {processor.py:914} INFO - Processing file /home/airflow/.local/lib/python3.12/site-packages/airflow/example_dags/example_latest_only.py for tasks to queue
[2024-12-05T00:22:18.644+0000] {logging_mixin.py:190} INFO - [2024-12-05T00:22:18.644+0000] {dagbag.py:588} INFO - Filling up the DagBag from /home/airflow/.local/lib/python3.12/site-packages/airflow/example_dags/example_latest_only.py
[2024-12-05T00:22:18.771+0000] {processor.py:925} INFO - DAG(s) 'latest_only' retrieved from /home/airflow/.local/lib/python3.12/site-packages/airflow/example_dags/example_latest_only.py
[2024-12-05T00:22:19.099+0000] {logging_mixin.py:190} INFO - [2024-12-05T00:22:19.099+0000] {dag.py:3239} INFO - Sync 1 DAGs
[2024-12-05T00:22:19.741+0000] {logging_mixin.py:190} INFO - [2024-12-05T00:22:19.740+0000] {dag.py:4180} INFO - Setting next_dagrun for latest_only to 2024-12-04 20:00:00+00:00, run_after=2024-12-05 00:00:00+00:00
[2024-12-05T00:22:19.958+0000] {processor.py:208} INFO - Processing /home/airflow/.local/lib/python3.12/site-packages/airflow/example_dags/example_latest_only.py took 1.416 seconds
[2024-12-05T00:23:10.958+0000] {processor.py:186} INFO - Started process (PID=1394) to work on /home/airflow/.local/lib/python3.12/site-packages/airflow/example_dags/example_latest_only.py
[2024-12-05T00:23:10.972+0000] {processor.py:914} INFO - Processing file /home/airflow/.local/lib/python3.12/site-packages/airflow/example_dags/example_latest_only.py for tasks to queue
[2024-12-05T00:23:10.978+0000] {logging_mixin.py:190} INFO - [2024-12-05T00:23:10.977+0000] {dagbag.py:588} INFO - Filling up the DagBag from /home/airflow/.local/lib/python3.12/site-packages/airflow/example_dags/example_latest_only.py
[2024-12-05T00:23:11.013+0000] {processor.py:925} INFO - DAG(s) 'latest_only' retrieved from /home/airflow/.local/lib/python3.12/site-packages/airflow/example_dags/example_latest_only.py
[2024-12-05T00:23:11.111+0000] {logging_mixin.py:190} INFO - [2024-12-05T00:23:11.110+0000] {dag.py:3239} INFO - Sync 1 DAGs
[2024-12-05T00:23:11.230+0000] {logging_mixin.py:190} INFO - [2024-12-05T00:23:11.229+0000] {dag.py:4180} INFO - Setting next_dagrun for latest_only to 2024-12-04 20:00:00+00:00, run_after=2024-12-05 00:00:00+00:00
[2024-12-05T00:23:11.337+0000] {processor.py:208} INFO - Processing /home/airflow/.local/lib/python3.12/site-packages/airflow/example_dags/example_latest_only.py took 0.411 seconds
