[2024-12-05T00:00:12.839+0000] {processor.py:186} INFO - Started process (PID=356) to work on /home/airflow/.local/lib/python3.12/site-packages/airflow/example_dags/example_branch_python_dop_operator_3.py
[2024-12-05T00:00:12.853+0000] {processor.py:914} INFO - Processing file /home/airflow/.local/lib/python3.12/site-packages/airflow/example_dags/example_branch_python_dop_operator_3.py for tasks to queue
[2024-12-05T00:00:12.857+0000] {logging_mixin.py:190} INFO - [2024-12-05T00:00:12.856+0000] {dagbag.py:588} INFO - Filling up the DagBag from /home/airflow/.local/lib/python3.12/site-packages/airflow/example_dags/example_branch_python_dop_operator_3.py
[2024-12-05T00:00:12.956+0000] {processor.py:925} INFO - DAG(s) 'example_branch_dop_operator_v3' retrieved from /home/airflow/.local/lib/python3.12/site-packages/airflow/example_dags/example_branch_python_dop_operator_3.py
[2024-12-05T00:00:13.118+0000] {logging_mixin.py:190} INFO - [2024-12-05T00:00:13.115+0000] {dag.py:3239} INFO - Sync 1 DAGs
[2024-12-05T00:00:13.389+0000] {logging_mixin.py:190} INFO - [2024-12-05T00:00:13.388+0000] {dag.py:4180} INFO - Setting next_dagrun for example_branch_dop_operator_v3 to 2024-12-04 23:59:00+00:00, run_after=2024-12-05 00:00:00+00:00
[2024-12-05T00:00:13.556+0000] {processor.py:208} INFO - Processing /home/airflow/.local/lib/python3.12/site-packages/airflow/example_dags/example_branch_python_dop_operator_3.py took 0.751 seconds
[2024-12-05T00:10:02.445+0000] {processor.py:186} INFO - Started process (PID=254) to work on /home/airflow/.local/lib/python3.12/site-packages/airflow/example_dags/example_branch_python_dop_operator_3.py
[2024-12-05T00:10:02.475+0000] {processor.py:914} INFO - Processing file /home/airflow/.local/lib/python3.12/site-packages/airflow/example_dags/example_branch_python_dop_operator_3.py for tasks to queue
[2024-12-05T00:10:02.512+0000] {logging_mixin.py:190} INFO - [2024-12-05T00:10:02.512+0000] {dagbag.py:588} INFO - Filling up the DagBag from /home/airflow/.local/lib/python3.12/site-packages/airflow/example_dags/example_branch_python_dop_operator_3.py
[2024-12-05T00:10:02.660+0000] {processor.py:925} INFO - DAG(s) 'example_branch_dop_operator_v3' retrieved from /home/airflow/.local/lib/python3.12/site-packages/airflow/example_dags/example_branch_python_dop_operator_3.py
[2024-12-05T00:10:02.842+0000] {logging_mixin.py:190} INFO - [2024-12-05T00:10:02.841+0000] {dag.py:3239} INFO - Sync 1 DAGs
[2024-12-05T00:10:03.075+0000] {logging_mixin.py:190} INFO - [2024-12-05T00:10:03.074+0000] {dag.py:4180} INFO - Setting next_dagrun for example_branch_dop_operator_v3 to 2024-12-05 00:09:00+00:00, run_after=2024-12-05 00:10:00+00:00
[2024-12-05T00:10:03.225+0000] {processor.py:208} INFO - Processing /home/airflow/.local/lib/python3.12/site-packages/airflow/example_dags/example_branch_python_dop_operator_3.py took 0.832 seconds
[2024-12-05T00:10:50.077+0000] {processor.py:186} INFO - Started process (PID=328) to work on /home/airflow/.local/lib/python3.12/site-packages/airflow/example_dags/example_branch_python_dop_operator_3.py
[2024-12-05T00:10:50.080+0000] {processor.py:914} INFO - Processing file /home/airflow/.local/lib/python3.12/site-packages/airflow/example_dags/example_branch_python_dop_operator_3.py for tasks to queue
[2024-12-05T00:10:50.090+0000] {logging_mixin.py:190} INFO - [2024-12-05T00:10:50.089+0000] {dagbag.py:588} INFO - Filling up the DagBag from /home/airflow/.local/lib/python3.12/site-packages/airflow/example_dags/example_branch_python_dop_operator_3.py
[2024-12-05T00:10:50.227+0000] {processor.py:925} INFO - DAG(s) 'example_branch_dop_operator_v3' retrieved from /home/airflow/.local/lib/python3.12/site-packages/airflow/example_dags/example_branch_python_dop_operator_3.py
[2024-12-05T00:10:50.302+0000] {logging_mixin.py:190} INFO - [2024-12-05T00:10:50.301+0000] {dag.py:3239} INFO - Sync 1 DAGs
[2024-12-05T00:10:50.528+0000] {logging_mixin.py:190} INFO - [2024-12-05T00:10:50.526+0000] {dag.py:4180} INFO - Setting next_dagrun for example_branch_dop_operator_v3 to 2024-12-05 00:09:00+00:00, run_after=2024-12-05 00:10:00+00:00
[2024-12-05T00:10:50.697+0000] {processor.py:208} INFO - Processing /home/airflow/.local/lib/python3.12/site-packages/airflow/example_dags/example_branch_python_dop_operator_3.py took 0.653 seconds
[2024-12-05T00:11:47.063+0000] {processor.py:186} INFO - Started process (PID=419) to work on /home/airflow/.local/lib/python3.12/site-packages/airflow/example_dags/example_branch_python_dop_operator_3.py
[2024-12-05T00:11:47.074+0000] {processor.py:914} INFO - Processing file /home/airflow/.local/lib/python3.12/site-packages/airflow/example_dags/example_branch_python_dop_operator_3.py for tasks to queue
[2024-12-05T00:11:47.100+0000] {logging_mixin.py:190} INFO - [2024-12-05T00:11:47.099+0000] {dagbag.py:588} INFO - Filling up the DagBag from /home/airflow/.local/lib/python3.12/site-packages/airflow/example_dags/example_branch_python_dop_operator_3.py
[2024-12-05T00:11:47.201+0000] {processor.py:925} INFO - DAG(s) 'example_branch_dop_operator_v3' retrieved from /home/airflow/.local/lib/python3.12/site-packages/airflow/example_dags/example_branch_python_dop_operator_3.py
[2024-12-05T00:11:47.599+0000] {logging_mixin.py:190} INFO - [2024-12-05T00:11:47.596+0000] {dag.py:3239} INFO - Sync 1 DAGs
[2024-12-05T00:11:48.009+0000] {logging_mixin.py:190} INFO - [2024-12-05T00:11:47.999+0000] {dag.py:4180} INFO - Setting next_dagrun for example_branch_dop_operator_v3 to 2024-12-05 00:10:00+00:00, run_after=2024-12-05 00:11:00+00:00
[2024-12-05T00:11:48.346+0000] {processor.py:208} INFO - Processing /home/airflow/.local/lib/python3.12/site-packages/airflow/example_dags/example_branch_python_dop_operator_3.py took 1.320 seconds
[2024-12-05T00:12:55.777+0000] {processor.py:186} INFO - Started process (PID=510) to work on /home/airflow/.local/lib/python3.12/site-packages/airflow/example_dags/example_branch_python_dop_operator_3.py
[2024-12-05T00:12:55.788+0000] {processor.py:914} INFO - Processing file /home/airflow/.local/lib/python3.12/site-packages/airflow/example_dags/example_branch_python_dop_operator_3.py for tasks to queue
[2024-12-05T00:12:55.898+0000] {logging_mixin.py:190} INFO - [2024-12-05T00:12:55.897+0000] {dagbag.py:588} INFO - Filling up the DagBag from /home/airflow/.local/lib/python3.12/site-packages/airflow/example_dags/example_branch_python_dop_operator_3.py
[2024-12-05T00:12:56.060+0000] {processor.py:925} INFO - DAG(s) 'example_branch_dop_operator_v3' retrieved from /home/airflow/.local/lib/python3.12/site-packages/airflow/example_dags/example_branch_python_dop_operator_3.py
[2024-12-05T00:12:56.485+0000] {logging_mixin.py:190} INFO - [2024-12-05T00:12:56.467+0000] {dag.py:3239} INFO - Sync 1 DAGs
[2024-12-05T00:12:57.304+0000] {logging_mixin.py:190} INFO - [2024-12-05T00:12:57.304+0000] {dag.py:4180} INFO - Setting next_dagrun for example_branch_dop_operator_v3 to 2024-12-05 00:11:00+00:00, run_after=2024-12-05 00:12:00+00:00
[2024-12-05T00:12:57.622+0000] {processor.py:208} INFO - Processing /home/airflow/.local/lib/python3.12/site-packages/airflow/example_dags/example_branch_python_dop_operator_3.py took 2.026 seconds
[2024-12-05T00:13:55.800+0000] {processor.py:186} INFO - Started process (PID=597) to work on /home/airflow/.local/lib/python3.12/site-packages/airflow/example_dags/example_branch_python_dop_operator_3.py
[2024-12-05T00:13:55.814+0000] {processor.py:914} INFO - Processing file /home/airflow/.local/lib/python3.12/site-packages/airflow/example_dags/example_branch_python_dop_operator_3.py for tasks to queue
[2024-12-05T00:13:55.836+0000] {logging_mixin.py:190} INFO - [2024-12-05T00:13:55.825+0000] {dagbag.py:588} INFO - Filling up the DagBag from /home/airflow/.local/lib/python3.12/site-packages/airflow/example_dags/example_branch_python_dop_operator_3.py
[2024-12-05T00:13:55.921+0000] {processor.py:925} INFO - DAG(s) 'example_branch_dop_operator_v3' retrieved from /home/airflow/.local/lib/python3.12/site-packages/airflow/example_dags/example_branch_python_dop_operator_3.py
[2024-12-05T00:13:56.068+0000] {logging_mixin.py:190} INFO - [2024-12-05T00:13:56.067+0000] {dag.py:3239} INFO - Sync 1 DAGs
[2024-12-05T00:13:56.587+0000] {logging_mixin.py:190} INFO - [2024-12-05T00:13:56.587+0000] {dag.py:4180} INFO - Setting next_dagrun for example_branch_dop_operator_v3 to 2024-12-05 00:12:00+00:00, run_after=2024-12-05 00:13:00+00:00
[2024-12-05T00:13:56.820+0000] {processor.py:208} INFO - Processing /home/airflow/.local/lib/python3.12/site-packages/airflow/example_dags/example_branch_python_dop_operator_3.py took 1.042 seconds
[2024-12-05T00:14:53.785+0000] {processor.py:186} INFO - Started process (PID=673) to work on /home/airflow/.local/lib/python3.12/site-packages/airflow/example_dags/example_branch_python_dop_operator_3.py
[2024-12-05T00:14:53.878+0000] {processor.py:914} INFO - Processing file /home/airflow/.local/lib/python3.12/site-packages/airflow/example_dags/example_branch_python_dop_operator_3.py for tasks to queue
[2024-12-05T00:14:53.897+0000] {logging_mixin.py:190} INFO - [2024-12-05T00:14:53.896+0000] {dagbag.py:588} INFO - Filling up the DagBag from /home/airflow/.local/lib/python3.12/site-packages/airflow/example_dags/example_branch_python_dop_operator_3.py
[2024-12-05T00:14:54.018+0000] {processor.py:925} INFO - DAG(s) 'example_branch_dop_operator_v3' retrieved from /home/airflow/.local/lib/python3.12/site-packages/airflow/example_dags/example_branch_python_dop_operator_3.py
[2024-12-05T00:14:54.305+0000] {logging_mixin.py:190} INFO - [2024-12-05T00:14:54.304+0000] {dag.py:3239} INFO - Sync 1 DAGs
[2024-12-05T00:14:54.642+0000] {logging_mixin.py:190} INFO - [2024-12-05T00:14:54.642+0000] {dag.py:4180} INFO - Setting next_dagrun for example_branch_dop_operator_v3 to 2024-12-05 00:13:00+00:00, run_after=2024-12-05 00:14:00+00:00
[2024-12-05T00:14:54.844+0000] {processor.py:208} INFO - Processing /home/airflow/.local/lib/python3.12/site-packages/airflow/example_dags/example_branch_python_dop_operator_3.py took 1.098 seconds
[2024-12-05T00:15:35.862+0000] {processor.py:186} INFO - Started process (PID=763) to work on /home/airflow/.local/lib/python3.12/site-packages/airflow/example_dags/example_branch_python_dop_operator_3.py
[2024-12-05T00:15:35.893+0000] {processor.py:914} INFO - Processing file /home/airflow/.local/lib/python3.12/site-packages/airflow/example_dags/example_branch_python_dop_operator_3.py for tasks to queue
[2024-12-05T00:15:35.924+0000] {logging_mixin.py:190} INFO - [2024-12-05T00:15:35.923+0000] {dagbag.py:588} INFO - Filling up the DagBag from /home/airflow/.local/lib/python3.12/site-packages/airflow/example_dags/example_branch_python_dop_operator_3.py
[2024-12-05T00:15:36.024+0000] {processor.py:925} INFO - DAG(s) 'example_branch_dop_operator_v3' retrieved from /home/airflow/.local/lib/python3.12/site-packages/airflow/example_dags/example_branch_python_dop_operator_3.py
[2024-12-05T00:15:36.259+0000] {logging_mixin.py:190} INFO - [2024-12-05T00:15:36.258+0000] {dag.py:3239} INFO - Sync 1 DAGs
[2024-12-05T00:15:36.488+0000] {logging_mixin.py:190} INFO - [2024-12-05T00:15:36.488+0000] {dag.py:4180} INFO - Setting next_dagrun for example_branch_dop_operator_v3 to 2024-12-05 00:14:00+00:00, run_after=2024-12-05 00:15:00+00:00
[2024-12-05T00:15:36.600+0000] {processor.py:208} INFO - Processing /home/airflow/.local/lib/python3.12/site-packages/airflow/example_dags/example_branch_python_dop_operator_3.py took 0.806 seconds
[2024-12-05T00:16:33.976+0000] {processor.py:186} INFO - Started process (PID=841) to work on /home/airflow/.local/lib/python3.12/site-packages/airflow/example_dags/example_branch_python_dop_operator_3.py
[2024-12-05T00:16:33.986+0000] {processor.py:914} INFO - Processing file /home/airflow/.local/lib/python3.12/site-packages/airflow/example_dags/example_branch_python_dop_operator_3.py for tasks to queue
[2024-12-05T00:16:34.009+0000] {logging_mixin.py:190} INFO - [2024-12-05T00:16:34.007+0000] {dagbag.py:588} INFO - Filling up the DagBag from /home/airflow/.local/lib/python3.12/site-packages/airflow/example_dags/example_branch_python_dop_operator_3.py
[2024-12-05T00:16:34.135+0000] {processor.py:925} INFO - DAG(s) 'example_branch_dop_operator_v3' retrieved from /home/airflow/.local/lib/python3.12/site-packages/airflow/example_dags/example_branch_python_dop_operator_3.py
[2024-12-05T00:16:34.244+0000] {logging_mixin.py:190} INFO - [2024-12-05T00:16:34.244+0000] {dag.py:3239} INFO - Sync 1 DAGs
[2024-12-05T00:16:34.393+0000] {logging_mixin.py:190} INFO - [2024-12-05T00:16:34.392+0000] {dag.py:4180} INFO - Setting next_dagrun for example_branch_dop_operator_v3 to 2024-12-05 00:15:00+00:00, run_after=2024-12-05 00:16:00+00:00
[2024-12-05T00:16:34.586+0000] {processor.py:208} INFO - Processing /home/airflow/.local/lib/python3.12/site-packages/airflow/example_dags/example_branch_python_dop_operator_3.py took 0.665 seconds
[2024-12-05T00:17:45.852+0000] {processor.py:186} INFO - Started process (PID=932) to work on /home/airflow/.local/lib/python3.12/site-packages/airflow/example_dags/example_branch_python_dop_operator_3.py
[2024-12-05T00:17:45.881+0000] {processor.py:914} INFO - Processing file /home/airflow/.local/lib/python3.12/site-packages/airflow/example_dags/example_branch_python_dop_operator_3.py for tasks to queue
[2024-12-05T00:17:45.966+0000] {logging_mixin.py:190} INFO - [2024-12-05T00:17:45.933+0000] {dagbag.py:588} INFO - Filling up the DagBag from /home/airflow/.local/lib/python3.12/site-packages/airflow/example_dags/example_branch_python_dop_operator_3.py
[2024-12-05T00:17:46.186+0000] {processor.py:925} INFO - DAG(s) 'example_branch_dop_operator_v3' retrieved from /home/airflow/.local/lib/python3.12/site-packages/airflow/example_dags/example_branch_python_dop_operator_3.py
[2024-12-05T00:17:46.428+0000] {logging_mixin.py:190} INFO - [2024-12-05T00:17:46.428+0000] {dag.py:3239} INFO - Sync 1 DAGs
[2024-12-05T00:17:46.734+0000] {logging_mixin.py:190} INFO - [2024-12-05T00:17:46.733+0000] {dag.py:4180} INFO - Setting next_dagrun for example_branch_dop_operator_v3 to 2024-12-05 00:16:00+00:00, run_after=2024-12-05 00:17:00+00:00
[2024-12-05T00:17:46.948+0000] {processor.py:208} INFO - Processing /home/airflow/.local/lib/python3.12/site-packages/airflow/example_dags/example_branch_python_dop_operator_3.py took 1.198 seconds
[2024-12-05T00:18:52.134+0000] {processor.py:186} INFO - Started process (PID=1012) to work on /home/airflow/.local/lib/python3.12/site-packages/airflow/example_dags/example_branch_python_dop_operator_3.py
[2024-12-05T00:18:52.136+0000] {processor.py:914} INFO - Processing file /home/airflow/.local/lib/python3.12/site-packages/airflow/example_dags/example_branch_python_dop_operator_3.py for tasks to queue
[2024-12-05T00:18:52.152+0000] {logging_mixin.py:190} INFO - [2024-12-05T00:18:52.151+0000] {dagbag.py:588} INFO - Filling up the DagBag from /home/airflow/.local/lib/python3.12/site-packages/airflow/example_dags/example_branch_python_dop_operator_3.py
[2024-12-05T00:18:52.222+0000] {processor.py:925} INFO - DAG(s) 'example_branch_dop_operator_v3' retrieved from /home/airflow/.local/lib/python3.12/site-packages/airflow/example_dags/example_branch_python_dop_operator_3.py
[2024-12-05T00:18:52.317+0000] {logging_mixin.py:190} INFO - [2024-12-05T00:18:52.316+0000] {dag.py:3239} INFO - Sync 1 DAGs
[2024-12-05T00:18:52.426+0000] {logging_mixin.py:190} INFO - [2024-12-05T00:18:52.426+0000] {dag.py:4180} INFO - Setting next_dagrun for example_branch_dop_operator_v3 to 2024-12-05 00:17:00+00:00, run_after=2024-12-05 00:18:00+00:00
[2024-12-05T00:18:52.530+0000] {processor.py:208} INFO - Processing /home/airflow/.local/lib/python3.12/site-packages/airflow/example_dags/example_branch_python_dop_operator_3.py took 0.420 seconds
[2024-12-05T00:19:51.725+0000] {processor.py:186} INFO - Started process (PID=1097) to work on /home/airflow/.local/lib/python3.12/site-packages/airflow/example_dags/example_branch_python_dop_operator_3.py
[2024-12-05T00:19:51.759+0000] {processor.py:914} INFO - Processing file /home/airflow/.local/lib/python3.12/site-packages/airflow/example_dags/example_branch_python_dop_operator_3.py for tasks to queue
[2024-12-05T00:19:51.769+0000] {logging_mixin.py:190} INFO - [2024-12-05T00:19:51.768+0000] {dagbag.py:588} INFO - Filling up the DagBag from /home/airflow/.local/lib/python3.12/site-packages/airflow/example_dags/example_branch_python_dop_operator_3.py
[2024-12-05T00:19:51.842+0000] {processor.py:925} INFO - DAG(s) 'example_branch_dop_operator_v3' retrieved from /home/airflow/.local/lib/python3.12/site-packages/airflow/example_dags/example_branch_python_dop_operator_3.py
[2024-12-05T00:19:52.084+0000] {logging_mixin.py:190} INFO - [2024-12-05T00:19:52.084+0000] {dag.py:3239} INFO - Sync 1 DAGs
[2024-12-05T00:19:52.297+0000] {logging_mixin.py:190} INFO - [2024-12-05T00:19:52.296+0000] {dag.py:4180} INFO - Setting next_dagrun for example_branch_dop_operator_v3 to 2024-12-05 00:18:00+00:00, run_after=2024-12-05 00:19:00+00:00
[2024-12-05T00:19:52.442+0000] {processor.py:208} INFO - Processing /home/airflow/.local/lib/python3.12/site-packages/airflow/example_dags/example_branch_python_dop_operator_3.py took 0.755 seconds
[2024-12-05T00:20:48.305+0000] {processor.py:186} INFO - Started process (PID=1179) to work on /home/airflow/.local/lib/python3.12/site-packages/airflow/example_dags/example_branch_python_dop_operator_3.py
[2024-12-05T00:20:48.347+0000] {processor.py:914} INFO - Processing file /home/airflow/.local/lib/python3.12/site-packages/airflow/example_dags/example_branch_python_dop_operator_3.py for tasks to queue
[2024-12-05T00:20:48.417+0000] {logging_mixin.py:190} INFO - [2024-12-05T00:20:48.401+0000] {dagbag.py:588} INFO - Filling up the DagBag from /home/airflow/.local/lib/python3.12/site-packages/airflow/example_dags/example_branch_python_dop_operator_3.py
[2024-12-05T00:20:48.559+0000] {processor.py:925} INFO - DAG(s) 'example_branch_dop_operator_v3' retrieved from /home/airflow/.local/lib/python3.12/site-packages/airflow/example_dags/example_branch_python_dop_operator_3.py
[2024-12-05T00:20:48.812+0000] {logging_mixin.py:190} INFO - [2024-12-05T00:20:48.811+0000] {dag.py:3239} INFO - Sync 1 DAGs
[2024-12-05T00:20:49.235+0000] {logging_mixin.py:190} INFO - [2024-12-05T00:20:49.234+0000] {dag.py:4180} INFO - Setting next_dagrun for example_branch_dop_operator_v3 to 2024-12-05 00:19:00+00:00, run_after=2024-12-05 00:20:00+00:00
[2024-12-05T00:20:49.656+0000] {processor.py:208} INFO - Processing /home/airflow/.local/lib/python3.12/site-packages/airflow/example_dags/example_branch_python_dop_operator_3.py took 1.413 seconds
[2024-12-05T00:22:01.902+0000] {processor.py:186} INFO - Started process (PID=1269) to work on /home/airflow/.local/lib/python3.12/site-packages/airflow/example_dags/example_branch_python_dop_operator_3.py
[2024-12-05T00:22:01.919+0000] {processor.py:914} INFO - Processing file /home/airflow/.local/lib/python3.12/site-packages/airflow/example_dags/example_branch_python_dop_operator_3.py for tasks to queue
[2024-12-05T00:22:01.946+0000] {logging_mixin.py:190} INFO - [2024-12-05T00:22:01.945+0000] {dagbag.py:588} INFO - Filling up the DagBag from /home/airflow/.local/lib/python3.12/site-packages/airflow/example_dags/example_branch_python_dop_operator_3.py
[2024-12-05T00:22:02.124+0000] {processor.py:925} INFO - DAG(s) 'example_branch_dop_operator_v3' retrieved from /home/airflow/.local/lib/python3.12/site-packages/airflow/example_dags/example_branch_python_dop_operator_3.py
[2024-12-05T00:22:02.266+0000] {logging_mixin.py:190} INFO - [2024-12-05T00:22:02.266+0000] {dag.py:3239} INFO - Sync 1 DAGs
[2024-12-05T00:22:02.412+0000] {logging_mixin.py:190} INFO - [2024-12-05T00:22:02.412+0000] {dag.py:4180} INFO - Setting next_dagrun for example_branch_dop_operator_v3 to 2024-12-05 00:21:00+00:00, run_after=2024-12-05 00:22:00+00:00
[2024-12-05T00:22:02.498+0000] {processor.py:208} INFO - Processing /home/airflow/.local/lib/python3.12/site-packages/airflow/example_dags/example_branch_python_dop_operator_3.py took 0.719 seconds
[2024-12-05T00:22:56.209+0000] {processor.py:186} INFO - Started process (PID=1364) to work on /home/airflow/.local/lib/python3.12/site-packages/airflow/example_dags/example_branch_python_dop_operator_3.py
[2024-12-05T00:22:56.228+0000] {processor.py:914} INFO - Processing file /home/airflow/.local/lib/python3.12/site-packages/airflow/example_dags/example_branch_python_dop_operator_3.py for tasks to queue
[2024-12-05T00:22:56.244+0000] {logging_mixin.py:190} INFO - [2024-12-05T00:22:56.243+0000] {dagbag.py:588} INFO - Filling up the DagBag from /home/airflow/.local/lib/python3.12/site-packages/airflow/example_dags/example_branch_python_dop_operator_3.py
[2024-12-05T00:22:56.343+0000] {processor.py:925} INFO - DAG(s) 'example_branch_dop_operator_v3' retrieved from /home/airflow/.local/lib/python3.12/site-packages/airflow/example_dags/example_branch_python_dop_operator_3.py
[2024-12-05T00:22:56.449+0000] {logging_mixin.py:190} INFO - [2024-12-05T00:22:56.449+0000] {dag.py:3239} INFO - Sync 1 DAGs
[2024-12-05T00:22:56.624+0000] {logging_mixin.py:190} INFO - [2024-12-05T00:22:56.623+0000] {dag.py:4180} INFO - Setting next_dagrun for example_branch_dop_operator_v3 to 2024-12-05 00:21:00+00:00, run_after=2024-12-05 00:22:00+00:00
[2024-12-05T00:22:56.763+0000] {processor.py:208} INFO - Processing /home/airflow/.local/lib/python3.12/site-packages/airflow/example_dags/example_branch_python_dop_operator_3.py took 0.602 seconds
