[2024-12-05T00:00:02.554+0000] {processor.py:186} INFO - Started process (PID=339) to work on /home/airflow/.local/lib/python3.12/site-packages/airflow/example_dags/example_latest_only_with_trigger.py
[2024-12-05T00:00:02.559+0000] {processor.py:914} INFO - Processing file /home/airflow/.local/lib/python3.12/site-packages/airflow/example_dags/example_latest_only_with_trigger.py for tasks to queue
[2024-12-05T00:00:02.571+0000] {logging_mixin.py:190} INFO - [2024-12-05T00:00:02.570+0000] {dagbag.py:588} INFO - Filling up the DagBag from /home/airflow/.local/lib/python3.12/site-packages/airflow/example_dags/example_latest_only_with_trigger.py
[2024-12-05T00:00:02.616+0000] {processor.py:925} INFO - DAG(s) 'latest_only_with_trigger' retrieved from /home/airflow/.local/lib/python3.12/site-packages/airflow/example_dags/example_latest_only_with_trigger.py
[2024-12-05T00:00:02.731+0000] {logging_mixin.py:190} INFO - [2024-12-05T00:00:02.730+0000] {dag.py:3239} INFO - Sync 1 DAGs
[2024-12-05T00:00:02.942+0000] {logging_mixin.py:190} INFO - [2024-12-05T00:00:02.942+0000] {dag.py:4180} INFO - Setting next_dagrun for latest_only_with_trigger to 2024-12-04 20:00:00+00:00, run_after=2024-12-05 00:00:00+00:00
[2024-12-05T00:00:03.166+0000] {processor.py:208} INFO - Processing /home/airflow/.local/lib/python3.12/site-packages/airflow/example_dags/example_latest_only_with_trigger.py took 0.630 seconds
[2024-12-05T00:09:48.359+0000] {processor.py:186} INFO - Started process (PID=231) to work on /home/airflow/.local/lib/python3.12/site-packages/airflow/example_dags/example_latest_only_with_trigger.py
[2024-12-05T00:09:48.382+0000] {processor.py:914} INFO - Processing file /home/airflow/.local/lib/python3.12/site-packages/airflow/example_dags/example_latest_only_with_trigger.py for tasks to queue
[2024-12-05T00:09:48.424+0000] {logging_mixin.py:190} INFO - [2024-12-05T00:09:48.423+0000] {dagbag.py:588} INFO - Filling up the DagBag from /home/airflow/.local/lib/python3.12/site-packages/airflow/example_dags/example_latest_only_with_trigger.py
[2024-12-05T00:09:48.651+0000] {processor.py:925} INFO - DAG(s) 'latest_only_with_trigger' retrieved from /home/airflow/.local/lib/python3.12/site-packages/airflow/example_dags/example_latest_only_with_trigger.py
[2024-12-05T00:09:48.832+0000] {logging_mixin.py:190} INFO - [2024-12-05T00:09:48.831+0000] {dag.py:3239} INFO - Sync 1 DAGs
[2024-12-05T00:09:48.990+0000] {logging_mixin.py:190} INFO - [2024-12-05T00:09:48.990+0000] {dag.py:4180} INFO - Setting next_dagrun for latest_only_with_trigger to 2024-12-04 20:00:00+00:00, run_after=2024-12-05 00:00:00+00:00
[2024-12-05T00:09:49.205+0000] {processor.py:208} INFO - Processing /home/airflow/.local/lib/python3.12/site-packages/airflow/example_dags/example_latest_only_with_trigger.py took 0.983 seconds
[2024-12-05T00:10:38.401+0000] {processor.py:186} INFO - Started process (PID=308) to work on /home/airflow/.local/lib/python3.12/site-packages/airflow/example_dags/example_latest_only_with_trigger.py
[2024-12-05T00:10:38.406+0000] {processor.py:914} INFO - Processing file /home/airflow/.local/lib/python3.12/site-packages/airflow/example_dags/example_latest_only_with_trigger.py for tasks to queue
[2024-12-05T00:10:38.420+0000] {logging_mixin.py:190} INFO - [2024-12-05T00:10:38.419+0000] {dagbag.py:588} INFO - Filling up the DagBag from /home/airflow/.local/lib/python3.12/site-packages/airflow/example_dags/example_latest_only_with_trigger.py
[2024-12-05T00:10:38.465+0000] {processor.py:925} INFO - DAG(s) 'latest_only_with_trigger' retrieved from /home/airflow/.local/lib/python3.12/site-packages/airflow/example_dags/example_latest_only_with_trigger.py
[2024-12-05T00:10:38.633+0000] {logging_mixin.py:190} INFO - [2024-12-05T00:10:38.632+0000] {dag.py:3239} INFO - Sync 1 DAGs
[2024-12-05T00:10:38.817+0000] {logging_mixin.py:190} INFO - [2024-12-05T00:10:38.817+0000] {dag.py:4180} INFO - Setting next_dagrun for latest_only_with_trigger to 2024-12-04 20:00:00+00:00, run_after=2024-12-05 00:00:00+00:00
[2024-12-05T00:10:38.922+0000] {processor.py:208} INFO - Processing /home/airflow/.local/lib/python3.12/site-packages/airflow/example_dags/example_latest_only_with_trigger.py took 0.579 seconds
[2024-12-05T00:11:34.011+0000] {processor.py:186} INFO - Started process (PID=402) to work on /home/airflow/.local/lib/python3.12/site-packages/airflow/example_dags/example_latest_only_with_trigger.py
[2024-12-05T00:11:34.024+0000] {processor.py:914} INFO - Processing file /home/airflow/.local/lib/python3.12/site-packages/airflow/example_dags/example_latest_only_with_trigger.py for tasks to queue
[2024-12-05T00:11:34.034+0000] {logging_mixin.py:190} INFO - [2024-12-05T00:11:34.032+0000] {dagbag.py:588} INFO - Filling up the DagBag from /home/airflow/.local/lib/python3.12/site-packages/airflow/example_dags/example_latest_only_with_trigger.py
[2024-12-05T00:11:34.057+0000] {processor.py:925} INFO - DAG(s) 'latest_only_with_trigger' retrieved from /home/airflow/.local/lib/python3.12/site-packages/airflow/example_dags/example_latest_only_with_trigger.py
[2024-12-05T00:11:34.199+0000] {logging_mixin.py:190} INFO - [2024-12-05T00:11:34.198+0000] {dag.py:3239} INFO - Sync 1 DAGs
[2024-12-05T00:11:34.359+0000] {logging_mixin.py:190} INFO - [2024-12-05T00:11:34.346+0000] {dag.py:4180} INFO - Setting next_dagrun for latest_only_with_trigger to 2024-12-04 20:00:00+00:00, run_after=2024-12-05 00:00:00+00:00
[2024-12-05T00:11:34.456+0000] {processor.py:208} INFO - Processing /home/airflow/.local/lib/python3.12/site-packages/airflow/example_dags/example_latest_only_with_trigger.py took 0.482 seconds
[2024-12-05T00:12:25.188+0000] {processor.py:186} INFO - Started process (PID=477) to work on /home/airflow/.local/lib/python3.12/site-packages/airflow/example_dags/example_latest_only_with_trigger.py
[2024-12-05T00:12:25.204+0000] {processor.py:914} INFO - Processing file /home/airflow/.local/lib/python3.12/site-packages/airflow/example_dags/example_latest_only_with_trigger.py for tasks to queue
[2024-12-05T00:12:25.243+0000] {logging_mixin.py:190} INFO - [2024-12-05T00:12:25.242+0000] {dagbag.py:588} INFO - Filling up the DagBag from /home/airflow/.local/lib/python3.12/site-packages/airflow/example_dags/example_latest_only_with_trigger.py
[2024-12-05T00:12:25.466+0000] {processor.py:925} INFO - DAG(s) 'latest_only_with_trigger' retrieved from /home/airflow/.local/lib/python3.12/site-packages/airflow/example_dags/example_latest_only_with_trigger.py
[2024-12-05T00:12:25.899+0000] {logging_mixin.py:190} INFO - [2024-12-05T00:12:25.898+0000] {dag.py:3239} INFO - Sync 1 DAGs
[2024-12-05T00:12:26.411+0000] {logging_mixin.py:190} INFO - [2024-12-05T00:12:26.409+0000] {dag.py:4180} INFO - Setting next_dagrun for latest_only_with_trigger to 2024-12-04 20:00:00+00:00, run_after=2024-12-05 00:00:00+00:00
[2024-12-05T00:12:26.766+0000] {processor.py:208} INFO - Processing /home/airflow/.local/lib/python3.12/site-packages/airflow/example_dags/example_latest_only_with_trigger.py took 1.691 seconds
[2024-12-05T00:13:25.657+0000] {processor.py:186} INFO - Started process (PID=536) to work on /home/airflow/.local/lib/python3.12/site-packages/airflow/example_dags/example_latest_only_with_trigger.py
[2024-12-05T00:13:25.660+0000] {processor.py:914} INFO - Processing file /home/airflow/.local/lib/python3.12/site-packages/airflow/example_dags/example_latest_only_with_trigger.py for tasks to queue
[2024-12-05T00:13:25.678+0000] {logging_mixin.py:190} INFO - [2024-12-05T00:13:25.677+0000] {dagbag.py:588} INFO - Filling up the DagBag from /home/airflow/.local/lib/python3.12/site-packages/airflow/example_dags/example_latest_only_with_trigger.py
[2024-12-05T00:13:25.761+0000] {processor.py:925} INFO - DAG(s) 'latest_only_with_trigger' retrieved from /home/airflow/.local/lib/python3.12/site-packages/airflow/example_dags/example_latest_only_with_trigger.py
[2024-12-05T00:13:25.932+0000] {logging_mixin.py:190} INFO - [2024-12-05T00:13:25.926+0000] {dag.py:3239} INFO - Sync 1 DAGs
[2024-12-05T00:13:26.185+0000] {logging_mixin.py:190} INFO - [2024-12-05T00:13:26.183+0000] {dag.py:4180} INFO - Setting next_dagrun for latest_only_with_trigger to 2024-12-04 20:00:00+00:00, run_after=2024-12-05 00:00:00+00:00
[2024-12-05T00:13:26.561+0000] {processor.py:208} INFO - Processing /home/airflow/.local/lib/python3.12/site-packages/airflow/example_dags/example_latest_only_with_trigger.py took 0.951 seconds
[2024-12-05T00:14:26.679+0000] {processor.py:186} INFO - Started process (PID=625) to work on /home/airflow/.local/lib/python3.12/site-packages/airflow/example_dags/example_latest_only_with_trigger.py
[2024-12-05T00:14:26.687+0000] {processor.py:914} INFO - Processing file /home/airflow/.local/lib/python3.12/site-packages/airflow/example_dags/example_latest_only_with_trigger.py for tasks to queue
[2024-12-05T00:14:26.703+0000] {logging_mixin.py:190} INFO - [2024-12-05T00:14:26.702+0000] {dagbag.py:588} INFO - Filling up the DagBag from /home/airflow/.local/lib/python3.12/site-packages/airflow/example_dags/example_latest_only_with_trigger.py
[2024-12-05T00:14:26.792+0000] {processor.py:925} INFO - DAG(s) 'latest_only_with_trigger' retrieved from /home/airflow/.local/lib/python3.12/site-packages/airflow/example_dags/example_latest_only_with_trigger.py
[2024-12-05T00:14:26.943+0000] {logging_mixin.py:190} INFO - [2024-12-05T00:14:26.942+0000] {dag.py:3239} INFO - Sync 1 DAGs
[2024-12-05T00:14:27.320+0000] {logging_mixin.py:190} INFO - [2024-12-05T00:14:27.319+0000] {dag.py:4180} INFO - Setting next_dagrun for latest_only_with_trigger to 2024-12-04 20:00:00+00:00, run_after=2024-12-05 00:00:00+00:00
[2024-12-05T00:14:27.505+0000] {processor.py:208} INFO - Processing /home/airflow/.local/lib/python3.12/site-packages/airflow/example_dags/example_latest_only_with_trigger.py took 0.869 seconds
[2024-12-05T00:15:19.499+0000] {processor.py:186} INFO - Started process (PID=725) to work on /home/airflow/.local/lib/python3.12/site-packages/airflow/example_dags/example_latest_only_with_trigger.py
[2024-12-05T00:15:19.508+0000] {processor.py:914} INFO - Processing file /home/airflow/.local/lib/python3.12/site-packages/airflow/example_dags/example_latest_only_with_trigger.py for tasks to queue
[2024-12-05T00:15:19.521+0000] {logging_mixin.py:190} INFO - [2024-12-05T00:15:19.518+0000] {dagbag.py:588} INFO - Filling up the DagBag from /home/airflow/.local/lib/python3.12/site-packages/airflow/example_dags/example_latest_only_with_trigger.py
[2024-12-05T00:15:19.565+0000] {processor.py:925} INFO - DAG(s) 'latest_only_with_trigger' retrieved from /home/airflow/.local/lib/python3.12/site-packages/airflow/example_dags/example_latest_only_with_trigger.py
[2024-12-05T00:15:19.661+0000] {logging_mixin.py:190} INFO - [2024-12-05T00:15:19.660+0000] {dag.py:3239} INFO - Sync 1 DAGs
[2024-12-05T00:15:19.781+0000] {logging_mixin.py:190} INFO - [2024-12-05T00:15:19.780+0000] {dag.py:4180} INFO - Setting next_dagrun for latest_only_with_trigger to 2024-12-04 20:00:00+00:00, run_after=2024-12-05 00:00:00+00:00
[2024-12-05T00:15:19.851+0000] {processor.py:208} INFO - Processing /home/airflow/.local/lib/python3.12/site-packages/airflow/example_dags/example_latest_only_with_trigger.py took 0.401 seconds
[2024-12-05T00:16:08.721+0000] {processor.py:186} INFO - Started process (PID=805) to work on /home/airflow/.local/lib/python3.12/site-packages/airflow/example_dags/example_latest_only_with_trigger.py
[2024-12-05T00:16:08.740+0000] {processor.py:914} INFO - Processing file /home/airflow/.local/lib/python3.12/site-packages/airflow/example_dags/example_latest_only_with_trigger.py for tasks to queue
[2024-12-05T00:16:08.767+0000] {logging_mixin.py:190} INFO - [2024-12-05T00:16:08.766+0000] {dagbag.py:588} INFO - Filling up the DagBag from /home/airflow/.local/lib/python3.12/site-packages/airflow/example_dags/example_latest_only_with_trigger.py
[2024-12-05T00:16:08.861+0000] {processor.py:925} INFO - DAG(s) 'latest_only_with_trigger' retrieved from /home/airflow/.local/lib/python3.12/site-packages/airflow/example_dags/example_latest_only_with_trigger.py
[2024-12-05T00:16:09.162+0000] {logging_mixin.py:190} INFO - [2024-12-05T00:16:09.149+0000] {dag.py:3239} INFO - Sync 1 DAGs
[2024-12-05T00:16:09.375+0000] {logging_mixin.py:190} INFO - [2024-12-05T00:16:09.374+0000] {dag.py:4180} INFO - Setting next_dagrun for latest_only_with_trigger to 2024-12-04 20:00:00+00:00, run_after=2024-12-05 00:00:00+00:00
[2024-12-05T00:16:09.537+0000] {processor.py:208} INFO - Processing /home/airflow/.local/lib/python3.12/site-packages/airflow/example_dags/example_latest_only_with_trigger.py took 0.855 seconds
[2024-12-05T00:17:13.167+0000] {processor.py:186} INFO - Started process (PID=888) to work on /home/airflow/.local/lib/python3.12/site-packages/airflow/example_dags/example_latest_only_with_trigger.py
[2024-12-05T00:17:13.210+0000] {processor.py:914} INFO - Processing file /home/airflow/.local/lib/python3.12/site-packages/airflow/example_dags/example_latest_only_with_trigger.py for tasks to queue
[2024-12-05T00:17:13.249+0000] {logging_mixin.py:190} INFO - [2024-12-05T00:17:13.249+0000] {dagbag.py:588} INFO - Filling up the DagBag from /home/airflow/.local/lib/python3.12/site-packages/airflow/example_dags/example_latest_only_with_trigger.py
[2024-12-05T00:17:13.322+0000] {processor.py:925} INFO - DAG(s) 'latest_only_with_trigger' retrieved from /home/airflow/.local/lib/python3.12/site-packages/airflow/example_dags/example_latest_only_with_trigger.py
[2024-12-05T00:17:13.654+0000] {logging_mixin.py:190} INFO - [2024-12-05T00:17:13.654+0000] {dag.py:3239} INFO - Sync 1 DAGs
[2024-12-05T00:17:14.078+0000] {logging_mixin.py:190} INFO - [2024-12-05T00:17:14.070+0000] {dag.py:4180} INFO - Setting next_dagrun for latest_only_with_trigger to 2024-12-04 20:00:00+00:00, run_after=2024-12-05 00:00:00+00:00
[2024-12-05T00:17:14.224+0000] {processor.py:208} INFO - Processing /home/airflow/.local/lib/python3.12/site-packages/airflow/example_dags/example_latest_only_with_trigger.py took 1.103 seconds
[2024-12-05T00:18:26.368+0000] {processor.py:186} INFO - Started process (PID=969) to work on /home/airflow/.local/lib/python3.12/site-packages/airflow/example_dags/example_latest_only_with_trigger.py
[2024-12-05T00:18:26.389+0000] {processor.py:914} INFO - Processing file /home/airflow/.local/lib/python3.12/site-packages/airflow/example_dags/example_latest_only_with_trigger.py for tasks to queue
[2024-12-05T00:18:26.403+0000] {logging_mixin.py:190} INFO - [2024-12-05T00:18:26.401+0000] {dagbag.py:588} INFO - Filling up the DagBag from /home/airflow/.local/lib/python3.12/site-packages/airflow/example_dags/example_latest_only_with_trigger.py
[2024-12-05T00:18:26.428+0000] {processor.py:925} INFO - DAG(s) 'latest_only_with_trigger' retrieved from /home/airflow/.local/lib/python3.12/site-packages/airflow/example_dags/example_latest_only_with_trigger.py
[2024-12-05T00:18:26.504+0000] {logging_mixin.py:190} INFO - [2024-12-05T00:18:26.504+0000] {dag.py:3239} INFO - Sync 1 DAGs
[2024-12-05T00:18:26.649+0000] {logging_mixin.py:190} INFO - [2024-12-05T00:18:26.649+0000] {dag.py:4180} INFO - Setting next_dagrun for latest_only_with_trigger to 2024-12-04 20:00:00+00:00, run_after=2024-12-05 00:00:00+00:00
[2024-12-05T00:18:26.848+0000] {processor.py:208} INFO - Processing /home/airflow/.local/lib/python3.12/site-packages/airflow/example_dags/example_latest_only_with_trigger.py took 0.527 seconds
[2024-12-05T00:19:21.546+0000] {processor.py:186} INFO - Started process (PID=1050) to work on /home/airflow/.local/lib/python3.12/site-packages/airflow/example_dags/example_latest_only_with_trigger.py
[2024-12-05T00:19:21.555+0000] {processor.py:914} INFO - Processing file /home/airflow/.local/lib/python3.12/site-packages/airflow/example_dags/example_latest_only_with_trigger.py for tasks to queue
[2024-12-05T00:19:21.570+0000] {logging_mixin.py:190} INFO - [2024-12-05T00:19:21.569+0000] {dagbag.py:588} INFO - Filling up the DagBag from /home/airflow/.local/lib/python3.12/site-packages/airflow/example_dags/example_latest_only_with_trigger.py
[2024-12-05T00:19:21.646+0000] {processor.py:925} INFO - DAG(s) 'latest_only_with_trigger' retrieved from /home/airflow/.local/lib/python3.12/site-packages/airflow/example_dags/example_latest_only_with_trigger.py
[2024-12-05T00:19:21.889+0000] {logging_mixin.py:190} INFO - [2024-12-05T00:19:21.888+0000] {dag.py:3239} INFO - Sync 1 DAGs
[2024-12-05T00:19:22.208+0000] {logging_mixin.py:190} INFO - [2024-12-05T00:19:22.207+0000] {dag.py:4180} INFO - Setting next_dagrun for latest_only_with_trigger to 2024-12-04 20:00:00+00:00, run_after=2024-12-05 00:00:00+00:00
[2024-12-05T00:19:22.464+0000] {processor.py:208} INFO - Processing /home/airflow/.local/lib/python3.12/site-packages/airflow/example_dags/example_latest_only_with_trigger.py took 0.955 seconds
[2024-12-05T00:20:10.595+0000] {processor.py:186} INFO - Started process (PID=1123) to work on /home/airflow/.local/lib/python3.12/site-packages/airflow/example_dags/example_latest_only_with_trigger.py
[2024-12-05T00:20:10.611+0000] {processor.py:914} INFO - Processing file /home/airflow/.local/lib/python3.12/site-packages/airflow/example_dags/example_latest_only_with_trigger.py for tasks to queue
[2024-12-05T00:20:10.633+0000] {logging_mixin.py:190} INFO - [2024-12-05T00:20:10.626+0000] {dagbag.py:588} INFO - Filling up the DagBag from /home/airflow/.local/lib/python3.12/site-packages/airflow/example_dags/example_latest_only_with_trigger.py
[2024-12-05T00:20:10.721+0000] {processor.py:925} INFO - DAG(s) 'latest_only_with_trigger' retrieved from /home/airflow/.local/lib/python3.12/site-packages/airflow/example_dags/example_latest_only_with_trigger.py
[2024-12-05T00:20:10.845+0000] {logging_mixin.py:190} INFO - [2024-12-05T00:20:10.844+0000] {dag.py:3239} INFO - Sync 1 DAGs
[2024-12-05T00:20:11.084+0000] {logging_mixin.py:190} INFO - [2024-12-05T00:20:11.084+0000] {dag.py:4180} INFO - Setting next_dagrun for latest_only_with_trigger to 2024-12-04 20:00:00+00:00, run_after=2024-12-05 00:00:00+00:00
[2024-12-05T00:20:11.318+0000] {processor.py:208} INFO - Processing /home/airflow/.local/lib/python3.12/site-packages/airflow/example_dags/example_latest_only_with_trigger.py took 0.772 seconds
[2024-12-05T00:21:03.631+0000] {processor.py:186} INFO - Started process (PID=1199) to work on /home/airflow/.local/lib/python3.12/site-packages/airflow/example_dags/example_latest_only_with_trigger.py
[2024-12-05T00:21:03.640+0000] {processor.py:914} INFO - Processing file /home/airflow/.local/lib/python3.12/site-packages/airflow/example_dags/example_latest_only_with_trigger.py for tasks to queue
[2024-12-05T00:21:03.648+0000] {logging_mixin.py:190} INFO - [2024-12-05T00:21:03.647+0000] {dagbag.py:588} INFO - Filling up the DagBag from /home/airflow/.local/lib/python3.12/site-packages/airflow/example_dags/example_latest_only_with_trigger.py
[2024-12-05T00:21:03.694+0000] {processor.py:925} INFO - DAG(s) 'latest_only_with_trigger' retrieved from /home/airflow/.local/lib/python3.12/site-packages/airflow/example_dags/example_latest_only_with_trigger.py
[2024-12-05T00:21:03.791+0000] {logging_mixin.py:190} INFO - [2024-12-05T00:21:03.790+0000] {dag.py:3239} INFO - Sync 1 DAGs
[2024-12-05T00:21:04.012+0000] {logging_mixin.py:190} INFO - [2024-12-05T00:21:04.011+0000] {dag.py:4180} INFO - Setting next_dagrun for latest_only_with_trigger to 2024-12-04 20:00:00+00:00, run_after=2024-12-05 00:00:00+00:00
[2024-12-05T00:21:04.170+0000] {processor.py:208} INFO - Processing /home/airflow/.local/lib/python3.12/site-packages/airflow/example_dags/example_latest_only_with_trigger.py took 0.568 seconds
[2024-12-05T00:21:57.141+0000] {processor.py:186} INFO - Started process (PID=1264) to work on /home/airflow/.local/lib/python3.12/site-packages/airflow/example_dags/example_latest_only_with_trigger.py
[2024-12-05T00:21:57.148+0000] {processor.py:914} INFO - Processing file /home/airflow/.local/lib/python3.12/site-packages/airflow/example_dags/example_latest_only_with_trigger.py for tasks to queue
[2024-12-05T00:21:57.178+0000] {logging_mixin.py:190} INFO - [2024-12-05T00:21:57.177+0000] {dagbag.py:588} INFO - Filling up the DagBag from /home/airflow/.local/lib/python3.12/site-packages/airflow/example_dags/example_latest_only_with_trigger.py
[2024-12-05T00:21:57.217+0000] {processor.py:925} INFO - DAG(s) 'latest_only_with_trigger' retrieved from /home/airflow/.local/lib/python3.12/site-packages/airflow/example_dags/example_latest_only_with_trigger.py
[2024-12-05T00:21:57.326+0000] {logging_mixin.py:190} INFO - [2024-12-05T00:21:57.325+0000] {dag.py:3239} INFO - Sync 1 DAGs
[2024-12-05T00:21:57.488+0000] {logging_mixin.py:190} INFO - [2024-12-05T00:21:57.488+0000] {dag.py:4180} INFO - Setting next_dagrun for latest_only_with_trigger to 2024-12-04 20:00:00+00:00, run_after=2024-12-05 00:00:00+00:00
[2024-12-05T00:21:57.617+0000] {processor.py:208} INFO - Processing /home/airflow/.local/lib/python3.12/site-packages/airflow/example_dags/example_latest_only_with_trigger.py took 0.531 seconds
[2024-12-05T00:22:51.694+0000] {processor.py:186} INFO - Started process (PID=1359) to work on /home/airflow/.local/lib/python3.12/site-packages/airflow/example_dags/example_latest_only_with_trigger.py
[2024-12-05T00:22:51.732+0000] {processor.py:914} INFO - Processing file /home/airflow/.local/lib/python3.12/site-packages/airflow/example_dags/example_latest_only_with_trigger.py for tasks to queue
[2024-12-05T00:22:51.895+0000] {logging_mixin.py:190} INFO - [2024-12-05T00:22:51.894+0000] {dagbag.py:588} INFO - Filling up the DagBag from /home/airflow/.local/lib/python3.12/site-packages/airflow/example_dags/example_latest_only_with_trigger.py
[2024-12-05T00:22:52.052+0000] {processor.py:925} INFO - DAG(s) 'latest_only_with_trigger' retrieved from /home/airflow/.local/lib/python3.12/site-packages/airflow/example_dags/example_latest_only_with_trigger.py
[2024-12-05T00:22:52.403+0000] {logging_mixin.py:190} INFO - [2024-12-05T00:22:52.402+0000] {dag.py:3239} INFO - Sync 1 DAGs
[2024-12-05T00:22:52.862+0000] {logging_mixin.py:190} INFO - [2024-12-05T00:22:52.862+0000] {dag.py:4180} INFO - Setting next_dagrun for latest_only_with_trigger to 2024-12-04 20:00:00+00:00, run_after=2024-12-05 00:00:00+00:00
[2024-12-05T00:22:53.186+0000] {processor.py:208} INFO - Processing /home/airflow/.local/lib/python3.12/site-packages/airflow/example_dags/example_latest_only_with_trigger.py took 1.684 seconds
