[2024-12-05T00:00:16.846+0000] {processor.py:186} INFO - Started process (PID=363) to work on /home/airflow/.local/lib/python3.12/site-packages/airflow/example_dags/example_dag_decorator.py
[2024-12-05T00:00:16.851+0000] {processor.py:914} INFO - Processing file /home/airflow/.local/lib/python3.12/site-packages/airflow/example_dags/example_dag_decorator.py for tasks to queue
[2024-12-05T00:00:16.867+0000] {logging_mixin.py:190} INFO - [2024-12-05T00:00:16.855+0000] {dagbag.py:588} INFO - Filling up the DagBag from /home/airflow/.local/lib/python3.12/site-packages/airflow/example_dags/example_dag_decorator.py
[2024-12-05T00:00:17.013+0000] {processor.py:925} INFO - DAG(s) 'example_dag_decorator' retrieved from /home/airflow/.local/lib/python3.12/site-packages/airflow/example_dags/example_dag_decorator.py
[2024-12-05T00:00:17.169+0000] {logging_mixin.py:190} INFO - [2024-12-05T00:00:17.168+0000] {dag.py:3239} INFO - Sync 1 DAGs
[2024-12-05T00:00:17.328+0000] {logging_mixin.py:190} INFO - [2024-12-05T00:00:17.327+0000] {dag.py:4180} INFO - Setting next_dagrun for example_dag_decorator to None, run_after=None
[2024-12-05T00:00:17.573+0000] {processor.py:208} INFO - Processing /home/airflow/.local/lib/python3.12/site-packages/airflow/example_dags/example_dag_decorator.py took 0.769 seconds
[2024-12-05T00:09:21.804+0000] {processor.py:186} INFO - Started process (PID=181) to work on /home/airflow/.local/lib/python3.12/site-packages/airflow/example_dags/example_dag_decorator.py
[2024-12-05T00:09:21.806+0000] {processor.py:914} INFO - Processing file /home/airflow/.local/lib/python3.12/site-packages/airflow/example_dags/example_dag_decorator.py for tasks to queue
[2024-12-05T00:09:21.821+0000] {logging_mixin.py:190} INFO - [2024-12-05T00:09:21.821+0000] {dagbag.py:588} INFO - Filling up the DagBag from /home/airflow/.local/lib/python3.12/site-packages/airflow/example_dags/example_dag_decorator.py
[2024-12-05T00:09:21.982+0000] {processor.py:925} INFO - DAG(s) 'example_dag_decorator' retrieved from /home/airflow/.local/lib/python3.12/site-packages/airflow/example_dags/example_dag_decorator.py
[2024-12-05T00:09:22.967+0000] {logging_mixin.py:190} INFO - [2024-12-05T00:09:22.967+0000] {dag.py:3239} INFO - Sync 1 DAGs
[2024-12-05T00:09:23.054+0000] {logging_mixin.py:190} INFO - [2024-12-05T00:09:23.053+0000] {dag.py:4180} INFO - Setting next_dagrun for example_dag_decorator to None, run_after=None
[2024-12-05T00:09:23.192+0000] {processor.py:208} INFO - Processing /home/airflow/.local/lib/python3.12/site-packages/airflow/example_dags/example_dag_decorator.py took 1.432 seconds
[2024-12-05T00:10:17.586+0000] {processor.py:186} INFO - Started process (PID=288) to work on /home/airflow/.local/lib/python3.12/site-packages/airflow/example_dags/example_dag_decorator.py
[2024-12-05T00:10:17.592+0000] {processor.py:914} INFO - Processing file /home/airflow/.local/lib/python3.12/site-packages/airflow/example_dags/example_dag_decorator.py for tasks to queue
[2024-12-05T00:10:17.601+0000] {logging_mixin.py:190} INFO - [2024-12-05T00:10:17.600+0000] {dagbag.py:588} INFO - Filling up the DagBag from /home/airflow/.local/lib/python3.12/site-packages/airflow/example_dags/example_dag_decorator.py
[2024-12-05T00:10:17.731+0000] {processor.py:925} INFO - DAG(s) 'example_dag_decorator' retrieved from /home/airflow/.local/lib/python3.12/site-packages/airflow/example_dags/example_dag_decorator.py
[2024-12-05T00:10:19.121+0000] {logging_mixin.py:190} INFO - [2024-12-05T00:10:19.120+0000] {dag.py:3239} INFO - Sync 1 DAGs
[2024-12-05T00:10:19.267+0000] {logging_mixin.py:190} INFO - [2024-12-05T00:10:19.267+0000] {dag.py:4180} INFO - Setting next_dagrun for example_dag_decorator to None, run_after=None
[2024-12-05T00:10:19.426+0000] {processor.py:208} INFO - Processing /home/airflow/.local/lib/python3.12/site-packages/airflow/example_dags/example_dag_decorator.py took 1.860 seconds
[2024-12-05T00:11:08.175+0000] {processor.py:186} INFO - Started process (PID=372) to work on /home/airflow/.local/lib/python3.12/site-packages/airflow/example_dags/example_dag_decorator.py
[2024-12-05T00:11:08.186+0000] {processor.py:914} INFO - Processing file /home/airflow/.local/lib/python3.12/site-packages/airflow/example_dags/example_dag_decorator.py for tasks to queue
[2024-12-05T00:11:08.238+0000] {logging_mixin.py:190} INFO - [2024-12-05T00:11:08.237+0000] {dagbag.py:588} INFO - Filling up the DagBag from /home/airflow/.local/lib/python3.12/site-packages/airflow/example_dags/example_dag_decorator.py
[2024-12-05T00:11:08.396+0000] {processor.py:925} INFO - DAG(s) 'example_dag_decorator' retrieved from /home/airflow/.local/lib/python3.12/site-packages/airflow/example_dags/example_dag_decorator.py
[2024-12-05T00:11:09.195+0000] {logging_mixin.py:190} INFO - [2024-12-05T00:11:09.194+0000] {dag.py:3239} INFO - Sync 1 DAGs
[2024-12-05T00:11:09.504+0000] {logging_mixin.py:190} INFO - [2024-12-05T00:11:09.504+0000] {dag.py:4180} INFO - Setting next_dagrun for example_dag_decorator to None, run_after=None
[2024-12-05T00:11:09.806+0000] {processor.py:208} INFO - Processing /home/airflow/.local/lib/python3.12/site-packages/airflow/example_dags/example_dag_decorator.py took 1.730 seconds
[2024-12-05T00:11:54.050+0000] {processor.py:186} INFO - Started process (PID=426) to work on /home/airflow/.local/lib/python3.12/site-packages/airflow/example_dags/example_dag_decorator.py
[2024-12-05T00:11:54.068+0000] {processor.py:914} INFO - Processing file /home/airflow/.local/lib/python3.12/site-packages/airflow/example_dags/example_dag_decorator.py for tasks to queue
[2024-12-05T00:11:54.108+0000] {logging_mixin.py:190} INFO - [2024-12-05T00:11:54.106+0000] {dagbag.py:588} INFO - Filling up the DagBag from /home/airflow/.local/lib/python3.12/site-packages/airflow/example_dags/example_dag_decorator.py
[2024-12-05T00:11:54.243+0000] {processor.py:925} INFO - DAG(s) 'example_dag_decorator' retrieved from /home/airflow/.local/lib/python3.12/site-packages/airflow/example_dags/example_dag_decorator.py
[2024-12-05T00:11:54.502+0000] {logging_mixin.py:190} INFO - [2024-12-05T00:11:54.501+0000] {dag.py:3239} INFO - Sync 1 DAGs
[2024-12-05T00:11:54.588+0000] {logging_mixin.py:190} INFO - [2024-12-05T00:11:54.587+0000] {dag.py:4180} INFO - Setting next_dagrun for example_dag_decorator to None, run_after=None
[2024-12-05T00:11:54.658+0000] {processor.py:208} INFO - Processing /home/airflow/.local/lib/python3.12/site-packages/airflow/example_dags/example_dag_decorator.py took 0.649 seconds
[2024-12-05T00:12:32.363+0000] {processor.py:186} INFO - Started process (PID=489) to work on /home/airflow/.local/lib/python3.12/site-packages/airflow/example_dags/example_dag_decorator.py
[2024-12-05T00:12:32.408+0000] {processor.py:914} INFO - Processing file /home/airflow/.local/lib/python3.12/site-packages/airflow/example_dags/example_dag_decorator.py for tasks to queue
[2024-12-05T00:12:32.461+0000] {logging_mixin.py:190} INFO - [2024-12-05T00:12:32.460+0000] {dagbag.py:588} INFO - Filling up the DagBag from /home/airflow/.local/lib/python3.12/site-packages/airflow/example_dags/example_dag_decorator.py
[2024-12-05T00:12:32.802+0000] {processor.py:925} INFO - DAG(s) 'example_dag_decorator' retrieved from /home/airflow/.local/lib/python3.12/site-packages/airflow/example_dags/example_dag_decorator.py
[2024-12-05T00:12:33.049+0000] {logging_mixin.py:190} INFO - [2024-12-05T00:12:33.044+0000] {dag.py:3239} INFO - Sync 1 DAGs
[2024-12-05T00:12:33.286+0000] {logging_mixin.py:190} INFO - [2024-12-05T00:12:33.285+0000] {dag.py:4180} INFO - Setting next_dagrun for example_dag_decorator to None, run_after=None
[2024-12-05T00:12:33.714+0000] {processor.py:208} INFO - Processing /home/airflow/.local/lib/python3.12/site-packages/airflow/example_dags/example_dag_decorator.py took 1.409 seconds
[2024-12-05T00:13:40.205+0000] {processor.py:186} INFO - Started process (PID=574) to work on /home/airflow/.local/lib/python3.12/site-packages/airflow/example_dags/example_dag_decorator.py
[2024-12-05T00:13:40.210+0000] {processor.py:914} INFO - Processing file /home/airflow/.local/lib/python3.12/site-packages/airflow/example_dags/example_dag_decorator.py for tasks to queue
[2024-12-05T00:13:40.252+0000] {logging_mixin.py:190} INFO - [2024-12-05T00:13:40.249+0000] {dagbag.py:588} INFO - Filling up the DagBag from /home/airflow/.local/lib/python3.12/site-packages/airflow/example_dags/example_dag_decorator.py
[2024-12-05T00:13:40.359+0000] {processor.py:925} INFO - DAG(s) 'example_dag_decorator' retrieved from /home/airflow/.local/lib/python3.12/site-packages/airflow/example_dags/example_dag_decorator.py
[2024-12-05T00:13:40.721+0000] {logging_mixin.py:190} INFO - [2024-12-05T00:13:40.705+0000] {dag.py:3239} INFO - Sync 1 DAGs
[2024-12-05T00:13:41.017+0000] {logging_mixin.py:190} INFO - [2024-12-05T00:13:41.005+0000] {dag.py:4180} INFO - Setting next_dagrun for example_dag_decorator to None, run_after=None
[2024-12-05T00:13:41.517+0000] {processor.py:208} INFO - Processing /home/airflow/.local/lib/python3.12/site-packages/airflow/example_dags/example_dag_decorator.py took 1.346 seconds
[2024-12-05T00:14:35.207+0000] {processor.py:186} INFO - Started process (PID=650) to work on /home/airflow/.local/lib/python3.12/site-packages/airflow/example_dags/example_dag_decorator.py
[2024-12-05T00:14:35.291+0000] {processor.py:914} INFO - Processing file /home/airflow/.local/lib/python3.12/site-packages/airflow/example_dags/example_dag_decorator.py for tasks to queue
[2024-12-05T00:14:35.328+0000] {logging_mixin.py:190} INFO - [2024-12-05T00:14:35.328+0000] {dagbag.py:588} INFO - Filling up the DagBag from /home/airflow/.local/lib/python3.12/site-packages/airflow/example_dags/example_dag_decorator.py
[2024-12-05T00:14:35.426+0000] {processor.py:925} INFO - DAG(s) 'example_dag_decorator' retrieved from /home/airflow/.local/lib/python3.12/site-packages/airflow/example_dags/example_dag_decorator.py
[2024-12-05T00:14:36.489+0000] {logging_mixin.py:190} INFO - [2024-12-05T00:14:36.488+0000] {dag.py:3239} INFO - Sync 1 DAGs
[2024-12-05T00:14:36.568+0000] {logging_mixin.py:190} INFO - [2024-12-05T00:14:36.568+0000] {dag.py:4180} INFO - Setting next_dagrun for example_dag_decorator to None, run_after=None
[2024-12-05T00:14:37.109+0000] {processor.py:208} INFO - Processing /home/airflow/.local/lib/python3.12/site-packages/airflow/example_dags/example_dag_decorator.py took 1.942 seconds
[2024-12-05T00:15:24.663+0000] {processor.py:186} INFO - Started process (PID=735) to work on /home/airflow/.local/lib/python3.12/site-packages/airflow/example_dags/example_dag_decorator.py
[2024-12-05T00:15:24.671+0000] {processor.py:914} INFO - Processing file /home/airflow/.local/lib/python3.12/site-packages/airflow/example_dags/example_dag_decorator.py for tasks to queue
[2024-12-05T00:15:24.702+0000] {logging_mixin.py:190} INFO - [2024-12-05T00:15:24.701+0000] {dagbag.py:588} INFO - Filling up the DagBag from /home/airflow/.local/lib/python3.12/site-packages/airflow/example_dags/example_dag_decorator.py
[2024-12-05T00:15:24.844+0000] {processor.py:925} INFO - DAG(s) 'example_dag_decorator' retrieved from /home/airflow/.local/lib/python3.12/site-packages/airflow/example_dags/example_dag_decorator.py
[2024-12-05T00:15:25.745+0000] {logging_mixin.py:190} INFO - [2024-12-05T00:15:25.744+0000] {dag.py:3239} INFO - Sync 1 DAGs
[2024-12-05T00:15:25.854+0000] {logging_mixin.py:190} INFO - [2024-12-05T00:15:25.852+0000] {dag.py:4180} INFO - Setting next_dagrun for example_dag_decorator to None, run_after=None
[2024-12-05T00:15:25.998+0000] {processor.py:208} INFO - Processing /home/airflow/.local/lib/python3.12/site-packages/airflow/example_dags/example_dag_decorator.py took 1.414 seconds
[2024-12-05T00:16:14.639+0000] {processor.py:186} INFO - Started process (PID=820) to work on /home/airflow/.local/lib/python3.12/site-packages/airflow/example_dags/example_dag_decorator.py
[2024-12-05T00:16:14.651+0000] {processor.py:914} INFO - Processing file /home/airflow/.local/lib/python3.12/site-packages/airflow/example_dags/example_dag_decorator.py for tasks to queue
[2024-12-05T00:16:14.693+0000] {logging_mixin.py:190} INFO - [2024-12-05T00:16:14.692+0000] {dagbag.py:588} INFO - Filling up the DagBag from /home/airflow/.local/lib/python3.12/site-packages/airflow/example_dags/example_dag_decorator.py
[2024-12-05T00:16:14.793+0000] {processor.py:925} INFO - DAG(s) 'example_dag_decorator' retrieved from /home/airflow/.local/lib/python3.12/site-packages/airflow/example_dags/example_dag_decorator.py
[2024-12-05T00:16:15.566+0000] {logging_mixin.py:190} INFO - [2024-12-05T00:16:15.566+0000] {dag.py:3239} INFO - Sync 1 DAGs
[2024-12-05T00:16:15.616+0000] {logging_mixin.py:190} INFO - [2024-12-05T00:16:15.616+0000] {dag.py:4180} INFO - Setting next_dagrun for example_dag_decorator to None, run_after=None
[2024-12-05T00:16:15.702+0000] {processor.py:208} INFO - Processing /home/airflow/.local/lib/python3.12/site-packages/airflow/example_dags/example_dag_decorator.py took 1.107 seconds
[2024-12-05T00:17:24.531+0000] {processor.py:186} INFO - Started process (PID=909) to work on /home/airflow/.local/lib/python3.12/site-packages/airflow/example_dags/example_dag_decorator.py
[2024-12-05T00:17:24.540+0000] {processor.py:914} INFO - Processing file /home/airflow/.local/lib/python3.12/site-packages/airflow/example_dags/example_dag_decorator.py for tasks to queue
[2024-12-05T00:17:24.559+0000] {logging_mixin.py:190} INFO - [2024-12-05T00:17:24.556+0000] {dagbag.py:588} INFO - Filling up the DagBag from /home/airflow/.local/lib/python3.12/site-packages/airflow/example_dags/example_dag_decorator.py
[2024-12-05T00:17:24.678+0000] {processor.py:925} INFO - DAG(s) 'example_dag_decorator' retrieved from /home/airflow/.local/lib/python3.12/site-packages/airflow/example_dags/example_dag_decorator.py
[2024-12-05T00:17:25.841+0000] {logging_mixin.py:190} INFO - [2024-12-05T00:17:25.838+0000] {dag.py:3239} INFO - Sync 1 DAGs
[2024-12-05T00:17:25.918+0000] {logging_mixin.py:190} INFO - [2024-12-05T00:17:25.917+0000] {dag.py:4180} INFO - Setting next_dagrun for example_dag_decorator to None, run_after=None
[2024-12-05T00:17:26.033+0000] {processor.py:208} INFO - Processing /home/airflow/.local/lib/python3.12/site-packages/airflow/example_dags/example_dag_decorator.py took 1.540 seconds
[2024-12-05T00:17:59.367+0000] {processor.py:186} INFO - Started process (PID=952) to work on /home/airflow/.local/lib/python3.12/site-packages/airflow/example_dags/example_dag_decorator.py
[2024-12-05T00:17:59.416+0000] {processor.py:914} INFO - Processing file /home/airflow/.local/lib/python3.12/site-packages/airflow/example_dags/example_dag_decorator.py for tasks to queue
[2024-12-05T00:17:59.467+0000] {logging_mixin.py:190} INFO - [2024-12-05T00:17:59.424+0000] {dagbag.py:588} INFO - Filling up the DagBag from /home/airflow/.local/lib/python3.12/site-packages/airflow/example_dags/example_dag_decorator.py
[2024-12-05T00:17:59.591+0000] {processor.py:925} INFO - DAG(s) 'example_dag_decorator' retrieved from /home/airflow/.local/lib/python3.12/site-packages/airflow/example_dags/example_dag_decorator.py
[2024-12-05T00:18:01.571+0000] {logging_mixin.py:190} INFO - [2024-12-05T00:18:01.570+0000] {dag.py:3239} INFO - Sync 1 DAGs
[2024-12-05T00:18:01.820+0000] {logging_mixin.py:190} INFO - [2024-12-05T00:18:01.819+0000] {dag.py:4180} INFO - Setting next_dagrun for example_dag_decorator to None, run_after=None
[2024-12-05T00:18:02.097+0000] {processor.py:208} INFO - Processing /home/airflow/.local/lib/python3.12/site-packages/airflow/example_dags/example_dag_decorator.py took 2.754 seconds
[2024-12-05T00:18:59.517+0000] {processor.py:186} INFO - Started process (PID=1029) to work on /home/airflow/.local/lib/python3.12/site-packages/airflow/example_dags/example_dag_decorator.py
[2024-12-05T00:18:59.522+0000] {processor.py:914} INFO - Processing file /home/airflow/.local/lib/python3.12/site-packages/airflow/example_dags/example_dag_decorator.py for tasks to queue
[2024-12-05T00:18:59.533+0000] {logging_mixin.py:190} INFO - [2024-12-05T00:18:59.531+0000] {dagbag.py:588} INFO - Filling up the DagBag from /home/airflow/.local/lib/python3.12/site-packages/airflow/example_dags/example_dag_decorator.py
[2024-12-05T00:18:59.621+0000] {processor.py:925} INFO - DAG(s) 'example_dag_decorator' retrieved from /home/airflow/.local/lib/python3.12/site-packages/airflow/example_dags/example_dag_decorator.py
[2024-12-05T00:19:01.416+0000] {logging_mixin.py:190} INFO - [2024-12-05T00:19:01.415+0000] {dag.py:3239} INFO - Sync 1 DAGs
[2024-12-05T00:19:01.580+0000] {logging_mixin.py:190} INFO - [2024-12-05T00:19:01.579+0000] {dag.py:4180} INFO - Setting next_dagrun for example_dag_decorator to None, run_after=None
[2024-12-05T00:19:01.739+0000] {processor.py:208} INFO - Processing /home/airflow/.local/lib/python3.12/site-packages/airflow/example_dags/example_dag_decorator.py took 2.269 seconds
[2024-12-05T00:19:56.064+0000] {processor.py:186} INFO - Started process (PID=1106) to work on /home/airflow/.local/lib/python3.12/site-packages/airflow/example_dags/example_dag_decorator.py
[2024-12-05T00:19:56.095+0000] {processor.py:914} INFO - Processing file /home/airflow/.local/lib/python3.12/site-packages/airflow/example_dags/example_dag_decorator.py for tasks to queue
[2024-12-05T00:19:56.133+0000] {logging_mixin.py:190} INFO - [2024-12-05T00:19:56.130+0000] {dagbag.py:588} INFO - Filling up the DagBag from /home/airflow/.local/lib/python3.12/site-packages/airflow/example_dags/example_dag_decorator.py
[2024-12-05T00:19:56.229+0000] {processor.py:925} INFO - DAG(s) 'example_dag_decorator' retrieved from /home/airflow/.local/lib/python3.12/site-packages/airflow/example_dags/example_dag_decorator.py
[2024-12-05T00:19:57.638+0000] {logging_mixin.py:190} INFO - [2024-12-05T00:19:57.636+0000] {dag.py:3239} INFO - Sync 1 DAGs
[2024-12-05T00:19:57.927+0000] {logging_mixin.py:190} INFO - [2024-12-05T00:19:57.927+0000] {dag.py:4180} INFO - Setting next_dagrun for example_dag_decorator to None, run_after=None
[2024-12-05T00:19:58.203+0000] {processor.py:208} INFO - Processing /home/airflow/.local/lib/python3.12/site-packages/airflow/example_dags/example_dag_decorator.py took 2.202 seconds
[2024-12-05T00:20:53.793+0000] {processor.py:186} INFO - Started process (PID=1188) to work on /home/airflow/.local/lib/python3.12/site-packages/airflow/example_dags/example_dag_decorator.py
[2024-12-05T00:20:53.795+0000] {processor.py:914} INFO - Processing file /home/airflow/.local/lib/python3.12/site-packages/airflow/example_dags/example_dag_decorator.py for tasks to queue
[2024-12-05T00:20:53.802+0000] {logging_mixin.py:190} INFO - [2024-12-05T00:20:53.801+0000] {dagbag.py:588} INFO - Filling up the DagBag from /home/airflow/.local/lib/python3.12/site-packages/airflow/example_dags/example_dag_decorator.py
[2024-12-05T00:20:53.847+0000] {processor.py:925} INFO - DAG(s) 'example_dag_decorator' retrieved from /home/airflow/.local/lib/python3.12/site-packages/airflow/example_dags/example_dag_decorator.py
[2024-12-05T00:20:53.956+0000] {logging_mixin.py:190} INFO - [2024-12-05T00:20:53.955+0000] {dag.py:3239} INFO - Sync 1 DAGs
[2024-12-05T00:20:53.996+0000] {logging_mixin.py:190} INFO - [2024-12-05T00:20:53.996+0000] {dag.py:4180} INFO - Setting next_dagrun for example_dag_decorator to None, run_after=None
[2024-12-05T00:20:54.075+0000] {processor.py:208} INFO - Processing /home/airflow/.local/lib/python3.12/site-packages/airflow/example_dags/example_dag_decorator.py took 0.299 seconds
[2024-12-05T00:21:36.537+0000] {processor.py:186} INFO - Started process (PID=1247) to work on /home/airflow/.local/lib/python3.12/site-packages/airflow/example_dags/example_dag_decorator.py
[2024-12-05T00:21:36.575+0000] {processor.py:914} INFO - Processing file /home/airflow/.local/lib/python3.12/site-packages/airflow/example_dags/example_dag_decorator.py for tasks to queue
[2024-12-05T00:21:36.611+0000] {logging_mixin.py:190} INFO - [2024-12-05T00:21:36.610+0000] {dagbag.py:588} INFO - Filling up the DagBag from /home/airflow/.local/lib/python3.12/site-packages/airflow/example_dags/example_dag_decorator.py
[2024-12-05T00:21:36.832+0000] {processor.py:925} INFO - DAG(s) 'example_dag_decorator' retrieved from /home/airflow/.local/lib/python3.12/site-packages/airflow/example_dags/example_dag_decorator.py
[2024-12-05T00:21:38.637+0000] {logging_mixin.py:190} INFO - [2024-12-05T00:21:38.636+0000] {dag.py:3239} INFO - Sync 1 DAGs
[2024-12-05T00:21:38.747+0000] {logging_mixin.py:190} INFO - [2024-12-05T00:21:38.747+0000] {dag.py:4180} INFO - Setting next_dagrun for example_dag_decorator to None, run_after=None
[2024-12-05T00:21:39.101+0000] {processor.py:208} INFO - Processing /home/airflow/.local/lib/python3.12/site-packages/airflow/example_dags/example_dag_decorator.py took 2.637 seconds
[2024-12-05T00:22:37.994+0000] {processor.py:186} INFO - Started process (PID=1348) to work on /home/airflow/.local/lib/python3.12/site-packages/airflow/example_dags/example_dag_decorator.py
[2024-12-05T00:22:37.996+0000] {processor.py:914} INFO - Processing file /home/airflow/.local/lib/python3.12/site-packages/airflow/example_dags/example_dag_decorator.py for tasks to queue
[2024-12-05T00:22:38.017+0000] {logging_mixin.py:190} INFO - [2024-12-05T00:22:38.016+0000] {dagbag.py:588} INFO - Filling up the DagBag from /home/airflow/.local/lib/python3.12/site-packages/airflow/example_dags/example_dag_decorator.py
[2024-12-05T00:22:38.102+0000] {processor.py:925} INFO - DAG(s) 'example_dag_decorator' retrieved from /home/airflow/.local/lib/python3.12/site-packages/airflow/example_dags/example_dag_decorator.py
[2024-12-05T00:22:38.835+0000] {logging_mixin.py:190} INFO - [2024-12-05T00:22:38.834+0000] {dag.py:3239} INFO - Sync 1 DAGs
[2024-12-05T00:22:38.926+0000] {logging_mixin.py:190} INFO - [2024-12-05T00:22:38.917+0000] {dag.py:4180} INFO - Setting next_dagrun for example_dag_decorator to None, run_after=None
[2024-12-05T00:22:39.100+0000] {processor.py:208} INFO - Processing /home/airflow/.local/lib/python3.12/site-packages/airflow/example_dags/example_dag_decorator.py took 1.143 seconds
[2024-12-05T00:23:23.526+0000] {processor.py:186} INFO - Started process (PID=1403) to work on /home/airflow/.local/lib/python3.12/site-packages/airflow/example_dags/example_dag_decorator.py
[2024-12-05T00:23:23.530+0000] {processor.py:914} INFO - Processing file /home/airflow/.local/lib/python3.12/site-packages/airflow/example_dags/example_dag_decorator.py for tasks to queue
[2024-12-05T00:23:23.547+0000] {logging_mixin.py:190} INFO - [2024-12-05T00:23:23.546+0000] {dagbag.py:588} INFO - Filling up the DagBag from /home/airflow/.local/lib/python3.12/site-packages/airflow/example_dags/example_dag_decorator.py
[2024-12-05T00:23:23.640+0000] {processor.py:925} INFO - DAG(s) 'example_dag_decorator' retrieved from /home/airflow/.local/lib/python3.12/site-packages/airflow/example_dags/example_dag_decorator.py
[2024-12-05T00:23:24.814+0000] {logging_mixin.py:190} INFO - [2024-12-05T00:23:24.813+0000] {dag.py:3239} INFO - Sync 1 DAGs
[2024-12-05T00:23:24.901+0000] {logging_mixin.py:190} INFO - [2024-12-05T00:23:24.900+0000] {dag.py:4180} INFO - Setting next_dagrun for example_dag_decorator to None, run_after=None
[2024-12-05T00:23:25.079+0000] {processor.py:208} INFO - Processing /home/airflow/.local/lib/python3.12/site-packages/airflow/example_dags/example_dag_decorator.py took 1.642 seconds
[2024-12-05T00:24:09.760+0000] {processor.py:186} INFO - Started process (PID=1452) to work on /home/airflow/.local/lib/python3.12/site-packages/airflow/example_dags/example_dag_decorator.py
[2024-12-05T00:24:09.778+0000] {processor.py:914} INFO - Processing file /home/airflow/.local/lib/python3.12/site-packages/airflow/example_dags/example_dag_decorator.py for tasks to queue
[2024-12-05T00:24:09.814+0000] {logging_mixin.py:190} INFO - [2024-12-05T00:24:09.814+0000] {dagbag.py:588} INFO - Filling up the DagBag from /home/airflow/.local/lib/python3.12/site-packages/airflow/example_dags/example_dag_decorator.py
[2024-12-05T00:24:09.930+0000] {processor.py:925} INFO - DAG(s) 'example_dag_decorator' retrieved from /home/airflow/.local/lib/python3.12/site-packages/airflow/example_dags/example_dag_decorator.py
[2024-12-05T00:24:10.664+0000] {logging_mixin.py:190} INFO - [2024-12-05T00:24:10.664+0000] {dag.py:3239} INFO - Sync 1 DAGs
[2024-12-05T00:24:10.867+0000] {logging_mixin.py:190} INFO - [2024-12-05T00:24:10.832+0000] {dag.py:4180} INFO - Setting next_dagrun for example_dag_decorator to None, run_after=None
[2024-12-05T00:24:11.187+0000] {processor.py:208} INFO - Processing /home/airflow/.local/lib/python3.12/site-packages/airflow/example_dags/example_dag_decorator.py took 1.520 seconds
