[2024-12-05T00:00:23.304+0000] {processor.py:186} INFO - Started process (PID=372) to work on /home/airflow/.local/lib/python3.12/site-packages/airflow/example_dags/example_setup_teardown.py
[2024-12-05T00:00:23.344+0000] {processor.py:914} INFO - Processing file /home/airflow/.local/lib/python3.12/site-packages/airflow/example_dags/example_setup_teardown.py for tasks to queue
[2024-12-05T00:00:23.349+0000] {logging_mixin.py:190} INFO - [2024-12-05T00:00:23.348+0000] {dagbag.py:588} INFO - Filling up the DagBag from /home/airflow/.local/lib/python3.12/site-packages/airflow/example_dags/example_setup_teardown.py
[2024-12-05T00:00:23.514+0000] {processor.py:925} INFO - DAG(s) 'example_setup_teardown' retrieved from /home/airflow/.local/lib/python3.12/site-packages/airflow/example_dags/example_setup_teardown.py
[2024-12-05T00:00:23.717+0000] {logging_mixin.py:190} INFO - [2024-12-05T00:00:23.716+0000] {dag.py:3239} INFO - Sync 1 DAGs
[2024-12-05T00:00:23.983+0000] {logging_mixin.py:190} INFO - [2024-12-05T00:00:23.982+0000] {dag.py:4180} INFO - Setting next_dagrun for example_setup_teardown to None, run_after=None
[2024-12-05T00:00:24.619+0000] {processor.py:208} INFO - Processing /home/airflow/.local/lib/python3.12/site-packages/airflow/example_dags/example_setup_teardown.py took 1.381 seconds
[2024-12-05T00:10:07.504+0000] {processor.py:186} INFO - Started process (PID=264) to work on /home/airflow/.local/lib/python3.12/site-packages/airflow/example_dags/example_setup_teardown.py
[2024-12-05T00:10:07.507+0000] {processor.py:914} INFO - Processing file /home/airflow/.local/lib/python3.12/site-packages/airflow/example_dags/example_setup_teardown.py for tasks to queue
[2024-12-05T00:10:07.516+0000] {logging_mixin.py:190} INFO - [2024-12-05T00:10:07.516+0000] {dagbag.py:588} INFO - Filling up the DagBag from /home/airflow/.local/lib/python3.12/site-packages/airflow/example_dags/example_setup_teardown.py
[2024-12-05T00:10:07.576+0000] {processor.py:925} INFO - DAG(s) 'example_setup_teardown' retrieved from /home/airflow/.local/lib/python3.12/site-packages/airflow/example_dags/example_setup_teardown.py
[2024-12-05T00:10:07.682+0000] {logging_mixin.py:190} INFO - [2024-12-05T00:10:07.681+0000] {dag.py:3239} INFO - Sync 1 DAGs
[2024-12-05T00:10:07.810+0000] {logging_mixin.py:190} INFO - [2024-12-05T00:10:07.809+0000] {dag.py:4180} INFO - Setting next_dagrun for example_setup_teardown to None, run_after=None
[2024-12-05T00:10:07.996+0000] {processor.py:208} INFO - Processing /home/airflow/.local/lib/python3.12/site-packages/airflow/example_dags/example_setup_teardown.py took 0.532 seconds
[2024-12-05T00:10:58.724+0000] {processor.py:186} INFO - Started process (PID=358) to work on /home/airflow/.local/lib/python3.12/site-packages/airflow/example_dags/example_setup_teardown.py
[2024-12-05T00:10:58.739+0000] {processor.py:914} INFO - Processing file /home/airflow/.local/lib/python3.12/site-packages/airflow/example_dags/example_setup_teardown.py for tasks to queue
[2024-12-05T00:10:58.758+0000] {logging_mixin.py:190} INFO - [2024-12-05T00:10:58.757+0000] {dagbag.py:588} INFO - Filling up the DagBag from /home/airflow/.local/lib/python3.12/site-packages/airflow/example_dags/example_setup_teardown.py
[2024-12-05T00:10:58.861+0000] {processor.py:925} INFO - DAG(s) 'example_setup_teardown' retrieved from /home/airflow/.local/lib/python3.12/site-packages/airflow/example_dags/example_setup_teardown.py
[2024-12-05T00:10:59.098+0000] {logging_mixin.py:190} INFO - [2024-12-05T00:10:59.097+0000] {dag.py:3239} INFO - Sync 1 DAGs
[2024-12-05T00:10:59.295+0000] {logging_mixin.py:190} INFO - [2024-12-05T00:10:59.295+0000] {dag.py:4180} INFO - Setting next_dagrun for example_setup_teardown to None, run_after=None
[2024-12-05T00:10:59.518+0000] {processor.py:208} INFO - Processing /home/airflow/.local/lib/python3.12/site-packages/airflow/example_dags/example_setup_teardown.py took 0.860 seconds
[2024-12-05T00:12:04.878+0000] {processor.py:186} INFO - Started process (PID=453) to work on /home/airflow/.local/lib/python3.12/site-packages/airflow/example_dags/example_setup_teardown.py
[2024-12-05T00:12:04.882+0000] {processor.py:914} INFO - Processing file /home/airflow/.local/lib/python3.12/site-packages/airflow/example_dags/example_setup_teardown.py for tasks to queue
[2024-12-05T00:12:04.911+0000] {logging_mixin.py:190} INFO - [2024-12-05T00:12:04.903+0000] {dagbag.py:588} INFO - Filling up the DagBag from /home/airflow/.local/lib/python3.12/site-packages/airflow/example_dags/example_setup_teardown.py
[2024-12-05T00:12:05.009+0000] {processor.py:925} INFO - DAG(s) 'example_setup_teardown' retrieved from /home/airflow/.local/lib/python3.12/site-packages/airflow/example_dags/example_setup_teardown.py
[2024-12-05T00:12:05.134+0000] {logging_mixin.py:190} INFO - [2024-12-05T00:12:05.133+0000] {dag.py:3239} INFO - Sync 1 DAGs
[2024-12-05T00:12:05.252+0000] {logging_mixin.py:190} INFO - [2024-12-05T00:12:05.251+0000] {dag.py:4180} INFO - Setting next_dagrun for example_setup_teardown to None, run_after=None
[2024-12-05T00:12:05.363+0000] {processor.py:208} INFO - Processing /home/airflow/.local/lib/python3.12/site-packages/airflow/example_dags/example_setup_teardown.py took 0.535 seconds
[2024-12-05T00:13:30.183+0000] {processor.py:186} INFO - Started process (PID=550) to work on /home/airflow/.local/lib/python3.12/site-packages/airflow/example_dags/example_setup_teardown.py
[2024-12-05T00:13:30.188+0000] {processor.py:914} INFO - Processing file /home/airflow/.local/lib/python3.12/site-packages/airflow/example_dags/example_setup_teardown.py for tasks to queue
[2024-12-05T00:13:30.198+0000] {logging_mixin.py:190} INFO - [2024-12-05T00:13:30.197+0000] {dagbag.py:588} INFO - Filling up the DagBag from /home/airflow/.local/lib/python3.12/site-packages/airflow/example_dags/example_setup_teardown.py
[2024-12-05T00:13:30.269+0000] {processor.py:925} INFO - DAG(s) 'example_setup_teardown' retrieved from /home/airflow/.local/lib/python3.12/site-packages/airflow/example_dags/example_setup_teardown.py
[2024-12-05T00:13:30.525+0000] {logging_mixin.py:190} INFO - [2024-12-05T00:13:30.524+0000] {dag.py:3239} INFO - Sync 1 DAGs
[2024-12-05T00:13:30.703+0000] {logging_mixin.py:190} INFO - [2024-12-05T00:13:30.701+0000] {dag.py:4180} INFO - Setting next_dagrun for example_setup_teardown to None, run_after=None
[2024-12-05T00:13:30.914+0000] {processor.py:208} INFO - Processing /home/airflow/.local/lib/python3.12/site-packages/airflow/example_dags/example_setup_teardown.py took 0.752 seconds
[2024-12-05T00:14:56.740+0000] {processor.py:186} INFO - Started process (PID=678) to work on /home/airflow/.local/lib/python3.12/site-packages/airflow/example_dags/example_setup_teardown.py
[2024-12-05T00:14:56.755+0000] {processor.py:914} INFO - Processing file /home/airflow/.local/lib/python3.12/site-packages/airflow/example_dags/example_setup_teardown.py for tasks to queue
[2024-12-05T00:14:56.818+0000] {logging_mixin.py:190} INFO - [2024-12-05T00:14:56.778+0000] {dagbag.py:588} INFO - Filling up the DagBag from /home/airflow/.local/lib/python3.12/site-packages/airflow/example_dags/example_setup_teardown.py
[2024-12-05T00:14:56.949+0000] {processor.py:925} INFO - DAG(s) 'example_setup_teardown' retrieved from /home/airflow/.local/lib/python3.12/site-packages/airflow/example_dags/example_setup_teardown.py
[2024-12-05T00:14:57.153+0000] {logging_mixin.py:190} INFO - [2024-12-05T00:14:57.142+0000] {dag.py:3239} INFO - Sync 1 DAGs
[2024-12-05T00:14:57.424+0000] {logging_mixin.py:190} INFO - [2024-12-05T00:14:57.423+0000] {dag.py:4180} INFO - Setting next_dagrun for example_setup_teardown to None, run_after=None
[2024-12-05T00:14:57.776+0000] {processor.py:208} INFO - Processing /home/airflow/.local/lib/python3.12/site-packages/airflow/example_dags/example_setup_teardown.py took 1.107 seconds
[2024-12-05T00:15:40.256+0000] {processor.py:186} INFO - Started process (PID=768) to work on /home/airflow/.local/lib/python3.12/site-packages/airflow/example_dags/example_setup_teardown.py
[2024-12-05T00:15:40.270+0000] {processor.py:914} INFO - Processing file /home/airflow/.local/lib/python3.12/site-packages/airflow/example_dags/example_setup_teardown.py for tasks to queue
[2024-12-05T00:15:40.287+0000] {logging_mixin.py:190} INFO - [2024-12-05T00:15:40.286+0000] {dagbag.py:588} INFO - Filling up the DagBag from /home/airflow/.local/lib/python3.12/site-packages/airflow/example_dags/example_setup_teardown.py
[2024-12-05T00:15:40.336+0000] {processor.py:925} INFO - DAG(s) 'example_setup_teardown' retrieved from /home/airflow/.local/lib/python3.12/site-packages/airflow/example_dags/example_setup_teardown.py
[2024-12-05T00:15:40.579+0000] {logging_mixin.py:190} INFO - [2024-12-05T00:15:40.578+0000] {dag.py:3239} INFO - Sync 1 DAGs
[2024-12-05T00:15:40.674+0000] {logging_mixin.py:190} INFO - [2024-12-05T00:15:40.673+0000] {dag.py:4180} INFO - Setting next_dagrun for example_setup_teardown to None, run_after=None
[2024-12-05T00:15:40.780+0000] {processor.py:208} INFO - Processing /home/airflow/.local/lib/python3.12/site-packages/airflow/example_dags/example_setup_teardown.py took 0.577 seconds
[2024-12-05T00:16:37.629+0000] {processor.py:186} INFO - Started process (PID=848) to work on /home/airflow/.local/lib/python3.12/site-packages/airflow/example_dags/example_setup_teardown.py
[2024-12-05T00:16:37.633+0000] {processor.py:914} INFO - Processing file /home/airflow/.local/lib/python3.12/site-packages/airflow/example_dags/example_setup_teardown.py for tasks to queue
[2024-12-05T00:16:37.644+0000] {logging_mixin.py:190} INFO - [2024-12-05T00:16:37.642+0000] {dagbag.py:588} INFO - Filling up the DagBag from /home/airflow/.local/lib/python3.12/site-packages/airflow/example_dags/example_setup_teardown.py
[2024-12-05T00:16:37.746+0000] {processor.py:925} INFO - DAG(s) 'example_setup_teardown' retrieved from /home/airflow/.local/lib/python3.12/site-packages/airflow/example_dags/example_setup_teardown.py
[2024-12-05T00:16:37.881+0000] {logging_mixin.py:190} INFO - [2024-12-05T00:16:37.880+0000] {dag.py:3239} INFO - Sync 1 DAGs
[2024-12-05T00:16:38.065+0000] {logging_mixin.py:190} INFO - [2024-12-05T00:16:38.064+0000] {dag.py:4180} INFO - Setting next_dagrun for example_setup_teardown to None, run_after=None
[2024-12-05T00:16:38.242+0000] {processor.py:208} INFO - Processing /home/airflow/.local/lib/python3.12/site-packages/airflow/example_dags/example_setup_teardown.py took 0.674 seconds
[2024-12-05T00:17:53.291+0000] {processor.py:186} INFO - Started process (PID=942) to work on /home/airflow/.local/lib/python3.12/site-packages/airflow/example_dags/example_setup_teardown.py
[2024-12-05T00:17:53.297+0000] {processor.py:914} INFO - Processing file /home/airflow/.local/lib/python3.12/site-packages/airflow/example_dags/example_setup_teardown.py for tasks to queue
[2024-12-05T00:17:53.312+0000] {logging_mixin.py:190} INFO - [2024-12-05T00:17:53.310+0000] {dagbag.py:588} INFO - Filling up the DagBag from /home/airflow/.local/lib/python3.12/site-packages/airflow/example_dags/example_setup_teardown.py
[2024-12-05T00:17:53.410+0000] {processor.py:925} INFO - DAG(s) 'example_setup_teardown' retrieved from /home/airflow/.local/lib/python3.12/site-packages/airflow/example_dags/example_setup_teardown.py
[2024-12-05T00:17:53.530+0000] {logging_mixin.py:190} INFO - [2024-12-05T00:17:53.529+0000] {dag.py:3239} INFO - Sync 1 DAGs
[2024-12-05T00:17:53.613+0000] {logging_mixin.py:190} INFO - [2024-12-05T00:17:53.612+0000] {dag.py:4180} INFO - Setting next_dagrun for example_setup_teardown to None, run_after=None
[2024-12-05T00:17:53.749+0000] {processor.py:208} INFO - Processing /home/airflow/.local/lib/python3.12/site-packages/airflow/example_dags/example_setup_teardown.py took 0.507 seconds
[2024-12-05T00:18:56.094+0000] {processor.py:186} INFO - Started process (PID=1022) to work on /home/airflow/.local/lib/python3.12/site-packages/airflow/example_dags/example_setup_teardown.py
[2024-12-05T00:18:56.113+0000] {processor.py:914} INFO - Processing file /home/airflow/.local/lib/python3.12/site-packages/airflow/example_dags/example_setup_teardown.py for tasks to queue
[2024-12-05T00:18:56.144+0000] {logging_mixin.py:190} INFO - [2024-12-05T00:18:56.142+0000] {dagbag.py:588} INFO - Filling up the DagBag from /home/airflow/.local/lib/python3.12/site-packages/airflow/example_dags/example_setup_teardown.py
[2024-12-05T00:18:56.222+0000] {processor.py:925} INFO - DAG(s) 'example_setup_teardown' retrieved from /home/airflow/.local/lib/python3.12/site-packages/airflow/example_dags/example_setup_teardown.py
[2024-12-05T00:18:56.438+0000] {logging_mixin.py:190} INFO - [2024-12-05T00:18:56.436+0000] {dag.py:3239} INFO - Sync 1 DAGs
[2024-12-05T00:18:56.552+0000] {logging_mixin.py:190} INFO - [2024-12-05T00:18:56.552+0000] {dag.py:4180} INFO - Setting next_dagrun for example_setup_teardown to None, run_after=None
[2024-12-05T00:18:56.648+0000] {processor.py:208} INFO - Processing /home/airflow/.local/lib/python3.12/site-packages/airflow/example_dags/example_setup_teardown.py took 0.580 seconds
[2024-12-05T00:20:15.905+0000] {processor.py:186} INFO - Started process (PID=1134) to work on /home/airflow/.local/lib/python3.12/site-packages/airflow/example_dags/example_setup_teardown.py
[2024-12-05T00:20:15.951+0000] {processor.py:914} INFO - Processing file /home/airflow/.local/lib/python3.12/site-packages/airflow/example_dags/example_setup_teardown.py for tasks to queue
[2024-12-05T00:20:16.021+0000] {logging_mixin.py:190} INFO - [2024-12-05T00:20:16.020+0000] {dagbag.py:588} INFO - Filling up the DagBag from /home/airflow/.local/lib/python3.12/site-packages/airflow/example_dags/example_setup_teardown.py
[2024-12-05T00:20:16.390+0000] {processor.py:925} INFO - DAG(s) 'example_setup_teardown' retrieved from /home/airflow/.local/lib/python3.12/site-packages/airflow/example_dags/example_setup_teardown.py
[2024-12-05T00:20:16.649+0000] {logging_mixin.py:190} INFO - [2024-12-05T00:20:16.648+0000] {dag.py:3239} INFO - Sync 1 DAGs
[2024-12-05T00:20:16.845+0000] {logging_mixin.py:190} INFO - [2024-12-05T00:20:16.845+0000] {dag.py:4180} INFO - Setting next_dagrun for example_setup_teardown to None, run_after=None
[2024-12-05T00:20:17.008+0000] {processor.py:208} INFO - Processing /home/airflow/.local/lib/python3.12/site-packages/airflow/example_dags/example_setup_teardown.py took 1.174 seconds
[2024-12-05T00:21:13.275+0000] {processor.py:186} INFO - Started process (PID=1216) to work on /home/airflow/.local/lib/python3.12/site-packages/airflow/example_dags/example_setup_teardown.py
[2024-12-05T00:21:13.327+0000] {processor.py:914} INFO - Processing file /home/airflow/.local/lib/python3.12/site-packages/airflow/example_dags/example_setup_teardown.py for tasks to queue
[2024-12-05T00:21:13.348+0000] {logging_mixin.py:190} INFO - [2024-12-05T00:21:13.347+0000] {dagbag.py:588} INFO - Filling up the DagBag from /home/airflow/.local/lib/python3.12/site-packages/airflow/example_dags/example_setup_teardown.py
[2024-12-05T00:21:13.448+0000] {processor.py:925} INFO - DAG(s) 'example_setup_teardown' retrieved from /home/airflow/.local/lib/python3.12/site-packages/airflow/example_dags/example_setup_teardown.py
[2024-12-05T00:21:13.562+0000] {logging_mixin.py:190} INFO - [2024-12-05T00:21:13.561+0000] {dag.py:3239} INFO - Sync 1 DAGs
[2024-12-05T00:21:13.774+0000] {logging_mixin.py:190} INFO - [2024-12-05T00:21:13.773+0000] {dag.py:4180} INFO - Setting next_dagrun for example_setup_teardown to None, run_after=None
[2024-12-05T00:21:14.233+0000] {processor.py:208} INFO - Processing /home/airflow/.local/lib/python3.12/site-packages/airflow/example_dags/example_setup_teardown.py took 1.017 seconds
[2024-12-05T00:22:34.254+0000] {processor.py:186} INFO - Started process (PID=1334) to work on /home/airflow/.local/lib/python3.12/site-packages/airflow/example_dags/example_setup_teardown.py
[2024-12-05T00:22:34.269+0000] {processor.py:914} INFO - Processing file /home/airflow/.local/lib/python3.12/site-packages/airflow/example_dags/example_setup_teardown.py for tasks to queue
[2024-12-05T00:22:34.278+0000] {logging_mixin.py:190} INFO - [2024-12-05T00:22:34.277+0000] {dagbag.py:588} INFO - Filling up the DagBag from /home/airflow/.local/lib/python3.12/site-packages/airflow/example_dags/example_setup_teardown.py
[2024-12-05T00:22:34.355+0000] {processor.py:925} INFO - DAG(s) 'example_setup_teardown' retrieved from /home/airflow/.local/lib/python3.12/site-packages/airflow/example_dags/example_setup_teardown.py
[2024-12-05T00:22:34.449+0000] {logging_mixin.py:190} INFO - [2024-12-05T00:22:34.448+0000] {dag.py:3239} INFO - Sync 1 DAGs
[2024-12-05T00:22:34.608+0000] {logging_mixin.py:190} INFO - [2024-12-05T00:22:34.607+0000] {dag.py:4180} INFO - Setting next_dagrun for example_setup_teardown to None, run_after=None
[2024-12-05T00:22:34.719+0000] {processor.py:208} INFO - Processing /home/airflow/.local/lib/python3.12/site-packages/airflow/example_dags/example_setup_teardown.py took 0.490 seconds
[2024-12-05T00:23:53.329+0000] {processor.py:186} INFO - Started process (PID=1428) to work on /home/airflow/.local/lib/python3.12/site-packages/airflow/example_dags/example_setup_teardown.py
[2024-12-05T00:23:53.423+0000] {processor.py:914} INFO - Processing file /home/airflow/.local/lib/python3.12/site-packages/airflow/example_dags/example_setup_teardown.py for tasks to queue
[2024-12-05T00:23:53.474+0000] {logging_mixin.py:190} INFO - [2024-12-05T00:23:53.473+0000] {dagbag.py:588} INFO - Filling up the DagBag from /home/airflow/.local/lib/python3.12/site-packages/airflow/example_dags/example_setup_teardown.py
[2024-12-05T00:23:53.605+0000] {processor.py:925} INFO - DAG(s) 'example_setup_teardown' retrieved from /home/airflow/.local/lib/python3.12/site-packages/airflow/example_dags/example_setup_teardown.py
[2024-12-05T00:23:53.851+0000] {logging_mixin.py:190} INFO - [2024-12-05T00:23:53.851+0000] {dag.py:3239} INFO - Sync 1 DAGs
[2024-12-05T00:23:54.091+0000] {logging_mixin.py:190} INFO - [2024-12-05T00:23:54.091+0000] {dag.py:4180} INFO - Setting next_dagrun for example_setup_teardown to None, run_after=None
[2024-12-05T00:23:54.356+0000] {processor.py:208} INFO - Processing /home/airflow/.local/lib/python3.12/site-packages/airflow/example_dags/example_setup_teardown.py took 1.080 seconds
