[2024-12-05T00:00:21.744+0000] {processor.py:186} INFO - Started process (PID=370) to work on /home/airflow/.local/lib/python3.12/site-packages/airflow/example_dags/example_nested_branch_dag.py
[2024-12-05T00:00:21.758+0000] {processor.py:914} INFO - Processing file /home/airflow/.local/lib/python3.12/site-packages/airflow/example_dags/example_nested_branch_dag.py for tasks to queue
[2024-12-05T00:00:21.771+0000] {logging_mixin.py:190} INFO - [2024-12-05T00:00:21.770+0000] {dagbag.py:588} INFO - Filling up the DagBag from /home/airflow/.local/lib/python3.12/site-packages/airflow/example_dags/example_nested_branch_dag.py
[2024-12-05T00:00:22.026+0000] {processor.py:925} INFO - DAG(s) 'example_nested_branch_dag' retrieved from /home/airflow/.local/lib/python3.12/site-packages/airflow/example_dags/example_nested_branch_dag.py
[2024-12-05T00:00:22.200+0000] {logging_mixin.py:190} INFO - [2024-12-05T00:00:22.199+0000] {dag.py:3239} INFO - Sync 1 DAGs
[2024-12-05T00:00:22.509+0000] {logging_mixin.py:190} INFO - [2024-12-05T00:00:22.495+0000] {dag.py:4180} INFO - Setting next_dagrun for example_nested_branch_dag to 2024-12-04 00:00:00+00:00, run_after=2024-12-05 00:00:00+00:00
[2024-12-05T00:00:22.687+0000] {processor.py:208} INFO - Processing /home/airflow/.local/lib/python3.12/site-packages/airflow/example_dags/example_nested_branch_dag.py took 0.993 seconds
[2024-12-05T00:10:06.087+0000] {processor.py:186} INFO - Started process (PID=262) to work on /home/airflow/.local/lib/python3.12/site-packages/airflow/example_dags/example_nested_branch_dag.py
[2024-12-05T00:10:06.095+0000] {processor.py:914} INFO - Processing file /home/airflow/.local/lib/python3.12/site-packages/airflow/example_dags/example_nested_branch_dag.py for tasks to queue
[2024-12-05T00:10:06.107+0000] {logging_mixin.py:190} INFO - [2024-12-05T00:10:06.107+0000] {dagbag.py:588} INFO - Filling up the DagBag from /home/airflow/.local/lib/python3.12/site-packages/airflow/example_dags/example_nested_branch_dag.py
[2024-12-05T00:10:06.165+0000] {processor.py:925} INFO - DAG(s) 'example_nested_branch_dag' retrieved from /home/airflow/.local/lib/python3.12/site-packages/airflow/example_dags/example_nested_branch_dag.py
[2024-12-05T00:10:06.401+0000] {logging_mixin.py:190} INFO - [2024-12-05T00:10:06.401+0000] {dag.py:3239} INFO - Sync 1 DAGs
[2024-12-05T00:10:06.534+0000] {logging_mixin.py:190} INFO - [2024-12-05T00:10:06.533+0000] {dag.py:4180} INFO - Setting next_dagrun for example_nested_branch_dag to 2024-12-04 00:00:00+00:00, run_after=2024-12-05 00:00:00+00:00
[2024-12-05T00:10:06.617+0000] {processor.py:208} INFO - Processing /home/airflow/.local/lib/python3.12/site-packages/airflow/example_dags/example_nested_branch_dag.py took 0.559 seconds
[2024-12-05T00:10:56.401+0000] {processor.py:186} INFO - Started process (PID=348) to work on /home/airflow/.local/lib/python3.12/site-packages/airflow/example_dags/example_nested_branch_dag.py
[2024-12-05T00:10:56.419+0000] {processor.py:914} INFO - Processing file /home/airflow/.local/lib/python3.12/site-packages/airflow/example_dags/example_nested_branch_dag.py for tasks to queue
[2024-12-05T00:10:56.536+0000] {logging_mixin.py:190} INFO - [2024-12-05T00:10:56.494+0000] {dagbag.py:588} INFO - Filling up the DagBag from /home/airflow/.local/lib/python3.12/site-packages/airflow/example_dags/example_nested_branch_dag.py
[2024-12-05T00:10:56.858+0000] {processor.py:925} INFO - DAG(s) 'example_nested_branch_dag' retrieved from /home/airflow/.local/lib/python3.12/site-packages/airflow/example_dags/example_nested_branch_dag.py
[2024-12-05T00:10:57.294+0000] {logging_mixin.py:190} INFO - [2024-12-05T00:10:57.293+0000] {dag.py:3239} INFO - Sync 1 DAGs
[2024-12-05T00:10:57.654+0000] {logging_mixin.py:190} INFO - [2024-12-05T00:10:57.654+0000] {dag.py:4180} INFO - Setting next_dagrun for example_nested_branch_dag to 2024-12-04 00:00:00+00:00, run_after=2024-12-05 00:00:00+00:00
[2024-12-05T00:10:57.916+0000] {processor.py:208} INFO - Processing /home/airflow/.local/lib/python3.12/site-packages/airflow/example_dags/example_nested_branch_dag.py took 1.599 seconds
[2024-12-05T00:12:03.713+0000] {processor.py:186} INFO - Started process (PID=451) to work on /home/airflow/.local/lib/python3.12/site-packages/airflow/example_dags/example_nested_branch_dag.py
[2024-12-05T00:12:03.725+0000] {processor.py:914} INFO - Processing file /home/airflow/.local/lib/python3.12/site-packages/airflow/example_dags/example_nested_branch_dag.py for tasks to queue
[2024-12-05T00:12:03.749+0000] {logging_mixin.py:190} INFO - [2024-12-05T00:12:03.748+0000] {dagbag.py:588} INFO - Filling up the DagBag from /home/airflow/.local/lib/python3.12/site-packages/airflow/example_dags/example_nested_branch_dag.py
[2024-12-05T00:12:03.865+0000] {processor.py:925} INFO - DAG(s) 'example_nested_branch_dag' retrieved from /home/airflow/.local/lib/python3.12/site-packages/airflow/example_dags/example_nested_branch_dag.py
[2024-12-05T00:12:04.095+0000] {logging_mixin.py:190} INFO - [2024-12-05T00:12:04.094+0000] {dag.py:3239} INFO - Sync 1 DAGs
[2024-12-05T00:12:04.483+0000] {logging_mixin.py:190} INFO - [2024-12-05T00:12:04.483+0000] {dag.py:4180} INFO - Setting next_dagrun for example_nested_branch_dag to 2024-12-04 00:00:00+00:00, run_after=2024-12-05 00:00:00+00:00
[2024-12-05T00:12:04.698+0000] {processor.py:208} INFO - Processing /home/airflow/.local/lib/python3.12/site-packages/airflow/example_dags/example_nested_branch_dag.py took 1.017 seconds
[2024-12-05T00:13:29.191+0000] {processor.py:186} INFO - Started process (PID=548) to work on /home/airflow/.local/lib/python3.12/site-packages/airflow/example_dags/example_nested_branch_dag.py
[2024-12-05T00:13:29.233+0000] {processor.py:914} INFO - Processing file /home/airflow/.local/lib/python3.12/site-packages/airflow/example_dags/example_nested_branch_dag.py for tasks to queue
[2024-12-05T00:13:29.263+0000] {logging_mixin.py:190} INFO - [2024-12-05T00:13:29.263+0000] {dagbag.py:588} INFO - Filling up the DagBag from /home/airflow/.local/lib/python3.12/site-packages/airflow/example_dags/example_nested_branch_dag.py
[2024-12-05T00:13:29.414+0000] {processor.py:925} INFO - DAG(s) 'example_nested_branch_dag' retrieved from /home/airflow/.local/lib/python3.12/site-packages/airflow/example_dags/example_nested_branch_dag.py
[2024-12-05T00:13:29.667+0000] {logging_mixin.py:190} INFO - [2024-12-05T00:13:29.666+0000] {dag.py:3239} INFO - Sync 1 DAGs
[2024-12-05T00:13:29.796+0000] {logging_mixin.py:190} INFO - [2024-12-05T00:13:29.795+0000] {dag.py:4180} INFO - Setting next_dagrun for example_nested_branch_dag to 2024-12-04 00:00:00+00:00, run_after=2024-12-05 00:00:00+00:00
[2024-12-05T00:13:29.954+0000] {processor.py:208} INFO - Processing /home/airflow/.local/lib/python3.12/site-packages/airflow/example_dags/example_nested_branch_dag.py took 0.825 seconds
[2024-12-05T00:14:30.041+0000] {processor.py:186} INFO - Started process (PID=637) to work on /home/airflow/.local/lib/python3.12/site-packages/airflow/example_dags/example_nested_branch_dag.py
[2024-12-05T00:14:30.046+0000] {processor.py:914} INFO - Processing file /home/airflow/.local/lib/python3.12/site-packages/airflow/example_dags/example_nested_branch_dag.py for tasks to queue
[2024-12-05T00:14:30.059+0000] {logging_mixin.py:190} INFO - [2024-12-05T00:14:30.058+0000] {dagbag.py:588} INFO - Filling up the DagBag from /home/airflow/.local/lib/python3.12/site-packages/airflow/example_dags/example_nested_branch_dag.py
[2024-12-05T00:14:30.135+0000] {processor.py:925} INFO - DAG(s) 'example_nested_branch_dag' retrieved from /home/airflow/.local/lib/python3.12/site-packages/airflow/example_dags/example_nested_branch_dag.py
[2024-12-05T00:14:30.285+0000] {logging_mixin.py:190} INFO - [2024-12-05T00:14:30.284+0000] {dag.py:3239} INFO - Sync 1 DAGs
[2024-12-05T00:14:30.537+0000] {logging_mixin.py:190} INFO - [2024-12-05T00:14:30.536+0000] {dag.py:4180} INFO - Setting next_dagrun for example_nested_branch_dag to 2024-12-04 00:00:00+00:00, run_after=2024-12-05 00:00:00+00:00
[2024-12-05T00:14:30.729+0000] {processor.py:208} INFO - Processing /home/airflow/.local/lib/python3.12/site-packages/airflow/example_dags/example_nested_branch_dag.py took 0.705 seconds
[2024-12-05T00:15:22.514+0000] {processor.py:186} INFO - Started process (PID=732) to work on /home/airflow/.local/lib/python3.12/site-packages/airflow/example_dags/example_nested_branch_dag.py
[2024-12-05T00:15:22.519+0000] {processor.py:914} INFO - Processing file /home/airflow/.local/lib/python3.12/site-packages/airflow/example_dags/example_nested_branch_dag.py for tasks to queue
[2024-12-05T00:15:22.531+0000] {logging_mixin.py:190} INFO - [2024-12-05T00:15:22.530+0000] {dagbag.py:588} INFO - Filling up the DagBag from /home/airflow/.local/lib/python3.12/site-packages/airflow/example_dags/example_nested_branch_dag.py
[2024-12-05T00:15:22.642+0000] {processor.py:925} INFO - DAG(s) 'example_nested_branch_dag' retrieved from /home/airflow/.local/lib/python3.12/site-packages/airflow/example_dags/example_nested_branch_dag.py
[2024-12-05T00:15:22.837+0000] {logging_mixin.py:190} INFO - [2024-12-05T00:15:22.836+0000] {dag.py:3239} INFO - Sync 1 DAGs
[2024-12-05T00:15:23.140+0000] {logging_mixin.py:190} INFO - [2024-12-05T00:15:23.140+0000] {dag.py:4180} INFO - Setting next_dagrun for example_nested_branch_dag to 2024-12-04 00:00:00+00:00, run_after=2024-12-05 00:00:00+00:00
[2024-12-05T00:15:23.256+0000] {processor.py:208} INFO - Processing /home/airflow/.local/lib/python3.12/site-packages/airflow/example_dags/example_nested_branch_dag.py took 0.765 seconds
[2024-12-05T00:16:36.265+0000] {processor.py:186} INFO - Started process (PID=846) to work on /home/airflow/.local/lib/python3.12/site-packages/airflow/example_dags/example_nested_branch_dag.py
[2024-12-05T00:16:36.274+0000] {processor.py:914} INFO - Processing file /home/airflow/.local/lib/python3.12/site-packages/airflow/example_dags/example_nested_branch_dag.py for tasks to queue
[2024-12-05T00:16:36.320+0000] {logging_mixin.py:190} INFO - [2024-12-05T00:16:36.319+0000] {dagbag.py:588} INFO - Filling up the DagBag from /home/airflow/.local/lib/python3.12/site-packages/airflow/example_dags/example_nested_branch_dag.py
[2024-12-05T00:16:36.488+0000] {processor.py:925} INFO - DAG(s) 'example_nested_branch_dag' retrieved from /home/airflow/.local/lib/python3.12/site-packages/airflow/example_dags/example_nested_branch_dag.py
[2024-12-05T00:16:36.704+0000] {logging_mixin.py:190} INFO - [2024-12-05T00:16:36.696+0000] {dag.py:3239} INFO - Sync 1 DAGs
[2024-12-05T00:16:37.115+0000] {logging_mixin.py:190} INFO - [2024-12-05T00:16:37.115+0000] {dag.py:4180} INFO - Setting next_dagrun for example_nested_branch_dag to 2024-12-04 00:00:00+00:00, run_after=2024-12-05 00:00:00+00:00
[2024-12-05T00:16:37.267+0000] {processor.py:208} INFO - Processing /home/airflow/.local/lib/python3.12/site-packages/airflow/example_dags/example_nested_branch_dag.py took 1.072 seconds
[2024-12-05T00:17:51.246+0000] {processor.py:186} INFO - Started process (PID=940) to work on /home/airflow/.local/lib/python3.12/site-packages/airflow/example_dags/example_nested_branch_dag.py
[2024-12-05T00:17:51.277+0000] {processor.py:914} INFO - Processing file /home/airflow/.local/lib/python3.12/site-packages/airflow/example_dags/example_nested_branch_dag.py for tasks to queue
[2024-12-05T00:17:51.286+0000] {logging_mixin.py:190} INFO - [2024-12-05T00:17:51.285+0000] {dagbag.py:588} INFO - Filling up the DagBag from /home/airflow/.local/lib/python3.12/site-packages/airflow/example_dags/example_nested_branch_dag.py
[2024-12-05T00:17:51.480+0000] {processor.py:925} INFO - DAG(s) 'example_nested_branch_dag' retrieved from /home/airflow/.local/lib/python3.12/site-packages/airflow/example_dags/example_nested_branch_dag.py
[2024-12-05T00:17:51.807+0000] {logging_mixin.py:190} INFO - [2024-12-05T00:17:51.804+0000] {dag.py:3239} INFO - Sync 1 DAGs
[2024-12-05T00:17:52.259+0000] {logging_mixin.py:190} INFO - [2024-12-05T00:17:52.257+0000] {dag.py:4180} INFO - Setting next_dagrun for example_nested_branch_dag to 2024-12-04 00:00:00+00:00, run_after=2024-12-05 00:00:00+00:00
[2024-12-05T00:17:52.513+0000] {processor.py:208} INFO - Processing /home/airflow/.local/lib/python3.12/site-packages/airflow/example_dags/example_nested_branch_dag.py took 1.358 seconds
[2024-12-05T00:18:55.004+0000] {processor.py:186} INFO - Started process (PID=1020) to work on /home/airflow/.local/lib/python3.12/site-packages/airflow/example_dags/example_nested_branch_dag.py
[2024-12-05T00:18:55.008+0000] {processor.py:914} INFO - Processing file /home/airflow/.local/lib/python3.12/site-packages/airflow/example_dags/example_nested_branch_dag.py for tasks to queue
[2024-12-05T00:18:55.024+0000] {logging_mixin.py:190} INFO - [2024-12-05T00:18:55.023+0000] {dagbag.py:588} INFO - Filling up the DagBag from /home/airflow/.local/lib/python3.12/site-packages/airflow/example_dags/example_nested_branch_dag.py
[2024-12-05T00:18:55.109+0000] {processor.py:925} INFO - DAG(s) 'example_nested_branch_dag' retrieved from /home/airflow/.local/lib/python3.12/site-packages/airflow/example_dags/example_nested_branch_dag.py
[2024-12-05T00:18:55.243+0000] {logging_mixin.py:190} INFO - [2024-12-05T00:18:55.242+0000] {dag.py:3239} INFO - Sync 1 DAGs
[2024-12-05T00:18:55.509+0000] {logging_mixin.py:190} INFO - [2024-12-05T00:18:55.507+0000] {dag.py:4180} INFO - Setting next_dagrun for example_nested_branch_dag to 2024-12-04 00:00:00+00:00, run_after=2024-12-05 00:00:00+00:00
[2024-12-05T00:18:55.761+0000] {processor.py:208} INFO - Processing /home/airflow/.local/lib/python3.12/site-packages/airflow/example_dags/example_nested_branch_dag.py took 0.820 seconds
[2024-12-05T00:20:14.963+0000] {processor.py:186} INFO - Started process (PID=1132) to work on /home/airflow/.local/lib/python3.12/site-packages/airflow/example_dags/example_nested_branch_dag.py
[2024-12-05T00:20:14.970+0000] {processor.py:914} INFO - Processing file /home/airflow/.local/lib/python3.12/site-packages/airflow/example_dags/example_nested_branch_dag.py for tasks to queue
[2024-12-05T00:20:14.980+0000] {logging_mixin.py:190} INFO - [2024-12-05T00:20:14.980+0000] {dagbag.py:588} INFO - Filling up the DagBag from /home/airflow/.local/lib/python3.12/site-packages/airflow/example_dags/example_nested_branch_dag.py
[2024-12-05T00:20:15.077+0000] {processor.py:925} INFO - DAG(s) 'example_nested_branch_dag' retrieved from /home/airflow/.local/lib/python3.12/site-packages/airflow/example_dags/example_nested_branch_dag.py
[2024-12-05T00:20:15.181+0000] {logging_mixin.py:190} INFO - [2024-12-05T00:20:15.180+0000] {dag.py:3239} INFO - Sync 1 DAGs
[2024-12-05T00:20:15.414+0000] {logging_mixin.py:190} INFO - [2024-12-05T00:20:15.413+0000] {dag.py:4180} INFO - Setting next_dagrun for example_nested_branch_dag to 2024-12-04 00:00:00+00:00, run_after=2024-12-05 00:00:00+00:00
[2024-12-05T00:20:15.654+0000] {processor.py:208} INFO - Processing /home/airflow/.local/lib/python3.12/site-packages/airflow/example_dags/example_nested_branch_dag.py took 0.714 seconds
[2024-12-05T00:21:11.075+0000] {processor.py:186} INFO - Started process (PID=1214) to work on /home/airflow/.local/lib/python3.12/site-packages/airflow/example_dags/example_nested_branch_dag.py
[2024-12-05T00:21:11.085+0000] {processor.py:914} INFO - Processing file /home/airflow/.local/lib/python3.12/site-packages/airflow/example_dags/example_nested_branch_dag.py for tasks to queue
[2024-12-05T00:21:11.099+0000] {logging_mixin.py:190} INFO - [2024-12-05T00:21:11.099+0000] {dagbag.py:588} INFO - Filling up the DagBag from /home/airflow/.local/lib/python3.12/site-packages/airflow/example_dags/example_nested_branch_dag.py
[2024-12-05T00:21:11.232+0000] {processor.py:925} INFO - DAG(s) 'example_nested_branch_dag' retrieved from /home/airflow/.local/lib/python3.12/site-packages/airflow/example_dags/example_nested_branch_dag.py
[2024-12-05T00:21:11.621+0000] {logging_mixin.py:190} INFO - [2024-12-05T00:21:11.620+0000] {dag.py:3239} INFO - Sync 1 DAGs
[2024-12-05T00:21:12.162+0000] {logging_mixin.py:190} INFO - [2024-12-05T00:21:12.162+0000] {dag.py:4180} INFO - Setting next_dagrun for example_nested_branch_dag to 2024-12-04 00:00:00+00:00, run_after=2024-12-05 00:00:00+00:00
[2024-12-05T00:21:12.635+0000] {processor.py:208} INFO - Processing /home/airflow/.local/lib/python3.12/site-packages/airflow/example_dags/example_nested_branch_dag.py took 1.582 seconds
[2024-12-05T00:22:32.323+0000] {processor.py:186} INFO - Started process (PID=1332) to work on /home/airflow/.local/lib/python3.12/site-packages/airflow/example_dags/example_nested_branch_dag.py
[2024-12-05T00:22:32.354+0000] {processor.py:914} INFO - Processing file /home/airflow/.local/lib/python3.12/site-packages/airflow/example_dags/example_nested_branch_dag.py for tasks to queue
[2024-12-05T00:22:32.392+0000] {logging_mixin.py:190} INFO - [2024-12-05T00:22:32.391+0000] {dagbag.py:588} INFO - Filling up the DagBag from /home/airflow/.local/lib/python3.12/site-packages/airflow/example_dags/example_nested_branch_dag.py
[2024-12-05T00:22:32.536+0000] {processor.py:925} INFO - DAG(s) 'example_nested_branch_dag' retrieved from /home/airflow/.local/lib/python3.12/site-packages/airflow/example_dags/example_nested_branch_dag.py
[2024-12-05T00:22:33.052+0000] {logging_mixin.py:190} INFO - [2024-12-05T00:22:33.051+0000] {dag.py:3239} INFO - Sync 1 DAGs
[2024-12-05T00:22:33.732+0000] {logging_mixin.py:190} INFO - [2024-12-05T00:22:33.727+0000] {dag.py:4180} INFO - Setting next_dagrun for example_nested_branch_dag to 2024-12-04 00:00:00+00:00, run_after=2024-12-05 00:00:00+00:00
[2024-12-05T00:22:33.996+0000] {processor.py:208} INFO - Processing /home/airflow/.local/lib/python3.12/site-packages/airflow/example_dags/example_nested_branch_dag.py took 1.817 seconds
[2024-12-05T00:23:49.974+0000] {processor.py:186} INFO - Started process (PID=1426) to work on /home/airflow/.local/lib/python3.12/site-packages/airflow/example_dags/example_nested_branch_dag.py
[2024-12-05T00:23:50.012+0000] {processor.py:914} INFO - Processing file /home/airflow/.local/lib/python3.12/site-packages/airflow/example_dags/example_nested_branch_dag.py for tasks to queue
[2024-12-05T00:23:50.111+0000] {logging_mixin.py:190} INFO - [2024-12-05T00:23:50.101+0000] {dagbag.py:588} INFO - Filling up the DagBag from /home/airflow/.local/lib/python3.12/site-packages/airflow/example_dags/example_nested_branch_dag.py
[2024-12-05T00:23:50.240+0000] {processor.py:925} INFO - DAG(s) 'example_nested_branch_dag' retrieved from /home/airflow/.local/lib/python3.12/site-packages/airflow/example_dags/example_nested_branch_dag.py
[2024-12-05T00:23:50.678+0000] {logging_mixin.py:190} INFO - [2024-12-05T00:23:50.659+0000] {dag.py:3239} INFO - Sync 1 DAGs
[2024-12-05T00:23:51.268+0000] {logging_mixin.py:190} INFO - [2024-12-05T00:23:51.267+0000] {dag.py:4180} INFO - Setting next_dagrun for example_nested_branch_dag to 2024-12-04 00:00:00+00:00, run_after=2024-12-05 00:00:00+00:00
[2024-12-05T00:23:51.891+0000] {processor.py:208} INFO - Processing /home/airflow/.local/lib/python3.12/site-packages/airflow/example_dags/example_nested_branch_dag.py took 2.006 seconds
