[2024-12-05T00:00:10.100+0000] {processor.py:186} INFO - Started process (PID=352) to work on /home/airflow/.local/lib/python3.12/site-packages/airflow/example_dags/example_sensor_decorator.py
[2024-12-05T00:00:10.137+0000] {processor.py:914} INFO - Processing file /home/airflow/.local/lib/python3.12/site-packages/airflow/example_dags/example_sensor_decorator.py for tasks to queue
[2024-12-05T00:00:10.152+0000] {logging_mixin.py:190} INFO - [2024-12-05T00:00:10.148+0000] {dagbag.py:588} INFO - Filling up the DagBag from /home/airflow/.local/lib/python3.12/site-packages/airflow/example_dags/example_sensor_decorator.py
[2024-12-05T00:00:10.220+0000] {processor.py:925} INFO - DAG(s) 'example_sensor_decorator' retrieved from /home/airflow/.local/lib/python3.12/site-packages/airflow/example_dags/example_sensor_decorator.py
[2024-12-05T00:00:10.393+0000] {logging_mixin.py:190} INFO - [2024-12-05T00:00:10.392+0000] {dag.py:3239} INFO - Sync 1 DAGs
[2024-12-05T00:00:10.509+0000] {logging_mixin.py:190} INFO - [2024-12-05T00:00:10.509+0000] {dag.py:4180} INFO - Setting next_dagrun for example_sensor_decorator to None, run_after=None
[2024-12-05T00:00:10.658+0000] {processor.py:208} INFO - Processing /home/airflow/.local/lib/python3.12/site-packages/airflow/example_dags/example_sensor_decorator.py took 0.600 seconds
[2024-12-05T00:10:00.507+0000] {processor.py:186} INFO - Started process (PID=250) to work on /home/airflow/.local/lib/python3.12/site-packages/airflow/example_dags/example_sensor_decorator.py
[2024-12-05T00:10:00.512+0000] {processor.py:914} INFO - Processing file /home/airflow/.local/lib/python3.12/site-packages/airflow/example_dags/example_sensor_decorator.py for tasks to queue
[2024-12-05T00:10:00.533+0000] {logging_mixin.py:190} INFO - [2024-12-05T00:10:00.532+0000] {dagbag.py:588} INFO - Filling up the DagBag from /home/airflow/.local/lib/python3.12/site-packages/airflow/example_dags/example_sensor_decorator.py
[2024-12-05T00:10:00.593+0000] {processor.py:925} INFO - DAG(s) 'example_sensor_decorator' retrieved from /home/airflow/.local/lib/python3.12/site-packages/airflow/example_dags/example_sensor_decorator.py
[2024-12-05T00:10:00.870+0000] {logging_mixin.py:190} INFO - [2024-12-05T00:10:00.869+0000] {dag.py:3239} INFO - Sync 1 DAGs
[2024-12-05T00:10:00.994+0000] {logging_mixin.py:190} INFO - [2024-12-05T00:10:00.993+0000] {dag.py:4180} INFO - Setting next_dagrun for example_sensor_decorator to None, run_after=None
[2024-12-05T00:10:01.130+0000] {processor.py:208} INFO - Processing /home/airflow/.local/lib/python3.12/site-packages/airflow/example_dags/example_sensor_decorator.py took 0.668 seconds
[2024-12-05T00:10:46.371+0000] {processor.py:186} INFO - Started process (PID=321) to work on /home/airflow/.local/lib/python3.12/site-packages/airflow/example_dags/example_sensor_decorator.py
[2024-12-05T00:10:46.377+0000] {processor.py:914} INFO - Processing file /home/airflow/.local/lib/python3.12/site-packages/airflow/example_dags/example_sensor_decorator.py for tasks to queue
[2024-12-05T00:10:46.383+0000] {logging_mixin.py:190} INFO - [2024-12-05T00:10:46.383+0000] {dagbag.py:588} INFO - Filling up the DagBag from /home/airflow/.local/lib/python3.12/site-packages/airflow/example_dags/example_sensor_decorator.py
[2024-12-05T00:10:46.417+0000] {processor.py:925} INFO - DAG(s) 'example_sensor_decorator' retrieved from /home/airflow/.local/lib/python3.12/site-packages/airflow/example_dags/example_sensor_decorator.py
[2024-12-05T00:10:46.559+0000] {logging_mixin.py:190} INFO - [2024-12-05T00:10:46.555+0000] {dag.py:3239} INFO - Sync 1 DAGs
[2024-12-05T00:10:46.674+0000] {logging_mixin.py:190} INFO - [2024-12-05T00:10:46.673+0000] {dag.py:4180} INFO - Setting next_dagrun for example_sensor_decorator to None, run_after=None
[2024-12-05T00:10:46.814+0000] {processor.py:208} INFO - Processing /home/airflow/.local/lib/python3.12/site-packages/airflow/example_dags/example_sensor_decorator.py took 0.471 seconds
[2024-12-05T00:11:45.552+0000] {processor.py:186} INFO - Started process (PID=415) to work on /home/airflow/.local/lib/python3.12/site-packages/airflow/example_dags/example_sensor_decorator.py
[2024-12-05T00:11:45.554+0000] {processor.py:914} INFO - Processing file /home/airflow/.local/lib/python3.12/site-packages/airflow/example_dags/example_sensor_decorator.py for tasks to queue
[2024-12-05T00:11:45.574+0000] {logging_mixin.py:190} INFO - [2024-12-05T00:11:45.574+0000] {dagbag.py:588} INFO - Filling up the DagBag from /home/airflow/.local/lib/python3.12/site-packages/airflow/example_dags/example_sensor_decorator.py
[2024-12-05T00:11:45.632+0000] {processor.py:925} INFO - DAG(s) 'example_sensor_decorator' retrieved from /home/airflow/.local/lib/python3.12/site-packages/airflow/example_dags/example_sensor_decorator.py
[2024-12-05T00:11:45.735+0000] {logging_mixin.py:190} INFO - [2024-12-05T00:11:45.734+0000] {dag.py:3239} INFO - Sync 1 DAGs
[2024-12-05T00:11:45.829+0000] {logging_mixin.py:190} INFO - [2024-12-05T00:11:45.829+0000] {dag.py:4180} INFO - Setting next_dagrun for example_sensor_decorator to None, run_after=None
[2024-12-05T00:11:45.943+0000] {processor.py:208} INFO - Processing /home/airflow/.local/lib/python3.12/site-packages/airflow/example_dags/example_sensor_decorator.py took 0.418 seconds
[2024-12-05T00:12:52.952+0000] {processor.py:186} INFO - Started process (PID=506) to work on /home/airflow/.local/lib/python3.12/site-packages/airflow/example_dags/example_sensor_decorator.py
[2024-12-05T00:12:52.963+0000] {processor.py:914} INFO - Processing file /home/airflow/.local/lib/python3.12/site-packages/airflow/example_dags/example_sensor_decorator.py for tasks to queue
[2024-12-05T00:12:52.993+0000] {logging_mixin.py:190} INFO - [2024-12-05T00:12:52.993+0000] {dagbag.py:588} INFO - Filling up the DagBag from /home/airflow/.local/lib/python3.12/site-packages/airflow/example_dags/example_sensor_decorator.py
[2024-12-05T00:12:53.053+0000] {processor.py:925} INFO - DAG(s) 'example_sensor_decorator' retrieved from /home/airflow/.local/lib/python3.12/site-packages/airflow/example_dags/example_sensor_decorator.py
[2024-12-05T00:12:53.159+0000] {logging_mixin.py:190} INFO - [2024-12-05T00:12:53.157+0000] {dag.py:3239} INFO - Sync 1 DAGs
[2024-12-05T00:12:53.383+0000] {logging_mixin.py:190} INFO - [2024-12-05T00:12:53.382+0000] {dag.py:4180} INFO - Setting next_dagrun for example_sensor_decorator to None, run_after=None
[2024-12-05T00:12:53.571+0000] {processor.py:208} INFO - Processing /home/airflow/.local/lib/python3.12/site-packages/airflow/example_dags/example_sensor_decorator.py took 0.710 seconds
[2024-12-05T00:13:53.520+0000] {processor.py:186} INFO - Started process (PID=593) to work on /home/airflow/.local/lib/python3.12/site-packages/airflow/example_dags/example_sensor_decorator.py
[2024-12-05T00:13:53.552+0000] {processor.py:914} INFO - Processing file /home/airflow/.local/lib/python3.12/site-packages/airflow/example_dags/example_sensor_decorator.py for tasks to queue
[2024-12-05T00:13:53.575+0000] {logging_mixin.py:190} INFO - [2024-12-05T00:13:53.574+0000] {dagbag.py:588} INFO - Filling up the DagBag from /home/airflow/.local/lib/python3.12/site-packages/airflow/example_dags/example_sensor_decorator.py
[2024-12-05T00:13:53.643+0000] {processor.py:925} INFO - DAG(s) 'example_sensor_decorator' retrieved from /home/airflow/.local/lib/python3.12/site-packages/airflow/example_dags/example_sensor_decorator.py
[2024-12-05T00:13:53.863+0000] {logging_mixin.py:190} INFO - [2024-12-05T00:13:53.854+0000] {dag.py:3239} INFO - Sync 1 DAGs
[2024-12-05T00:13:54.006+0000] {logging_mixin.py:190} INFO - [2024-12-05T00:13:54.005+0000] {dag.py:4180} INFO - Setting next_dagrun for example_sensor_decorator to None, run_after=None
[2024-12-05T00:13:54.175+0000] {processor.py:208} INFO - Processing /home/airflow/.local/lib/python3.12/site-packages/airflow/example_dags/example_sensor_decorator.py took 0.792 seconds
[2024-12-05T00:14:49.493+0000] {processor.py:186} INFO - Started process (PID=665) to work on /home/airflow/.local/lib/python3.12/site-packages/airflow/example_dags/example_sensor_decorator.py
[2024-12-05T00:14:49.498+0000] {processor.py:914} INFO - Processing file /home/airflow/.local/lib/python3.12/site-packages/airflow/example_dags/example_sensor_decorator.py for tasks to queue
[2024-12-05T00:14:49.521+0000] {logging_mixin.py:190} INFO - [2024-12-05T00:14:49.520+0000] {dagbag.py:588} INFO - Filling up the DagBag from /home/airflow/.local/lib/python3.12/site-packages/airflow/example_dags/example_sensor_decorator.py
[2024-12-05T00:14:49.565+0000] {processor.py:925} INFO - DAG(s) 'example_sensor_decorator' retrieved from /home/airflow/.local/lib/python3.12/site-packages/airflow/example_dags/example_sensor_decorator.py
[2024-12-05T00:14:49.684+0000] {logging_mixin.py:190} INFO - [2024-12-05T00:14:49.681+0000] {dag.py:3239} INFO - Sync 1 DAGs
[2024-12-05T00:14:49.772+0000] {logging_mixin.py:190} INFO - [2024-12-05T00:14:49.772+0000] {dag.py:4180} INFO - Setting next_dagrun for example_sensor_decorator to None, run_after=None
[2024-12-05T00:14:49.936+0000] {processor.py:208} INFO - Processing /home/airflow/.local/lib/python3.12/site-packages/airflow/example_dags/example_sensor_decorator.py took 0.484 seconds
[2024-12-05T00:15:32.481+0000] {processor.py:186} INFO - Started process (PID=758) to work on /home/airflow/.local/lib/python3.12/site-packages/airflow/example_dags/example_sensor_decorator.py
[2024-12-05T00:15:32.490+0000] {processor.py:914} INFO - Processing file /home/airflow/.local/lib/python3.12/site-packages/airflow/example_dags/example_sensor_decorator.py for tasks to queue
[2024-12-05T00:15:32.517+0000] {logging_mixin.py:190} INFO - [2024-12-05T00:15:32.516+0000] {dagbag.py:588} INFO - Filling up the DagBag from /home/airflow/.local/lib/python3.12/site-packages/airflow/example_dags/example_sensor_decorator.py
[2024-12-05T00:15:32.553+0000] {processor.py:925} INFO - DAG(s) 'example_sensor_decorator' retrieved from /home/airflow/.local/lib/python3.12/site-packages/airflow/example_dags/example_sensor_decorator.py
[2024-12-05T00:15:32.668+0000] {logging_mixin.py:190} INFO - [2024-12-05T00:15:32.667+0000] {dag.py:3239} INFO - Sync 1 DAGs
[2024-12-05T00:15:32.798+0000] {logging_mixin.py:190} INFO - [2024-12-05T00:15:32.795+0000] {dag.py:4180} INFO - Setting next_dagrun for example_sensor_decorator to None, run_after=None
[2024-12-05T00:15:32.930+0000] {processor.py:208} INFO - Processing /home/airflow/.local/lib/python3.12/site-packages/airflow/example_dags/example_sensor_decorator.py took 0.492 seconds
[2024-12-05T00:16:31.563+0000] {processor.py:186} INFO - Started process (PID=831) to work on /home/airflow/.local/lib/python3.12/site-packages/airflow/example_dags/example_sensor_decorator.py
[2024-12-05T00:16:31.569+0000] {processor.py:914} INFO - Processing file /home/airflow/.local/lib/python3.12/site-packages/airflow/example_dags/example_sensor_decorator.py for tasks to queue
[2024-12-05T00:16:31.583+0000] {logging_mixin.py:190} INFO - [2024-12-05T00:16:31.575+0000] {dagbag.py:588} INFO - Filling up the DagBag from /home/airflow/.local/lib/python3.12/site-packages/airflow/example_dags/example_sensor_decorator.py
[2024-12-05T00:16:31.628+0000] {processor.py:925} INFO - DAG(s) 'example_sensor_decorator' retrieved from /home/airflow/.local/lib/python3.12/site-packages/airflow/example_dags/example_sensor_decorator.py
[2024-12-05T00:16:31.884+0000] {logging_mixin.py:190} INFO - [2024-12-05T00:16:31.872+0000] {dag.py:3239} INFO - Sync 1 DAGs
[2024-12-05T00:16:32.166+0000] {logging_mixin.py:190} INFO - [2024-12-05T00:16:32.166+0000] {dag.py:4180} INFO - Setting next_dagrun for example_sensor_decorator to None, run_after=None
[2024-12-05T00:16:32.418+0000] {processor.py:208} INFO - Processing /home/airflow/.local/lib/python3.12/site-packages/airflow/example_dags/example_sensor_decorator.py took 0.884 seconds
[2024-12-05T00:17:39.955+0000] {processor.py:186} INFO - Started process (PID=928) to work on /home/airflow/.local/lib/python3.12/site-packages/airflow/example_dags/example_sensor_decorator.py
[2024-12-05T00:17:39.971+0000] {processor.py:914} INFO - Processing file /home/airflow/.local/lib/python3.12/site-packages/airflow/example_dags/example_sensor_decorator.py for tasks to queue
[2024-12-05T00:17:39.994+0000] {logging_mixin.py:190} INFO - [2024-12-05T00:17:39.993+0000] {dagbag.py:588} INFO - Filling up the DagBag from /home/airflow/.local/lib/python3.12/site-packages/airflow/example_dags/example_sensor_decorator.py
[2024-12-05T00:17:40.114+0000] {processor.py:925} INFO - DAG(s) 'example_sensor_decorator' retrieved from /home/airflow/.local/lib/python3.12/site-packages/airflow/example_dags/example_sensor_decorator.py
[2024-12-05T00:17:40.441+0000] {logging_mixin.py:190} INFO - [2024-12-05T00:17:40.440+0000] {dag.py:3239} INFO - Sync 1 DAGs
[2024-12-05T00:17:40.770+0000] {logging_mixin.py:190} INFO - [2024-12-05T00:17:40.770+0000] {dag.py:4180} INFO - Setting next_dagrun for example_sensor_decorator to None, run_after=None
[2024-12-05T00:17:41.362+0000] {processor.py:208} INFO - Processing /home/airflow/.local/lib/python3.12/site-packages/airflow/example_dags/example_sensor_decorator.py took 1.495 seconds
[2024-12-05T00:18:50.212+0000] {processor.py:186} INFO - Started process (PID=1008) to work on /home/airflow/.local/lib/python3.12/site-packages/airflow/example_dags/example_sensor_decorator.py
[2024-12-05T00:18:50.229+0000] {processor.py:914} INFO - Processing file /home/airflow/.local/lib/python3.12/site-packages/airflow/example_dags/example_sensor_decorator.py for tasks to queue
[2024-12-05T00:18:50.262+0000] {logging_mixin.py:190} INFO - [2024-12-05T00:18:50.253+0000] {dagbag.py:588} INFO - Filling up the DagBag from /home/airflow/.local/lib/python3.12/site-packages/airflow/example_dags/example_sensor_decorator.py
[2024-12-05T00:18:50.337+0000] {processor.py:925} INFO - DAG(s) 'example_sensor_decorator' retrieved from /home/airflow/.local/lib/python3.12/site-packages/airflow/example_dags/example_sensor_decorator.py
[2024-12-05T00:18:50.428+0000] {logging_mixin.py:190} INFO - [2024-12-05T00:18:50.426+0000] {dag.py:3239} INFO - Sync 1 DAGs
[2024-12-05T00:18:50.510+0000] {logging_mixin.py:190} INFO - [2024-12-05T00:18:50.509+0000] {dag.py:4180} INFO - Setting next_dagrun for example_sensor_decorator to None, run_after=None
[2024-12-05T00:18:50.708+0000] {processor.py:208} INFO - Processing /home/airflow/.local/lib/python3.12/site-packages/airflow/example_dags/example_sensor_decorator.py took 0.542 seconds
[2024-12-05T00:19:48.272+0000] {processor.py:186} INFO - Started process (PID=1093) to work on /home/airflow/.local/lib/python3.12/site-packages/airflow/example_dags/example_sensor_decorator.py
[2024-12-05T00:19:48.291+0000] {processor.py:914} INFO - Processing file /home/airflow/.local/lib/python3.12/site-packages/airflow/example_dags/example_sensor_decorator.py for tasks to queue
[2024-12-05T00:19:48.338+0000] {logging_mixin.py:190} INFO - [2024-12-05T00:19:48.337+0000] {dagbag.py:588} INFO - Filling up the DagBag from /home/airflow/.local/lib/python3.12/site-packages/airflow/example_dags/example_sensor_decorator.py
[2024-12-05T00:19:48.379+0000] {processor.py:925} INFO - DAG(s) 'example_sensor_decorator' retrieved from /home/airflow/.local/lib/python3.12/site-packages/airflow/example_dags/example_sensor_decorator.py
[2024-12-05T00:19:48.568+0000] {logging_mixin.py:190} INFO - [2024-12-05T00:19:48.567+0000] {dag.py:3239} INFO - Sync 1 DAGs
[2024-12-05T00:19:48.919+0000] {logging_mixin.py:190} INFO - [2024-12-05T00:19:48.919+0000] {dag.py:4180} INFO - Setting next_dagrun for example_sensor_decorator to None, run_after=None
[2024-12-05T00:19:49.336+0000] {processor.py:208} INFO - Processing /home/airflow/.local/lib/python3.12/site-packages/airflow/example_dags/example_sensor_decorator.py took 1.131 seconds
[2024-12-05T00:20:43.512+0000] {processor.py:186} INFO - Started process (PID=1171) to work on /home/airflow/.local/lib/python3.12/site-packages/airflow/example_dags/example_sensor_decorator.py
[2024-12-05T00:20:43.527+0000] {processor.py:914} INFO - Processing file /home/airflow/.local/lib/python3.12/site-packages/airflow/example_dags/example_sensor_decorator.py for tasks to queue
[2024-12-05T00:20:43.541+0000] {logging_mixin.py:190} INFO - [2024-12-05T00:20:43.540+0000] {dagbag.py:588} INFO - Filling up the DagBag from /home/airflow/.local/lib/python3.12/site-packages/airflow/example_dags/example_sensor_decorator.py
[2024-12-05T00:20:43.616+0000] {processor.py:925} INFO - DAG(s) 'example_sensor_decorator' retrieved from /home/airflow/.local/lib/python3.12/site-packages/airflow/example_dags/example_sensor_decorator.py
[2024-12-05T00:20:43.754+0000] {logging_mixin.py:190} INFO - [2024-12-05T00:20:43.754+0000] {dag.py:3239} INFO - Sync 1 DAGs
[2024-12-05T00:20:43.979+0000] {logging_mixin.py:190} INFO - [2024-12-05T00:20:43.915+0000] {dag.py:4180} INFO - Setting next_dagrun for example_sensor_decorator to None, run_after=None
[2024-12-05T00:20:44.280+0000] {processor.py:208} INFO - Processing /home/airflow/.local/lib/python3.12/site-packages/airflow/example_dags/example_sensor_decorator.py took 0.890 seconds
[2024-12-05T00:21:33.437+0000] {processor.py:186} INFO - Started process (PID=1243) to work on /home/airflow/.local/lib/python3.12/site-packages/airflow/example_dags/example_sensor_decorator.py
[2024-12-05T00:21:33.441+0000] {processor.py:914} INFO - Processing file /home/airflow/.local/lib/python3.12/site-packages/airflow/example_dags/example_sensor_decorator.py for tasks to queue
[2024-12-05T00:21:33.460+0000] {logging_mixin.py:190} INFO - [2024-12-05T00:21:33.459+0000] {dagbag.py:588} INFO - Filling up the DagBag from /home/airflow/.local/lib/python3.12/site-packages/airflow/example_dags/example_sensor_decorator.py
[2024-12-05T00:21:33.505+0000] {processor.py:925} INFO - DAG(s) 'example_sensor_decorator' retrieved from /home/airflow/.local/lib/python3.12/site-packages/airflow/example_dags/example_sensor_decorator.py
[2024-12-05T00:21:33.691+0000] {logging_mixin.py:190} INFO - [2024-12-05T00:21:33.690+0000] {dag.py:3239} INFO - Sync 1 DAGs
[2024-12-05T00:21:33.943+0000] {logging_mixin.py:190} INFO - [2024-12-05T00:21:33.942+0000] {dag.py:4180} INFO - Setting next_dagrun for example_sensor_decorator to None, run_after=None
[2024-12-05T00:21:34.371+0000] {processor.py:208} INFO - Processing /home/airflow/.local/lib/python3.12/site-packages/airflow/example_dags/example_sensor_decorator.py took 0.969 seconds
[2024-12-05T00:22:29.111+0000] {processor.py:186} INFO - Started process (PID=1326) to work on /home/airflow/.local/lib/python3.12/site-packages/airflow/example_dags/example_sensor_decorator.py
[2024-12-05T00:22:29.142+0000] {processor.py:914} INFO - Processing file /home/airflow/.local/lib/python3.12/site-packages/airflow/example_dags/example_sensor_decorator.py for tasks to queue
[2024-12-05T00:22:29.166+0000] {logging_mixin.py:190} INFO - [2024-12-05T00:22:29.165+0000] {dagbag.py:588} INFO - Filling up the DagBag from /home/airflow/.local/lib/python3.12/site-packages/airflow/example_dags/example_sensor_decorator.py
[2024-12-05T00:22:29.231+0000] {processor.py:925} INFO - DAG(s) 'example_sensor_decorator' retrieved from /home/airflow/.local/lib/python3.12/site-packages/airflow/example_dags/example_sensor_decorator.py
[2024-12-05T00:22:29.507+0000] {logging_mixin.py:190} INFO - [2024-12-05T00:22:29.505+0000] {dag.py:3239} INFO - Sync 1 DAGs
[2024-12-05T00:22:29.633+0000] {logging_mixin.py:190} INFO - [2024-12-05T00:22:29.632+0000] {dag.py:4180} INFO - Setting next_dagrun for example_sensor_decorator to None, run_after=None
[2024-12-05T00:22:29.746+0000] {processor.py:208} INFO - Processing /home/airflow/.local/lib/python3.12/site-packages/airflow/example_dags/example_sensor_decorator.py took 0.726 seconds
[2024-12-05T00:23:39.001+0000] {processor.py:186} INFO - Started process (PID=1420) to work on /home/airflow/.local/lib/python3.12/site-packages/airflow/example_dags/example_sensor_decorator.py
[2024-12-05T00:23:39.011+0000] {processor.py:914} INFO - Processing file /home/airflow/.local/lib/python3.12/site-packages/airflow/example_dags/example_sensor_decorator.py for tasks to queue
[2024-12-05T00:23:39.020+0000] {logging_mixin.py:190} INFO - [2024-12-05T00:23:39.019+0000] {dagbag.py:588} INFO - Filling up the DagBag from /home/airflow/.local/lib/python3.12/site-packages/airflow/example_dags/example_sensor_decorator.py
[2024-12-05T00:23:39.158+0000] {processor.py:925} INFO - DAG(s) 'example_sensor_decorator' retrieved from /home/airflow/.local/lib/python3.12/site-packages/airflow/example_dags/example_sensor_decorator.py
[2024-12-05T00:23:39.507+0000] {logging_mixin.py:190} INFO - [2024-12-05T00:23:39.506+0000] {dag.py:3239} INFO - Sync 1 DAGs
[2024-12-05T00:23:39.698+0000] {logging_mixin.py:190} INFO - [2024-12-05T00:23:39.693+0000] {dag.py:4180} INFO - Setting next_dagrun for example_sensor_decorator to None, run_after=None
[2024-12-05T00:23:39.895+0000] {processor.py:208} INFO - Processing /home/airflow/.local/lib/python3.12/site-packages/airflow/example_dags/example_sensor_decorator.py took 0.937 seconds
