[2024-12-05T00:00:15.557+0000] {processor.py:186} INFO - Started process (PID=361) to work on /home/airflow/.local/lib/python3.12/site-packages/airflow/example_dags/example_display_name.py
[2024-12-05T00:00:15.572+0000] {processor.py:914} INFO - Processing file /home/airflow/.local/lib/python3.12/site-packages/airflow/example_dags/example_display_name.py for tasks to queue
[2024-12-05T00:00:15.587+0000] {logging_mixin.py:190} INFO - [2024-12-05T00:00:15.586+0000] {dagbag.py:588} INFO - Filling up the DagBag from /home/airflow/.local/lib/python3.12/site-packages/airflow/example_dags/example_display_name.py
[2024-12-05T00:00:15.649+0000] {processor.py:925} INFO - DAG(s) 'example_display_name' retrieved from /home/airflow/.local/lib/python3.12/site-packages/airflow/example_dags/example_display_name.py
[2024-12-05T00:00:15.786+0000] {logging_mixin.py:190} INFO - [2024-12-05T00:00:15.785+0000] {dag.py:3239} INFO - Sync 1 DAGs
[2024-12-05T00:00:15.952+0000] {logging_mixin.py:190} INFO - [2024-12-05T00:00:15.952+0000] {dag.py:4180} INFO - Setting next_dagrun for example_display_name to None, run_after=None
[2024-12-05T00:00:16.157+0000] {processor.py:208} INFO - Processing /home/airflow/.local/lib/python3.12/site-packages/airflow/example_dags/example_display_name.py took 0.650 seconds
[2024-12-05T00:09:20.823+0000] {processor.py:186} INFO - Started process (PID=179) to work on /home/airflow/.local/lib/python3.12/site-packages/airflow/example_dags/example_display_name.py
[2024-12-05T00:09:20.827+0000] {processor.py:914} INFO - Processing file /home/airflow/.local/lib/python3.12/site-packages/airflow/example_dags/example_display_name.py for tasks to queue
[2024-12-05T00:09:20.837+0000] {logging_mixin.py:190} INFO - [2024-12-05T00:09:20.837+0000] {dagbag.py:588} INFO - Filling up the DagBag from /home/airflow/.local/lib/python3.12/site-packages/airflow/example_dags/example_display_name.py
[2024-12-05T00:09:20.868+0000] {processor.py:925} INFO - DAG(s) 'example_display_name' retrieved from /home/airflow/.local/lib/python3.12/site-packages/airflow/example_dags/example_display_name.py
[2024-12-05T00:09:20.973+0000] {logging_mixin.py:190} INFO - [2024-12-05T00:09:20.970+0000] {dag.py:3239} INFO - Sync 1 DAGs
[2024-12-05T00:09:21.043+0000] {logging_mixin.py:190} INFO - [2024-12-05T00:09:21.042+0000] {dag.py:4180} INFO - Setting next_dagrun for example_display_name to None, run_after=None
[2024-12-05T00:09:21.142+0000] {processor.py:208} INFO - Processing /home/airflow/.local/lib/python3.12/site-packages/airflow/example_dags/example_display_name.py took 0.341 seconds
[2024-12-05T00:10:16.131+0000] {processor.py:186} INFO - Started process (PID=286) to work on /home/airflow/.local/lib/python3.12/site-packages/airflow/example_dags/example_display_name.py
[2024-12-05T00:10:16.150+0000] {processor.py:914} INFO - Processing file /home/airflow/.local/lib/python3.12/site-packages/airflow/example_dags/example_display_name.py for tasks to queue
[2024-12-05T00:10:16.179+0000] {logging_mixin.py:190} INFO - [2024-12-05T00:10:16.178+0000] {dagbag.py:588} INFO - Filling up the DagBag from /home/airflow/.local/lib/python3.12/site-packages/airflow/example_dags/example_display_name.py
[2024-12-05T00:10:16.249+0000] {processor.py:925} INFO - DAG(s) 'example_display_name' retrieved from /home/airflow/.local/lib/python3.12/site-packages/airflow/example_dags/example_display_name.py
[2024-12-05T00:10:16.340+0000] {logging_mixin.py:190} INFO - [2024-12-05T00:10:16.339+0000] {dag.py:3239} INFO - Sync 1 DAGs
[2024-12-05T00:10:16.426+0000] {logging_mixin.py:190} INFO - [2024-12-05T00:10:16.425+0000] {dag.py:4180} INFO - Setting next_dagrun for example_display_name to None, run_after=None
[2024-12-05T00:10:16.561+0000] {processor.py:208} INFO - Processing /home/airflow/.local/lib/python3.12/site-packages/airflow/example_dags/example_display_name.py took 0.507 seconds
[2024-12-05T00:10:47.927+0000] {processor.py:186} INFO - Started process (PID=325) to work on /home/airflow/.local/lib/python3.12/site-packages/airflow/example_dags/example_display_name.py
[2024-12-05T00:10:47.935+0000] {processor.py:914} INFO - Processing file /home/airflow/.local/lib/python3.12/site-packages/airflow/example_dags/example_display_name.py for tasks to queue
[2024-12-05T00:10:47.944+0000] {logging_mixin.py:190} INFO - [2024-12-05T00:10:47.942+0000] {dagbag.py:588} INFO - Filling up the DagBag from /home/airflow/.local/lib/python3.12/site-packages/airflow/example_dags/example_display_name.py
[2024-12-05T00:10:48.004+0000] {processor.py:925} INFO - DAG(s) 'example_display_name' retrieved from /home/airflow/.local/lib/python3.12/site-packages/airflow/example_dags/example_display_name.py
[2024-12-05T00:10:48.185+0000] {logging_mixin.py:190} INFO - [2024-12-05T00:10:48.178+0000] {dag.py:3239} INFO - Sync 1 DAGs
[2024-12-05T00:10:48.367+0000] {logging_mixin.py:190} INFO - [2024-12-05T00:10:48.367+0000] {dag.py:4180} INFO - Setting next_dagrun for example_display_name to None, run_after=None
[2024-12-05T00:10:48.566+0000] {processor.py:208} INFO - Processing /home/airflow/.local/lib/python3.12/site-packages/airflow/example_dags/example_display_name.py took 0.666 seconds
[2024-12-05T00:11:26.462+0000] {processor.py:186} INFO - Started process (PID=392) to work on /home/airflow/.local/lib/python3.12/site-packages/airflow/example_dags/example_display_name.py
[2024-12-05T00:11:26.518+0000] {processor.py:914} INFO - Processing file /home/airflow/.local/lib/python3.12/site-packages/airflow/example_dags/example_display_name.py for tasks to queue
[2024-12-05T00:11:26.547+0000] {logging_mixin.py:190} INFO - [2024-12-05T00:11:26.545+0000] {dagbag.py:588} INFO - Filling up the DagBag from /home/airflow/.local/lib/python3.12/site-packages/airflow/example_dags/example_display_name.py
[2024-12-05T00:11:26.762+0000] {processor.py:925} INFO - DAG(s) 'example_display_name' retrieved from /home/airflow/.local/lib/python3.12/site-packages/airflow/example_dags/example_display_name.py
[2024-12-05T00:11:27.074+0000] {logging_mixin.py:190} INFO - [2024-12-05T00:11:27.073+0000] {dag.py:3239} INFO - Sync 1 DAGs
[2024-12-05T00:11:27.408+0000] {logging_mixin.py:190} INFO - [2024-12-05T00:11:27.407+0000] {dag.py:4180} INFO - Setting next_dagrun for example_display_name to None, run_after=None
[2024-12-05T00:11:27.702+0000] {processor.py:208} INFO - Processing /home/airflow/.local/lib/python3.12/site-packages/airflow/example_dags/example_display_name.py took 1.433 seconds
[2024-12-05T00:12:09.525+0000] {processor.py:186} INFO - Started process (PID=467) to work on /home/airflow/.local/lib/python3.12/site-packages/airflow/example_dags/example_display_name.py
[2024-12-05T00:12:09.527+0000] {processor.py:914} INFO - Processing file /home/airflow/.local/lib/python3.12/site-packages/airflow/example_dags/example_display_name.py for tasks to queue
[2024-12-05T00:12:09.545+0000] {logging_mixin.py:190} INFO - [2024-12-05T00:12:09.543+0000] {dagbag.py:588} INFO - Filling up the DagBag from /home/airflow/.local/lib/python3.12/site-packages/airflow/example_dags/example_display_name.py
[2024-12-05T00:12:09.583+0000] {processor.py:925} INFO - DAG(s) 'example_display_name' retrieved from /home/airflow/.local/lib/python3.12/site-packages/airflow/example_dags/example_display_name.py
[2024-12-05T00:12:09.721+0000] {logging_mixin.py:190} INFO - [2024-12-05T00:12:09.721+0000] {dag.py:3239} INFO - Sync 1 DAGs
[2024-12-05T00:12:09.781+0000] {logging_mixin.py:190} INFO - [2024-12-05T00:12:09.781+0000] {dag.py:4180} INFO - Setting next_dagrun for example_display_name to None, run_after=None
[2024-12-05T00:12:09.924+0000] {processor.py:208} INFO - Processing /home/airflow/.local/lib/python3.12/site-packages/airflow/example_dags/example_display_name.py took 0.417 seconds
[2024-12-05T00:13:01.842+0000] {processor.py:186} INFO - Started process (PID=522) to work on /home/airflow/.local/lib/python3.12/site-packages/airflow/example_dags/example_display_name.py
[2024-12-05T00:13:01.902+0000] {processor.py:914} INFO - Processing file /home/airflow/.local/lib/python3.12/site-packages/airflow/example_dags/example_display_name.py for tasks to queue
[2024-12-05T00:13:02.030+0000] {logging_mixin.py:190} INFO - [2024-12-05T00:13:01.968+0000] {dagbag.py:588} INFO - Filling up the DagBag from /home/airflow/.local/lib/python3.12/site-packages/airflow/example_dags/example_display_name.py
[2024-12-05T00:13:02.468+0000] {processor.py:925} INFO - DAG(s) 'example_display_name' retrieved from /home/airflow/.local/lib/python3.12/site-packages/airflow/example_dags/example_display_name.py
[2024-12-05T00:13:02.717+0000] {logging_mixin.py:190} INFO - [2024-12-05T00:13:02.717+0000] {dag.py:3239} INFO - Sync 1 DAGs
[2024-12-05T00:13:02.905+0000] {logging_mixin.py:190} INFO - [2024-12-05T00:13:02.904+0000] {dag.py:4180} INFO - Setting next_dagrun for example_display_name to None, run_after=None
[2024-12-05T00:13:03.107+0000] {processor.py:208} INFO - Processing /home/airflow/.local/lib/python3.12/site-packages/airflow/example_dags/example_display_name.py took 1.434 seconds
[2024-12-05T00:13:38.073+0000] {processor.py:186} INFO - Started process (PID=572) to work on /home/airflow/.local/lib/python3.12/site-packages/airflow/example_dags/example_display_name.py
[2024-12-05T00:13:38.085+0000] {processor.py:914} INFO - Processing file /home/airflow/.local/lib/python3.12/site-packages/airflow/example_dags/example_display_name.py for tasks to queue
[2024-12-05T00:13:38.095+0000] {logging_mixin.py:190} INFO - [2024-12-05T00:13:38.094+0000] {dagbag.py:588} INFO - Filling up the DagBag from /home/airflow/.local/lib/python3.12/site-packages/airflow/example_dags/example_display_name.py
[2024-12-05T00:13:38.325+0000] {processor.py:925} INFO - DAG(s) 'example_display_name' retrieved from /home/airflow/.local/lib/python3.12/site-packages/airflow/example_dags/example_display_name.py
[2024-12-05T00:13:38.517+0000] {logging_mixin.py:190} INFO - [2024-12-05T00:13:38.516+0000] {dag.py:3239} INFO - Sync 1 DAGs
[2024-12-05T00:13:38.749+0000] {logging_mixin.py:190} INFO - [2024-12-05T00:13:38.748+0000] {dag.py:4180} INFO - Setting next_dagrun for example_display_name to None, run_after=None
[2024-12-05T00:13:39.063+0000] {processor.py:208} INFO - Processing /home/airflow/.local/lib/python3.12/site-packages/airflow/example_dags/example_display_name.py took 1.102 seconds
[2024-12-05T00:14:32.941+0000] {processor.py:186} INFO - Started process (PID=648) to work on /home/airflow/.local/lib/python3.12/site-packages/airflow/example_dags/example_display_name.py
[2024-12-05T00:14:32.955+0000] {processor.py:914} INFO - Processing file /home/airflow/.local/lib/python3.12/site-packages/airflow/example_dags/example_display_name.py for tasks to queue
[2024-12-05T00:14:33.005+0000] {logging_mixin.py:190} INFO - [2024-12-05T00:14:33.004+0000] {dagbag.py:588} INFO - Filling up the DagBag from /home/airflow/.local/lib/python3.12/site-packages/airflow/example_dags/example_display_name.py
[2024-12-05T00:14:33.064+0000] {processor.py:925} INFO - DAG(s) 'example_display_name' retrieved from /home/airflow/.local/lib/python3.12/site-packages/airflow/example_dags/example_display_name.py
[2024-12-05T00:14:33.153+0000] {logging_mixin.py:190} INFO - [2024-12-05T00:14:33.153+0000] {dag.py:3239} INFO - Sync 1 DAGs
[2024-12-05T00:14:33.257+0000] {logging_mixin.py:190} INFO - [2024-12-05T00:14:33.257+0000] {dag.py:4180} INFO - Setting next_dagrun for example_display_name to None, run_after=None
[2024-12-05T00:14:33.387+0000] {processor.py:208} INFO - Processing /home/airflow/.local/lib/python3.12/site-packages/airflow/example_dags/example_display_name.py took 0.514 seconds
[2024-12-05T00:15:05.475+0000] {processor.py:186} INFO - Started process (PID=707) to work on /home/airflow/.local/lib/python3.12/site-packages/airflow/example_dags/example_display_name.py
[2024-12-05T00:15:05.499+0000] {processor.py:914} INFO - Processing file /home/airflow/.local/lib/python3.12/site-packages/airflow/example_dags/example_display_name.py for tasks to queue
[2024-12-05T00:15:05.526+0000] {logging_mixin.py:190} INFO - [2024-12-05T00:15:05.512+0000] {dagbag.py:588} INFO - Filling up the DagBag from /home/airflow/.local/lib/python3.12/site-packages/airflow/example_dags/example_display_name.py
[2024-12-05T00:15:05.572+0000] {processor.py:925} INFO - DAG(s) 'example_display_name' retrieved from /home/airflow/.local/lib/python3.12/site-packages/airflow/example_dags/example_display_name.py
[2024-12-05T00:15:05.679+0000] {logging_mixin.py:190} INFO - [2024-12-05T00:15:05.678+0000] {dag.py:3239} INFO - Sync 1 DAGs
[2024-12-05T00:15:05.783+0000] {logging_mixin.py:190} INFO - [2024-12-05T00:15:05.782+0000] {dag.py:4180} INFO - Setting next_dagrun for example_display_name to None, run_after=None
[2024-12-05T00:15:05.855+0000] {processor.py:208} INFO - Processing /home/airflow/.local/lib/python3.12/site-packages/airflow/example_dags/example_display_name.py took 0.475 seconds
[2024-12-05T00:15:44.681+0000] {processor.py:186} INFO - Started process (PID=777) to work on /home/airflow/.local/lib/python3.12/site-packages/airflow/example_dags/example_display_name.py
[2024-12-05T00:15:44.692+0000] {processor.py:914} INFO - Processing file /home/airflow/.local/lib/python3.12/site-packages/airflow/example_dags/example_display_name.py for tasks to queue
[2024-12-05T00:15:44.699+0000] {logging_mixin.py:190} INFO - [2024-12-05T00:15:44.698+0000] {dagbag.py:588} INFO - Filling up the DagBag from /home/airflow/.local/lib/python3.12/site-packages/airflow/example_dags/example_display_name.py
[2024-12-05T00:15:44.732+0000] {processor.py:925} INFO - DAG(s) 'example_display_name' retrieved from /home/airflow/.local/lib/python3.12/site-packages/airflow/example_dags/example_display_name.py
[2024-12-05T00:15:44.795+0000] {logging_mixin.py:190} INFO - [2024-12-05T00:15:44.794+0000] {dag.py:3239} INFO - Sync 1 DAGs
[2024-12-05T00:15:44.867+0000] {logging_mixin.py:190} INFO - [2024-12-05T00:15:44.867+0000] {dag.py:4180} INFO - Setting next_dagrun for example_display_name to None, run_after=None
[2024-12-05T00:15:44.945+0000] {processor.py:208} INFO - Processing /home/airflow/.local/lib/python3.12/site-packages/airflow/example_dags/example_display_name.py took 0.288 seconds
[2024-12-05T00:16:45.179+0000] {processor.py:186} INFO - Started process (PID=856) to work on /home/airflow/.local/lib/python3.12/site-packages/airflow/example_dags/example_display_name.py
[2024-12-05T00:16:45.204+0000] {processor.py:914} INFO - Processing file /home/airflow/.local/lib/python3.12/site-packages/airflow/example_dags/example_display_name.py for tasks to queue
[2024-12-05T00:16:45.230+0000] {logging_mixin.py:190} INFO - [2024-12-05T00:16:45.226+0000] {dagbag.py:588} INFO - Filling up the DagBag from /home/airflow/.local/lib/python3.12/site-packages/airflow/example_dags/example_display_name.py
[2024-12-05T00:16:45.348+0000] {processor.py:925} INFO - DAG(s) 'example_display_name' retrieved from /home/airflow/.local/lib/python3.12/site-packages/airflow/example_dags/example_display_name.py
[2024-12-05T00:16:45.578+0000] {logging_mixin.py:190} INFO - [2024-12-05T00:16:45.577+0000] {dag.py:3239} INFO - Sync 1 DAGs
[2024-12-05T00:16:45.827+0000] {logging_mixin.py:190} INFO - [2024-12-05T00:16:45.825+0000] {dag.py:4180} INFO - Setting next_dagrun for example_display_name to None, run_after=None
[2024-12-05T00:16:46.356+0000] {processor.py:208} INFO - Processing /home/airflow/.local/lib/python3.12/site-packages/airflow/example_dags/example_display_name.py took 1.208 seconds
[2024-12-05T00:17:22.718+0000] {processor.py:186} INFO - Started process (PID=907) to work on /home/airflow/.local/lib/python3.12/site-packages/airflow/example_dags/example_display_name.py
[2024-12-05T00:17:22.737+0000] {processor.py:914} INFO - Processing file /home/airflow/.local/lib/python3.12/site-packages/airflow/example_dags/example_display_name.py for tasks to queue
[2024-12-05T00:17:22.748+0000] {logging_mixin.py:190} INFO - [2024-12-05T00:17:22.747+0000] {dagbag.py:588} INFO - Filling up the DagBag from /home/airflow/.local/lib/python3.12/site-packages/airflow/example_dags/example_display_name.py
[2024-12-05T00:17:22.795+0000] {processor.py:925} INFO - DAG(s) 'example_display_name' retrieved from /home/airflow/.local/lib/python3.12/site-packages/airflow/example_dags/example_display_name.py
[2024-12-05T00:17:22.918+0000] {logging_mixin.py:190} INFO - [2024-12-05T00:17:22.918+0000] {dag.py:3239} INFO - Sync 1 DAGs
[2024-12-05T00:17:23.100+0000] {logging_mixin.py:190} INFO - [2024-12-05T00:17:23.099+0000] {dag.py:4180} INFO - Setting next_dagrun for example_display_name to None, run_after=None
[2024-12-05T00:17:23.244+0000] {processor.py:208} INFO - Processing /home/airflow/.local/lib/python3.12/site-packages/airflow/example_dags/example_display_name.py took 0.567 seconds
[2024-12-05T00:17:56.809+0000] {processor.py:186} INFO - Started process (PID=950) to work on /home/airflow/.local/lib/python3.12/site-packages/airflow/example_dags/example_display_name.py
[2024-12-05T00:17:56.817+0000] {processor.py:914} INFO - Processing file /home/airflow/.local/lib/python3.12/site-packages/airflow/example_dags/example_display_name.py for tasks to queue
[2024-12-05T00:17:56.823+0000] {logging_mixin.py:190} INFO - [2024-12-05T00:17:56.822+0000] {dagbag.py:588} INFO - Filling up the DagBag from /home/airflow/.local/lib/python3.12/site-packages/airflow/example_dags/example_display_name.py
[2024-12-05T00:17:56.858+0000] {processor.py:925} INFO - DAG(s) 'example_display_name' retrieved from /home/airflow/.local/lib/python3.12/site-packages/airflow/example_dags/example_display_name.py
[2024-12-05T00:17:56.959+0000] {logging_mixin.py:190} INFO - [2024-12-05T00:17:56.958+0000] {dag.py:3239} INFO - Sync 1 DAGs
[2024-12-05T00:17:57.074+0000] {logging_mixin.py:190} INFO - [2024-12-05T00:17:57.073+0000] {dag.py:4180} INFO - Setting next_dagrun for example_display_name to None, run_after=None
[2024-12-05T00:17:57.640+0000] {processor.py:208} INFO - Processing /home/airflow/.local/lib/python3.12/site-packages/airflow/example_dags/example_display_name.py took 0.844 seconds
[2024-12-05T00:18:33.399+0000] {processor.py:186} INFO - Started process (PID=988) to work on /home/airflow/.local/lib/python3.12/site-packages/airflow/example_dags/example_display_name.py
[2024-12-05T00:18:33.402+0000] {processor.py:914} INFO - Processing file /home/airflow/.local/lib/python3.12/site-packages/airflow/example_dags/example_display_name.py for tasks to queue
[2024-12-05T00:18:33.422+0000] {logging_mixin.py:190} INFO - [2024-12-05T00:18:33.421+0000] {dagbag.py:588} INFO - Filling up the DagBag from /home/airflow/.local/lib/python3.12/site-packages/airflow/example_dags/example_display_name.py
[2024-12-05T00:18:33.536+0000] {processor.py:925} INFO - DAG(s) 'example_display_name' retrieved from /home/airflow/.local/lib/python3.12/site-packages/airflow/example_dags/example_display_name.py
[2024-12-05T00:18:33.900+0000] {logging_mixin.py:190} INFO - [2024-12-05T00:18:33.887+0000] {dag.py:3239} INFO - Sync 1 DAGs
[2024-12-05T00:18:34.171+0000] {logging_mixin.py:190} INFO - [2024-12-05T00:18:34.156+0000] {dag.py:4180} INFO - Setting next_dagrun for example_display_name to None, run_after=None
[2024-12-05T00:18:34.537+0000] {processor.py:208} INFO - Processing /home/airflow/.local/lib/python3.12/site-packages/airflow/example_dags/example_display_name.py took 1.243 seconds
[2024-12-05T00:19:26.934+0000] {processor.py:186} INFO - Started process (PID=1063) to work on /home/airflow/.local/lib/python3.12/site-packages/airflow/example_dags/example_display_name.py
[2024-12-05T00:19:26.945+0000] {processor.py:914} INFO - Processing file /home/airflow/.local/lib/python3.12/site-packages/airflow/example_dags/example_display_name.py for tasks to queue
[2024-12-05T00:19:26.954+0000] {logging_mixin.py:190} INFO - [2024-12-05T00:19:26.953+0000] {dagbag.py:588} INFO - Filling up the DagBag from /home/airflow/.local/lib/python3.12/site-packages/airflow/example_dags/example_display_name.py
[2024-12-05T00:19:26.988+0000] {processor.py:925} INFO - DAG(s) 'example_display_name' retrieved from /home/airflow/.local/lib/python3.12/site-packages/airflow/example_dags/example_display_name.py
[2024-12-05T00:19:27.166+0000] {logging_mixin.py:190} INFO - [2024-12-05T00:19:27.165+0000] {dag.py:3239} INFO - Sync 1 DAGs
[2024-12-05T00:19:27.376+0000] {logging_mixin.py:190} INFO - [2024-12-05T00:19:27.365+0000] {dag.py:4180} INFO - Setting next_dagrun for example_display_name to None, run_after=None
[2024-12-05T00:19:27.587+0000] {processor.py:208} INFO - Processing /home/airflow/.local/lib/python3.12/site-packages/airflow/example_dags/example_display_name.py took 0.695 seconds
[2024-12-05T00:20:26.712+0000] {processor.py:186} INFO - Started process (PID=1150) to work on /home/airflow/.local/lib/python3.12/site-packages/airflow/example_dags/example_display_name.py
[2024-12-05T00:20:26.725+0000] {processor.py:914} INFO - Processing file /home/airflow/.local/lib/python3.12/site-packages/airflow/example_dags/example_display_name.py for tasks to queue
[2024-12-05T00:20:26.746+0000] {logging_mixin.py:190} INFO - [2024-12-05T00:20:26.745+0000] {dagbag.py:588} INFO - Filling up the DagBag from /home/airflow/.local/lib/python3.12/site-packages/airflow/example_dags/example_display_name.py
[2024-12-05T00:20:26.790+0000] {processor.py:925} INFO - DAG(s) 'example_display_name' retrieved from /home/airflow/.local/lib/python3.12/site-packages/airflow/example_dags/example_display_name.py
[2024-12-05T00:20:26.965+0000] {logging_mixin.py:190} INFO - [2024-12-05T00:20:26.960+0000] {dag.py:3239} INFO - Sync 1 DAGs
[2024-12-05T00:20:27.307+0000] {logging_mixin.py:190} INFO - [2024-12-05T00:20:27.306+0000] {dag.py:4180} INFO - Setting next_dagrun for example_display_name to None, run_after=None
[2024-12-05T00:20:27.804+0000] {processor.py:208} INFO - Processing /home/airflow/.local/lib/python3.12/site-packages/airflow/example_dags/example_display_name.py took 1.129 seconds
[2024-12-05T00:21:19.414+0000] {processor.py:186} INFO - Started process (PID=1229) to work on /home/airflow/.local/lib/python3.12/site-packages/airflow/example_dags/example_display_name.py
[2024-12-05T00:21:19.447+0000] {processor.py:914} INFO - Processing file /home/airflow/.local/lib/python3.12/site-packages/airflow/example_dags/example_display_name.py for tasks to queue
[2024-12-05T00:21:19.457+0000] {logging_mixin.py:190} INFO - [2024-12-05T00:21:19.456+0000] {dagbag.py:588} INFO - Filling up the DagBag from /home/airflow/.local/lib/python3.12/site-packages/airflow/example_dags/example_display_name.py
[2024-12-05T00:21:19.508+0000] {processor.py:925} INFO - DAG(s) 'example_display_name' retrieved from /home/airflow/.local/lib/python3.12/site-packages/airflow/example_dags/example_display_name.py
[2024-12-05T00:21:19.844+0000] {logging_mixin.py:190} INFO - [2024-12-05T00:21:19.843+0000] {dag.py:3239} INFO - Sync 1 DAGs
[2024-12-05T00:21:20.076+0000] {logging_mixin.py:190} INFO - [2024-12-05T00:21:20.076+0000] {dag.py:4180} INFO - Setting next_dagrun for example_display_name to None, run_after=None
[2024-12-05T00:21:20.301+0000] {processor.py:208} INFO - Processing /home/airflow/.local/lib/python3.12/site-packages/airflow/example_dags/example_display_name.py took 0.925 seconds
[2024-12-05T00:22:12.725+0000] {processor.py:186} INFO - Started process (PID=1302) to work on /home/airflow/.local/lib/python3.12/site-packages/airflow/example_dags/example_display_name.py
[2024-12-05T00:22:12.732+0000] {processor.py:914} INFO - Processing file /home/airflow/.local/lib/python3.12/site-packages/airflow/example_dags/example_display_name.py for tasks to queue
[2024-12-05T00:22:12.748+0000] {logging_mixin.py:190} INFO - [2024-12-05T00:22:12.746+0000] {dagbag.py:588} INFO - Filling up the DagBag from /home/airflow/.local/lib/python3.12/site-packages/airflow/example_dags/example_display_name.py
[2024-12-05T00:22:12.831+0000] {processor.py:925} INFO - DAG(s) 'example_display_name' retrieved from /home/airflow/.local/lib/python3.12/site-packages/airflow/example_dags/example_display_name.py
[2024-12-05T00:22:12.936+0000] {logging_mixin.py:190} INFO - [2024-12-05T00:22:12.935+0000] {dag.py:3239} INFO - Sync 1 DAGs
[2024-12-05T00:22:13.032+0000] {logging_mixin.py:190} INFO - [2024-12-05T00:22:13.032+0000] {dag.py:4180} INFO - Setting next_dagrun for example_display_name to None, run_after=None
[2024-12-05T00:22:13.092+0000] {processor.py:208} INFO - Processing /home/airflow/.local/lib/python3.12/site-packages/airflow/example_dags/example_display_name.py took 0.394 seconds
[2024-12-05T00:23:03.923+0000] {processor.py:186} INFO - Started process (PID=1381) to work on /home/airflow/.local/lib/python3.12/site-packages/airflow/example_dags/example_display_name.py
[2024-12-05T00:23:03.964+0000] {processor.py:914} INFO - Processing file /home/airflow/.local/lib/python3.12/site-packages/airflow/example_dags/example_display_name.py for tasks to queue
[2024-12-05T00:23:04.029+0000] {logging_mixin.py:190} INFO - [2024-12-05T00:23:04.028+0000] {dagbag.py:588} INFO - Filling up the DagBag from /home/airflow/.local/lib/python3.12/site-packages/airflow/example_dags/example_display_name.py
[2024-12-05T00:23:04.141+0000] {processor.py:925} INFO - DAG(s) 'example_display_name' retrieved from /home/airflow/.local/lib/python3.12/site-packages/airflow/example_dags/example_display_name.py
[2024-12-05T00:23:04.744+0000] {logging_mixin.py:190} INFO - [2024-12-05T00:23:04.743+0000] {dag.py:3239} INFO - Sync 1 DAGs
[2024-12-05T00:23:04.981+0000] {logging_mixin.py:190} INFO - [2024-12-05T00:23:04.980+0000] {dag.py:4180} INFO - Setting next_dagrun for example_display_name to None, run_after=None
[2024-12-05T00:23:05.306+0000] {processor.py:208} INFO - Processing /home/airflow/.local/lib/python3.12/site-packages/airflow/example_dags/example_display_name.py took 1.488 seconds
[2024-12-05T00:24:04.719+0000] {processor.py:186} INFO - Started process (PID=1437) to work on /home/airflow/.local/lib/python3.12/site-packages/airflow/example_dags/example_display_name.py
[2024-12-05T00:24:04.811+0000] {processor.py:914} INFO - Processing file /home/airflow/.local/lib/python3.12/site-packages/airflow/example_dags/example_display_name.py for tasks to queue
[2024-12-05T00:24:04.907+0000] {logging_mixin.py:190} INFO - [2024-12-05T00:24:04.906+0000] {dagbag.py:588} INFO - Filling up the DagBag from /home/airflow/.local/lib/python3.12/site-packages/airflow/example_dags/example_display_name.py
[2024-12-05T00:24:05.091+0000] {processor.py:925} INFO - DAG(s) 'example_display_name' retrieved from /home/airflow/.local/lib/python3.12/site-packages/airflow/example_dags/example_display_name.py
[2024-12-05T00:24:05.600+0000] {logging_mixin.py:190} INFO - [2024-12-05T00:24:05.588+0000] {dag.py:3239} INFO - Sync 1 DAGs
[2024-12-05T00:24:06.018+0000] {logging_mixin.py:190} INFO - [2024-12-05T00:24:06.017+0000] {dag.py:4180} INFO - Setting next_dagrun for example_display_name to None, run_after=None
[2024-12-05T00:24:06.529+0000] {processor.py:208} INFO - Processing /home/airflow/.local/lib/python3.12/site-packages/airflow/example_dags/example_display_name.py took 1.975 seconds
