[2024-12-05T00:09:41.808+0000] {processor.py:186} INFO - Started process (PID=227) to work on /home/airflow/.local/lib/python3.12/site-packages/airflow/example_dags/example_task_group.py
[2024-12-05T00:09:41.811+0000] {processor.py:914} INFO - Processing file /home/airflow/.local/lib/python3.12/site-packages/airflow/example_dags/example_task_group.py for tasks to queue
[2024-12-05T00:09:41.816+0000] {logging_mixin.py:190} INFO - [2024-12-05T00:09:41.815+0000] {dagbag.py:588} INFO - Filling up the DagBag from /home/airflow/.local/lib/python3.12/site-packages/airflow/example_dags/example_task_group.py
[2024-12-05T00:09:41.854+0000] {processor.py:925} INFO - DAG(s) 'example_task_group' retrieved from /home/airflow/.local/lib/python3.12/site-packages/airflow/example_dags/example_task_group.py
[2024-12-05T00:09:41.958+0000] {logging_mixin.py:190} INFO - [2024-12-05T00:09:41.957+0000] {dag.py:3239} INFO - Sync 1 DAGs
[2024-12-05T00:09:42.053+0000] {logging_mixin.py:190} INFO - [2024-12-05T00:09:42.052+0000] {dag.py:4180} INFO - Setting next_dagrun for example_task_group to None, run_after=None
[2024-12-05T00:09:42.157+0000] {processor.py:208} INFO - Processing /home/airflow/.local/lib/python3.12/site-packages/airflow/example_dags/example_task_group.py took 0.379 seconds
[2024-12-05T00:10:32.574+0000] {processor.py:186} INFO - Started process (PID=304) to work on /home/airflow/.local/lib/python3.12/site-packages/airflow/example_dags/example_task_group.py
[2024-12-05T00:10:32.575+0000] {processor.py:914} INFO - Processing file /home/airflow/.local/lib/python3.12/site-packages/airflow/example_dags/example_task_group.py for tasks to queue
[2024-12-05T00:10:32.579+0000] {logging_mixin.py:190} INFO - [2024-12-05T00:10:32.579+0000] {dagbag.py:588} INFO - Filling up the DagBag from /home/airflow/.local/lib/python3.12/site-packages/airflow/example_dags/example_task_group.py
[2024-12-05T00:10:32.602+0000] {processor.py:925} INFO - DAG(s) 'example_task_group' retrieved from /home/airflow/.local/lib/python3.12/site-packages/airflow/example_dags/example_task_group.py
[2024-12-05T00:10:32.636+0000] {logging_mixin.py:190} INFO - [2024-12-05T00:10:32.636+0000] {dag.py:3239} INFO - Sync 1 DAGs
[2024-12-05T00:10:32.659+0000] {logging_mixin.py:190} INFO - [2024-12-05T00:10:32.658+0000] {dag.py:4180} INFO - Setting next_dagrun for example_task_group to None, run_after=None
[2024-12-05T00:10:32.804+0000] {processor.py:208} INFO - Processing /home/airflow/.local/lib/python3.12/site-packages/airflow/example_dags/example_task_group.py took 0.244 seconds
[2024-12-05T00:11:24.438+0000] {processor.py:186} INFO - Started process (PID=389) to work on /home/airflow/.local/lib/python3.12/site-packages/airflow/example_dags/example_task_group.py
[2024-12-05T00:11:24.444+0000] {processor.py:914} INFO - Processing file /home/airflow/.local/lib/python3.12/site-packages/airflow/example_dags/example_task_group.py for tasks to queue
[2024-12-05T00:11:24.455+0000] {logging_mixin.py:190} INFO - [2024-12-05T00:11:24.454+0000] {dagbag.py:588} INFO - Filling up the DagBag from /home/airflow/.local/lib/python3.12/site-packages/airflow/example_dags/example_task_group.py
[2024-12-05T00:11:24.512+0000] {processor.py:925} INFO - DAG(s) 'example_task_group' retrieved from /home/airflow/.local/lib/python3.12/site-packages/airflow/example_dags/example_task_group.py
[2024-12-05T00:11:24.670+0000] {logging_mixin.py:190} INFO - [2024-12-05T00:11:24.669+0000] {dag.py:3239} INFO - Sync 1 DAGs
[2024-12-05T00:11:24.784+0000] {logging_mixin.py:190} INFO - [2024-12-05T00:11:24.783+0000] {dag.py:4180} INFO - Setting next_dagrun for example_task_group to None, run_after=None
[2024-12-05T00:11:24.933+0000] {processor.py:208} INFO - Processing /home/airflow/.local/lib/python3.12/site-packages/airflow/example_dags/example_task_group.py took 0.524 seconds
[2024-12-05T00:12:14.855+0000] {processor.py:186} INFO - Started process (PID=473) to work on /home/airflow/.local/lib/python3.12/site-packages/airflow/example_dags/example_task_group.py
[2024-12-05T00:12:14.907+0000] {processor.py:914} INFO - Processing file /home/airflow/.local/lib/python3.12/site-packages/airflow/example_dags/example_task_group.py for tasks to queue
[2024-12-05T00:12:14.923+0000] {logging_mixin.py:190} INFO - [2024-12-05T00:12:14.922+0000] {dagbag.py:588} INFO - Filling up the DagBag from /home/airflow/.local/lib/python3.12/site-packages/airflow/example_dags/example_task_group.py
[2024-12-05T00:12:15.007+0000] {processor.py:925} INFO - DAG(s) 'example_task_group' retrieved from /home/airflow/.local/lib/python3.12/site-packages/airflow/example_dags/example_task_group.py
[2024-12-05T00:12:15.291+0000] {logging_mixin.py:190} INFO - [2024-12-05T00:12:15.290+0000] {dag.py:3239} INFO - Sync 1 DAGs
[2024-12-05T00:12:15.478+0000] {logging_mixin.py:190} INFO - [2024-12-05T00:12:15.477+0000] {dag.py:4180} INFO - Setting next_dagrun for example_task_group to None, run_after=None
[2024-12-05T00:12:15.676+0000] {processor.py:208} INFO - Processing /home/airflow/.local/lib/python3.12/site-packages/airflow/example_dags/example_task_group.py took 0.904 seconds
[2024-12-05T00:13:17.645+0000] {processor.py:186} INFO - Started process (PID=532) to work on /home/airflow/.local/lib/python3.12/site-packages/airflow/example_dags/example_task_group.py
[2024-12-05T00:13:17.653+0000] {processor.py:914} INFO - Processing file /home/airflow/.local/lib/python3.12/site-packages/airflow/example_dags/example_task_group.py for tasks to queue
[2024-12-05T00:13:17.664+0000] {logging_mixin.py:190} INFO - [2024-12-05T00:13:17.663+0000] {dagbag.py:588} INFO - Filling up the DagBag from /home/airflow/.local/lib/python3.12/site-packages/airflow/example_dags/example_task_group.py
[2024-12-05T00:13:17.763+0000] {processor.py:925} INFO - DAG(s) 'example_task_group' retrieved from /home/airflow/.local/lib/python3.12/site-packages/airflow/example_dags/example_task_group.py
[2024-12-05T00:13:18.309+0000] {logging_mixin.py:190} INFO - [2024-12-05T00:13:18.306+0000] {dag.py:3239} INFO - Sync 1 DAGs
[2024-12-05T00:13:18.866+0000] {logging_mixin.py:190} INFO - [2024-12-05T00:13:18.852+0000] {dag.py:4180} INFO - Setting next_dagrun for example_task_group to None, run_after=None
[2024-12-05T00:13:19.457+0000] {processor.py:208} INFO - Processing /home/airflow/.local/lib/python3.12/site-packages/airflow/example_dags/example_task_group.py took 1.913 seconds
[2024-12-05T00:14:17.297+0000] {processor.py:186} INFO - Started process (PID=621) to work on /home/airflow/.local/lib/python3.12/site-packages/airflow/example_dags/example_task_group.py
[2024-12-05T00:14:17.326+0000] {processor.py:914} INFO - Processing file /home/airflow/.local/lib/python3.12/site-packages/airflow/example_dags/example_task_group.py for tasks to queue
[2024-12-05T00:14:17.365+0000] {logging_mixin.py:190} INFO - [2024-12-05T00:14:17.365+0000] {dagbag.py:588} INFO - Filling up the DagBag from /home/airflow/.local/lib/python3.12/site-packages/airflow/example_dags/example_task_group.py
[2024-12-05T00:14:17.518+0000] {processor.py:925} INFO - DAG(s) 'example_task_group' retrieved from /home/airflow/.local/lib/python3.12/site-packages/airflow/example_dags/example_task_group.py
[2024-12-05T00:14:17.756+0000] {logging_mixin.py:190} INFO - [2024-12-05T00:14:17.756+0000] {dag.py:3239} INFO - Sync 1 DAGs
[2024-12-05T00:14:18.042+0000] {logging_mixin.py:190} INFO - [2024-12-05T00:14:18.041+0000] {dag.py:4180} INFO - Setting next_dagrun for example_task_group to None, run_after=None
[2024-12-05T00:14:18.378+0000] {processor.py:208} INFO - Processing /home/airflow/.local/lib/python3.12/site-packages/airflow/example_dags/example_task_group.py took 1.157 seconds
[2024-12-05T00:15:14.094+0000] {processor.py:186} INFO - Started process (PID=721) to work on /home/airflow/.local/lib/python3.12/site-packages/airflow/example_dags/example_task_group.py
[2024-12-05T00:15:14.117+0000] {processor.py:914} INFO - Processing file /home/airflow/.local/lib/python3.12/site-packages/airflow/example_dags/example_task_group.py for tasks to queue
[2024-12-05T00:15:14.128+0000] {logging_mixin.py:190} INFO - [2024-12-05T00:15:14.127+0000] {dagbag.py:588} INFO - Filling up the DagBag from /home/airflow/.local/lib/python3.12/site-packages/airflow/example_dags/example_task_group.py
[2024-12-05T00:15:14.180+0000] {processor.py:925} INFO - DAG(s) 'example_task_group' retrieved from /home/airflow/.local/lib/python3.12/site-packages/airflow/example_dags/example_task_group.py
[2024-12-05T00:15:14.312+0000] {logging_mixin.py:190} INFO - [2024-12-05T00:15:14.312+0000] {dag.py:3239} INFO - Sync 1 DAGs
[2024-12-05T00:15:14.424+0000] {logging_mixin.py:190} INFO - [2024-12-05T00:15:14.424+0000] {dag.py:4180} INFO - Setting next_dagrun for example_task_group to None, run_after=None
[2024-12-05T00:15:14.638+0000] {processor.py:208} INFO - Processing /home/airflow/.local/lib/python3.12/site-packages/airflow/example_dags/example_task_group.py took 0.571 seconds
[2024-12-05T00:15:55.438+0000] {processor.py:186} INFO - Started process (PID=792) to work on /home/airflow/.local/lib/python3.12/site-packages/airflow/example_dags/example_task_group.py
[2024-12-05T00:15:55.441+0000] {processor.py:914} INFO - Processing file /home/airflow/.local/lib/python3.12/site-packages/airflow/example_dags/example_task_group.py for tasks to queue
[2024-12-05T00:15:55.457+0000] {logging_mixin.py:190} INFO - [2024-12-05T00:15:55.455+0000] {dagbag.py:588} INFO - Filling up the DagBag from /home/airflow/.local/lib/python3.12/site-packages/airflow/example_dags/example_task_group.py
[2024-12-05T00:15:55.498+0000] {processor.py:925} INFO - DAG(s) 'example_task_group' retrieved from /home/airflow/.local/lib/python3.12/site-packages/airflow/example_dags/example_task_group.py
[2024-12-05T00:15:55.678+0000] {logging_mixin.py:190} INFO - [2024-12-05T00:15:55.676+0000] {dag.py:3239} INFO - Sync 1 DAGs
[2024-12-05T00:15:55.775+0000] {logging_mixin.py:190} INFO - [2024-12-05T00:15:55.775+0000] {dag.py:4180} INFO - Setting next_dagrun for example_task_group to None, run_after=None
[2024-12-05T00:15:55.875+0000] {processor.py:208} INFO - Processing /home/airflow/.local/lib/python3.12/site-packages/airflow/example_dags/example_task_group.py took 0.485 seconds
[2024-12-05T00:17:00.531+0000] {processor.py:186} INFO - Started process (PID=875) to work on /home/airflow/.local/lib/python3.12/site-packages/airflow/example_dags/example_task_group.py
[2024-12-05T00:17:00.606+0000] {processor.py:914} INFO - Processing file /home/airflow/.local/lib/python3.12/site-packages/airflow/example_dags/example_task_group.py for tasks to queue
[2024-12-05T00:17:00.658+0000] {logging_mixin.py:190} INFO - [2024-12-05T00:17:00.657+0000] {dagbag.py:588} INFO - Filling up the DagBag from /home/airflow/.local/lib/python3.12/site-packages/airflow/example_dags/example_task_group.py
[2024-12-05T00:17:00.891+0000] {processor.py:925} INFO - DAG(s) 'example_task_group' retrieved from /home/airflow/.local/lib/python3.12/site-packages/airflow/example_dags/example_task_group.py
[2024-12-05T00:17:01.196+0000] {logging_mixin.py:190} INFO - [2024-12-05T00:17:01.195+0000] {dag.py:3239} INFO - Sync 1 DAGs
[2024-12-05T00:17:01.584+0000] {logging_mixin.py:190} INFO - [2024-12-05T00:17:01.583+0000] {dag.py:4180} INFO - Setting next_dagrun for example_task_group to None, run_after=None
[2024-12-05T00:17:01.933+0000] {processor.py:208} INFO - Processing /home/airflow/.local/lib/python3.12/site-packages/airflow/example_dags/example_task_group.py took 1.547 seconds
[2024-12-05T00:18:18.998+0000] {processor.py:186} INFO - Started process (PID=965) to work on /home/airflow/.local/lib/python3.12/site-packages/airflow/example_dags/example_task_group.py
[2024-12-05T00:18:19.048+0000] {processor.py:914} INFO - Processing file /home/airflow/.local/lib/python3.12/site-packages/airflow/example_dags/example_task_group.py for tasks to queue
[2024-12-05T00:18:19.073+0000] {logging_mixin.py:190} INFO - [2024-12-05T00:18:19.072+0000] {dagbag.py:588} INFO - Filling up the DagBag from /home/airflow/.local/lib/python3.12/site-packages/airflow/example_dags/example_task_group.py
[2024-12-05T00:18:19.154+0000] {processor.py:925} INFO - DAG(s) 'example_task_group' retrieved from /home/airflow/.local/lib/python3.12/site-packages/airflow/example_dags/example_task_group.py
[2024-12-05T00:18:19.279+0000] {logging_mixin.py:190} INFO - [2024-12-05T00:18:19.278+0000] {dag.py:3239} INFO - Sync 1 DAGs
[2024-12-05T00:18:19.423+0000] {logging_mixin.py:190} INFO - [2024-12-05T00:18:19.422+0000] {dag.py:4180} INFO - Setting next_dagrun for example_task_group to None, run_after=None
[2024-12-05T00:18:19.750+0000] {processor.py:208} INFO - Processing /home/airflow/.local/lib/python3.12/site-packages/airflow/example_dags/example_task_group.py took 0.832 seconds
[2024-12-05T00:19:11.119+0000] {processor.py:186} INFO - Started process (PID=1042) to work on /home/airflow/.local/lib/python3.12/site-packages/airflow/example_dags/example_task_group.py
[2024-12-05T00:19:11.130+0000] {processor.py:914} INFO - Processing file /home/airflow/.local/lib/python3.12/site-packages/airflow/example_dags/example_task_group.py for tasks to queue
[2024-12-05T00:19:11.139+0000] {logging_mixin.py:190} INFO - [2024-12-05T00:19:11.138+0000] {dagbag.py:588} INFO - Filling up the DagBag from /home/airflow/.local/lib/python3.12/site-packages/airflow/example_dags/example_task_group.py
[2024-12-05T00:19:11.184+0000] {processor.py:925} INFO - DAG(s) 'example_task_group' retrieved from /home/airflow/.local/lib/python3.12/site-packages/airflow/example_dags/example_task_group.py
[2024-12-05T00:19:11.288+0000] {logging_mixin.py:190} INFO - [2024-12-05T00:19:11.287+0000] {dag.py:3239} INFO - Sync 1 DAGs
[2024-12-05T00:19:11.422+0000] {logging_mixin.py:190} INFO - [2024-12-05T00:19:11.421+0000] {dag.py:4180} INFO - Setting next_dagrun for example_task_group to None, run_after=None
[2024-12-05T00:19:11.646+0000] {processor.py:208} INFO - Processing /home/airflow/.local/lib/python3.12/site-packages/airflow/example_dags/example_task_group.py took 0.560 seconds
[2024-12-05T00:20:04.895+0000] {processor.py:186} INFO - Started process (PID=1114) to work on /home/airflow/.local/lib/python3.12/site-packages/airflow/example_dags/example_task_group.py
[2024-12-05T00:20:04.906+0000] {processor.py:914} INFO - Processing file /home/airflow/.local/lib/python3.12/site-packages/airflow/example_dags/example_task_group.py for tasks to queue
[2024-12-05T00:20:04.937+0000] {logging_mixin.py:190} INFO - [2024-12-05T00:20:04.936+0000] {dagbag.py:588} INFO - Filling up the DagBag from /home/airflow/.local/lib/python3.12/site-packages/airflow/example_dags/example_task_group.py
[2024-12-05T00:20:05.008+0000] {processor.py:925} INFO - DAG(s) 'example_task_group' retrieved from /home/airflow/.local/lib/python3.12/site-packages/airflow/example_dags/example_task_group.py
[2024-12-05T00:20:05.222+0000] {logging_mixin.py:190} INFO - [2024-12-05T00:20:05.221+0000] {dag.py:3239} INFO - Sync 1 DAGs
[2024-12-05T00:20:05.379+0000] {logging_mixin.py:190} INFO - [2024-12-05T00:20:05.377+0000] {dag.py:4180} INFO - Setting next_dagrun for example_task_group to None, run_after=None
[2024-12-05T00:20:05.509+0000] {processor.py:208} INFO - Processing /home/airflow/.local/lib/python3.12/site-packages/airflow/example_dags/example_task_group.py took 0.644 seconds
[2024-12-05T00:20:58.185+0000] {processor.py:186} INFO - Started process (PID=1195) to work on /home/airflow/.local/lib/python3.12/site-packages/airflow/example_dags/example_task_group.py
[2024-12-05T00:20:58.199+0000] {processor.py:914} INFO - Processing file /home/airflow/.local/lib/python3.12/site-packages/airflow/example_dags/example_task_group.py for tasks to queue
[2024-12-05T00:20:58.206+0000] {logging_mixin.py:190} INFO - [2024-12-05T00:20:58.205+0000] {dagbag.py:588} INFO - Filling up the DagBag from /home/airflow/.local/lib/python3.12/site-packages/airflow/example_dags/example_task_group.py
[2024-12-05T00:20:58.242+0000] {processor.py:925} INFO - DAG(s) 'example_task_group' retrieved from /home/airflow/.local/lib/python3.12/site-packages/airflow/example_dags/example_task_group.py
[2024-12-05T00:20:58.436+0000] {logging_mixin.py:190} INFO - [2024-12-05T00:20:58.429+0000] {dag.py:3239} INFO - Sync 1 DAGs
[2024-12-05T00:20:58.569+0000] {logging_mixin.py:190} INFO - [2024-12-05T00:20:58.568+0000] {dag.py:4180} INFO - Setting next_dagrun for example_task_group to None, run_after=None
[2024-12-05T00:20:58.756+0000] {processor.py:208} INFO - Processing /home/airflow/.local/lib/python3.12/site-packages/airflow/example_dags/example_task_group.py took 0.603 seconds
[2024-12-05T00:21:49.486+0000] {processor.py:186} INFO - Started process (PID=1260) to work on /home/airflow/.local/lib/python3.12/site-packages/airflow/example_dags/example_task_group.py
[2024-12-05T00:21:49.506+0000] {processor.py:914} INFO - Processing file /home/airflow/.local/lib/python3.12/site-packages/airflow/example_dags/example_task_group.py for tasks to queue
[2024-12-05T00:21:49.525+0000] {logging_mixin.py:190} INFO - [2024-12-05T00:21:49.523+0000] {dagbag.py:588} INFO - Filling up the DagBag from /home/airflow/.local/lib/python3.12/site-packages/airflow/example_dags/example_task_group.py
[2024-12-05T00:21:49.608+0000] {processor.py:925} INFO - DAG(s) 'example_task_group' retrieved from /home/airflow/.local/lib/python3.12/site-packages/airflow/example_dags/example_task_group.py
[2024-12-05T00:21:49.886+0000] {logging_mixin.py:190} INFO - [2024-12-05T00:21:49.885+0000] {dag.py:3239} INFO - Sync 1 DAGs
[2024-12-05T00:21:50.018+0000] {logging_mixin.py:190} INFO - [2024-12-05T00:21:50.017+0000] {dag.py:4180} INFO - Setting next_dagrun for example_task_group to None, run_after=None
[2024-12-05T00:21:50.179+0000] {processor.py:208} INFO - Processing /home/airflow/.local/lib/python3.12/site-packages/airflow/example_dags/example_task_group.py took 0.746 seconds
[2024-12-05T00:22:44.728+0000] {processor.py:186} INFO - Started process (PID=1355) to work on /home/airflow/.local/lib/python3.12/site-packages/airflow/example_dags/example_task_group.py
[2024-12-05T00:22:44.733+0000] {processor.py:914} INFO - Processing file /home/airflow/.local/lib/python3.12/site-packages/airflow/example_dags/example_task_group.py for tasks to queue
[2024-12-05T00:22:44.756+0000] {logging_mixin.py:190} INFO - [2024-12-05T00:22:44.755+0000] {dagbag.py:588} INFO - Filling up the DagBag from /home/airflow/.local/lib/python3.12/site-packages/airflow/example_dags/example_task_group.py
[2024-12-05T00:22:44.789+0000] {processor.py:925} INFO - DAG(s) 'example_task_group' retrieved from /home/airflow/.local/lib/python3.12/site-packages/airflow/example_dags/example_task_group.py
[2024-12-05T00:22:44.886+0000] {logging_mixin.py:190} INFO - [2024-12-05T00:22:44.885+0000] {dag.py:3239} INFO - Sync 1 DAGs
[2024-12-05T00:22:44.958+0000] {logging_mixin.py:190} INFO - [2024-12-05T00:22:44.957+0000] {dag.py:4180} INFO - Setting next_dagrun for example_task_group to None, run_after=None
[2024-12-05T00:22:45.061+0000] {processor.py:208} INFO - Processing /home/airflow/.local/lib/python3.12/site-packages/airflow/example_dags/example_task_group.py took 0.392 seconds
[2024-12-05T00:23:33.675+0000] {processor.py:186} INFO - Started process (PID=1410) to work on /home/airflow/.local/lib/python3.12/site-packages/airflow/example_dags/example_task_group.py
[2024-12-05T00:23:33.705+0000] {processor.py:914} INFO - Processing file /home/airflow/.local/lib/python3.12/site-packages/airflow/example_dags/example_task_group.py for tasks to queue
[2024-12-05T00:23:33.829+0000] {logging_mixin.py:190} INFO - [2024-12-05T00:23:33.828+0000] {dagbag.py:588} INFO - Filling up the DagBag from /home/airflow/.local/lib/python3.12/site-packages/airflow/example_dags/example_task_group.py
[2024-12-05T00:23:33.984+0000] {processor.py:925} INFO - DAG(s) 'example_task_group' retrieved from /home/airflow/.local/lib/python3.12/site-packages/airflow/example_dags/example_task_group.py
[2024-12-05T00:23:34.246+0000] {logging_mixin.py:190} INFO - [2024-12-05T00:23:34.245+0000] {dag.py:3239} INFO - Sync 1 DAGs
[2024-12-05T00:23:34.456+0000] {logging_mixin.py:190} INFO - [2024-12-05T00:23:34.455+0000] {dag.py:4180} INFO - Setting next_dagrun for example_task_group to None, run_after=None
[2024-12-05T00:23:34.619+0000] {processor.py:208} INFO - Processing /home/airflow/.local/lib/python3.12/site-packages/airflow/example_dags/example_task_group.py took 0.996 seconds
