[2024-12-05T00:00:09.708+0000] {processor.py:186} INFO - Started process (PID=351) to work on /home/airflow/.local/lib/python3.12/site-packages/airflow/example_dags/example_subdag_operator.py
[2024-12-05T00:00:09.720+0000] {processor.py:914} INFO - Processing file /home/airflow/.local/lib/python3.12/site-packages/airflow/example_dags/example_subdag_operator.py for tasks to queue
[2024-12-05T00:00:09.724+0000] {logging_mixin.py:190} INFO - [2024-12-05T00:00:09.723+0000] {dagbag.py:588} INFO - Filling up the DagBag from /home/airflow/.local/lib/python3.12/site-packages/airflow/example_dags/example_subdag_operator.py
[2024-12-05T00:00:09.875+0000] {processor.py:925} INFO - DAG(s) 'example_subdag_operator.section-1', 'example_subdag_operator.section-2', 'example_subdag_operator' retrieved from /home/airflow/.local/lib/python3.12/site-packages/airflow/example_dags/example_subdag_operator.py
[2024-12-05T00:00:10.004+0000] {logging_mixin.py:190} INFO - [2024-12-05T00:00:10.002+0000] {dag.py:3239} INFO - Sync 3 DAGs
[2024-12-05T00:00:10.203+0000] {logging_mixin.py:190} INFO - [2024-12-05T00:00:10.202+0000] {dag.py:4180} INFO - Setting next_dagrun for example_subdag_operator to 2022-01-01 00:00:00+00:00, run_after=2022-01-01 00:00:00+00:00
[2024-12-05T00:00:10.221+0000] {logging_mixin.py:190} INFO - [2024-12-05T00:00:10.221+0000] {dag.py:4180} INFO - Setting next_dagrun for example_subdag_operator.section-1 to None, run_after=None
[2024-12-05T00:00:10.236+0000] {logging_mixin.py:190} INFO - [2024-12-05T00:00:10.234+0000] {dag.py:4180} INFO - Setting next_dagrun for example_subdag_operator.section-2 to None, run_after=None
[2024-12-05T00:00:10.295+0000] {logging_mixin.py:190} INFO - [2024-12-05T00:00:10.293+0000] {dag.py:3239} INFO - Sync 2 DAGs
[2024-12-05T00:00:10.375+0000] {logging_mixin.py:190} INFO - [2024-12-05T00:00:10.374+0000] {dag.py:4180} INFO - Setting next_dagrun for example_subdag_operator.section-1 to None, run_after=None
[2024-12-05T00:00:10.388+0000] {logging_mixin.py:190} INFO - [2024-12-05T00:00:10.387+0000] {dag.py:4180} INFO - Setting next_dagrun for example_subdag_operator.section-2 to None, run_after=None
[2024-12-05T00:00:10.472+0000] {processor.py:208} INFO - Processing /home/airflow/.local/lib/python3.12/site-packages/airflow/example_dags/example_subdag_operator.py took 0.800 seconds
[2024-12-05T00:10:00.035+0000] {processor.py:186} INFO - Started process (PID=249) to work on /home/airflow/.local/lib/python3.12/site-packages/airflow/example_dags/example_subdag_operator.py
[2024-12-05T00:10:00.040+0000] {processor.py:914} INFO - Processing file /home/airflow/.local/lib/python3.12/site-packages/airflow/example_dags/example_subdag_operator.py for tasks to queue
[2024-12-05T00:10:00.051+0000] {logging_mixin.py:190} INFO - [2024-12-05T00:10:00.051+0000] {dagbag.py:588} INFO - Filling up the DagBag from /home/airflow/.local/lib/python3.12/site-packages/airflow/example_dags/example_subdag_operator.py
[2024-12-05T00:10:00.187+0000] {processor.py:925} INFO - DAG(s) 'example_subdag_operator.section-1', 'example_subdag_operator.section-2', 'example_subdag_operator' retrieved from /home/airflow/.local/lib/python3.12/site-packages/airflow/example_dags/example_subdag_operator.py
[2024-12-05T00:10:00.299+0000] {logging_mixin.py:190} INFO - [2024-12-05T00:10:00.299+0000] {dag.py:3239} INFO - Sync 3 DAGs
[2024-12-05T00:10:00.481+0000] {logging_mixin.py:190} INFO - [2024-12-05T00:10:00.481+0000] {dag.py:4180} INFO - Setting next_dagrun for example_subdag_operator to 2022-01-01 00:00:00+00:00, run_after=2022-01-01 00:00:00+00:00
[2024-12-05T00:10:00.511+0000] {logging_mixin.py:190} INFO - [2024-12-05T00:10:00.511+0000] {dag.py:4180} INFO - Setting next_dagrun for example_subdag_operator.section-1 to None, run_after=None
[2024-12-05T00:10:00.519+0000] {logging_mixin.py:190} INFO - [2024-12-05T00:10:00.518+0000] {dag.py:4180} INFO - Setting next_dagrun for example_subdag_operator.section-2 to None, run_after=None
[2024-12-05T00:10:00.588+0000] {logging_mixin.py:190} INFO - [2024-12-05T00:10:00.587+0000] {dag.py:3239} INFO - Sync 2 DAGs
[2024-12-05T00:10:00.648+0000] {logging_mixin.py:190} INFO - [2024-12-05T00:10:00.648+0000] {dag.py:4180} INFO - Setting next_dagrun for example_subdag_operator.section-1 to None, run_after=None
[2024-12-05T00:10:00.658+0000] {logging_mixin.py:190} INFO - [2024-12-05T00:10:00.657+0000] {dag.py:4180} INFO - Setting next_dagrun for example_subdag_operator.section-2 to None, run_after=None
[2024-12-05T00:10:00.736+0000] {processor.py:208} INFO - Processing /home/airflow/.local/lib/python3.12/site-packages/airflow/example_dags/example_subdag_operator.py took 0.746 seconds
[2024-12-05T00:10:45.282+0000] {processor.py:186} INFO - Started process (PID=320) to work on /home/airflow/.local/lib/python3.12/site-packages/airflow/example_dags/example_subdag_operator.py
[2024-12-05T00:10:45.377+0000] {processor.py:914} INFO - Processing file /home/airflow/.local/lib/python3.12/site-packages/airflow/example_dags/example_subdag_operator.py for tasks to queue
[2024-12-05T00:10:45.395+0000] {logging_mixin.py:190} INFO - [2024-12-05T00:10:45.394+0000] {dagbag.py:588} INFO - Filling up the DagBag from /home/airflow/.local/lib/python3.12/site-packages/airflow/example_dags/example_subdag_operator.py
[2024-12-05T00:10:45.580+0000] {processor.py:925} INFO - DAG(s) 'example_subdag_operator.section-1', 'example_subdag_operator.section-2', 'example_subdag_operator' retrieved from /home/airflow/.local/lib/python3.12/site-packages/airflow/example_dags/example_subdag_operator.py
[2024-12-05T00:10:45.778+0000] {logging_mixin.py:190} INFO - [2024-12-05T00:10:45.778+0000] {dag.py:3239} INFO - Sync 3 DAGs
[2024-12-05T00:10:45.964+0000] {logging_mixin.py:190} INFO - [2024-12-05T00:10:45.962+0000] {dag.py:4180} INFO - Setting next_dagrun for example_subdag_operator to 2022-01-01 00:00:00+00:00, run_after=2022-01-01 00:00:00+00:00
[2024-12-05T00:10:45.999+0000] {logging_mixin.py:190} INFO - [2024-12-05T00:10:45.999+0000] {dag.py:4180} INFO - Setting next_dagrun for example_subdag_operator.section-1 to None, run_after=None
[2024-12-05T00:10:46.006+0000] {logging_mixin.py:190} INFO - [2024-12-05T00:10:46.005+0000] {dag.py:4180} INFO - Setting next_dagrun for example_subdag_operator.section-2 to None, run_after=None
[2024-12-05T00:10:46.051+0000] {logging_mixin.py:190} INFO - [2024-12-05T00:10:46.050+0000] {dag.py:3239} INFO - Sync 2 DAGs
[2024-12-05T00:10:46.097+0000] {logging_mixin.py:190} INFO - [2024-12-05T00:10:46.096+0000] {dag.py:4180} INFO - Setting next_dagrun for example_subdag_operator.section-1 to None, run_after=None
[2024-12-05T00:10:46.107+0000] {logging_mixin.py:190} INFO - [2024-12-05T00:10:46.107+0000] {dag.py:4180} INFO - Setting next_dagrun for example_subdag_operator.section-2 to None, run_after=None
[2024-12-05T00:10:46.246+0000] {processor.py:208} INFO - Processing /home/airflow/.local/lib/python3.12/site-packages/airflow/example_dags/example_subdag_operator.py took 1.045 seconds
[2024-12-05T00:11:44.733+0000] {processor.py:186} INFO - Started process (PID=414) to work on /home/airflow/.local/lib/python3.12/site-packages/airflow/example_dags/example_subdag_operator.py
[2024-12-05T00:11:44.735+0000] {processor.py:914} INFO - Processing file /home/airflow/.local/lib/python3.12/site-packages/airflow/example_dags/example_subdag_operator.py for tasks to queue
[2024-12-05T00:11:44.745+0000] {logging_mixin.py:190} INFO - [2024-12-05T00:11:44.744+0000] {dagbag.py:588} INFO - Filling up the DagBag from /home/airflow/.local/lib/python3.12/site-packages/airflow/example_dags/example_subdag_operator.py
[2024-12-05T00:11:44.936+0000] {processor.py:925} INFO - DAG(s) 'example_subdag_operator.section-1', 'example_subdag_operator.section-2', 'example_subdag_operator' retrieved from /home/airflow/.local/lib/python3.12/site-packages/airflow/example_dags/example_subdag_operator.py
[2024-12-05T00:11:45.188+0000] {logging_mixin.py:190} INFO - [2024-12-05T00:11:45.187+0000] {dag.py:3239} INFO - Sync 3 DAGs
[2024-12-05T00:11:45.433+0000] {logging_mixin.py:190} INFO - [2024-12-05T00:11:45.431+0000] {dag.py:4180} INFO - Setting next_dagrun for example_subdag_operator to 2022-01-01 00:00:00+00:00, run_after=2022-01-01 00:00:00+00:00
[2024-12-05T00:11:45.445+0000] {logging_mixin.py:190} INFO - [2024-12-05T00:11:45.444+0000] {dag.py:4180} INFO - Setting next_dagrun for example_subdag_operator.section-1 to None, run_after=None
[2024-12-05T00:11:45.457+0000] {logging_mixin.py:190} INFO - [2024-12-05T00:11:45.457+0000] {dag.py:4180} INFO - Setting next_dagrun for example_subdag_operator.section-2 to None, run_after=None
[2024-12-05T00:11:45.495+0000] {logging_mixin.py:190} INFO - [2024-12-05T00:11:45.494+0000] {dag.py:3239} INFO - Sync 2 DAGs
[2024-12-05T00:11:45.516+0000] {logging_mixin.py:190} INFO - [2024-12-05T00:11:45.515+0000] {dag.py:4180} INFO - Setting next_dagrun for example_subdag_operator.section-1 to None, run_after=None
[2024-12-05T00:11:45.517+0000] {logging_mixin.py:190} INFO - [2024-12-05T00:11:45.517+0000] {dag.py:4180} INFO - Setting next_dagrun for example_subdag_operator.section-2 to None, run_after=None
[2024-12-05T00:11:45.660+0000] {processor.py:208} INFO - Processing /home/airflow/.local/lib/python3.12/site-packages/airflow/example_dags/example_subdag_operator.py took 0.954 seconds
[2024-12-05T00:12:52.637+0000] {processor.py:186} INFO - Started process (PID=505) to work on /home/airflow/.local/lib/python3.12/site-packages/airflow/example_dags/example_subdag_operator.py
[2024-12-05T00:12:52.645+0000] {processor.py:914} INFO - Processing file /home/airflow/.local/lib/python3.12/site-packages/airflow/example_dags/example_subdag_operator.py for tasks to queue
[2024-12-05T00:12:52.651+0000] {logging_mixin.py:190} INFO - [2024-12-05T00:12:52.650+0000] {dagbag.py:588} INFO - Filling up the DagBag from /home/airflow/.local/lib/python3.12/site-packages/airflow/example_dags/example_subdag_operator.py
[2024-12-05T00:12:52.832+0000] {processor.py:925} INFO - DAG(s) 'example_subdag_operator.section-1', 'example_subdag_operator.section-2', 'example_subdag_operator' retrieved from /home/airflow/.local/lib/python3.12/site-packages/airflow/example_dags/example_subdag_operator.py
[2024-12-05T00:12:53.003+0000] {logging_mixin.py:190} INFO - [2024-12-05T00:12:53.002+0000] {dag.py:3239} INFO - Sync 3 DAGs
[2024-12-05T00:12:53.232+0000] {logging_mixin.py:190} INFO - [2024-12-05T00:12:53.232+0000] {dag.py:4180} INFO - Setting next_dagrun for example_subdag_operator to 2022-01-01 00:00:00+00:00, run_after=2022-01-01 00:00:00+00:00
[2024-12-05T00:12:53.256+0000] {logging_mixin.py:190} INFO - [2024-12-05T00:12:53.255+0000] {dag.py:4180} INFO - Setting next_dagrun for example_subdag_operator.section-1 to None, run_after=None
[2024-12-05T00:12:53.277+0000] {logging_mixin.py:190} INFO - [2024-12-05T00:12:53.277+0000] {dag.py:4180} INFO - Setting next_dagrun for example_subdag_operator.section-2 to None, run_after=None
[2024-12-05T00:12:53.316+0000] {logging_mixin.py:190} INFO - [2024-12-05T00:12:53.315+0000] {dag.py:3239} INFO - Sync 2 DAGs
[2024-12-05T00:12:53.335+0000] {logging_mixin.py:190} INFO - [2024-12-05T00:12:53.334+0000] {dag.py:4180} INFO - Setting next_dagrun for example_subdag_operator.section-1 to None, run_after=None
[2024-12-05T00:12:53.347+0000] {logging_mixin.py:190} INFO - [2024-12-05T00:12:53.347+0000] {dag.py:4180} INFO - Setting next_dagrun for example_subdag_operator.section-2 to None, run_after=None
[2024-12-05T00:12:53.405+0000] {processor.py:208} INFO - Processing /home/airflow/.local/lib/python3.12/site-packages/airflow/example_dags/example_subdag_operator.py took 0.789 seconds
[2024-12-05T00:13:53.337+0000] {processor.py:186} INFO - Started process (PID=592) to work on /home/airflow/.local/lib/python3.12/site-packages/airflow/example_dags/example_subdag_operator.py
[2024-12-05T00:13:53.356+0000] {processor.py:914} INFO - Processing file /home/airflow/.local/lib/python3.12/site-packages/airflow/example_dags/example_subdag_operator.py for tasks to queue
[2024-12-05T00:13:53.397+0000] {logging_mixin.py:190} INFO - [2024-12-05T00:13:53.382+0000] {dagbag.py:588} INFO - Filling up the DagBag from /home/airflow/.local/lib/python3.12/site-packages/airflow/example_dags/example_subdag_operator.py
[2024-12-05T00:13:53.715+0000] {processor.py:925} INFO - DAG(s) 'example_subdag_operator.section-1', 'example_subdag_operator.section-2', 'example_subdag_operator' retrieved from /home/airflow/.local/lib/python3.12/site-packages/airflow/example_dags/example_subdag_operator.py
[2024-12-05T00:13:53.893+0000] {logging_mixin.py:190} INFO - [2024-12-05T00:13:53.892+0000] {dag.py:3239} INFO - Sync 3 DAGs
[2024-12-05T00:13:54.343+0000] {logging_mixin.py:190} INFO - [2024-12-05T00:13:54.342+0000] {dag.py:4180} INFO - Setting next_dagrun for example_subdag_operator to 2022-01-01 00:00:00+00:00, run_after=2022-01-01 00:00:00+00:00
[2024-12-05T00:13:54.398+0000] {logging_mixin.py:190} INFO - [2024-12-05T00:13:54.397+0000] {dag.py:4180} INFO - Setting next_dagrun for example_subdag_operator.section-1 to None, run_after=None
[2024-12-05T00:13:54.404+0000] {logging_mixin.py:190} INFO - [2024-12-05T00:13:54.404+0000] {dag.py:4180} INFO - Setting next_dagrun for example_subdag_operator.section-2 to None, run_after=None
[2024-12-05T00:13:54.491+0000] {logging_mixin.py:190} INFO - [2024-12-05T00:13:54.478+0000] {dag.py:3239} INFO - Sync 2 DAGs
[2024-12-05T00:13:54.566+0000] {logging_mixin.py:190} INFO - [2024-12-05T00:13:54.566+0000] {dag.py:4180} INFO - Setting next_dagrun for example_subdag_operator.section-1 to None, run_after=None
[2024-12-05T00:13:54.568+0000] {logging_mixin.py:190} INFO - [2024-12-05T00:13:54.567+0000] {dag.py:4180} INFO - Setting next_dagrun for example_subdag_operator.section-2 to None, run_after=None
[2024-12-05T00:13:54.672+0000] {processor.py:208} INFO - Processing /home/airflow/.local/lib/python3.12/site-packages/airflow/example_dags/example_subdag_operator.py took 1.539 seconds
[2024-12-05T00:14:47.693+0000] {processor.py:186} INFO - Started process (PID=660) to work on /home/airflow/.local/lib/python3.12/site-packages/airflow/example_dags/example_subdag_operator.py
[2024-12-05T00:14:47.695+0000] {processor.py:914} INFO - Processing file /home/airflow/.local/lib/python3.12/site-packages/airflow/example_dags/example_subdag_operator.py for tasks to queue
[2024-12-05T00:14:47.702+0000] {logging_mixin.py:190} INFO - [2024-12-05T00:14:47.700+0000] {dagbag.py:588} INFO - Filling up the DagBag from /home/airflow/.local/lib/python3.12/site-packages/airflow/example_dags/example_subdag_operator.py
[2024-12-05T00:14:47.803+0000] {processor.py:925} INFO - DAG(s) 'example_subdag_operator.section-1', 'example_subdag_operator.section-2', 'example_subdag_operator' retrieved from /home/airflow/.local/lib/python3.12/site-packages/airflow/example_dags/example_subdag_operator.py
[2024-12-05T00:14:47.867+0000] {logging_mixin.py:190} INFO - [2024-12-05T00:14:47.867+0000] {dag.py:3239} INFO - Sync 3 DAGs
[2024-12-05T00:14:48.035+0000] {logging_mixin.py:190} INFO - [2024-12-05T00:14:48.034+0000] {dag.py:4180} INFO - Setting next_dagrun for example_subdag_operator to 2022-01-01 00:00:00+00:00, run_after=2022-01-01 00:00:00+00:00
[2024-12-05T00:14:48.071+0000] {logging_mixin.py:190} INFO - [2024-12-05T00:14:48.070+0000] {dag.py:4180} INFO - Setting next_dagrun for example_subdag_operator.section-1 to None, run_after=None
[2024-12-05T00:14:48.090+0000] {logging_mixin.py:190} INFO - [2024-12-05T00:14:48.090+0000] {dag.py:4180} INFO - Setting next_dagrun for example_subdag_operator.section-2 to None, run_after=None
[2024-12-05T00:14:48.256+0000] {logging_mixin.py:190} INFO - [2024-12-05T00:14:48.256+0000] {dag.py:3239} INFO - Sync 2 DAGs
[2024-12-05T00:14:48.399+0000] {logging_mixin.py:190} INFO - [2024-12-05T00:14:48.399+0000] {dag.py:4180} INFO - Setting next_dagrun for example_subdag_operator.section-1 to None, run_after=None
[2024-12-05T00:14:48.431+0000] {logging_mixin.py:190} INFO - [2024-12-05T00:14:48.424+0000] {dag.py:4180} INFO - Setting next_dagrun for example_subdag_operator.section-2 to None, run_after=None
[2024-12-05T00:14:48.841+0000] {processor.py:208} INFO - Processing /home/airflow/.local/lib/python3.12/site-packages/airflow/example_dags/example_subdag_operator.py took 1.182 seconds
[2024-12-05T00:15:32.207+0000] {processor.py:186} INFO - Started process (PID=757) to work on /home/airflow/.local/lib/python3.12/site-packages/airflow/example_dags/example_subdag_operator.py
[2024-12-05T00:15:32.212+0000] {processor.py:914} INFO - Processing file /home/airflow/.local/lib/python3.12/site-packages/airflow/example_dags/example_subdag_operator.py for tasks to queue
[2024-12-05T00:15:32.218+0000] {logging_mixin.py:190} INFO - [2024-12-05T00:15:32.218+0000] {dagbag.py:588} INFO - Filling up the DagBag from /home/airflow/.local/lib/python3.12/site-packages/airflow/example_dags/example_subdag_operator.py
[2024-12-05T00:15:32.355+0000] {processor.py:925} INFO - DAG(s) 'example_subdag_operator.section-1', 'example_subdag_operator.section-2', 'example_subdag_operator' retrieved from /home/airflow/.local/lib/python3.12/site-packages/airflow/example_dags/example_subdag_operator.py
[2024-12-05T00:15:32.433+0000] {logging_mixin.py:190} INFO - [2024-12-05T00:15:32.432+0000] {dag.py:3239} INFO - Sync 3 DAGs
[2024-12-05T00:15:32.588+0000] {logging_mixin.py:190} INFO - [2024-12-05T00:15:32.571+0000] {dag.py:4180} INFO - Setting next_dagrun for example_subdag_operator to 2022-01-01 00:00:00+00:00, run_after=2022-01-01 00:00:00+00:00
[2024-12-05T00:15:32.612+0000] {logging_mixin.py:190} INFO - [2024-12-05T00:15:32.612+0000] {dag.py:4180} INFO - Setting next_dagrun for example_subdag_operator.section-1 to None, run_after=None
[2024-12-05T00:15:32.629+0000] {logging_mixin.py:190} INFO - [2024-12-05T00:15:32.628+0000] {dag.py:4180} INFO - Setting next_dagrun for example_subdag_operator.section-2 to None, run_after=None
[2024-12-05T00:15:32.733+0000] {logging_mixin.py:190} INFO - [2024-12-05T00:15:32.732+0000] {dag.py:3239} INFO - Sync 2 DAGs
[2024-12-05T00:15:32.783+0000] {logging_mixin.py:190} INFO - [2024-12-05T00:15:32.782+0000] {dag.py:4180} INFO - Setting next_dagrun for example_subdag_operator.section-1 to None, run_after=None
[2024-12-05T00:15:32.787+0000] {logging_mixin.py:190} INFO - [2024-12-05T00:15:32.786+0000] {dag.py:4180} INFO - Setting next_dagrun for example_subdag_operator.section-2 to None, run_after=None
[2024-12-05T00:15:32.867+0000] {processor.py:208} INFO - Processing /home/airflow/.local/lib/python3.12/site-packages/airflow/example_dags/example_subdag_operator.py took 0.685 seconds
[2024-12-05T00:16:30.964+0000] {processor.py:186} INFO - Started process (PID=830) to work on /home/airflow/.local/lib/python3.12/site-packages/airflow/example_dags/example_subdag_operator.py
[2024-12-05T00:16:30.968+0000] {processor.py:914} INFO - Processing file /home/airflow/.local/lib/python3.12/site-packages/airflow/example_dags/example_subdag_operator.py for tasks to queue
[2024-12-05T00:16:30.981+0000] {logging_mixin.py:190} INFO - [2024-12-05T00:16:30.978+0000] {dagbag.py:588} INFO - Filling up the DagBag from /home/airflow/.local/lib/python3.12/site-packages/airflow/example_dags/example_subdag_operator.py
[2024-12-05T00:16:31.188+0000] {processor.py:925} INFO - DAG(s) 'example_subdag_operator.section-1', 'example_subdag_operator.section-2', 'example_subdag_operator' retrieved from /home/airflow/.local/lib/python3.12/site-packages/airflow/example_dags/example_subdag_operator.py
[2024-12-05T00:16:31.333+0000] {logging_mixin.py:190} INFO - [2024-12-05T00:16:31.332+0000] {dag.py:3239} INFO - Sync 3 DAGs
[2024-12-05T00:16:31.567+0000] {logging_mixin.py:190} INFO - [2024-12-05T00:16:31.567+0000] {dag.py:4180} INFO - Setting next_dagrun for example_subdag_operator to 2022-01-01 00:00:00+00:00, run_after=2022-01-01 00:00:00+00:00
[2024-12-05T00:16:31.603+0000] {logging_mixin.py:190} INFO - [2024-12-05T00:16:31.602+0000] {dag.py:4180} INFO - Setting next_dagrun for example_subdag_operator.section-1 to None, run_after=None
[2024-12-05T00:16:31.624+0000] {logging_mixin.py:190} INFO - [2024-12-05T00:16:31.622+0000] {dag.py:4180} INFO - Setting next_dagrun for example_subdag_operator.section-2 to None, run_after=None
[2024-12-05T00:16:31.761+0000] {logging_mixin.py:190} INFO - [2024-12-05T00:16:31.730+0000] {dag.py:3239} INFO - Sync 2 DAGs
[2024-12-05T00:16:31.822+0000] {logging_mixin.py:190} INFO - [2024-12-05T00:16:31.821+0000] {dag.py:4180} INFO - Setting next_dagrun for example_subdag_operator.section-1 to None, run_after=None
[2024-12-05T00:16:31.832+0000] {logging_mixin.py:190} INFO - [2024-12-05T00:16:31.832+0000] {dag.py:4180} INFO - Setting next_dagrun for example_subdag_operator.section-2 to None, run_after=None
[2024-12-05T00:16:31.926+0000] {processor.py:208} INFO - Processing /home/airflow/.local/lib/python3.12/site-packages/airflow/example_dags/example_subdag_operator.py took 1.019 seconds
[2024-12-05T00:17:39.465+0000] {processor.py:186} INFO - Started process (PID=927) to work on /home/airflow/.local/lib/python3.12/site-packages/airflow/example_dags/example_subdag_operator.py
[2024-12-05T00:17:39.475+0000] {processor.py:914} INFO - Processing file /home/airflow/.local/lib/python3.12/site-packages/airflow/example_dags/example_subdag_operator.py for tasks to queue
[2024-12-05T00:17:39.508+0000] {logging_mixin.py:190} INFO - [2024-12-05T00:17:39.507+0000] {dagbag.py:588} INFO - Filling up the DagBag from /home/airflow/.local/lib/python3.12/site-packages/airflow/example_dags/example_subdag_operator.py
[2024-12-05T00:17:40.007+0000] {processor.py:925} INFO - DAG(s) 'example_subdag_operator.section-1', 'example_subdag_operator.section-2', 'example_subdag_operator' retrieved from /home/airflow/.local/lib/python3.12/site-packages/airflow/example_dags/example_subdag_operator.py
[2024-12-05T00:17:40.385+0000] {logging_mixin.py:190} INFO - [2024-12-05T00:17:40.384+0000] {dag.py:3239} INFO - Sync 3 DAGs
[2024-12-05T00:17:40.885+0000] {logging_mixin.py:190} INFO - [2024-12-05T00:17:40.884+0000] {dag.py:4180} INFO - Setting next_dagrun for example_subdag_operator to 2022-01-01 00:00:00+00:00, run_after=2022-01-01 00:00:00+00:00
[2024-12-05T00:17:40.993+0000] {logging_mixin.py:190} INFO - [2024-12-05T00:17:40.993+0000] {dag.py:4180} INFO - Setting next_dagrun for example_subdag_operator.section-1 to None, run_after=None
[2024-12-05T00:17:41.069+0000] {logging_mixin.py:190} INFO - [2024-12-05T00:17:41.069+0000] {dag.py:4180} INFO - Setting next_dagrun for example_subdag_operator.section-2 to None, run_after=None
[2024-12-05T00:17:41.314+0000] {logging_mixin.py:190} INFO - [2024-12-05T00:17:41.313+0000] {dag.py:3239} INFO - Sync 2 DAGs
[2024-12-05T00:17:41.412+0000] {logging_mixin.py:190} INFO - [2024-12-05T00:17:41.412+0000] {dag.py:4180} INFO - Setting next_dagrun for example_subdag_operator.section-1 to None, run_after=None
[2024-12-05T00:17:41.464+0000] {logging_mixin.py:190} INFO - [2024-12-05T00:17:41.463+0000] {dag.py:4180} INFO - Setting next_dagrun for example_subdag_operator.section-2 to None, run_after=None
[2024-12-05T00:17:41.625+0000] {processor.py:208} INFO - Processing /home/airflow/.local/lib/python3.12/site-packages/airflow/example_dags/example_subdag_operator.py took 2.340 seconds
[2024-12-05T00:18:50.082+0000] {processor.py:186} INFO - Started process (PID=1007) to work on /home/airflow/.local/lib/python3.12/site-packages/airflow/example_dags/example_subdag_operator.py
[2024-12-05T00:18:50.090+0000] {processor.py:914} INFO - Processing file /home/airflow/.local/lib/python3.12/site-packages/airflow/example_dags/example_subdag_operator.py for tasks to queue
[2024-12-05T00:18:50.096+0000] {logging_mixin.py:190} INFO - [2024-12-05T00:18:50.095+0000] {dagbag.py:588} INFO - Filling up the DagBag from /home/airflow/.local/lib/python3.12/site-packages/airflow/example_dags/example_subdag_operator.py
[2024-12-05T00:18:50.269+0000] {processor.py:925} INFO - DAG(s) 'example_subdag_operator.section-1', 'example_subdag_operator.section-2', 'example_subdag_operator' retrieved from /home/airflow/.local/lib/python3.12/site-packages/airflow/example_dags/example_subdag_operator.py
[2024-12-05T00:18:50.397+0000] {logging_mixin.py:190} INFO - [2024-12-05T00:18:50.397+0000] {dag.py:3239} INFO - Sync 3 DAGs
[2024-12-05T00:18:50.567+0000] {logging_mixin.py:190} INFO - [2024-12-05T00:18:50.566+0000] {dag.py:4180} INFO - Setting next_dagrun for example_subdag_operator to 2022-01-01 00:00:00+00:00, run_after=2022-01-01 00:00:00+00:00
[2024-12-05T00:18:50.582+0000] {logging_mixin.py:190} INFO - [2024-12-05T00:18:50.582+0000] {dag.py:4180} INFO - Setting next_dagrun for example_subdag_operator.section-1 to None, run_after=None
[2024-12-05T00:18:50.605+0000] {logging_mixin.py:190} INFO - [2024-12-05T00:18:50.605+0000] {dag.py:4180} INFO - Setting next_dagrun for example_subdag_operator.section-2 to None, run_after=None
[2024-12-05T00:18:50.645+0000] {logging_mixin.py:190} INFO - [2024-12-05T00:18:50.644+0000] {dag.py:3239} INFO - Sync 2 DAGs
[2024-12-05T00:18:50.701+0000] {logging_mixin.py:190} INFO - [2024-12-05T00:18:50.701+0000] {dag.py:4180} INFO - Setting next_dagrun for example_subdag_operator.section-1 to None, run_after=None
[2024-12-05T00:18:50.711+0000] {logging_mixin.py:190} INFO - [2024-12-05T00:18:50.710+0000] {dag.py:4180} INFO - Setting next_dagrun for example_subdag_operator.section-2 to None, run_after=None
[2024-12-05T00:18:50.799+0000] {processor.py:208} INFO - Processing /home/airflow/.local/lib/python3.12/site-packages/airflow/example_dags/example_subdag_operator.py took 0.736 seconds
[2024-12-05T00:19:47.392+0000] {processor.py:186} INFO - Started process (PID=1092) to work on /home/airflow/.local/lib/python3.12/site-packages/airflow/example_dags/example_subdag_operator.py
[2024-12-05T00:19:47.439+0000] {processor.py:914} INFO - Processing file /home/airflow/.local/lib/python3.12/site-packages/airflow/example_dags/example_subdag_operator.py for tasks to queue
[2024-12-05T00:19:47.480+0000] {logging_mixin.py:190} INFO - [2024-12-05T00:19:47.479+0000] {dagbag.py:588} INFO - Filling up the DagBag from /home/airflow/.local/lib/python3.12/site-packages/airflow/example_dags/example_subdag_operator.py
[2024-12-05T00:19:47.805+0000] {processor.py:925} INFO - DAG(s) 'example_subdag_operator.section-1', 'example_subdag_operator.section-2', 'example_subdag_operator' retrieved from /home/airflow/.local/lib/python3.12/site-packages/airflow/example_dags/example_subdag_operator.py
[2024-12-05T00:19:48.028+0000] {logging_mixin.py:190} INFO - [2024-12-05T00:19:48.027+0000] {dag.py:3239} INFO - Sync 3 DAGs
[2024-12-05T00:19:48.337+0000] {logging_mixin.py:190} INFO - [2024-12-05T00:19:48.336+0000] {dag.py:4180} INFO - Setting next_dagrun for example_subdag_operator to 2022-01-01 00:00:00+00:00, run_after=2022-01-01 00:00:00+00:00
[2024-12-05T00:19:48.382+0000] {logging_mixin.py:190} INFO - [2024-12-05T00:19:48.381+0000] {dag.py:4180} INFO - Setting next_dagrun for example_subdag_operator.section-1 to None, run_after=None
[2024-12-05T00:19:48.389+0000] {logging_mixin.py:190} INFO - [2024-12-05T00:19:48.389+0000] {dag.py:4180} INFO - Setting next_dagrun for example_subdag_operator.section-2 to None, run_after=None
[2024-12-05T00:19:48.431+0000] {logging_mixin.py:190} INFO - [2024-12-05T00:19:48.430+0000] {dag.py:3239} INFO - Sync 2 DAGs
[2024-12-05T00:19:48.476+0000] {logging_mixin.py:190} INFO - [2024-12-05T00:19:48.475+0000] {dag.py:4180} INFO - Setting next_dagrun for example_subdag_operator.section-1 to None, run_after=None
[2024-12-05T00:19:48.478+0000] {logging_mixin.py:190} INFO - [2024-12-05T00:19:48.478+0000] {dag.py:4180} INFO - Setting next_dagrun for example_subdag_operator.section-2 to None, run_after=None
[2024-12-05T00:19:48.637+0000] {processor.py:208} INFO - Processing /home/airflow/.local/lib/python3.12/site-packages/airflow/example_dags/example_subdag_operator.py took 1.404 seconds
[2024-12-05T00:20:42.541+0000] {processor.py:186} INFO - Started process (PID=1170) to work on /home/airflow/.local/lib/python3.12/site-packages/airflow/example_dags/example_subdag_operator.py
[2024-12-05T00:20:42.565+0000] {processor.py:914} INFO - Processing file /home/airflow/.local/lib/python3.12/site-packages/airflow/example_dags/example_subdag_operator.py for tasks to queue
[2024-12-05T00:20:42.615+0000] {logging_mixin.py:190} INFO - [2024-12-05T00:20:42.615+0000] {dagbag.py:588} INFO - Filling up the DagBag from /home/airflow/.local/lib/python3.12/site-packages/airflow/example_dags/example_subdag_operator.py
[2024-12-05T00:20:42.897+0000] {processor.py:925} INFO - DAG(s) 'example_subdag_operator.section-1', 'example_subdag_operator.section-2', 'example_subdag_operator' retrieved from /home/airflow/.local/lib/python3.12/site-packages/airflow/example_dags/example_subdag_operator.py
[2024-12-05T00:20:43.123+0000] {logging_mixin.py:190} INFO - [2024-12-05T00:20:43.122+0000] {dag.py:3239} INFO - Sync 3 DAGs
[2024-12-05T00:20:43.512+0000] {logging_mixin.py:190} INFO - [2024-12-05T00:20:43.511+0000] {dag.py:4180} INFO - Setting next_dagrun for example_subdag_operator to 2022-01-01 00:00:00+00:00, run_after=2022-01-01 00:00:00+00:00
[2024-12-05T00:20:43.588+0000] {logging_mixin.py:190} INFO - [2024-12-05T00:20:43.567+0000] {dag.py:4180} INFO - Setting next_dagrun for example_subdag_operator.section-1 to None, run_after=None
[2024-12-05T00:20:43.598+0000] {logging_mixin.py:190} INFO - [2024-12-05T00:20:43.597+0000] {dag.py:4180} INFO - Setting next_dagrun for example_subdag_operator.section-2 to None, run_after=None
[2024-12-05T00:20:43.653+0000] {logging_mixin.py:190} INFO - [2024-12-05T00:20:43.653+0000] {dag.py:3239} INFO - Sync 2 DAGs
[2024-12-05T00:20:43.710+0000] {logging_mixin.py:190} INFO - [2024-12-05T00:20:43.709+0000] {dag.py:4180} INFO - Setting next_dagrun for example_subdag_operator.section-1 to None, run_after=None
[2024-12-05T00:20:43.713+0000] {logging_mixin.py:190} INFO - [2024-12-05T00:20:43.712+0000] {dag.py:4180} INFO - Setting next_dagrun for example_subdag_operator.section-2 to None, run_after=None
[2024-12-05T00:20:43.819+0000] {processor.py:208} INFO - Processing /home/airflow/.local/lib/python3.12/site-packages/airflow/example_dags/example_subdag_operator.py took 1.323 seconds
[2024-12-05T00:21:32.954+0000] {processor.py:186} INFO - Started process (PID=1242) to work on /home/airflow/.local/lib/python3.12/site-packages/airflow/example_dags/example_subdag_operator.py
[2024-12-05T00:21:32.959+0000] {processor.py:914} INFO - Processing file /home/airflow/.local/lib/python3.12/site-packages/airflow/example_dags/example_subdag_operator.py for tasks to queue
[2024-12-05T00:21:32.976+0000] {logging_mixin.py:190} INFO - [2024-12-05T00:21:32.975+0000] {dagbag.py:588} INFO - Filling up the DagBag from /home/airflow/.local/lib/python3.12/site-packages/airflow/example_dags/example_subdag_operator.py
[2024-12-05T00:21:33.190+0000] {processor.py:925} INFO - DAG(s) 'example_subdag_operator.section-1', 'example_subdag_operator.section-2', 'example_subdag_operator' retrieved from /home/airflow/.local/lib/python3.12/site-packages/airflow/example_dags/example_subdag_operator.py
[2024-12-05T00:21:33.279+0000] {logging_mixin.py:190} INFO - [2024-12-05T00:21:33.278+0000] {dag.py:3239} INFO - Sync 3 DAGs
[2024-12-05T00:21:33.481+0000] {logging_mixin.py:190} INFO - [2024-12-05T00:21:33.480+0000] {dag.py:4180} INFO - Setting next_dagrun for example_subdag_operator to 2022-01-01 00:00:00+00:00, run_after=2022-01-01 00:00:00+00:00
[2024-12-05T00:21:33.513+0000] {logging_mixin.py:190} INFO - [2024-12-05T00:21:33.503+0000] {dag.py:4180} INFO - Setting next_dagrun for example_subdag_operator.section-1 to None, run_after=None
[2024-12-05T00:21:33.542+0000] {logging_mixin.py:190} INFO - [2024-12-05T00:21:33.541+0000] {dag.py:4180} INFO - Setting next_dagrun for example_subdag_operator.section-2 to None, run_after=None
[2024-12-05T00:21:33.656+0000] {logging_mixin.py:190} INFO - [2024-12-05T00:21:33.656+0000] {dag.py:3239} INFO - Sync 2 DAGs
[2024-12-05T00:21:33.753+0000] {logging_mixin.py:190} INFO - [2024-12-05T00:21:33.752+0000] {dag.py:4180} INFO - Setting next_dagrun for example_subdag_operator.section-1 to None, run_after=None
[2024-12-05T00:21:33.783+0000] {logging_mixin.py:190} INFO - [2024-12-05T00:21:33.781+0000] {dag.py:4180} INFO - Setting next_dagrun for example_subdag_operator.section-2 to None, run_after=None
[2024-12-05T00:21:33.942+0000] {processor.py:208} INFO - Processing /home/airflow/.local/lib/python3.12/site-packages/airflow/example_dags/example_subdag_operator.py took 1.035 seconds
[2024-12-05T00:22:27.392+0000] {processor.py:186} INFO - Started process (PID=1325) to work on /home/airflow/.local/lib/python3.12/site-packages/airflow/example_dags/example_subdag_operator.py
[2024-12-05T00:22:27.403+0000] {processor.py:914} INFO - Processing file /home/airflow/.local/lib/python3.12/site-packages/airflow/example_dags/example_subdag_operator.py for tasks to queue
[2024-12-05T00:22:27.434+0000] {logging_mixin.py:190} INFO - [2024-12-05T00:22:27.432+0000] {dagbag.py:588} INFO - Filling up the DagBag from /home/airflow/.local/lib/python3.12/site-packages/airflow/example_dags/example_subdag_operator.py
[2024-12-05T00:22:27.725+0000] {processor.py:925} INFO - DAG(s) 'example_subdag_operator.section-1', 'example_subdag_operator.section-2', 'example_subdag_operator' retrieved from /home/airflow/.local/lib/python3.12/site-packages/airflow/example_dags/example_subdag_operator.py
[2024-12-05T00:22:27.846+0000] {logging_mixin.py:190} INFO - [2024-12-05T00:22:27.835+0000] {dag.py:3239} INFO - Sync 3 DAGs
[2024-12-05T00:22:28.293+0000] {logging_mixin.py:190} INFO - [2024-12-05T00:22:28.293+0000] {dag.py:4180} INFO - Setting next_dagrun for example_subdag_operator to 2022-01-01 00:00:00+00:00, run_after=2022-01-01 00:00:00+00:00
[2024-12-05T00:22:28.354+0000] {logging_mixin.py:190} INFO - [2024-12-05T00:22:28.353+0000] {dag.py:4180} INFO - Setting next_dagrun for example_subdag_operator.section-1 to None, run_after=None
[2024-12-05T00:22:28.406+0000] {logging_mixin.py:190} INFO - [2024-12-05T00:22:28.405+0000] {dag.py:4180} INFO - Setting next_dagrun for example_subdag_operator.section-2 to None, run_after=None
[2024-12-05T00:22:28.722+0000] {logging_mixin.py:190} INFO - [2024-12-05T00:22:28.722+0000] {dag.py:3239} INFO - Sync 2 DAGs
[2024-12-05T00:22:28.864+0000] {logging_mixin.py:190} INFO - [2024-12-05T00:22:28.863+0000] {dag.py:4180} INFO - Setting next_dagrun for example_subdag_operator.section-1 to None, run_after=None
[2024-12-05T00:22:28.926+0000] {logging_mixin.py:190} INFO - [2024-12-05T00:22:28.923+0000] {dag.py:4180} INFO - Setting next_dagrun for example_subdag_operator.section-2 to None, run_after=None
[2024-12-05T00:22:29.095+0000] {processor.py:208} INFO - Processing /home/airflow/.local/lib/python3.12/site-packages/airflow/example_dags/example_subdag_operator.py took 1.757 seconds
[2024-12-05T00:23:36.047+0000] {processor.py:186} INFO - Started process (PID=1413) to work on /home/airflow/.local/lib/python3.12/site-packages/airflow/example_dags/example_subdag_operator.py
[2024-12-05T00:23:36.077+0000] {processor.py:914} INFO - Processing file /home/airflow/.local/lib/python3.12/site-packages/airflow/example_dags/example_subdag_operator.py for tasks to queue
[2024-12-05T00:23:36.110+0000] {logging_mixin.py:190} INFO - [2024-12-05T00:23:36.109+0000] {dagbag.py:588} INFO - Filling up the DagBag from /home/airflow/.local/lib/python3.12/site-packages/airflow/example_dags/example_subdag_operator.py
[2024-12-05T00:23:36.404+0000] {processor.py:925} INFO - DAG(s) 'example_subdag_operator.section-1', 'example_subdag_operator.section-2', 'example_subdag_operator' retrieved from /home/airflow/.local/lib/python3.12/site-packages/airflow/example_dags/example_subdag_operator.py
[2024-12-05T00:23:36.639+0000] {logging_mixin.py:190} INFO - [2024-12-05T00:23:36.633+0000] {dag.py:3239} INFO - Sync 3 DAGs
[2024-12-05T00:23:37.069+0000] {logging_mixin.py:190} INFO - [2024-12-05T00:23:37.068+0000] {dag.py:4180} INFO - Setting next_dagrun for example_subdag_operator to 2022-01-01 00:00:00+00:00, run_after=2022-01-01 00:00:00+00:00
[2024-12-05T00:23:37.148+0000] {logging_mixin.py:190} INFO - [2024-12-05T00:23:37.147+0000] {dag.py:4180} INFO - Setting next_dagrun for example_subdag_operator.section-1 to None, run_after=None
[2024-12-05T00:23:37.187+0000] {logging_mixin.py:190} INFO - [2024-12-05T00:23:37.186+0000] {dag.py:4180} INFO - Setting next_dagrun for example_subdag_operator.section-2 to None, run_after=None
[2024-12-05T00:23:37.298+0000] {logging_mixin.py:190} INFO - [2024-12-05T00:23:37.297+0000] {dag.py:3239} INFO - Sync 2 DAGs
[2024-12-05T00:23:37.603+0000] {logging_mixin.py:190} INFO - [2024-12-05T00:23:37.591+0000] {dag.py:4180} INFO - Setting next_dagrun for example_subdag_operator.section-1 to None, run_after=None
[2024-12-05T00:23:37.700+0000] {logging_mixin.py:190} INFO - [2024-12-05T00:23:37.699+0000] {dag.py:4180} INFO - Setting next_dagrun for example_subdag_operator.section-2 to None, run_after=None
[2024-12-05T00:23:38.116+0000] {processor.py:208} INFO - Processing /home/airflow/.local/lib/python3.12/site-packages/airflow/example_dags/example_subdag_operator.py took 2.170 seconds
