[2024-12-05T00:00:17.822+0000] {processor.py:186} INFO - Started process (PID=364) to work on /home/airflow/.local/lib/python3.12/site-packages/airflow/example_dags/example_complex.py
[2024-12-05T00:00:17.836+0000] {processor.py:914} INFO - Processing file /home/airflow/.local/lib/python3.12/site-packages/airflow/example_dags/example_complex.py for tasks to queue
[2024-12-05T00:00:17.851+0000] {logging_mixin.py:190} INFO - [2024-12-05T00:00:17.850+0000] {dagbag.py:588} INFO - Filling up the DagBag from /home/airflow/.local/lib/python3.12/site-packages/airflow/example_dags/example_complex.py
[2024-12-05T00:00:17.980+0000] {processor.py:925} INFO - DAG(s) 'example_complex' retrieved from /home/airflow/.local/lib/python3.12/site-packages/airflow/example_dags/example_complex.py
[2024-12-05T00:00:18.368+0000] {logging_mixin.py:190} INFO - [2024-12-05T00:00:18.367+0000] {dag.py:3239} INFO - Sync 1 DAGs
[2024-12-05T00:00:18.530+0000] {logging_mixin.py:190} INFO - [2024-12-05T00:00:18.530+0000] {dag.py:4180} INFO - Setting next_dagrun for example_complex to None, run_after=None
[2024-12-05T00:00:18.696+0000] {processor.py:208} INFO - Processing /home/airflow/.local/lib/python3.12/site-packages/airflow/example_dags/example_complex.py took 0.916 seconds
[2024-12-05T00:09:23.397+0000] {processor.py:186} INFO - Started process (PID=182) to work on /home/airflow/.local/lib/python3.12/site-packages/airflow/example_dags/example_complex.py
[2024-12-05T00:09:23.404+0000] {processor.py:914} INFO - Processing file /home/airflow/.local/lib/python3.12/site-packages/airflow/example_dags/example_complex.py for tasks to queue
[2024-12-05T00:09:23.421+0000] {logging_mixin.py:190} INFO - [2024-12-05T00:09:23.420+0000] {dagbag.py:588} INFO - Filling up the DagBag from /home/airflow/.local/lib/python3.12/site-packages/airflow/example_dags/example_complex.py
[2024-12-05T00:09:23.523+0000] {processor.py:925} INFO - DAG(s) 'example_complex' retrieved from /home/airflow/.local/lib/python3.12/site-packages/airflow/example_dags/example_complex.py
[2024-12-05T00:09:23.880+0000] {logging_mixin.py:190} INFO - [2024-12-05T00:09:23.878+0000] {dag.py:3239} INFO - Sync 1 DAGs
[2024-12-05T00:09:23.942+0000] {logging_mixin.py:190} INFO - [2024-12-05T00:09:23.941+0000] {dag.py:4180} INFO - Setting next_dagrun for example_complex to None, run_after=None
[2024-12-05T00:09:24.078+0000] {processor.py:208} INFO - Processing /home/airflow/.local/lib/python3.12/site-packages/airflow/example_dags/example_complex.py took 0.723 seconds
[2024-12-05T00:10:19.656+0000] {processor.py:186} INFO - Started process (PID=289) to work on /home/airflow/.local/lib/python3.12/site-packages/airflow/example_dags/example_complex.py
[2024-12-05T00:10:19.671+0000] {processor.py:914} INFO - Processing file /home/airflow/.local/lib/python3.12/site-packages/airflow/example_dags/example_complex.py for tasks to queue
[2024-12-05T00:10:19.681+0000] {logging_mixin.py:190} INFO - [2024-12-05T00:10:19.680+0000] {dagbag.py:588} INFO - Filling up the DagBag from /home/airflow/.local/lib/python3.12/site-packages/airflow/example_dags/example_complex.py
[2024-12-05T00:10:19.732+0000] {processor.py:925} INFO - DAG(s) 'example_complex' retrieved from /home/airflow/.local/lib/python3.12/site-packages/airflow/example_dags/example_complex.py
[2024-12-05T00:10:19.952+0000] {logging_mixin.py:190} INFO - [2024-12-05T00:10:19.951+0000] {dag.py:3239} INFO - Sync 1 DAGs
[2024-12-05T00:10:20.036+0000] {logging_mixin.py:190} INFO - [2024-12-05T00:10:20.035+0000] {dag.py:4180} INFO - Setting next_dagrun for example_complex to None, run_after=None
[2024-12-05T00:10:20.168+0000] {processor.py:208} INFO - Processing /home/airflow/.local/lib/python3.12/site-packages/airflow/example_dags/example_complex.py took 0.527 seconds
[2024-12-05T00:11:10.553+0000] {processor.py:186} INFO - Started process (PID=373) to work on /home/airflow/.local/lib/python3.12/site-packages/airflow/example_dags/example_complex.py
[2024-12-05T00:11:10.562+0000] {processor.py:914} INFO - Processing file /home/airflow/.local/lib/python3.12/site-packages/airflow/example_dags/example_complex.py for tasks to queue
[2024-12-05T00:11:10.595+0000] {logging_mixin.py:190} INFO - [2024-12-05T00:11:10.594+0000] {dagbag.py:588} INFO - Filling up the DagBag from /home/airflow/.local/lib/python3.12/site-packages/airflow/example_dags/example_complex.py
[2024-12-05T00:11:10.975+0000] {processor.py:925} INFO - DAG(s) 'example_complex' retrieved from /home/airflow/.local/lib/python3.12/site-packages/airflow/example_dags/example_complex.py
[2024-12-05T00:11:11.261+0000] {logging_mixin.py:190} INFO - [2024-12-05T00:11:11.259+0000] {dag.py:3239} INFO - Sync 1 DAGs
[2024-12-05T00:11:11.443+0000] {logging_mixin.py:190} INFO - [2024-12-05T00:11:11.437+0000] {dag.py:4180} INFO - Setting next_dagrun for example_complex to None, run_after=None
[2024-12-05T00:11:11.584+0000] {processor.py:208} INFO - Processing /home/airflow/.local/lib/python3.12/site-packages/airflow/example_dags/example_complex.py took 1.099 seconds
[2024-12-05T00:11:55.121+0000] {processor.py:186} INFO - Started process (PID=434) to work on /home/airflow/.local/lib/python3.12/site-packages/airflow/example_dags/example_complex.py
[2024-12-05T00:11:55.128+0000] {processor.py:914} INFO - Processing file /home/airflow/.local/lib/python3.12/site-packages/airflow/example_dags/example_complex.py for tasks to queue
[2024-12-05T00:11:55.137+0000] {logging_mixin.py:190} INFO - [2024-12-05T00:11:55.136+0000] {dagbag.py:588} INFO - Filling up the DagBag from /home/airflow/.local/lib/python3.12/site-packages/airflow/example_dags/example_complex.py
[2024-12-05T00:11:55.381+0000] {processor.py:925} INFO - DAG(s) 'example_complex' retrieved from /home/airflow/.local/lib/python3.12/site-packages/airflow/example_dags/example_complex.py
[2024-12-05T00:11:55.665+0000] {logging_mixin.py:190} INFO - [2024-12-05T00:11:55.664+0000] {dag.py:3239} INFO - Sync 1 DAGs
[2024-12-05T00:11:55.955+0000] {logging_mixin.py:190} INFO - [2024-12-05T00:11:55.954+0000] {dag.py:4180} INFO - Setting next_dagrun for example_complex to None, run_after=None
[2024-12-05T00:11:56.198+0000] {processor.py:208} INFO - Processing /home/airflow/.local/lib/python3.12/site-packages/airflow/example_dags/example_complex.py took 1.131 seconds
[2024-12-05T00:12:34.361+0000] {processor.py:186} INFO - Started process (PID=497) to work on /home/airflow/.local/lib/python3.12/site-packages/airflow/example_dags/example_complex.py
[2024-12-05T00:12:34.407+0000] {processor.py:914} INFO - Processing file /home/airflow/.local/lib/python3.12/site-packages/airflow/example_dags/example_complex.py for tasks to queue
[2024-12-05T00:12:34.448+0000] {logging_mixin.py:190} INFO - [2024-12-05T00:12:34.447+0000] {dagbag.py:588} INFO - Filling up the DagBag from /home/airflow/.local/lib/python3.12/site-packages/airflow/example_dags/example_complex.py
[2024-12-05T00:12:34.823+0000] {processor.py:925} INFO - DAG(s) 'example_complex' retrieved from /home/airflow/.local/lib/python3.12/site-packages/airflow/example_dags/example_complex.py
[2024-12-05T00:12:35.377+0000] {logging_mixin.py:190} INFO - [2024-12-05T00:12:35.377+0000] {dag.py:3239} INFO - Sync 1 DAGs
[2024-12-05T00:12:35.619+0000] {logging_mixin.py:190} INFO - [2024-12-05T00:12:35.618+0000] {dag.py:4180} INFO - Setting next_dagrun for example_complex to None, run_after=None
[2024-12-05T00:12:35.884+0000] {processor.py:208} INFO - Processing /home/airflow/.local/lib/python3.12/site-packages/airflow/example_dags/example_complex.py took 1.578 seconds
[2024-12-05T00:13:42.300+0000] {processor.py:186} INFO - Started process (PID=575) to work on /home/airflow/.local/lib/python3.12/site-packages/airflow/example_dags/example_complex.py
[2024-12-05T00:13:42.331+0000] {processor.py:914} INFO - Processing file /home/airflow/.local/lib/python3.12/site-packages/airflow/example_dags/example_complex.py for tasks to queue
[2024-12-05T00:13:42.343+0000] {logging_mixin.py:190} INFO - [2024-12-05T00:13:42.342+0000] {dagbag.py:588} INFO - Filling up the DagBag from /home/airflow/.local/lib/python3.12/site-packages/airflow/example_dags/example_complex.py
[2024-12-05T00:13:42.461+0000] {processor.py:925} INFO - DAG(s) 'example_complex' retrieved from /home/airflow/.local/lib/python3.12/site-packages/airflow/example_dags/example_complex.py
[2024-12-05T00:13:42.780+0000] {logging_mixin.py:190} INFO - [2024-12-05T00:13:42.779+0000] {dag.py:3239} INFO - Sync 1 DAGs
[2024-12-05T00:13:42.898+0000] {logging_mixin.py:190} INFO - [2024-12-05T00:13:42.898+0000] {dag.py:4180} INFO - Setting next_dagrun for example_complex to None, run_after=None
[2024-12-05T00:13:43.089+0000] {processor.py:208} INFO - Processing /home/airflow/.local/lib/python3.12/site-packages/airflow/example_dags/example_complex.py took 0.929 seconds
[2024-12-05T00:14:36.527+0000] {processor.py:186} INFO - Started process (PID=651) to work on /home/airflow/.local/lib/python3.12/site-packages/airflow/example_dags/example_complex.py
[2024-12-05T00:14:36.534+0000] {processor.py:914} INFO - Processing file /home/airflow/.local/lib/python3.12/site-packages/airflow/example_dags/example_complex.py for tasks to queue
[2024-12-05T00:14:36.549+0000] {logging_mixin.py:190} INFO - [2024-12-05T00:14:36.548+0000] {dagbag.py:588} INFO - Filling up the DagBag from /home/airflow/.local/lib/python3.12/site-packages/airflow/example_dags/example_complex.py
[2024-12-05T00:14:36.628+0000] {processor.py:925} INFO - DAG(s) 'example_complex' retrieved from /home/airflow/.local/lib/python3.12/site-packages/airflow/example_dags/example_complex.py
[2024-12-05T00:14:36.805+0000] {logging_mixin.py:190} INFO - [2024-12-05T00:14:36.805+0000] {dag.py:3239} INFO - Sync 1 DAGs
[2024-12-05T00:14:36.863+0000] {logging_mixin.py:190} INFO - [2024-12-05T00:14:36.863+0000] {dag.py:4180} INFO - Setting next_dagrun for example_complex to None, run_after=None
[2024-12-05T00:14:37.179+0000] {processor.py:208} INFO - Processing /home/airflow/.local/lib/python3.12/site-packages/airflow/example_dags/example_complex.py took 0.678 seconds
[2024-12-05T00:15:26.230+0000] {processor.py:186} INFO - Started process (PID=743) to work on /home/airflow/.local/lib/python3.12/site-packages/airflow/example_dags/example_complex.py
[2024-12-05T00:15:26.240+0000] {processor.py:914} INFO - Processing file /home/airflow/.local/lib/python3.12/site-packages/airflow/example_dags/example_complex.py for tasks to queue
[2024-12-05T00:15:26.250+0000] {logging_mixin.py:190} INFO - [2024-12-05T00:15:26.246+0000] {dagbag.py:588} INFO - Filling up the DagBag from /home/airflow/.local/lib/python3.12/site-packages/airflow/example_dags/example_complex.py
[2024-12-05T00:15:26.311+0000] {processor.py:925} INFO - DAG(s) 'example_complex' retrieved from /home/airflow/.local/lib/python3.12/site-packages/airflow/example_dags/example_complex.py
[2024-12-05T00:15:26.557+0000] {logging_mixin.py:190} INFO - [2024-12-05T00:15:26.556+0000] {dag.py:3239} INFO - Sync 1 DAGs
[2024-12-05T00:15:26.697+0000] {logging_mixin.py:190} INFO - [2024-12-05T00:15:26.697+0000] {dag.py:4180} INFO - Setting next_dagrun for example_complex to None, run_after=None
[2024-12-05T00:15:26.817+0000] {processor.py:208} INFO - Processing /home/airflow/.local/lib/python3.12/site-packages/airflow/example_dags/example_complex.py took 0.620 seconds
[2024-12-05T00:16:15.915+0000] {processor.py:186} INFO - Started process (PID=821) to work on /home/airflow/.local/lib/python3.12/site-packages/airflow/example_dags/example_complex.py
[2024-12-05T00:16:15.931+0000] {processor.py:914} INFO - Processing file /home/airflow/.local/lib/python3.12/site-packages/airflow/example_dags/example_complex.py for tasks to queue
[2024-12-05T00:16:15.940+0000] {logging_mixin.py:190} INFO - [2024-12-05T00:16:15.939+0000] {dagbag.py:588} INFO - Filling up the DagBag from /home/airflow/.local/lib/python3.12/site-packages/airflow/example_dags/example_complex.py
[2024-12-05T00:16:16.085+0000] {processor.py:925} INFO - DAG(s) 'example_complex' retrieved from /home/airflow/.local/lib/python3.12/site-packages/airflow/example_dags/example_complex.py
[2024-12-05T00:16:16.633+0000] {logging_mixin.py:190} INFO - [2024-12-05T00:16:16.632+0000] {dag.py:3239} INFO - Sync 1 DAGs
[2024-12-05T00:16:16.830+0000] {logging_mixin.py:190} INFO - [2024-12-05T00:16:16.829+0000] {dag.py:4180} INFO - Setting next_dagrun for example_complex to None, run_after=None
[2024-12-05T00:16:17.211+0000] {processor.py:208} INFO - Processing /home/airflow/.local/lib/python3.12/site-packages/airflow/example_dags/example_complex.py took 1.320 seconds
[2024-12-05T00:17:26.283+0000] {processor.py:186} INFO - Started process (PID=910) to work on /home/airflow/.local/lib/python3.12/site-packages/airflow/example_dags/example_complex.py
[2024-12-05T00:17:26.294+0000] {processor.py:914} INFO - Processing file /home/airflow/.local/lib/python3.12/site-packages/airflow/example_dags/example_complex.py for tasks to queue
[2024-12-05T00:17:26.307+0000] {logging_mixin.py:190} INFO - [2024-12-05T00:17:26.306+0000] {dagbag.py:588} INFO - Filling up the DagBag from /home/airflow/.local/lib/python3.12/site-packages/airflow/example_dags/example_complex.py
[2024-12-05T00:17:26.494+0000] {processor.py:925} INFO - DAG(s) 'example_complex' retrieved from /home/airflow/.local/lib/python3.12/site-packages/airflow/example_dags/example_complex.py
[2024-12-05T00:17:26.802+0000] {logging_mixin.py:190} INFO - [2024-12-05T00:17:26.800+0000] {dag.py:3239} INFO - Sync 1 DAGs
[2024-12-05T00:17:26.954+0000] {logging_mixin.py:190} INFO - [2024-12-05T00:17:26.953+0000] {dag.py:4180} INFO - Setting next_dagrun for example_complex to None, run_after=None
[2024-12-05T00:17:27.109+0000] {processor.py:208} INFO - Processing /home/airflow/.local/lib/python3.12/site-packages/airflow/example_dags/example_complex.py took 0.868 seconds
[2024-12-05T00:18:36.643+0000] {processor.py:186} INFO - Started process (PID=996) to work on /home/airflow/.local/lib/python3.12/site-packages/airflow/example_dags/example_complex.py
[2024-12-05T00:18:36.646+0000] {processor.py:914} INFO - Processing file /home/airflow/.local/lib/python3.12/site-packages/airflow/example_dags/example_complex.py for tasks to queue
[2024-12-05T00:18:36.662+0000] {logging_mixin.py:190} INFO - [2024-12-05T00:18:36.661+0000] {dagbag.py:588} INFO - Filling up the DagBag from /home/airflow/.local/lib/python3.12/site-packages/airflow/example_dags/example_complex.py
[2024-12-05T00:18:36.756+0000] {processor.py:925} INFO - DAG(s) 'example_complex' retrieved from /home/airflow/.local/lib/python3.12/site-packages/airflow/example_dags/example_complex.py
[2024-12-05T00:18:37.248+0000] {logging_mixin.py:190} INFO - [2024-12-05T00:18:37.248+0000] {dag.py:3239} INFO - Sync 1 DAGs
[2024-12-05T00:18:37.659+0000] {logging_mixin.py:190} INFO - [2024-12-05T00:18:37.658+0000] {dag.py:4180} INFO - Setting next_dagrun for example_complex to None, run_after=None
[2024-12-05T00:18:38.072+0000] {processor.py:208} INFO - Processing /home/airflow/.local/lib/python3.12/site-packages/airflow/example_dags/example_complex.py took 1.465 seconds
[2024-12-05T00:19:29.259+0000] {processor.py:186} INFO - Started process (PID=1065) to work on /home/airflow/.local/lib/python3.12/site-packages/airflow/example_dags/example_complex.py
[2024-12-05T00:19:29.274+0000] {processor.py:914} INFO - Processing file /home/airflow/.local/lib/python3.12/site-packages/airflow/example_dags/example_complex.py for tasks to queue
[2024-12-05T00:19:29.295+0000] {logging_mixin.py:190} INFO - [2024-12-05T00:19:29.294+0000] {dagbag.py:588} INFO - Filling up the DagBag from /home/airflow/.local/lib/python3.12/site-packages/airflow/example_dags/example_complex.py
[2024-12-05T00:19:29.385+0000] {processor.py:925} INFO - DAG(s) 'example_complex' retrieved from /home/airflow/.local/lib/python3.12/site-packages/airflow/example_dags/example_complex.py
[2024-12-05T00:19:29.930+0000] {logging_mixin.py:190} INFO - [2024-12-05T00:19:29.928+0000] {dag.py:3239} INFO - Sync 1 DAGs
[2024-12-05T00:19:30.232+0000] {logging_mixin.py:190} INFO - [2024-12-05T00:19:30.230+0000] {dag.py:4180} INFO - Setting next_dagrun for example_complex to None, run_after=None
[2024-12-05T00:19:30.581+0000] {processor.py:208} INFO - Processing /home/airflow/.local/lib/python3.12/site-packages/airflow/example_dags/example_complex.py took 1.375 seconds
[2024-12-05T00:20:29.449+0000] {processor.py:186} INFO - Started process (PID=1152) to work on /home/airflow/.local/lib/python3.12/site-packages/airflow/example_dags/example_complex.py
[2024-12-05T00:20:29.452+0000] {processor.py:914} INFO - Processing file /home/airflow/.local/lib/python3.12/site-packages/airflow/example_dags/example_complex.py for tasks to queue
[2024-12-05T00:20:29.465+0000] {logging_mixin.py:190} INFO - [2024-12-05T00:20:29.463+0000] {dagbag.py:588} INFO - Filling up the DagBag from /home/airflow/.local/lib/python3.12/site-packages/airflow/example_dags/example_complex.py
[2024-12-05T00:20:29.589+0000] {processor.py:925} INFO - DAG(s) 'example_complex' retrieved from /home/airflow/.local/lib/python3.12/site-packages/airflow/example_dags/example_complex.py
[2024-12-05T00:20:29.929+0000] {logging_mixin.py:190} INFO - [2024-12-05T00:20:29.928+0000] {dag.py:3239} INFO - Sync 1 DAGs
[2024-12-05T00:20:30.059+0000] {logging_mixin.py:190} INFO - [2024-12-05T00:20:30.059+0000] {dag.py:4180} INFO - Setting next_dagrun for example_complex to None, run_after=None
[2024-12-05T00:20:30.230+0000] {processor.py:208} INFO - Processing /home/airflow/.local/lib/python3.12/site-packages/airflow/example_dags/example_complex.py took 0.804 seconds
[2024-12-05T00:21:21.551+0000] {processor.py:186} INFO - Started process (PID=1231) to work on /home/airflow/.local/lib/python3.12/site-packages/airflow/example_dags/example_complex.py
[2024-12-05T00:21:21.553+0000] {processor.py:914} INFO - Processing file /home/airflow/.local/lib/python3.12/site-packages/airflow/example_dags/example_complex.py for tasks to queue
[2024-12-05T00:21:21.575+0000] {logging_mixin.py:190} INFO - [2024-12-05T00:21:21.563+0000] {dagbag.py:588} INFO - Filling up the DagBag from /home/airflow/.local/lib/python3.12/site-packages/airflow/example_dags/example_complex.py
[2024-12-05T00:21:21.749+0000] {processor.py:925} INFO - DAG(s) 'example_complex' retrieved from /home/airflow/.local/lib/python3.12/site-packages/airflow/example_dags/example_complex.py
[2024-12-05T00:21:22.338+0000] {logging_mixin.py:190} INFO - [2024-12-05T00:21:22.327+0000] {dag.py:3239} INFO - Sync 1 DAGs
[2024-12-05T00:21:22.522+0000] {logging_mixin.py:190} INFO - [2024-12-05T00:21:22.510+0000] {dag.py:4180} INFO - Setting next_dagrun for example_complex to None, run_after=None
[2024-12-05T00:21:22.653+0000] {processor.py:208} INFO - Processing /home/airflow/.local/lib/python3.12/site-packages/airflow/example_dags/example_complex.py took 1.120 seconds
[2024-12-05T00:22:14.077+0000] {processor.py:186} INFO - Started process (PID=1304) to work on /home/airflow/.local/lib/python3.12/site-packages/airflow/example_dags/example_complex.py
[2024-12-05T00:22:14.089+0000] {processor.py:914} INFO - Processing file /home/airflow/.local/lib/python3.12/site-packages/airflow/example_dags/example_complex.py for tasks to queue
[2024-12-05T00:22:14.101+0000] {logging_mixin.py:190} INFO - [2024-12-05T00:22:14.100+0000] {dagbag.py:588} INFO - Filling up the DagBag from /home/airflow/.local/lib/python3.12/site-packages/airflow/example_dags/example_complex.py
[2024-12-05T00:22:14.219+0000] {processor.py:925} INFO - DAG(s) 'example_complex' retrieved from /home/airflow/.local/lib/python3.12/site-packages/airflow/example_dags/example_complex.py
[2024-12-05T00:22:14.456+0000] {logging_mixin.py:190} INFO - [2024-12-05T00:22:14.456+0000] {dag.py:3239} INFO - Sync 1 DAGs
[2024-12-05T00:22:14.524+0000] {logging_mixin.py:190} INFO - [2024-12-05T00:22:14.523+0000] {dag.py:4180} INFO - Setting next_dagrun for example_complex to None, run_after=None
[2024-12-05T00:22:14.648+0000] {processor.py:208} INFO - Processing /home/airflow/.local/lib/python3.12/site-packages/airflow/example_dags/example_complex.py took 0.594 seconds
[2024-12-05T00:23:06.774+0000] {processor.py:186} INFO - Started process (PID=1383) to work on /home/airflow/.local/lib/python3.12/site-packages/airflow/example_dags/example_complex.py
[2024-12-05T00:23:06.795+0000] {processor.py:914} INFO - Processing file /home/airflow/.local/lib/python3.12/site-packages/airflow/example_dags/example_complex.py for tasks to queue
[2024-12-05T00:23:06.817+0000] {logging_mixin.py:190} INFO - [2024-12-05T00:23:06.816+0000] {dagbag.py:588} INFO - Filling up the DagBag from /home/airflow/.local/lib/python3.12/site-packages/airflow/example_dags/example_complex.py
[2024-12-05T00:23:07.053+0000] {processor.py:925} INFO - DAG(s) 'example_complex' retrieved from /home/airflow/.local/lib/python3.12/site-packages/airflow/example_dags/example_complex.py
[2024-12-05T00:23:07.327+0000] {logging_mixin.py:190} INFO - [2024-12-05T00:23:07.326+0000] {dag.py:3239} INFO - Sync 1 DAGs
[2024-12-05T00:23:07.526+0000] {logging_mixin.py:190} INFO - [2024-12-05T00:23:07.525+0000] {dag.py:4180} INFO - Setting next_dagrun for example_complex to None, run_after=None
[2024-12-05T00:23:08.072+0000] {processor.py:208} INFO - Processing /home/airflow/.local/lib/python3.12/site-packages/airflow/example_dags/example_complex.py took 1.386 seconds
[2024-12-05T00:24:13.459+0000] {processor.py:186} INFO - Started process (PID=1453) to work on /home/airflow/.local/lib/python3.12/site-packages/airflow/example_dags/example_complex.py
[2024-12-05T00:24:13.685+0000] {processor.py:914} INFO - Processing file /home/airflow/.local/lib/python3.12/site-packages/airflow/example_dags/example_complex.py for tasks to queue
[2024-12-05T00:24:13.770+0000] {logging_mixin.py:190} INFO - [2024-12-05T00:24:13.769+0000] {dagbag.py:588} INFO - Filling up the DagBag from /home/airflow/.local/lib/python3.12/site-packages/airflow/example_dags/example_complex.py
[2024-12-05T00:24:13.995+0000] {processor.py:925} INFO - DAG(s) 'example_complex' retrieved from /home/airflow/.local/lib/python3.12/site-packages/airflow/example_dags/example_complex.py
[2024-12-05T00:24:14.460+0000] {logging_mixin.py:190} INFO - [2024-12-05T00:24:14.447+0000] {dag.py:3239} INFO - Sync 1 DAGs
[2024-12-05T00:24:14.688+0000] {logging_mixin.py:190} INFO - [2024-12-05T00:24:14.687+0000] {dag.py:4180} INFO - Setting next_dagrun for example_complex to None, run_after=None
[2024-12-05T00:24:15.563+0000] {processor.py:208} INFO - Processing /home/airflow/.local/lib/python3.12/site-packages/airflow/example_dags/example_complex.py took 2.184 seconds
