[2024-12-05T00:00:20.848+0000] {processor.py:186} INFO - Started process (PID=369) to work on /home/airflow/.local/lib/python3.12/site-packages/airflow/example_dags/example_bash_decorator.py
[2024-12-05T00:00:20.858+0000] {processor.py:914} INFO - Processing file /home/airflow/.local/lib/python3.12/site-packages/airflow/example_dags/example_bash_decorator.py for tasks to queue
[2024-12-05T00:00:20.885+0000] {logging_mixin.py:190} INFO - [2024-12-05T00:00:20.884+0000] {dagbag.py:588} INFO - Filling up the DagBag from /home/airflow/.local/lib/python3.12/site-packages/airflow/example_dags/example_bash_decorator.py
[2024-12-05T00:00:20.998+0000] {processor.py:925} INFO - DAG(s) 'example_bash_decorator' retrieved from /home/airflow/.local/lib/python3.12/site-packages/airflow/example_dags/example_bash_decorator.py
[2024-12-05T00:00:21.324+0000] {logging_mixin.py:190} INFO - [2024-12-05T00:00:21.312+0000] {dag.py:3239} INFO - Sync 1 DAGs
[2024-12-05T00:00:21.534+0000] {logging_mixin.py:190} INFO - [2024-12-05T00:00:21.533+0000] {dag.py:4180} INFO - Setting next_dagrun for example_bash_decorator to None, run_after=None
[2024-12-05T00:00:21.714+0000] {processor.py:208} INFO - Processing /home/airflow/.local/lib/python3.12/site-packages/airflow/example_dags/example_bash_decorator.py took 0.928 seconds
[2024-12-05T00:10:05.594+0000] {processor.py:186} INFO - Started process (PID=261) to work on /home/airflow/.local/lib/python3.12/site-packages/airflow/example_dags/example_bash_decorator.py
[2024-12-05T00:10:05.597+0000] {processor.py:914} INFO - Processing file /home/airflow/.local/lib/python3.12/site-packages/airflow/example_dags/example_bash_decorator.py for tasks to queue
[2024-12-05T00:10:05.603+0000] {logging_mixin.py:190} INFO - [2024-12-05T00:10:05.602+0000] {dagbag.py:588} INFO - Filling up the DagBag from /home/airflow/.local/lib/python3.12/site-packages/airflow/example_dags/example_bash_decorator.py
[2024-12-05T00:10:05.684+0000] {processor.py:925} INFO - DAG(s) 'example_bash_decorator' retrieved from /home/airflow/.local/lib/python3.12/site-packages/airflow/example_dags/example_bash_decorator.py
[2024-12-05T00:10:06.823+0000] {logging_mixin.py:190} INFO - [2024-12-05T00:10:06.822+0000] {dag.py:3239} INFO - Sync 1 DAGs
[2024-12-05T00:10:07.028+0000] {logging_mixin.py:190} INFO - [2024-12-05T00:10:07.000+0000] {dag.py:4180} INFO - Setting next_dagrun for example_bash_decorator to None, run_after=None
[2024-12-05T00:10:07.239+0000] {processor.py:208} INFO - Processing /home/airflow/.local/lib/python3.12/site-packages/airflow/example_dags/example_bash_decorator.py took 1.670 seconds
[2024-12-05T00:10:55.141+0000] {processor.py:186} INFO - Started process (PID=341) to work on /home/airflow/.local/lib/python3.12/site-packages/airflow/example_dags/example_bash_decorator.py
[2024-12-05T00:10:55.154+0000] {processor.py:914} INFO - Processing file /home/airflow/.local/lib/python3.12/site-packages/airflow/example_dags/example_bash_decorator.py for tasks to queue
[2024-12-05T00:10:55.182+0000] {logging_mixin.py:190} INFO - [2024-12-05T00:10:55.178+0000] {dagbag.py:588} INFO - Filling up the DagBag from /home/airflow/.local/lib/python3.12/site-packages/airflow/example_dags/example_bash_decorator.py
[2024-12-05T00:10:55.593+0000] {processor.py:925} INFO - DAG(s) 'example_bash_decorator' retrieved from /home/airflow/.local/lib/python3.12/site-packages/airflow/example_dags/example_bash_decorator.py
[2024-12-05T00:10:56.206+0000] {logging_mixin.py:190} INFO - [2024-12-05T00:10:56.205+0000] {dag.py:3239} INFO - Sync 1 DAGs
[2024-12-05T00:10:56.520+0000] {logging_mixin.py:190} INFO - [2024-12-05T00:10:56.519+0000] {dag.py:4180} INFO - Setting next_dagrun for example_bash_decorator to None, run_after=None
[2024-12-05T00:10:56.951+0000] {processor.py:208} INFO - Processing /home/airflow/.local/lib/python3.12/site-packages/airflow/example_dags/example_bash_decorator.py took 1.898 seconds
[2024-12-05T00:12:03.383+0000] {processor.py:186} INFO - Started process (PID=450) to work on /home/airflow/.local/lib/python3.12/site-packages/airflow/example_dags/example_bash_decorator.py
[2024-12-05T00:12:03.431+0000] {processor.py:914} INFO - Processing file /home/airflow/.local/lib/python3.12/site-packages/airflow/example_dags/example_bash_decorator.py for tasks to queue
[2024-12-05T00:12:03.455+0000] {logging_mixin.py:190} INFO - [2024-12-05T00:12:03.454+0000] {dagbag.py:588} INFO - Filling up the DagBag from /home/airflow/.local/lib/python3.12/site-packages/airflow/example_dags/example_bash_decorator.py
[2024-12-05T00:12:03.729+0000] {processor.py:925} INFO - DAG(s) 'example_bash_decorator' retrieved from /home/airflow/.local/lib/python3.12/site-packages/airflow/example_dags/example_bash_decorator.py
[2024-12-05T00:12:03.940+0000] {logging_mixin.py:190} INFO - [2024-12-05T00:12:03.939+0000] {dag.py:3239} INFO - Sync 1 DAGs
[2024-12-05T00:12:04.113+0000] {logging_mixin.py:190} INFO - [2024-12-05T00:12:04.113+0000] {dag.py:4180} INFO - Setting next_dagrun for example_bash_decorator to None, run_after=None
[2024-12-05T00:12:04.384+0000] {processor.py:208} INFO - Processing /home/airflow/.local/lib/python3.12/site-packages/airflow/example_dags/example_bash_decorator.py took 1.124 seconds
[2024-12-05T00:13:28.749+0000] {processor.py:186} INFO - Started process (PID=547) to work on /home/airflow/.local/lib/python3.12/site-packages/airflow/example_dags/example_bash_decorator.py
[2024-12-05T00:13:28.751+0000] {processor.py:914} INFO - Processing file /home/airflow/.local/lib/python3.12/site-packages/airflow/example_dags/example_bash_decorator.py for tasks to queue
[2024-12-05T00:13:28.757+0000] {logging_mixin.py:190} INFO - [2024-12-05T00:13:28.756+0000] {dagbag.py:588} INFO - Filling up the DagBag from /home/airflow/.local/lib/python3.12/site-packages/airflow/example_dags/example_bash_decorator.py
[2024-12-05T00:13:28.829+0000] {processor.py:925} INFO - DAG(s) 'example_bash_decorator' retrieved from /home/airflow/.local/lib/python3.12/site-packages/airflow/example_dags/example_bash_decorator.py
[2024-12-05T00:13:29.048+0000] {logging_mixin.py:190} INFO - [2024-12-05T00:13:29.047+0000] {dag.py:3239} INFO - Sync 1 DAGs
[2024-12-05T00:13:29.176+0000] {logging_mixin.py:190} INFO - [2024-12-05T00:13:29.175+0000] {dag.py:4180} INFO - Setting next_dagrun for example_bash_decorator to None, run_after=None
[2024-12-05T00:13:29.284+0000] {processor.py:208} INFO - Processing /home/airflow/.local/lib/python3.12/site-packages/airflow/example_dags/example_bash_decorator.py took 0.567 seconds
[2024-12-05T00:14:29.879+0000] {processor.py:186} INFO - Started process (PID=636) to work on /home/airflow/.local/lib/python3.12/site-packages/airflow/example_dags/example_bash_decorator.py
[2024-12-05T00:14:29.914+0000] {processor.py:914} INFO - Processing file /home/airflow/.local/lib/python3.12/site-packages/airflow/example_dags/example_bash_decorator.py for tasks to queue
[2024-12-05T00:14:29.927+0000] {logging_mixin.py:190} INFO - [2024-12-05T00:14:29.926+0000] {dagbag.py:588} INFO - Filling up the DagBag from /home/airflow/.local/lib/python3.12/site-packages/airflow/example_dags/example_bash_decorator.py
[2024-12-05T00:14:30.119+0000] {processor.py:925} INFO - DAG(s) 'example_bash_decorator' retrieved from /home/airflow/.local/lib/python3.12/site-packages/airflow/example_dags/example_bash_decorator.py
[2024-12-05T00:14:30.243+0000] {logging_mixin.py:190} INFO - [2024-12-05T00:14:30.242+0000] {dag.py:3239} INFO - Sync 1 DAGs
[2024-12-05T00:14:30.309+0000] {logging_mixin.py:190} INFO - [2024-12-05T00:14:30.308+0000] {dag.py:4180} INFO - Setting next_dagrun for example_bash_decorator to None, run_after=None
[2024-12-05T00:14:30.417+0000] {processor.py:208} INFO - Processing /home/airflow/.local/lib/python3.12/site-packages/airflow/example_dags/example_bash_decorator.py took 0.610 seconds
[2024-12-05T00:15:21.502+0000] {processor.py:186} INFO - Started process (PID=731) to work on /home/airflow/.local/lib/python3.12/site-packages/airflow/example_dags/example_bash_decorator.py
[2024-12-05T00:15:21.525+0000] {processor.py:914} INFO - Processing file /home/airflow/.local/lib/python3.12/site-packages/airflow/example_dags/example_bash_decorator.py for tasks to queue
[2024-12-05T00:15:21.546+0000] {logging_mixin.py:190} INFO - [2024-12-05T00:15:21.545+0000] {dagbag.py:588} INFO - Filling up the DagBag from /home/airflow/.local/lib/python3.12/site-packages/airflow/example_dags/example_bash_decorator.py
[2024-12-05T00:15:21.701+0000] {processor.py:925} INFO - DAG(s) 'example_bash_decorator' retrieved from /home/airflow/.local/lib/python3.12/site-packages/airflow/example_dags/example_bash_decorator.py
[2024-12-05T00:15:21.892+0000] {logging_mixin.py:190} INFO - [2024-12-05T00:15:21.891+0000] {dag.py:3239} INFO - Sync 1 DAGs
[2024-12-05T00:15:21.974+0000] {logging_mixin.py:190} INFO - [2024-12-05T00:15:21.973+0000] {dag.py:4180} INFO - Setting next_dagrun for example_bash_decorator to None, run_after=None
[2024-12-05T00:15:22.118+0000] {processor.py:208} INFO - Processing /home/airflow/.local/lib/python3.12/site-packages/airflow/example_dags/example_bash_decorator.py took 0.658 seconds
[2024-12-05T00:16:13.541+0000] {processor.py:186} INFO - Started process (PID=811) to work on /home/airflow/.local/lib/python3.12/site-packages/airflow/example_dags/example_bash_decorator.py
[2024-12-05T00:16:13.555+0000] {processor.py:914} INFO - Processing file /home/airflow/.local/lib/python3.12/site-packages/airflow/example_dags/example_bash_decorator.py for tasks to queue
[2024-12-05T00:16:13.592+0000] {logging_mixin.py:190} INFO - [2024-12-05T00:16:13.591+0000] {dagbag.py:588} INFO - Filling up the DagBag from /home/airflow/.local/lib/python3.12/site-packages/airflow/example_dags/example_bash_decorator.py
[2024-12-05T00:16:13.689+0000] {processor.py:925} INFO - DAG(s) 'example_bash_decorator' retrieved from /home/airflow/.local/lib/python3.12/site-packages/airflow/example_dags/example_bash_decorator.py
[2024-12-05T00:16:13.852+0000] {logging_mixin.py:190} INFO - [2024-12-05T00:16:13.852+0000] {dag.py:3239} INFO - Sync 1 DAGs
[2024-12-05T00:16:13.956+0000] {logging_mixin.py:190} INFO - [2024-12-05T00:16:13.955+0000] {dag.py:4180} INFO - Setting next_dagrun for example_bash_decorator to None, run_after=None
[2024-12-05T00:16:14.139+0000] {processor.py:208} INFO - Processing /home/airflow/.local/lib/python3.12/site-packages/airflow/example_dags/example_bash_decorator.py took 0.634 seconds
[2024-12-05T00:17:51.068+0000] {processor.py:186} INFO - Started process (PID=939) to work on /home/airflow/.local/lib/python3.12/site-packages/airflow/example_dags/example_bash_decorator.py
[2024-12-05T00:17:51.109+0000] {processor.py:914} INFO - Processing file /home/airflow/.local/lib/python3.12/site-packages/airflow/example_dags/example_bash_decorator.py for tasks to queue
[2024-12-05T00:17:51.133+0000] {logging_mixin.py:190} INFO - [2024-12-05T00:17:51.132+0000] {dagbag.py:588} INFO - Filling up the DagBag from /home/airflow/.local/lib/python3.12/site-packages/airflow/example_dags/example_bash_decorator.py
[2024-12-05T00:17:51.439+0000] {processor.py:925} INFO - DAG(s) 'example_bash_decorator' retrieved from /home/airflow/.local/lib/python3.12/site-packages/airflow/example_dags/example_bash_decorator.py
[2024-12-05T00:17:51.860+0000] {logging_mixin.py:190} INFO - [2024-12-05T00:17:51.859+0000] {dag.py:3239} INFO - Sync 1 DAGs
[2024-12-05T00:17:52.147+0000] {logging_mixin.py:190} INFO - [2024-12-05T00:17:52.147+0000] {dag.py:4180} INFO - Setting next_dagrun for example_bash_decorator to None, run_after=None
[2024-12-05T00:17:52.432+0000] {processor.py:208} INFO - Processing /home/airflow/.local/lib/python3.12/site-packages/airflow/example_dags/example_bash_decorator.py took 1.410 seconds
[2024-12-05T00:18:54.826+0000] {processor.py:186} INFO - Started process (PID=1019) to work on /home/airflow/.local/lib/python3.12/site-packages/airflow/example_dags/example_bash_decorator.py
[2024-12-05T00:18:54.837+0000] {processor.py:914} INFO - Processing file /home/airflow/.local/lib/python3.12/site-packages/airflow/example_dags/example_bash_decorator.py for tasks to queue
[2024-12-05T00:18:54.842+0000] {logging_mixin.py:190} INFO - [2024-12-05T00:18:54.842+0000] {dagbag.py:588} INFO - Filling up the DagBag from /home/airflow/.local/lib/python3.12/site-packages/airflow/example_dags/example_bash_decorator.py
[2024-12-05T00:18:54.924+0000] {processor.py:925} INFO - DAG(s) 'example_bash_decorator' retrieved from /home/airflow/.local/lib/python3.12/site-packages/airflow/example_dags/example_bash_decorator.py
[2024-12-05T00:18:55.090+0000] {logging_mixin.py:190} INFO - [2024-12-05T00:18:55.090+0000] {dag.py:3239} INFO - Sync 1 DAGs
[2024-12-05T00:18:55.183+0000] {logging_mixin.py:190} INFO - [2024-12-05T00:18:55.182+0000] {dag.py:4180} INFO - Setting next_dagrun for example_bash_decorator to None, run_after=None
[2024-12-05T00:18:55.320+0000] {processor.py:208} INFO - Processing /home/airflow/.local/lib/python3.12/site-packages/airflow/example_dags/example_bash_decorator.py took 0.549 seconds
[2024-12-05T00:20:14.369+0000] {processor.py:186} INFO - Started process (PID=1131) to work on /home/airflow/.local/lib/python3.12/site-packages/airflow/example_dags/example_bash_decorator.py
[2024-12-05T00:20:14.389+0000] {processor.py:914} INFO - Processing file /home/airflow/.local/lib/python3.12/site-packages/airflow/example_dags/example_bash_decorator.py for tasks to queue
[2024-12-05T00:20:14.458+0000] {logging_mixin.py:190} INFO - [2024-12-05T00:20:14.457+0000] {dagbag.py:588} INFO - Filling up the DagBag from /home/airflow/.local/lib/python3.12/site-packages/airflow/example_dags/example_bash_decorator.py
[2024-12-05T00:20:14.636+0000] {processor.py:925} INFO - DAG(s) 'example_bash_decorator' retrieved from /home/airflow/.local/lib/python3.12/site-packages/airflow/example_dags/example_bash_decorator.py
[2024-12-05T00:20:14.900+0000] {logging_mixin.py:190} INFO - [2024-12-05T00:20:14.899+0000] {dag.py:3239} INFO - Sync 1 DAGs
[2024-12-05T00:20:15.043+0000] {logging_mixin.py:190} INFO - [2024-12-05T00:20:15.043+0000] {dag.py:4180} INFO - Setting next_dagrun for example_bash_decorator to None, run_after=None
[2024-12-05T00:20:15.207+0000] {processor.py:208} INFO - Processing /home/airflow/.local/lib/python3.12/site-packages/airflow/example_dags/example_bash_decorator.py took 0.875 seconds
[2024-12-05T00:21:09.989+0000] {processor.py:186} INFO - Started process (PID=1213) to work on /home/airflow/.local/lib/python3.12/site-packages/airflow/example_dags/example_bash_decorator.py
[2024-12-05T00:21:10.003+0000] {processor.py:914} INFO - Processing file /home/airflow/.local/lib/python3.12/site-packages/airflow/example_dags/example_bash_decorator.py for tasks to queue
[2024-12-05T00:21:10.075+0000] {logging_mixin.py:190} INFO - [2024-12-05T00:21:10.074+0000] {dagbag.py:588} INFO - Filling up the DagBag from /home/airflow/.local/lib/python3.12/site-packages/airflow/example_dags/example_bash_decorator.py
[2024-12-05T00:21:10.227+0000] {processor.py:925} INFO - DAG(s) 'example_bash_decorator' retrieved from /home/airflow/.local/lib/python3.12/site-packages/airflow/example_dags/example_bash_decorator.py
[2024-12-05T00:21:10.501+0000] {logging_mixin.py:190} INFO - [2024-12-05T00:21:10.500+0000] {dag.py:3239} INFO - Sync 1 DAGs
[2024-12-05T00:21:10.636+0000] {logging_mixin.py:190} INFO - [2024-12-05T00:21:10.636+0000] {dag.py:4180} INFO - Setting next_dagrun for example_bash_decorator to None, run_after=None
[2024-12-05T00:21:10.781+0000] {processor.py:208} INFO - Processing /home/airflow/.local/lib/python3.12/site-packages/airflow/example_dags/example_bash_decorator.py took 0.875 seconds
[2024-12-05T00:22:31.083+0000] {processor.py:186} INFO - Started process (PID=1331) to work on /home/airflow/.local/lib/python3.12/site-packages/airflow/example_dags/example_bash_decorator.py
[2024-12-05T00:22:31.085+0000] {processor.py:914} INFO - Processing file /home/airflow/.local/lib/python3.12/site-packages/airflow/example_dags/example_bash_decorator.py for tasks to queue
[2024-12-05T00:22:31.095+0000] {logging_mixin.py:190} INFO - [2024-12-05T00:22:31.095+0000] {dagbag.py:588} INFO - Filling up the DagBag from /home/airflow/.local/lib/python3.12/site-packages/airflow/example_dags/example_bash_decorator.py
[2024-12-05T00:22:31.256+0000] {processor.py:925} INFO - DAG(s) 'example_bash_decorator' retrieved from /home/airflow/.local/lib/python3.12/site-packages/airflow/example_dags/example_bash_decorator.py
[2024-12-05T00:22:31.783+0000] {logging_mixin.py:190} INFO - [2024-12-05T00:22:31.771+0000] {dag.py:3239} INFO - Sync 1 DAGs
[2024-12-05T00:22:32.120+0000] {logging_mixin.py:190} INFO - [2024-12-05T00:22:32.118+0000] {dag.py:4180} INFO - Setting next_dagrun for example_bash_decorator to None, run_after=None
[2024-12-05T00:22:32.338+0000] {processor.py:208} INFO - Processing /home/airflow/.local/lib/python3.12/site-packages/airflow/example_dags/example_bash_decorator.py took 1.292 seconds
[2024-12-05T00:23:46.592+0000] {processor.py:186} INFO - Started process (PID=1425) to work on /home/airflow/.local/lib/python3.12/site-packages/airflow/example_dags/example_bash_decorator.py
[2024-12-05T00:23:46.608+0000] {processor.py:914} INFO - Processing file /home/airflow/.local/lib/python3.12/site-packages/airflow/example_dags/example_bash_decorator.py for tasks to queue
[2024-12-05T00:23:46.643+0000] {logging_mixin.py:190} INFO - [2024-12-05T00:23:46.641+0000] {dagbag.py:588} INFO - Filling up the DagBag from /home/airflow/.local/lib/python3.12/site-packages/airflow/example_dags/example_bash_decorator.py
[2024-12-05T00:23:46.942+0000] {processor.py:925} INFO - DAG(s) 'example_bash_decorator' retrieved from /home/airflow/.local/lib/python3.12/site-packages/airflow/example_dags/example_bash_decorator.py
[2024-12-05T00:23:47.276+0000] {logging_mixin.py:190} INFO - [2024-12-05T00:23:47.276+0000] {dag.py:3239} INFO - Sync 1 DAGs
[2024-12-05T00:23:47.430+0000] {logging_mixin.py:190} INFO - [2024-12-05T00:23:47.424+0000] {dag.py:4180} INFO - Setting next_dagrun for example_bash_decorator to None, run_after=None
[2024-12-05T00:23:47.544+0000] {processor.py:208} INFO - Processing /home/airflow/.local/lib/python3.12/site-packages/airflow/example_dags/example_bash_decorator.py took 1.073 seconds
