[2024-12-05T00:09:40.599+0000] {processor.py:186} INFO - Started process (PID=224) to work on /home/airflow/.local/lib/python3.12/site-packages/airflow/example_dags/example_xcomargs.py
[2024-12-05T00:09:40.605+0000] {processor.py:914} INFO - Processing file /home/airflow/.local/lib/python3.12/site-packages/airflow/example_dags/example_xcomargs.py for tasks to queue
[2024-12-05T00:09:40.628+0000] {logging_mixin.py:190} INFO - [2024-12-05T00:09:40.625+0000] {dagbag.py:588} INFO - Filling up the DagBag from /home/airflow/.local/lib/python3.12/site-packages/airflow/example_dags/example_xcomargs.py
[2024-12-05T00:09:40.698+0000] {processor.py:925} INFO - DAG(s) 'example_xcom_args', 'example_xcom_args_with_operators' retrieved from /home/airflow/.local/lib/python3.12/site-packages/airflow/example_dags/example_xcomargs.py
[2024-12-05T00:09:40.842+0000] {logging_mixin.py:190} INFO - [2024-12-05T00:09:40.841+0000] {dag.py:3239} INFO - Sync 2 DAGs
[2024-12-05T00:09:40.931+0000] {logging_mixin.py:190} INFO - [2024-12-05T00:09:40.930+0000] {dag.py:4180} INFO - Setting next_dagrun for example_xcom_args to None, run_after=None
[2024-12-05T00:09:40.948+0000] {logging_mixin.py:190} INFO - [2024-12-05T00:09:40.948+0000] {dag.py:4180} INFO - Setting next_dagrun for example_xcom_args_with_operators to None, run_after=None
[2024-12-05T00:09:41.091+0000] {processor.py:208} INFO - Processing /home/airflow/.local/lib/python3.12/site-packages/airflow/example_dags/example_xcomargs.py took 0.516 seconds
[2024-12-05T00:10:31.310+0000] {processor.py:186} INFO - Started process (PID=301) to work on /home/airflow/.local/lib/python3.12/site-packages/airflow/example_dags/example_xcomargs.py
[2024-12-05T00:10:31.311+0000] {processor.py:914} INFO - Processing file /home/airflow/.local/lib/python3.12/site-packages/airflow/example_dags/example_xcomargs.py for tasks to queue
[2024-12-05T00:10:31.385+0000] {logging_mixin.py:190} INFO - [2024-12-05T00:10:31.384+0000] {dagbag.py:588} INFO - Filling up the DagBag from /home/airflow/.local/lib/python3.12/site-packages/airflow/example_dags/example_xcomargs.py
[2024-12-05T00:10:31.526+0000] {processor.py:925} INFO - DAG(s) 'example_xcom_args_with_operators', 'example_xcom_args' retrieved from /home/airflow/.local/lib/python3.12/site-packages/airflow/example_dags/example_xcomargs.py
[2024-12-05T00:10:31.778+0000] {logging_mixin.py:190} INFO - [2024-12-05T00:10:31.691+0000] {dag.py:3239} INFO - Sync 2 DAGs
[2024-12-05T00:10:31.912+0000] {logging_mixin.py:190} INFO - [2024-12-05T00:10:31.912+0000] {dag.py:4180} INFO - Setting next_dagrun for example_xcom_args to None, run_after=None
[2024-12-05T00:10:31.921+0000] {logging_mixin.py:190} INFO - [2024-12-05T00:10:31.920+0000] {dag.py:4180} INFO - Setting next_dagrun for example_xcom_args_with_operators to None, run_after=None
[2024-12-05T00:10:32.061+0000] {processor.py:208} INFO - Processing /home/airflow/.local/lib/python3.12/site-packages/airflow/example_dags/example_xcomargs.py took 0.761 seconds
[2024-12-05T00:11:22.062+0000] {processor.py:186} INFO - Started process (PID=386) to work on /home/airflow/.local/lib/python3.12/site-packages/airflow/example_dags/example_xcomargs.py
[2024-12-05T00:11:22.074+0000] {processor.py:914} INFO - Processing file /home/airflow/.local/lib/python3.12/site-packages/airflow/example_dags/example_xcomargs.py for tasks to queue
[2024-12-05T00:11:22.081+0000] {logging_mixin.py:190} INFO - [2024-12-05T00:11:22.080+0000] {dagbag.py:588} INFO - Filling up the DagBag from /home/airflow/.local/lib/python3.12/site-packages/airflow/example_dags/example_xcomargs.py
[2024-12-05T00:11:22.160+0000] {processor.py:925} INFO - DAG(s) 'example_xcom_args_with_operators', 'example_xcom_args' retrieved from /home/airflow/.local/lib/python3.12/site-packages/airflow/example_dags/example_xcomargs.py
[2024-12-05T00:11:22.567+0000] {logging_mixin.py:190} INFO - [2024-12-05T00:11:22.565+0000] {dag.py:3239} INFO - Sync 2 DAGs
[2024-12-05T00:11:22.670+0000] {logging_mixin.py:190} INFO - [2024-12-05T00:11:22.669+0000] {dag.py:4180} INFO - Setting next_dagrun for example_xcom_args to None, run_after=None
[2024-12-05T00:11:22.695+0000] {logging_mixin.py:190} INFO - [2024-12-05T00:11:22.694+0000] {dag.py:4180} INFO - Setting next_dagrun for example_xcom_args_with_operators to None, run_after=None
[2024-12-05T00:11:22.760+0000] {processor.py:208} INFO - Processing /home/airflow/.local/lib/python3.12/site-packages/airflow/example_dags/example_xcomargs.py took 0.801 seconds
[2024-12-05T00:12:10.946+0000] {processor.py:186} INFO - Started process (PID=470) to work on /home/airflow/.local/lib/python3.12/site-packages/airflow/example_dags/example_xcomargs.py
[2024-12-05T00:12:10.948+0000] {processor.py:914} INFO - Processing file /home/airflow/.local/lib/python3.12/site-packages/airflow/example_dags/example_xcomargs.py for tasks to queue
[2024-12-05T00:12:10.983+0000] {logging_mixin.py:190} INFO - [2024-12-05T00:12:10.982+0000] {dagbag.py:588} INFO - Filling up the DagBag from /home/airflow/.local/lib/python3.12/site-packages/airflow/example_dags/example_xcomargs.py
[2024-12-05T00:12:11.084+0000] {processor.py:925} INFO - DAG(s) 'example_xcom_args', 'example_xcom_args_with_operators' retrieved from /home/airflow/.local/lib/python3.12/site-packages/airflow/example_dags/example_xcomargs.py
[2024-12-05T00:12:11.293+0000] {logging_mixin.py:190} INFO - [2024-12-05T00:12:11.292+0000] {dag.py:3239} INFO - Sync 2 DAGs
[2024-12-05T00:12:11.447+0000] {logging_mixin.py:190} INFO - [2024-12-05T00:12:11.445+0000] {dag.py:4180} INFO - Setting next_dagrun for example_xcom_args to None, run_after=None
[2024-12-05T00:12:11.486+0000] {logging_mixin.py:190} INFO - [2024-12-05T00:12:11.486+0000] {dag.py:4180} INFO - Setting next_dagrun for example_xcom_args_with_operators to None, run_after=None
[2024-12-05T00:12:11.627+0000] {processor.py:208} INFO - Processing /home/airflow/.local/lib/python3.12/site-packages/airflow/example_dags/example_xcomargs.py took 0.706 seconds
[2024-12-05T00:13:15.515+0000] {processor.py:186} INFO - Started process (PID=529) to work on /home/airflow/.local/lib/python3.12/site-packages/airflow/example_dags/example_xcomargs.py
[2024-12-05T00:13:15.518+0000] {processor.py:914} INFO - Processing file /home/airflow/.local/lib/python3.12/site-packages/airflow/example_dags/example_xcomargs.py for tasks to queue
[2024-12-05T00:13:15.529+0000] {logging_mixin.py:190} INFO - [2024-12-05T00:13:15.528+0000] {dagbag.py:588} INFO - Filling up the DagBag from /home/airflow/.local/lib/python3.12/site-packages/airflow/example_dags/example_xcomargs.py
[2024-12-05T00:13:15.582+0000] {processor.py:925} INFO - DAG(s) 'example_xcom_args', 'example_xcom_args_with_operators' retrieved from /home/airflow/.local/lib/python3.12/site-packages/airflow/example_dags/example_xcomargs.py
[2024-12-05T00:13:15.730+0000] {logging_mixin.py:190} INFO - [2024-12-05T00:13:15.729+0000] {dag.py:3239} INFO - Sync 2 DAGs
[2024-12-05T00:13:15.830+0000] {logging_mixin.py:190} INFO - [2024-12-05T00:13:15.829+0000] {dag.py:4180} INFO - Setting next_dagrun for example_xcom_args to None, run_after=None
[2024-12-05T00:13:15.880+0000] {logging_mixin.py:190} INFO - [2024-12-05T00:13:15.880+0000] {dag.py:4180} INFO - Setting next_dagrun for example_xcom_args_with_operators to None, run_after=None
[2024-12-05T00:13:16.027+0000] {processor.py:208} INFO - Processing /home/airflow/.local/lib/python3.12/site-packages/airflow/example_dags/example_xcomargs.py took 0.556 seconds
[2024-12-05T00:14:13.529+0000] {processor.py:186} INFO - Started process (PID=618) to work on /home/airflow/.local/lib/python3.12/site-packages/airflow/example_dags/example_xcomargs.py
[2024-12-05T00:14:13.543+0000] {processor.py:914} INFO - Processing file /home/airflow/.local/lib/python3.12/site-packages/airflow/example_dags/example_xcomargs.py for tasks to queue
[2024-12-05T00:14:13.563+0000] {logging_mixin.py:190} INFO - [2024-12-05T00:14:13.562+0000] {dagbag.py:588} INFO - Filling up the DagBag from /home/airflow/.local/lib/python3.12/site-packages/airflow/example_dags/example_xcomargs.py
[2024-12-05T00:14:13.694+0000] {processor.py:925} INFO - DAG(s) 'example_xcom_args_with_operators', 'example_xcom_args' retrieved from /home/airflow/.local/lib/python3.12/site-packages/airflow/example_dags/example_xcomargs.py
[2024-12-05T00:14:14.003+0000] {logging_mixin.py:190} INFO - [2024-12-05T00:14:14.002+0000] {dag.py:3239} INFO - Sync 2 DAGs
[2024-12-05T00:14:14.292+0000] {logging_mixin.py:190} INFO - [2024-12-05T00:14:14.292+0000] {dag.py:4180} INFO - Setting next_dagrun for example_xcom_args to None, run_after=None
[2024-12-05T00:14:14.356+0000] {logging_mixin.py:190} INFO - [2024-12-05T00:14:14.345+0000] {dag.py:4180} INFO - Setting next_dagrun for example_xcom_args_with_operators to None, run_after=None
[2024-12-05T00:14:14.625+0000] {processor.py:208} INFO - Processing /home/airflow/.local/lib/python3.12/site-packages/airflow/example_dags/example_xcomargs.py took 1.145 seconds
[2024-12-05T00:15:12.895+0000] {processor.py:186} INFO - Started process (PID=718) to work on /home/airflow/.local/lib/python3.12/site-packages/airflow/example_dags/example_xcomargs.py
[2024-12-05T00:15:12.906+0000] {processor.py:914} INFO - Processing file /home/airflow/.local/lib/python3.12/site-packages/airflow/example_dags/example_xcomargs.py for tasks to queue
[2024-12-05T00:15:12.934+0000] {logging_mixin.py:190} INFO - [2024-12-05T00:15:12.930+0000] {dagbag.py:588} INFO - Filling up the DagBag from /home/airflow/.local/lib/python3.12/site-packages/airflow/example_dags/example_xcomargs.py
[2024-12-05T00:15:13.072+0000] {processor.py:925} INFO - DAG(s) 'example_xcom_args_with_operators', 'example_xcom_args' retrieved from /home/airflow/.local/lib/python3.12/site-packages/airflow/example_dags/example_xcomargs.py
[2024-12-05T00:15:13.193+0000] {logging_mixin.py:190} INFO - [2024-12-05T00:15:13.192+0000] {dag.py:3239} INFO - Sync 2 DAGs
[2024-12-05T00:15:13.282+0000] {logging_mixin.py:190} INFO - [2024-12-05T00:15:13.282+0000] {dag.py:4180} INFO - Setting next_dagrun for example_xcom_args to None, run_after=None
[2024-12-05T00:15:13.307+0000] {logging_mixin.py:190} INFO - [2024-12-05T00:15:13.306+0000] {dag.py:4180} INFO - Setting next_dagrun for example_xcom_args_with_operators to None, run_after=None
[2024-12-05T00:15:13.400+0000] {processor.py:208} INFO - Processing /home/airflow/.local/lib/python3.12/site-packages/airflow/example_dags/example_xcomargs.py took 0.567 seconds
[2024-12-05T00:15:48.166+0000] {processor.py:186} INFO - Started process (PID=783) to work on /home/airflow/.local/lib/python3.12/site-packages/airflow/example_dags/example_xcomargs.py
[2024-12-05T00:15:48.211+0000] {processor.py:914} INFO - Processing file /home/airflow/.local/lib/python3.12/site-packages/airflow/example_dags/example_xcomargs.py for tasks to queue
[2024-12-05T00:15:48.236+0000] {logging_mixin.py:190} INFO - [2024-12-05T00:15:48.233+0000] {dagbag.py:588} INFO - Filling up the DagBag from /home/airflow/.local/lib/python3.12/site-packages/airflow/example_dags/example_xcomargs.py
[2024-12-05T00:15:48.363+0000] {processor.py:925} INFO - DAG(s) 'example_xcom_args', 'example_xcom_args_with_operators' retrieved from /home/airflow/.local/lib/python3.12/site-packages/airflow/example_dags/example_xcomargs.py
[2024-12-05T00:15:48.509+0000] {logging_mixin.py:190} INFO - [2024-12-05T00:15:48.508+0000] {dag.py:3239} INFO - Sync 2 DAGs
[2024-12-05T00:15:48.876+0000] {logging_mixin.py:190} INFO - [2024-12-05T00:15:48.876+0000] {dag.py:4180} INFO - Setting next_dagrun for example_xcom_args to None, run_after=None
[2024-12-05T00:15:48.986+0000] {logging_mixin.py:190} INFO - [2024-12-05T00:15:48.982+0000] {dag.py:4180} INFO - Setting next_dagrun for example_xcom_args_with_operators to None, run_after=None
[2024-12-05T00:15:49.133+0000] {processor.py:208} INFO - Processing /home/airflow/.local/lib/python3.12/site-packages/airflow/example_dags/example_xcomargs.py took 1.011 seconds
[2024-12-05T00:16:56.009+0000] {processor.py:186} INFO - Started process (PID=868) to work on /home/airflow/.local/lib/python3.12/site-packages/airflow/example_dags/example_xcomargs.py
[2024-12-05T00:16:56.023+0000] {processor.py:914} INFO - Processing file /home/airflow/.local/lib/python3.12/site-packages/airflow/example_dags/example_xcomargs.py for tasks to queue
[2024-12-05T00:16:56.046+0000] {logging_mixin.py:190} INFO - [2024-12-05T00:16:56.044+0000] {dagbag.py:588} INFO - Filling up the DagBag from /home/airflow/.local/lib/python3.12/site-packages/airflow/example_dags/example_xcomargs.py
[2024-12-05T00:16:56.120+0000] {processor.py:925} INFO - DAG(s) 'example_xcom_args_with_operators', 'example_xcom_args' retrieved from /home/airflow/.local/lib/python3.12/site-packages/airflow/example_dags/example_xcomargs.py
[2024-12-05T00:16:56.313+0000] {logging_mixin.py:190} INFO - [2024-12-05T00:16:56.311+0000] {dag.py:3239} INFO - Sync 2 DAGs
[2024-12-05T00:16:56.497+0000] {logging_mixin.py:190} INFO - [2024-12-05T00:16:56.486+0000] {dag.py:4180} INFO - Setting next_dagrun for example_xcom_args to None, run_after=None
[2024-12-05T00:16:56.556+0000] {logging_mixin.py:190} INFO - [2024-12-05T00:16:56.555+0000] {dag.py:4180} INFO - Setting next_dagrun for example_xcom_args_with_operators to None, run_after=None
[2024-12-05T00:16:56.743+0000] {processor.py:208} INFO - Processing /home/airflow/.local/lib/python3.12/site-packages/airflow/example_dags/example_xcomargs.py took 0.779 seconds
[2024-12-05T00:18:17.239+0000] {processor.py:186} INFO - Started process (PID=962) to work on /home/airflow/.local/lib/python3.12/site-packages/airflow/example_dags/example_xcomargs.py
[2024-12-05T00:18:17.258+0000] {processor.py:914} INFO - Processing file /home/airflow/.local/lib/python3.12/site-packages/airflow/example_dags/example_xcomargs.py for tasks to queue
[2024-12-05T00:18:17.285+0000] {logging_mixin.py:190} INFO - [2024-12-05T00:18:17.284+0000] {dagbag.py:588} INFO - Filling up the DagBag from /home/airflow/.local/lib/python3.12/site-packages/airflow/example_dags/example_xcomargs.py
[2024-12-05T00:18:17.387+0000] {processor.py:925} INFO - DAG(s) 'example_xcom_args_with_operators', 'example_xcom_args' retrieved from /home/airflow/.local/lib/python3.12/site-packages/airflow/example_dags/example_xcomargs.py
[2024-12-05T00:18:17.571+0000] {logging_mixin.py:190} INFO - [2024-12-05T00:18:17.567+0000] {dag.py:3239} INFO - Sync 2 DAGs
[2024-12-05T00:18:17.742+0000] {logging_mixin.py:190} INFO - [2024-12-05T00:18:17.741+0000] {dag.py:4180} INFO - Setting next_dagrun for example_xcom_args to None, run_after=None
[2024-12-05T00:18:17.801+0000] {logging_mixin.py:190} INFO - [2024-12-05T00:18:17.800+0000] {dag.py:4180} INFO - Setting next_dagrun for example_xcom_args_with_operators to None, run_after=None
[2024-12-05T00:18:17.984+0000] {processor.py:208} INFO - Processing /home/airflow/.local/lib/python3.12/site-packages/airflow/example_dags/example_xcomargs.py took 0.801 seconds
[2024-12-05T00:19:08.714+0000] {processor.py:186} INFO - Started process (PID=1039) to work on /home/airflow/.local/lib/python3.12/site-packages/airflow/example_dags/example_xcomargs.py
[2024-12-05T00:19:08.727+0000] {processor.py:914} INFO - Processing file /home/airflow/.local/lib/python3.12/site-packages/airflow/example_dags/example_xcomargs.py for tasks to queue
[2024-12-05T00:19:08.753+0000] {logging_mixin.py:190} INFO - [2024-12-05T00:19:08.752+0000] {dagbag.py:588} INFO - Filling up the DagBag from /home/airflow/.local/lib/python3.12/site-packages/airflow/example_dags/example_xcomargs.py
[2024-12-05T00:19:08.883+0000] {processor.py:925} INFO - DAG(s) 'example_xcom_args', 'example_xcom_args_with_operators' retrieved from /home/airflow/.local/lib/python3.12/site-packages/airflow/example_dags/example_xcomargs.py
[2024-12-05T00:19:09.553+0000] {logging_mixin.py:190} INFO - [2024-12-05T00:19:09.552+0000] {dag.py:3239} INFO - Sync 2 DAGs
[2024-12-05T00:19:09.714+0000] {logging_mixin.py:190} INFO - [2024-12-05T00:19:09.714+0000] {dag.py:4180} INFO - Setting next_dagrun for example_xcom_args to None, run_after=None
[2024-12-05T00:19:09.747+0000] {logging_mixin.py:190} INFO - [2024-12-05T00:19:09.746+0000] {dag.py:4180} INFO - Setting next_dagrun for example_xcom_args_with_operators to None, run_after=None
[2024-12-05T00:19:09.928+0000] {processor.py:208} INFO - Processing /home/airflow/.local/lib/python3.12/site-packages/airflow/example_dags/example_xcomargs.py took 1.280 seconds
[2024-12-05T00:20:03.899+0000] {processor.py:186} INFO - Started process (PID=1110) to work on /home/airflow/.local/lib/python3.12/site-packages/airflow/example_dags/example_xcomargs.py
[2024-12-05T00:20:03.902+0000] {processor.py:914} INFO - Processing file /home/airflow/.local/lib/python3.12/site-packages/airflow/example_dags/example_xcomargs.py for tasks to queue
[2024-12-05T00:20:03.919+0000] {logging_mixin.py:190} INFO - [2024-12-05T00:20:03.918+0000] {dagbag.py:588} INFO - Filling up the DagBag from /home/airflow/.local/lib/python3.12/site-packages/airflow/example_dags/example_xcomargs.py
[2024-12-05T00:20:03.967+0000] {processor.py:925} INFO - DAG(s) 'example_xcom_args_with_operators', 'example_xcom_args' retrieved from /home/airflow/.local/lib/python3.12/site-packages/airflow/example_dags/example_xcomargs.py
[2024-12-05T00:20:04.076+0000] {logging_mixin.py:190} INFO - [2024-12-05T00:20:04.076+0000] {dag.py:3239} INFO - Sync 2 DAGs
[2024-12-05T00:20:04.150+0000] {logging_mixin.py:190} INFO - [2024-12-05T00:20:04.150+0000] {dag.py:4180} INFO - Setting next_dagrun for example_xcom_args to None, run_after=None
[2024-12-05T00:20:04.182+0000] {logging_mixin.py:190} INFO - [2024-12-05T00:20:04.181+0000] {dag.py:4180} INFO - Setting next_dagrun for example_xcom_args_with_operators to None, run_after=None
[2024-12-05T00:20:04.262+0000] {processor.py:208} INFO - Processing /home/airflow/.local/lib/python3.12/site-packages/airflow/example_dags/example_xcomargs.py took 0.392 seconds
[2024-12-05T00:20:57.279+0000] {processor.py:186} INFO - Started process (PID=1192) to work on /home/airflow/.local/lib/python3.12/site-packages/airflow/example_dags/example_xcomargs.py
[2024-12-05T00:20:57.282+0000] {processor.py:914} INFO - Processing file /home/airflow/.local/lib/python3.12/site-packages/airflow/example_dags/example_xcomargs.py for tasks to queue
[2024-12-05T00:20:57.292+0000] {logging_mixin.py:190} INFO - [2024-12-05T00:20:57.288+0000] {dagbag.py:588} INFO - Filling up the DagBag from /home/airflow/.local/lib/python3.12/site-packages/airflow/example_dags/example_xcomargs.py
[2024-12-05T00:20:57.334+0000] {processor.py:925} INFO - DAG(s) 'example_xcom_args', 'example_xcom_args_with_operators' retrieved from /home/airflow/.local/lib/python3.12/site-packages/airflow/example_dags/example_xcomargs.py
[2024-12-05T00:20:57.403+0000] {logging_mixin.py:190} INFO - [2024-12-05T00:20:57.403+0000] {dag.py:3239} INFO - Sync 2 DAGs
[2024-12-05T00:20:57.440+0000] {logging_mixin.py:190} INFO - [2024-12-05T00:20:57.439+0000] {dag.py:4180} INFO - Setting next_dagrun for example_xcom_args to None, run_after=None
[2024-12-05T00:20:57.459+0000] {logging_mixin.py:190} INFO - [2024-12-05T00:20:57.458+0000] {dag.py:4180} INFO - Setting next_dagrun for example_xcom_args_with_operators to None, run_after=None
[2024-12-05T00:20:57.568+0000] {processor.py:208} INFO - Processing /home/airflow/.local/lib/python3.12/site-packages/airflow/example_dags/example_xcomargs.py took 0.336 seconds
[2024-12-05T00:21:47.316+0000] {processor.py:186} INFO - Started process (PID=1257) to work on /home/airflow/.local/lib/python3.12/site-packages/airflow/example_dags/example_xcomargs.py
[2024-12-05T00:21:47.347+0000] {processor.py:914} INFO - Processing file /home/airflow/.local/lib/python3.12/site-packages/airflow/example_dags/example_xcomargs.py for tasks to queue
[2024-12-05T00:21:47.369+0000] {logging_mixin.py:190} INFO - [2024-12-05T00:21:47.368+0000] {dagbag.py:588} INFO - Filling up the DagBag from /home/airflow/.local/lib/python3.12/site-packages/airflow/example_dags/example_xcomargs.py
[2024-12-05T00:21:47.461+0000] {processor.py:925} INFO - DAG(s) 'example_xcom_args_with_operators', 'example_xcom_args' retrieved from /home/airflow/.local/lib/python3.12/site-packages/airflow/example_dags/example_xcomargs.py
[2024-12-05T00:21:48.037+0000] {logging_mixin.py:190} INFO - [2024-12-05T00:21:48.036+0000] {dag.py:3239} INFO - Sync 2 DAGs
[2024-12-05T00:21:48.502+0000] {logging_mixin.py:190} INFO - [2024-12-05T00:21:48.496+0000] {dag.py:4180} INFO - Setting next_dagrun for example_xcom_args to None, run_after=None
[2024-12-05T00:21:48.531+0000] {logging_mixin.py:190} INFO - [2024-12-05T00:21:48.530+0000] {dag.py:4180} INFO - Setting next_dagrun for example_xcom_args_with_operators to None, run_after=None
[2024-12-05T00:21:48.799+0000] {processor.py:208} INFO - Processing /home/airflow/.local/lib/python3.12/site-packages/airflow/example_dags/example_xcomargs.py took 1.515 seconds
[2024-12-05T00:22:43.594+0000] {processor.py:186} INFO - Started process (PID=1352) to work on /home/airflow/.local/lib/python3.12/site-packages/airflow/example_dags/example_xcomargs.py
[2024-12-05T00:22:43.598+0000] {processor.py:914} INFO - Processing file /home/airflow/.local/lib/python3.12/site-packages/airflow/example_dags/example_xcomargs.py for tasks to queue
[2024-12-05T00:22:43.605+0000] {logging_mixin.py:190} INFO - [2024-12-05T00:22:43.604+0000] {dagbag.py:588} INFO - Filling up the DagBag from /home/airflow/.local/lib/python3.12/site-packages/airflow/example_dags/example_xcomargs.py
[2024-12-05T00:22:43.649+0000] {processor.py:925} INFO - DAG(s) 'example_xcom_args_with_operators', 'example_xcom_args' retrieved from /home/airflow/.local/lib/python3.12/site-packages/airflow/example_dags/example_xcomargs.py
[2024-12-05T00:22:43.744+0000] {logging_mixin.py:190} INFO - [2024-12-05T00:22:43.744+0000] {dag.py:3239} INFO - Sync 2 DAGs
[2024-12-05T00:22:43.791+0000] {logging_mixin.py:190} INFO - [2024-12-05T00:22:43.791+0000] {dag.py:4180} INFO - Setting next_dagrun for example_xcom_args to None, run_after=None
[2024-12-05T00:22:43.805+0000] {logging_mixin.py:190} INFO - [2024-12-05T00:22:43.804+0000] {dag.py:4180} INFO - Setting next_dagrun for example_xcom_args_with_operators to None, run_after=None
[2024-12-05T00:22:43.854+0000] {processor.py:208} INFO - Processing /home/airflow/.local/lib/python3.12/site-packages/airflow/example_dags/example_xcomargs.py took 0.287 seconds
[2024-12-05T00:23:31.054+0000] {processor.py:186} INFO - Started process (PID=1407) to work on /home/airflow/.local/lib/python3.12/site-packages/airflow/example_dags/example_xcomargs.py
[2024-12-05T00:23:31.058+0000] {processor.py:914} INFO - Processing file /home/airflow/.local/lib/python3.12/site-packages/airflow/example_dags/example_xcomargs.py for tasks to queue
[2024-12-05T00:23:31.074+0000] {logging_mixin.py:190} INFO - [2024-12-05T00:23:31.073+0000] {dagbag.py:588} INFO - Filling up the DagBag from /home/airflow/.local/lib/python3.12/site-packages/airflow/example_dags/example_xcomargs.py
[2024-12-05T00:23:31.132+0000] {processor.py:925} INFO - DAG(s) 'example_xcom_args', 'example_xcom_args_with_operators' retrieved from /home/airflow/.local/lib/python3.12/site-packages/airflow/example_dags/example_xcomargs.py
[2024-12-05T00:23:31.326+0000] {logging_mixin.py:190} INFO - [2024-12-05T00:23:31.325+0000] {dag.py:3239} INFO - Sync 2 DAGs
[2024-12-05T00:23:31.530+0000] {logging_mixin.py:190} INFO - [2024-12-05T00:23:31.529+0000] {dag.py:4180} INFO - Setting next_dagrun for example_xcom_args to None, run_after=None
[2024-12-05T00:23:31.588+0000] {logging_mixin.py:190} INFO - [2024-12-05T00:23:31.587+0000] {dag.py:4180} INFO - Setting next_dagrun for example_xcom_args_with_operators to None, run_after=None
[2024-12-05T00:23:31.736+0000] {processor.py:208} INFO - Processing /home/airflow/.local/lib/python3.12/site-packages/airflow/example_dags/example_xcomargs.py took 0.722 seconds
