[2024-12-05T00:00:28.423+0000] {processor.py:186} INFO - Started process (PID=384) to work on /home/airflow/.local/lib/python3.12/site-packages/airflow/example_dags/example_task_group_decorator.py
[2024-12-05T00:00:28.446+0000] {processor.py:914} INFO - Processing file /home/airflow/.local/lib/python3.12/site-packages/airflow/example_dags/example_task_group_decorator.py for tasks to queue
[2024-12-05T00:00:28.470+0000] {logging_mixin.py:190} INFO - [2024-12-05T00:00:28.469+0000] {dagbag.py:588} INFO - Filling up the DagBag from /home/airflow/.local/lib/python3.12/site-packages/airflow/example_dags/example_task_group_decorator.py
[2024-12-05T00:00:28.671+0000] {processor.py:925} INFO - DAG(s) 'example_task_group_decorator' retrieved from /home/airflow/.local/lib/python3.12/site-packages/airflow/example_dags/example_task_group_decorator.py
[2024-12-05T00:00:28.923+0000] {logging_mixin.py:190} INFO - [2024-12-05T00:00:28.922+0000] {dag.py:3239} INFO - Sync 1 DAGs
[2024-12-05T00:00:29.089+0000] {logging_mixin.py:190} INFO - [2024-12-05T00:00:29.089+0000] {dag.py:4180} INFO - Setting next_dagrun for example_task_group_decorator to None, run_after=None
[2024-12-05T00:00:29.332+0000] {processor.py:208} INFO - Processing /home/airflow/.local/lib/python3.12/site-packages/airflow/example_dags/example_task_group_decorator.py took 0.947 seconds
[2024-12-05T00:10:10.967+0000] {processor.py:186} INFO - Started process (PID=270) to work on /home/airflow/.local/lib/python3.12/site-packages/airflow/example_dags/example_task_group_decorator.py
[2024-12-05T00:10:10.977+0000] {processor.py:914} INFO - Processing file /home/airflow/.local/lib/python3.12/site-packages/airflow/example_dags/example_task_group_decorator.py for tasks to queue
[2024-12-05T00:10:10.992+0000] {logging_mixin.py:190} INFO - [2024-12-05T00:10:10.991+0000] {dagbag.py:588} INFO - Filling up the DagBag from /home/airflow/.local/lib/python3.12/site-packages/airflow/example_dags/example_task_group_decorator.py
[2024-12-05T00:10:11.118+0000] {processor.py:925} INFO - DAG(s) 'example_task_group_decorator' retrieved from /home/airflow/.local/lib/python3.12/site-packages/airflow/example_dags/example_task_group_decorator.py
[2024-12-05T00:10:11.247+0000] {logging_mixin.py:190} INFO - [2024-12-05T00:10:11.247+0000] {dag.py:3239} INFO - Sync 1 DAGs
[2024-12-05T00:10:11.439+0000] {logging_mixin.py:190} INFO - [2024-12-05T00:10:11.437+0000] {dag.py:4180} INFO - Setting next_dagrun for example_task_group_decorator to None, run_after=None
[2024-12-05T00:10:11.535+0000] {processor.py:208} INFO - Processing /home/airflow/.local/lib/python3.12/site-packages/airflow/example_dags/example_task_group_decorator.py took 0.599 seconds
[2024-12-05T00:11:02.697+0000] {processor.py:186} INFO - Started process (PID=364) to work on /home/airflow/.local/lib/python3.12/site-packages/airflow/example_dags/example_task_group_decorator.py
[2024-12-05T00:11:02.713+0000] {processor.py:914} INFO - Processing file /home/airflow/.local/lib/python3.12/site-packages/airflow/example_dags/example_task_group_decorator.py for tasks to queue
[2024-12-05T00:11:02.732+0000] {logging_mixin.py:190} INFO - [2024-12-05T00:11:02.732+0000] {dagbag.py:588} INFO - Filling up the DagBag from /home/airflow/.local/lib/python3.12/site-packages/airflow/example_dags/example_task_group_decorator.py
[2024-12-05T00:11:03.103+0000] {processor.py:925} INFO - DAG(s) 'example_task_group_decorator' retrieved from /home/airflow/.local/lib/python3.12/site-packages/airflow/example_dags/example_task_group_decorator.py
[2024-12-05T00:11:03.474+0000] {logging_mixin.py:190} INFO - [2024-12-05T00:11:03.473+0000] {dag.py:3239} INFO - Sync 1 DAGs
[2024-12-05T00:11:03.764+0000] {logging_mixin.py:190} INFO - [2024-12-05T00:11:03.764+0000] {dag.py:4180} INFO - Setting next_dagrun for example_task_group_decorator to None, run_after=None
[2024-12-05T00:11:03.995+0000] {processor.py:208} INFO - Processing /home/airflow/.local/lib/python3.12/site-packages/airflow/example_dags/example_task_group_decorator.py took 1.394 seconds
[2024-12-05T00:12:06.968+0000] {processor.py:186} INFO - Started process (PID=459) to work on /home/airflow/.local/lib/python3.12/site-packages/airflow/example_dags/example_task_group_decorator.py
[2024-12-05T00:12:06.979+0000] {processor.py:914} INFO - Processing file /home/airflow/.local/lib/python3.12/site-packages/airflow/example_dags/example_task_group_decorator.py for tasks to queue
[2024-12-05T00:12:07.006+0000] {logging_mixin.py:190} INFO - [2024-12-05T00:12:07.005+0000] {dagbag.py:588} INFO - Filling up the DagBag from /home/airflow/.local/lib/python3.12/site-packages/airflow/example_dags/example_task_group_decorator.py
[2024-12-05T00:12:07.127+0000] {processor.py:925} INFO - DAG(s) 'example_task_group_decorator' retrieved from /home/airflow/.local/lib/python3.12/site-packages/airflow/example_dags/example_task_group_decorator.py
[2024-12-05T00:12:07.363+0000] {logging_mixin.py:190} INFO - [2024-12-05T00:12:07.363+0000] {dag.py:3239} INFO - Sync 1 DAGs
[2024-12-05T00:12:07.524+0000] {logging_mixin.py:190} INFO - [2024-12-05T00:12:07.523+0000] {dag.py:4180} INFO - Setting next_dagrun for example_task_group_decorator to None, run_after=None
[2024-12-05T00:12:07.655+0000] {processor.py:208} INFO - Processing /home/airflow/.local/lib/python3.12/site-packages/airflow/example_dags/example_task_group_decorator.py took 0.708 seconds
[2024-12-05T00:13:33.510+0000] {processor.py:186} INFO - Started process (PID=556) to work on /home/airflow/.local/lib/python3.12/site-packages/airflow/example_dags/example_task_group_decorator.py
[2024-12-05T00:13:33.514+0000] {processor.py:914} INFO - Processing file /home/airflow/.local/lib/python3.12/site-packages/airflow/example_dags/example_task_group_decorator.py for tasks to queue
[2024-12-05T00:13:33.522+0000] {logging_mixin.py:190} INFO - [2024-12-05T00:13:33.519+0000] {dagbag.py:588} INFO - Filling up the DagBag from /home/airflow/.local/lib/python3.12/site-packages/airflow/example_dags/example_task_group_decorator.py
[2024-12-05T00:13:33.606+0000] {processor.py:925} INFO - DAG(s) 'example_task_group_decorator' retrieved from /home/airflow/.local/lib/python3.12/site-packages/airflow/example_dags/example_task_group_decorator.py
[2024-12-05T00:13:33.840+0000] {logging_mixin.py:190} INFO - [2024-12-05T00:13:33.840+0000] {dag.py:3239} INFO - Sync 1 DAGs
[2024-12-05T00:13:33.962+0000] {logging_mixin.py:190} INFO - [2024-12-05T00:13:33.961+0000] {dag.py:4180} INFO - Setting next_dagrun for example_task_group_decorator to None, run_after=None
[2024-12-05T00:13:34.047+0000] {processor.py:208} INFO - Processing /home/airflow/.local/lib/python3.12/site-packages/airflow/example_dags/example_task_group_decorator.py took 0.565 seconds
[2024-12-05T00:15:01.782+0000] {processor.py:186} INFO - Started process (PID=699) to work on /home/airflow/.local/lib/python3.12/site-packages/airflow/example_dags/example_task_group_decorator.py
[2024-12-05T00:15:01.784+0000] {processor.py:914} INFO - Processing file /home/airflow/.local/lib/python3.12/site-packages/airflow/example_dags/example_task_group_decorator.py for tasks to queue
[2024-12-05T00:15:01.790+0000] {logging_mixin.py:190} INFO - [2024-12-05T00:15:01.789+0000] {dagbag.py:588} INFO - Filling up the DagBag from /home/airflow/.local/lib/python3.12/site-packages/airflow/example_dags/example_task_group_decorator.py
[2024-12-05T00:15:01.866+0000] {processor.py:925} INFO - DAG(s) 'example_task_group_decorator' retrieved from /home/airflow/.local/lib/python3.12/site-packages/airflow/example_dags/example_task_group_decorator.py
[2024-12-05T00:15:02.130+0000] {logging_mixin.py:190} INFO - [2024-12-05T00:15:02.129+0000] {dag.py:3239} INFO - Sync 1 DAGs
[2024-12-05T00:15:02.235+0000] {logging_mixin.py:190} INFO - [2024-12-05T00:15:02.234+0000] {dag.py:4180} INFO - Setting next_dagrun for example_task_group_decorator to None, run_after=None
[2024-12-05T00:15:02.383+0000] {processor.py:208} INFO - Processing /home/airflow/.local/lib/python3.12/site-packages/airflow/example_dags/example_task_group_decorator.py took 0.666 seconds
[2024-12-05T00:15:42.605+0000] {processor.py:186} INFO - Started process (PID=774) to work on /home/airflow/.local/lib/python3.12/site-packages/airflow/example_dags/example_task_group_decorator.py
[2024-12-05T00:15:42.616+0000] {processor.py:914} INFO - Processing file /home/airflow/.local/lib/python3.12/site-packages/airflow/example_dags/example_task_group_decorator.py for tasks to queue
[2024-12-05T00:15:42.626+0000] {logging_mixin.py:190} INFO - [2024-12-05T00:15:42.625+0000] {dagbag.py:588} INFO - Filling up the DagBag from /home/airflow/.local/lib/python3.12/site-packages/airflow/example_dags/example_task_group_decorator.py
[2024-12-05T00:15:42.762+0000] {processor.py:925} INFO - DAG(s) 'example_task_group_decorator' retrieved from /home/airflow/.local/lib/python3.12/site-packages/airflow/example_dags/example_task_group_decorator.py
[2024-12-05T00:15:42.937+0000] {logging_mixin.py:190} INFO - [2024-12-05T00:15:42.936+0000] {dag.py:3239} INFO - Sync 1 DAGs
[2024-12-05T00:15:43.079+0000] {logging_mixin.py:190} INFO - [2024-12-05T00:15:43.079+0000] {dag.py:4180} INFO - Setting next_dagrun for example_task_group_decorator to None, run_after=None
[2024-12-05T00:15:43.185+0000] {processor.py:208} INFO - Processing /home/airflow/.local/lib/python3.12/site-packages/airflow/example_dags/example_task_group_decorator.py took 0.613 seconds
[2024-12-05T00:16:42.965+0000] {processor.py:186} INFO - Started process (PID=854) to work on /home/airflow/.local/lib/python3.12/site-packages/airflow/example_dags/example_task_group_decorator.py
[2024-12-05T00:16:42.974+0000] {processor.py:914} INFO - Processing file /home/airflow/.local/lib/python3.12/site-packages/airflow/example_dags/example_task_group_decorator.py for tasks to queue
[2024-12-05T00:16:42.987+0000] {logging_mixin.py:190} INFO - [2024-12-05T00:16:42.986+0000] {dagbag.py:588} INFO - Filling up the DagBag from /home/airflow/.local/lib/python3.12/site-packages/airflow/example_dags/example_task_group_decorator.py
[2024-12-05T00:16:43.172+0000] {processor.py:925} INFO - DAG(s) 'example_task_group_decorator' retrieved from /home/airflow/.local/lib/python3.12/site-packages/airflow/example_dags/example_task_group_decorator.py
[2024-12-05T00:16:43.425+0000] {logging_mixin.py:190} INFO - [2024-12-05T00:16:43.422+0000] {dag.py:3239} INFO - Sync 1 DAGs
[2024-12-05T00:16:43.783+0000] {logging_mixin.py:190} INFO - [2024-12-05T00:16:43.782+0000] {dag.py:4180} INFO - Setting next_dagrun for example_task_group_decorator to None, run_after=None
[2024-12-05T00:16:44.104+0000] {processor.py:208} INFO - Processing /home/airflow/.local/lib/python3.12/site-packages/airflow/example_dags/example_task_group_decorator.py took 1.224 seconds
[2024-12-05T00:17:55.865+0000] {processor.py:186} INFO - Started process (PID=948) to work on /home/airflow/.local/lib/python3.12/site-packages/airflow/example_dags/example_task_group_decorator.py
[2024-12-05T00:17:55.869+0000] {processor.py:914} INFO - Processing file /home/airflow/.local/lib/python3.12/site-packages/airflow/example_dags/example_task_group_decorator.py for tasks to queue
[2024-12-05T00:17:55.886+0000] {logging_mixin.py:190} INFO - [2024-12-05T00:17:55.880+0000] {dagbag.py:588} INFO - Filling up the DagBag from /home/airflow/.local/lib/python3.12/site-packages/airflow/example_dags/example_task_group_decorator.py
[2024-12-05T00:17:55.998+0000] {processor.py:925} INFO - DAG(s) 'example_task_group_decorator' retrieved from /home/airflow/.local/lib/python3.12/site-packages/airflow/example_dags/example_task_group_decorator.py
[2024-12-05T00:17:56.168+0000] {logging_mixin.py:190} INFO - [2024-12-05T00:17:56.167+0000] {dag.py:3239} INFO - Sync 1 DAGs
[2024-12-05T00:17:56.291+0000] {logging_mixin.py:190} INFO - [2024-12-05T00:17:56.290+0000] {dag.py:4180} INFO - Setting next_dagrun for example_task_group_decorator to None, run_after=None
[2024-12-05T00:17:56.381+0000] {processor.py:208} INFO - Processing /home/airflow/.local/lib/python3.12/site-packages/airflow/example_dags/example_task_group_decorator.py took 0.555 seconds
[2024-12-05T00:18:58.728+0000] {processor.py:186} INFO - Started process (PID=1028) to work on /home/airflow/.local/lib/python3.12/site-packages/airflow/example_dags/example_task_group_decorator.py
[2024-12-05T00:18:58.750+0000] {processor.py:914} INFO - Processing file /home/airflow/.local/lib/python3.12/site-packages/airflow/example_dags/example_task_group_decorator.py for tasks to queue
[2024-12-05T00:18:58.765+0000] {logging_mixin.py:190} INFO - [2024-12-05T00:18:58.762+0000] {dagbag.py:588} INFO - Filling up the DagBag from /home/airflow/.local/lib/python3.12/site-packages/airflow/example_dags/example_task_group_decorator.py
[2024-12-05T00:18:58.958+0000] {processor.py:925} INFO - DAG(s) 'example_task_group_decorator' retrieved from /home/airflow/.local/lib/python3.12/site-packages/airflow/example_dags/example_task_group_decorator.py
[2024-12-05T00:18:59.136+0000] {logging_mixin.py:190} INFO - [2024-12-05T00:18:59.136+0000] {dag.py:3239} INFO - Sync 1 DAGs
[2024-12-05T00:18:59.203+0000] {logging_mixin.py:190} INFO - [2024-12-05T00:18:59.202+0000] {dag.py:4180} INFO - Setting next_dagrun for example_task_group_decorator to None, run_after=None
[2024-12-05T00:18:59.315+0000] {processor.py:208} INFO - Processing /home/airflow/.local/lib/python3.12/site-packages/airflow/example_dags/example_task_group_decorator.py took 0.647 seconds
[2024-12-05T00:20:25.741+0000] {processor.py:186} INFO - Started process (PID=1148) to work on /home/airflow/.local/lib/python3.12/site-packages/airflow/example_dags/example_task_group_decorator.py
[2024-12-05T00:20:25.747+0000] {processor.py:914} INFO - Processing file /home/airflow/.local/lib/python3.12/site-packages/airflow/example_dags/example_task_group_decorator.py for tasks to queue
[2024-12-05T00:20:25.758+0000] {logging_mixin.py:190} INFO - [2024-12-05T00:20:25.757+0000] {dagbag.py:588} INFO - Filling up the DagBag from /home/airflow/.local/lib/python3.12/site-packages/airflow/example_dags/example_task_group_decorator.py
[2024-12-05T00:20:25.951+0000] {processor.py:925} INFO - DAG(s) 'example_task_group_decorator' retrieved from /home/airflow/.local/lib/python3.12/site-packages/airflow/example_dags/example_task_group_decorator.py
[2024-12-05T00:20:26.236+0000] {logging_mixin.py:190} INFO - [2024-12-05T00:20:26.232+0000] {dag.py:3239} INFO - Sync 1 DAGs
[2024-12-05T00:20:26.360+0000] {logging_mixin.py:190} INFO - [2024-12-05T00:20:26.357+0000] {dag.py:4180} INFO - Setting next_dagrun for example_task_group_decorator to None, run_after=None
[2024-12-05T00:20:26.503+0000] {processor.py:208} INFO - Processing /home/airflow/.local/lib/python3.12/site-packages/airflow/example_dags/example_task_group_decorator.py took 0.789 seconds
[2024-12-05T00:21:35.789+0000] {processor.py:186} INFO - Started process (PID=1246) to work on /home/airflow/.local/lib/python3.12/site-packages/airflow/example_dags/example_task_group_decorator.py
[2024-12-05T00:21:35.804+0000] {processor.py:914} INFO - Processing file /home/airflow/.local/lib/python3.12/site-packages/airflow/example_dags/example_task_group_decorator.py for tasks to queue
[2024-12-05T00:21:35.820+0000] {logging_mixin.py:190} INFO - [2024-12-05T00:21:35.819+0000] {dagbag.py:588} INFO - Filling up the DagBag from /home/airflow/.local/lib/python3.12/site-packages/airflow/example_dags/example_task_group_decorator.py
[2024-12-05T00:21:35.892+0000] {processor.py:925} INFO - DAG(s) 'example_task_group_decorator' retrieved from /home/airflow/.local/lib/python3.12/site-packages/airflow/example_dags/example_task_group_decorator.py
[2024-12-05T00:21:36.005+0000] {logging_mixin.py:190} INFO - [2024-12-05T00:21:36.004+0000] {dag.py:3239} INFO - Sync 1 DAGs
[2024-12-05T00:21:36.050+0000] {logging_mixin.py:190} INFO - [2024-12-05T00:21:36.050+0000] {dag.py:4180} INFO - Setting next_dagrun for example_task_group_decorator to None, run_after=None
[2024-12-05T00:21:36.112+0000] {processor.py:208} INFO - Processing /home/airflow/.local/lib/python3.12/site-packages/airflow/example_dags/example_task_group_decorator.py took 0.349 seconds
[2024-12-05T00:22:37.799+0000] {processor.py:186} INFO - Started process (PID=1347) to work on /home/airflow/.local/lib/python3.12/site-packages/airflow/example_dags/example_task_group_decorator.py
[2024-12-05T00:22:37.802+0000] {processor.py:914} INFO - Processing file /home/airflow/.local/lib/python3.12/site-packages/airflow/example_dags/example_task_group_decorator.py for tasks to queue
[2024-12-05T00:22:37.811+0000] {logging_mixin.py:190} INFO - [2024-12-05T00:22:37.810+0000] {dagbag.py:588} INFO - Filling up the DagBag from /home/airflow/.local/lib/python3.12/site-packages/airflow/example_dags/example_task_group_decorator.py
[2024-12-05T00:22:37.954+0000] {processor.py:925} INFO - DAG(s) 'example_task_group_decorator' retrieved from /home/airflow/.local/lib/python3.12/site-packages/airflow/example_dags/example_task_group_decorator.py
[2024-12-05T00:22:38.124+0000] {logging_mixin.py:190} INFO - [2024-12-05T00:22:38.124+0000] {dag.py:3239} INFO - Sync 1 DAGs
[2024-12-05T00:22:38.210+0000] {logging_mixin.py:190} INFO - [2024-12-05T00:22:38.209+0000] {dag.py:4180} INFO - Setting next_dagrun for example_task_group_decorator to None, run_after=None
[2024-12-05T00:22:38.551+0000] {processor.py:208} INFO - Processing /home/airflow/.local/lib/python3.12/site-packages/airflow/example_dags/example_task_group_decorator.py took 0.789 seconds
[2024-12-05T00:23:59.748+0000] {processor.py:186} INFO - Started process (PID=1434) to work on /home/airflow/.local/lib/python3.12/site-packages/airflow/example_dags/example_task_group_decorator.py
[2024-12-05T00:23:59.762+0000] {processor.py:914} INFO - Processing file /home/airflow/.local/lib/python3.12/site-packages/airflow/example_dags/example_task_group_decorator.py for tasks to queue
[2024-12-05T00:23:59.795+0000] {logging_mixin.py:190} INFO - [2024-12-05T00:23:59.794+0000] {dagbag.py:588} INFO - Filling up the DagBag from /home/airflow/.local/lib/python3.12/site-packages/airflow/example_dags/example_task_group_decorator.py
[2024-12-05T00:24:00.039+0000] {processor.py:925} INFO - DAG(s) 'example_task_group_decorator' retrieved from /home/airflow/.local/lib/python3.12/site-packages/airflow/example_dags/example_task_group_decorator.py
[2024-12-05T00:24:00.396+0000] {logging_mixin.py:190} INFO - [2024-12-05T00:24:00.396+0000] {dag.py:3239} INFO - Sync 1 DAGs
[2024-12-05T00:24:00.527+0000] {logging_mixin.py:190} INFO - [2024-12-05T00:24:00.516+0000] {dag.py:4180} INFO - Setting next_dagrun for example_task_group_decorator to None, run_after=None
[2024-12-05T00:24:00.758+0000] {processor.py:208} INFO - Processing /home/airflow/.local/lib/python3.12/site-packages/airflow/example_dags/example_task_group_decorator.py took 1.101 seconds
