[2024-12-05T00:09:42.672+0000] {processor.py:186} INFO - Started process (PID=229) to work on /home/airflow/.local/lib/python3.12/site-packages/airflow/example_dags/example_inlet_event_extra.py
[2024-12-05T00:09:42.701+0000] {processor.py:914} INFO - Processing file /home/airflow/.local/lib/python3.12/site-packages/airflow/example_dags/example_inlet_event_extra.py for tasks to queue
[2024-12-05T00:09:42.714+0000] {logging_mixin.py:190} INFO - [2024-12-05T00:09:42.713+0000] {dagbag.py:588} INFO - Filling up the DagBag from /home/airflow/.local/lib/python3.12/site-packages/airflow/example_dags/example_inlet_event_extra.py
[2024-12-05T00:09:47.344+0000] {processor.py:925} INFO - DAG(s) 'read_dataset_event', 'read_dataset_event_from_classic' retrieved from /home/airflow/.local/lib/python3.12/site-packages/airflow/example_dags/example_inlet_event_extra.py
[2024-12-05T00:09:47.455+0000] {logging_mixin.py:190} INFO - [2024-12-05T00:09:47.454+0000] {dag.py:3239} INFO - Sync 2 DAGs
[2024-12-05T00:09:47.651+0000] {logging_mixin.py:190} INFO - [2024-12-05T00:09:47.651+0000] {dag.py:4180} INFO - Setting next_dagrun for read_dataset_event to 2024-12-04 00:00:00+00:00, run_after=2024-12-05 00:00:00+00:00
[2024-12-05T00:09:47.691+0000] {logging_mixin.py:190} INFO - [2024-12-05T00:09:47.690+0000] {dag.py:4180} INFO - Setting next_dagrun for read_dataset_event_from_classic to 2024-12-04 00:00:00+00:00, run_after=2024-12-05 00:00:00+00:00
[2024-12-05T00:09:47.866+0000] {processor.py:208} INFO - Processing /home/airflow/.local/lib/python3.12/site-packages/airflow/example_dags/example_inlet_event_extra.py took 5.255 seconds
[2024-12-05T00:10:32.982+0000] {processor.py:186} INFO - Started process (PID=306) to work on /home/airflow/.local/lib/python3.12/site-packages/airflow/example_dags/example_inlet_event_extra.py
[2024-12-05T00:10:32.983+0000] {processor.py:914} INFO - Processing file /home/airflow/.local/lib/python3.12/site-packages/airflow/example_dags/example_inlet_event_extra.py for tasks to queue
[2024-12-05T00:10:32.986+0000] {logging_mixin.py:190} INFO - [2024-12-05T00:10:32.985+0000] {dagbag.py:588} INFO - Filling up the DagBag from /home/airflow/.local/lib/python3.12/site-packages/airflow/example_dags/example_inlet_event_extra.py
[2024-12-05T00:10:37.470+0000] {processor.py:925} INFO - DAG(s) 'read_dataset_event', 'read_dataset_event_from_classic' retrieved from /home/airflow/.local/lib/python3.12/site-packages/airflow/example_dags/example_inlet_event_extra.py
[2024-12-05T00:10:37.584+0000] {logging_mixin.py:190} INFO - [2024-12-05T00:10:37.583+0000] {dag.py:3239} INFO - Sync 2 DAGs
[2024-12-05T00:10:37.793+0000] {logging_mixin.py:190} INFO - [2024-12-05T00:10:37.793+0000] {dag.py:4180} INFO - Setting next_dagrun for read_dataset_event to 2024-12-04 00:00:00+00:00, run_after=2024-12-05 00:00:00+00:00
[2024-12-05T00:10:37.854+0000] {logging_mixin.py:190} INFO - [2024-12-05T00:10:37.853+0000] {dag.py:4180} INFO - Setting next_dagrun for read_dataset_event_from_classic to 2024-12-04 00:00:00+00:00, run_after=2024-12-05 00:00:00+00:00
[2024-12-05T00:10:37.992+0000] {processor.py:208} INFO - Processing /home/airflow/.local/lib/python3.12/site-packages/airflow/example_dags/example_inlet_event_extra.py took 5.019 seconds
[2024-12-05T00:11:28.043+0000] {processor.py:186} INFO - Started process (PID=400) to work on /home/airflow/.local/lib/python3.12/site-packages/airflow/example_dags/example_inlet_event_extra.py
[2024-12-05T00:11:28.054+0000] {processor.py:914} INFO - Processing file /home/airflow/.local/lib/python3.12/site-packages/airflow/example_dags/example_inlet_event_extra.py for tasks to queue
[2024-12-05T00:11:28.071+0000] {logging_mixin.py:190} INFO - [2024-12-05T00:11:28.070+0000] {dagbag.py:588} INFO - Filling up the DagBag from /home/airflow/.local/lib/python3.12/site-packages/airflow/example_dags/example_inlet_event_extra.py
[2024-12-05T00:11:32.669+0000] {processor.py:925} INFO - DAG(s) 'read_dataset_event', 'read_dataset_event_from_classic' retrieved from /home/airflow/.local/lib/python3.12/site-packages/airflow/example_dags/example_inlet_event_extra.py
[2024-12-05T00:11:32.890+0000] {logging_mixin.py:190} INFO - [2024-12-05T00:11:32.889+0000] {dag.py:3239} INFO - Sync 2 DAGs
[2024-12-05T00:11:33.270+0000] {logging_mixin.py:190} INFO - [2024-12-05T00:11:33.246+0000] {dag.py:4180} INFO - Setting next_dagrun for read_dataset_event to 2024-12-04 00:00:00+00:00, run_after=2024-12-05 00:00:00+00:00
[2024-12-05T00:11:33.351+0000] {logging_mixin.py:190} INFO - [2024-12-05T00:11:33.350+0000] {dag.py:4180} INFO - Setting next_dagrun for read_dataset_event_from_classic to 2024-12-04 00:00:00+00:00, run_after=2024-12-05 00:00:00+00:00
[2024-12-05T00:11:33.690+0000] {processor.py:208} INFO - Processing /home/airflow/.local/lib/python3.12/site-packages/airflow/example_dags/example_inlet_event_extra.py took 5.681 seconds
[2024-12-05T00:12:17.413+0000] {processor.py:186} INFO - Started process (PID=475) to work on /home/airflow/.local/lib/python3.12/site-packages/airflow/example_dags/example_inlet_event_extra.py
[2024-12-05T00:12:17.416+0000] {processor.py:914} INFO - Processing file /home/airflow/.local/lib/python3.12/site-packages/airflow/example_dags/example_inlet_event_extra.py for tasks to queue
[2024-12-05T00:12:17.436+0000] {logging_mixin.py:190} INFO - [2024-12-05T00:12:17.435+0000] {dagbag.py:588} INFO - Filling up the DagBag from /home/airflow/.local/lib/python3.12/site-packages/airflow/example_dags/example_inlet_event_extra.py
[2024-12-05T00:12:23.254+0000] {processor.py:925} INFO - DAG(s) 'read_dataset_event', 'read_dataset_event_from_classic' retrieved from /home/airflow/.local/lib/python3.12/site-packages/airflow/example_dags/example_inlet_event_extra.py
[2024-12-05T00:12:23.725+0000] {logging_mixin.py:190} INFO - [2024-12-05T00:12:23.724+0000] {dag.py:3239} INFO - Sync 2 DAGs
[2024-12-05T00:12:24.074+0000] {logging_mixin.py:190} INFO - [2024-12-05T00:12:24.073+0000] {dag.py:4180} INFO - Setting next_dagrun for read_dataset_event to 2024-12-04 00:00:00+00:00, run_after=2024-12-05 00:00:00+00:00
[2024-12-05T00:12:24.145+0000] {logging_mixin.py:190} INFO - [2024-12-05T00:12:24.144+0000] {dag.py:4180} INFO - Setting next_dagrun for read_dataset_event_from_classic to 2024-12-04 00:00:00+00:00, run_after=2024-12-05 00:00:00+00:00
[2024-12-05T00:12:24.424+0000] {processor.py:208} INFO - Processing /home/airflow/.local/lib/python3.12/site-packages/airflow/example_dags/example_inlet_event_extra.py took 7.111 seconds
[2024-12-05T00:13:20.316+0000] {processor.py:186} INFO - Started process (PID=534) to work on /home/airflow/.local/lib/python3.12/site-packages/airflow/example_dags/example_inlet_event_extra.py
[2024-12-05T00:13:20.329+0000] {processor.py:914} INFO - Processing file /home/airflow/.local/lib/python3.12/site-packages/airflow/example_dags/example_inlet_event_extra.py for tasks to queue
[2024-12-05T00:13:20.364+0000] {logging_mixin.py:190} INFO - [2024-12-05T00:13:20.349+0000] {dagbag.py:588} INFO - Filling up the DagBag from /home/airflow/.local/lib/python3.12/site-packages/airflow/example_dags/example_inlet_event_extra.py
[2024-12-05T00:13:25.282+0000] {processor.py:925} INFO - DAG(s) 'read_dataset_event_from_classic', 'read_dataset_event' retrieved from /home/airflow/.local/lib/python3.12/site-packages/airflow/example_dags/example_inlet_event_extra.py
[2024-12-05T00:13:25.414+0000] {logging_mixin.py:190} INFO - [2024-12-05T00:13:25.414+0000] {dag.py:3239} INFO - Sync 2 DAGs
[2024-12-05T00:13:25.610+0000] {logging_mixin.py:190} INFO - [2024-12-05T00:13:25.609+0000] {dag.py:4180} INFO - Setting next_dagrun for read_dataset_event to 2024-12-04 00:00:00+00:00, run_after=2024-12-05 00:00:00+00:00
[2024-12-05T00:13:25.658+0000] {logging_mixin.py:190} INFO - [2024-12-05T00:13:25.658+0000] {dag.py:4180} INFO - Setting next_dagrun for read_dataset_event_from_classic to 2024-12-04 00:00:00+00:00, run_after=2024-12-05 00:00:00+00:00
[2024-12-05T00:13:25.868+0000] {processor.py:208} INFO - Processing /home/airflow/.local/lib/python3.12/site-packages/airflow/example_dags/example_inlet_event_extra.py took 5.656 seconds
[2024-12-05T00:14:18.924+0000] {processor.py:186} INFO - Started process (PID=623) to work on /home/airflow/.local/lib/python3.12/site-packages/airflow/example_dags/example_inlet_event_extra.py
[2024-12-05T00:14:18.951+0000] {processor.py:914} INFO - Processing file /home/airflow/.local/lib/python3.12/site-packages/airflow/example_dags/example_inlet_event_extra.py for tasks to queue
[2024-12-05T00:14:19.006+0000] {logging_mixin.py:190} INFO - [2024-12-05T00:14:19.005+0000] {dagbag.py:588} INFO - Filling up the DagBag from /home/airflow/.local/lib/python3.12/site-packages/airflow/example_dags/example_inlet_event_extra.py
[2024-12-05T00:14:25.379+0000] {processor.py:925} INFO - DAG(s) 'read_dataset_event', 'read_dataset_event_from_classic' retrieved from /home/airflow/.local/lib/python3.12/site-packages/airflow/example_dags/example_inlet_event_extra.py
[2024-12-05T00:14:25.695+0000] {logging_mixin.py:190} INFO - [2024-12-05T00:14:25.688+0000] {dag.py:3239} INFO - Sync 2 DAGs
[2024-12-05T00:14:26.100+0000] {logging_mixin.py:190} INFO - [2024-12-05T00:14:26.099+0000] {dag.py:4180} INFO - Setting next_dagrun for read_dataset_event to 2024-12-04 00:00:00+00:00, run_after=2024-12-05 00:00:00+00:00
[2024-12-05T00:14:26.169+0000] {logging_mixin.py:190} INFO - [2024-12-05T00:14:26.169+0000] {dag.py:4180} INFO - Setting next_dagrun for read_dataset_event_from_classic to 2024-12-04 00:00:00+00:00, run_after=2024-12-05 00:00:00+00:00
[2024-12-05T00:14:26.352+0000] {processor.py:208} INFO - Processing /home/airflow/.local/lib/python3.12/site-packages/airflow/example_dags/example_inlet_event_extra.py took 7.469 seconds
[2024-12-05T00:15:14.894+0000] {processor.py:186} INFO - Started process (PID=723) to work on /home/airflow/.local/lib/python3.12/site-packages/airflow/example_dags/example_inlet_event_extra.py
[2024-12-05T00:15:14.902+0000] {processor.py:914} INFO - Processing file /home/airflow/.local/lib/python3.12/site-packages/airflow/example_dags/example_inlet_event_extra.py for tasks to queue
[2024-12-05T00:15:14.912+0000] {logging_mixin.py:190} INFO - [2024-12-05T00:15:14.911+0000] {dagbag.py:588} INFO - Filling up the DagBag from /home/airflow/.local/lib/python3.12/site-packages/airflow/example_dags/example_inlet_event_extra.py
[2024-12-05T00:15:19.140+0000] {processor.py:925} INFO - DAG(s) 'read_dataset_event_from_classic', 'read_dataset_event' retrieved from /home/airflow/.local/lib/python3.12/site-packages/airflow/example_dags/example_inlet_event_extra.py
[2024-12-05T00:15:19.251+0000] {logging_mixin.py:190} INFO - [2024-12-05T00:15:19.250+0000] {dag.py:3239} INFO - Sync 2 DAGs
[2024-12-05T00:15:19.423+0000] {logging_mixin.py:190} INFO - [2024-12-05T00:15:19.422+0000] {dag.py:4180} INFO - Setting next_dagrun for read_dataset_event to 2024-12-04 00:00:00+00:00, run_after=2024-12-05 00:00:00+00:00
[2024-12-05T00:15:19.475+0000] {logging_mixin.py:190} INFO - [2024-12-05T00:15:19.474+0000] {dag.py:4180} INFO - Setting next_dagrun for read_dataset_event_from_classic to 2024-12-04 00:00:00+00:00, run_after=2024-12-05 00:00:00+00:00
[2024-12-05T00:15:19.608+0000] {processor.py:208} INFO - Processing /home/airflow/.local/lib/python3.12/site-packages/airflow/example_dags/example_inlet_event_extra.py took 4.736 seconds
[2024-12-05T00:15:58.108+0000] {processor.py:186} INFO - Started process (PID=798) to work on /home/airflow/.local/lib/python3.12/site-packages/airflow/example_dags/example_inlet_event_extra.py
[2024-12-05T00:15:58.124+0000] {processor.py:914} INFO - Processing file /home/airflow/.local/lib/python3.12/site-packages/airflow/example_dags/example_inlet_event_extra.py for tasks to queue
[2024-12-05T00:15:58.179+0000] {logging_mixin.py:190} INFO - [2024-12-05T00:15:58.156+0000] {dagbag.py:588} INFO - Filling up the DagBag from /home/airflow/.local/lib/python3.12/site-packages/airflow/example_dags/example_inlet_event_extra.py
[2024-12-05T00:16:07.341+0000] {processor.py:925} INFO - DAG(s) 'read_dataset_event_from_classic', 'read_dataset_event' retrieved from /home/airflow/.local/lib/python3.12/site-packages/airflow/example_dags/example_inlet_event_extra.py
[2024-12-05T00:16:07.598+0000] {logging_mixin.py:190} INFO - [2024-12-05T00:16:07.597+0000] {dag.py:3239} INFO - Sync 2 DAGs
[2024-12-05T00:16:07.978+0000] {logging_mixin.py:190} INFO - [2024-12-05T00:16:07.977+0000] {dag.py:4180} INFO - Setting next_dagrun for read_dataset_event to 2024-12-04 00:00:00+00:00, run_after=2024-12-05 00:00:00+00:00
[2024-12-05T00:16:08.031+0000] {logging_mixin.py:190} INFO - [2024-12-05T00:16:08.030+0000] {dag.py:4180} INFO - Setting next_dagrun for read_dataset_event_from_classic to 2024-12-04 00:00:00+00:00, run_after=2024-12-05 00:00:00+00:00
[2024-12-05T00:16:08.212+0000] {processor.py:208} INFO - Processing /home/airflow/.local/lib/python3.12/site-packages/airflow/example_dags/example_inlet_event_extra.py took 10.174 seconds
[2024-12-05T00:17:02.653+0000] {processor.py:186} INFO - Started process (PID=882) to work on /home/airflow/.local/lib/python3.12/site-packages/airflow/example_dags/example_inlet_event_extra.py
[2024-12-05T00:17:02.667+0000] {processor.py:914} INFO - Processing file /home/airflow/.local/lib/python3.12/site-packages/airflow/example_dags/example_inlet_event_extra.py for tasks to queue
[2024-12-05T00:17:02.706+0000] {logging_mixin.py:190} INFO - [2024-12-05T00:17:02.706+0000] {dagbag.py:588} INFO - Filling up the DagBag from /home/airflow/.local/lib/python3.12/site-packages/airflow/example_dags/example_inlet_event_extra.py
[2024-12-05T00:17:11.225+0000] {processor.py:925} INFO - DAG(s) 'read_dataset_event', 'read_dataset_event_from_classic' retrieved from /home/airflow/.local/lib/python3.12/site-packages/airflow/example_dags/example_inlet_event_extra.py
[2024-12-05T00:17:11.498+0000] {logging_mixin.py:190} INFO - [2024-12-05T00:17:11.495+0000] {dag.py:3239} INFO - Sync 2 DAGs
[2024-12-05T00:17:11.813+0000] {logging_mixin.py:190} INFO - [2024-12-05T00:17:11.812+0000] {dag.py:4180} INFO - Setting next_dagrun for read_dataset_event to 2024-12-04 00:00:00+00:00, run_after=2024-12-05 00:00:00+00:00
[2024-12-05T00:17:11.959+0000] {logging_mixin.py:190} INFO - [2024-12-05T00:17:11.958+0000] {dag.py:4180} INFO - Setting next_dagrun for read_dataset_event_from_classic to 2024-12-04 00:00:00+00:00, run_after=2024-12-05 00:00:00+00:00
[2024-12-05T00:17:12.626+0000] {processor.py:208} INFO - Processing /home/airflow/.local/lib/python3.12/site-packages/airflow/example_dags/example_inlet_event_extra.py took 10.026 seconds
[2024-12-05T00:18:20.262+0000] {processor.py:186} INFO - Started process (PID=967) to work on /home/airflow/.local/lib/python3.12/site-packages/airflow/example_dags/example_inlet_event_extra.py
[2024-12-05T00:18:20.276+0000] {processor.py:914} INFO - Processing file /home/airflow/.local/lib/python3.12/site-packages/airflow/example_dags/example_inlet_event_extra.py for tasks to queue
[2024-12-05T00:18:20.298+0000] {logging_mixin.py:190} INFO - [2024-12-05T00:18:20.296+0000] {dagbag.py:588} INFO - Filling up the DagBag from /home/airflow/.local/lib/python3.12/site-packages/airflow/example_dags/example_inlet_event_extra.py
[2024-12-05T00:18:25.768+0000] {processor.py:925} INFO - DAG(s) 'read_dataset_event_from_classic', 'read_dataset_event' retrieved from /home/airflow/.local/lib/python3.12/site-packages/airflow/example_dags/example_inlet_event_extra.py
[2024-12-05T00:18:25.985+0000] {logging_mixin.py:190} INFO - [2024-12-05T00:18:25.985+0000] {dag.py:3239} INFO - Sync 2 DAGs
[2024-12-05T00:18:26.170+0000] {logging_mixin.py:190} INFO - [2024-12-05T00:18:26.169+0000] {dag.py:4180} INFO - Setting next_dagrun for read_dataset_event to 2024-12-04 00:00:00+00:00, run_after=2024-12-05 00:00:00+00:00
[2024-12-05T00:18:26.196+0000] {logging_mixin.py:190} INFO - [2024-12-05T00:18:26.195+0000] {dag.py:4180} INFO - Setting next_dagrun for read_dataset_event_from_classic to 2024-12-04 00:00:00+00:00, run_after=2024-12-05 00:00:00+00:00
[2024-12-05T00:18:26.288+0000] {processor.py:208} INFO - Processing /home/airflow/.local/lib/python3.12/site-packages/airflow/example_dags/example_inlet_event_extra.py took 6.075 seconds
[2024-12-05T00:19:11.862+0000] {processor.py:186} INFO - Started process (PID=1044) to work on /home/airflow/.local/lib/python3.12/site-packages/airflow/example_dags/example_inlet_event_extra.py
[2024-12-05T00:19:11.869+0000] {processor.py:914} INFO - Processing file /home/airflow/.local/lib/python3.12/site-packages/airflow/example_dags/example_inlet_event_extra.py for tasks to queue
[2024-12-05T00:19:11.879+0000] {logging_mixin.py:190} INFO - [2024-12-05T00:19:11.878+0000] {dagbag.py:588} INFO - Filling up the DagBag from /home/airflow/.local/lib/python3.12/site-packages/airflow/example_dags/example_inlet_event_extra.py
[2024-12-05T00:19:19.665+0000] {processor.py:925} INFO - DAG(s) 'read_dataset_event_from_classic', 'read_dataset_event' retrieved from /home/airflow/.local/lib/python3.12/site-packages/airflow/example_dags/example_inlet_event_extra.py
[2024-12-05T00:19:19.985+0000] {logging_mixin.py:190} INFO - [2024-12-05T00:19:19.985+0000] {dag.py:3239} INFO - Sync 2 DAGs
[2024-12-05T00:19:20.153+0000] {logging_mixin.py:190} INFO - [2024-12-05T00:19:20.153+0000] {dag.py:4180} INFO - Setting next_dagrun for read_dataset_event to 2024-12-04 00:00:00+00:00, run_after=2024-12-05 00:00:00+00:00
[2024-12-05T00:19:20.212+0000] {logging_mixin.py:190} INFO - [2024-12-05T00:19:20.212+0000] {dag.py:4180} INFO - Setting next_dagrun for read_dataset_event_from_classic to 2024-12-04 00:00:00+00:00, run_after=2024-12-05 00:00:00+00:00
[2024-12-05T00:19:20.506+0000] {processor.py:208} INFO - Processing /home/airflow/.local/lib/python3.12/site-packages/airflow/example_dags/example_inlet_event_extra.py took 8.693 seconds
[2024-12-05T00:20:05.653+0000] {processor.py:186} INFO - Started process (PID=1121) to work on /home/airflow/.local/lib/python3.12/site-packages/airflow/example_dags/example_inlet_event_extra.py
[2024-12-05T00:20:05.655+0000] {processor.py:914} INFO - Processing file /home/airflow/.local/lib/python3.12/site-packages/airflow/example_dags/example_inlet_event_extra.py for tasks to queue
[2024-12-05T00:20:05.662+0000] {logging_mixin.py:190} INFO - [2024-12-05T00:20:05.661+0000] {dagbag.py:588} INFO - Filling up the DagBag from /home/airflow/.local/lib/python3.12/site-packages/airflow/example_dags/example_inlet_event_extra.py
[2024-12-05T00:20:09.718+0000] {processor.py:925} INFO - DAG(s) 'read_dataset_event', 'read_dataset_event_from_classic' retrieved from /home/airflow/.local/lib/python3.12/site-packages/airflow/example_dags/example_inlet_event_extra.py
[2024-12-05T00:20:09.883+0000] {logging_mixin.py:190} INFO - [2024-12-05T00:20:09.880+0000] {dag.py:3239} INFO - Sync 2 DAGs
[2024-12-05T00:20:10.055+0000] {logging_mixin.py:190} INFO - [2024-12-05T00:20:10.054+0000] {dag.py:4180} INFO - Setting next_dagrun for read_dataset_event to 2024-12-04 00:00:00+00:00, run_after=2024-12-05 00:00:00+00:00
[2024-12-05T00:20:10.090+0000] {logging_mixin.py:190} INFO - [2024-12-05T00:20:10.089+0000] {dag.py:4180} INFO - Setting next_dagrun for read_dataset_event_from_classic to 2024-12-04 00:00:00+00:00, run_after=2024-12-05 00:00:00+00:00
[2024-12-05T00:20:10.261+0000] {processor.py:208} INFO - Processing /home/airflow/.local/lib/python3.12/site-packages/airflow/example_dags/example_inlet_event_extra.py took 4.649 seconds
[2024-12-05T00:20:59.048+0000] {processor.py:186} INFO - Started process (PID=1197) to work on /home/airflow/.local/lib/python3.12/site-packages/airflow/example_dags/example_inlet_event_extra.py
[2024-12-05T00:20:59.054+0000] {processor.py:914} INFO - Processing file /home/airflow/.local/lib/python3.12/site-packages/airflow/example_dags/example_inlet_event_extra.py for tasks to queue
[2024-12-05T00:20:59.066+0000] {logging_mixin.py:190} INFO - [2024-12-05T00:20:59.066+0000] {dagbag.py:588} INFO - Filling up the DagBag from /home/airflow/.local/lib/python3.12/site-packages/airflow/example_dags/example_inlet_event_extra.py
[2024-12-05T00:21:02.803+0000] {processor.py:925} INFO - DAG(s) 'read_dataset_event', 'read_dataset_event_from_classic' retrieved from /home/airflow/.local/lib/python3.12/site-packages/airflow/example_dags/example_inlet_event_extra.py
[2024-12-05T00:21:02.948+0000] {logging_mixin.py:190} INFO - [2024-12-05T00:21:02.947+0000] {dag.py:3239} INFO - Sync 2 DAGs
[2024-12-05T00:21:03.160+0000] {logging_mixin.py:190} INFO - [2024-12-05T00:21:03.159+0000] {dag.py:4180} INFO - Setting next_dagrun for read_dataset_event to 2024-12-04 00:00:00+00:00, run_after=2024-12-05 00:00:00+00:00
[2024-12-05T00:21:03.198+0000] {logging_mixin.py:190} INFO - [2024-12-05T00:21:03.197+0000] {dag.py:4180} INFO - Setting next_dagrun for read_dataset_event_from_classic to 2024-12-04 00:00:00+00:00, run_after=2024-12-05 00:00:00+00:00
[2024-12-05T00:21:03.323+0000] {processor.py:208} INFO - Processing /home/airflow/.local/lib/python3.12/site-packages/airflow/example_dags/example_inlet_event_extra.py took 4.334 seconds
[2024-12-05T00:21:50.756+0000] {processor.py:186} INFO - Started process (PID=1262) to work on /home/airflow/.local/lib/python3.12/site-packages/airflow/example_dags/example_inlet_event_extra.py
[2024-12-05T00:21:50.768+0000] {processor.py:914} INFO - Processing file /home/airflow/.local/lib/python3.12/site-packages/airflow/example_dags/example_inlet_event_extra.py for tasks to queue
[2024-12-05T00:21:50.820+0000] {logging_mixin.py:190} INFO - [2024-12-05T00:21:50.815+0000] {dagbag.py:588} INFO - Filling up the DagBag from /home/airflow/.local/lib/python3.12/site-packages/airflow/example_dags/example_inlet_event_extra.py
[2024-12-05T00:21:55.909+0000] {processor.py:925} INFO - DAG(s) 'read_dataset_event', 'read_dataset_event_from_classic' retrieved from /home/airflow/.local/lib/python3.12/site-packages/airflow/example_dags/example_inlet_event_extra.py
[2024-12-05T00:21:56.087+0000] {logging_mixin.py:190} INFO - [2024-12-05T00:21:56.086+0000] {dag.py:3239} INFO - Sync 2 DAGs
[2024-12-05T00:21:56.360+0000] {logging_mixin.py:190} INFO - [2024-12-05T00:21:56.359+0000] {dag.py:4180} INFO - Setting next_dagrun for read_dataset_event to 2024-12-04 00:00:00+00:00, run_after=2024-12-05 00:00:00+00:00
[2024-12-05T00:21:56.405+0000] {logging_mixin.py:190} INFO - [2024-12-05T00:21:56.405+0000] {dag.py:4180} INFO - Setting next_dagrun for read_dataset_event_from_classic to 2024-12-04 00:00:00+00:00, run_after=2024-12-05 00:00:00+00:00
[2024-12-05T00:21:56.583+0000] {processor.py:208} INFO - Processing /home/airflow/.local/lib/python3.12/site-packages/airflow/example_dags/example_inlet_event_extra.py took 5.854 seconds
[2024-12-05T00:22:46.576+0000] {processor.py:186} INFO - Started process (PID=1357) to work on /home/airflow/.local/lib/python3.12/site-packages/airflow/example_dags/example_inlet_event_extra.py
[2024-12-05T00:22:46.583+0000] {processor.py:914} INFO - Processing file /home/airflow/.local/lib/python3.12/site-packages/airflow/example_dags/example_inlet_event_extra.py for tasks to queue
[2024-12-05T00:22:46.605+0000] {logging_mixin.py:190} INFO - [2024-12-05T00:22:46.604+0000] {dagbag.py:588} INFO - Filling up the DagBag from /home/airflow/.local/lib/python3.12/site-packages/airflow/example_dags/example_inlet_event_extra.py
[2024-12-05T00:22:50.599+0000] {processor.py:925} INFO - DAG(s) 'read_dataset_event', 'read_dataset_event_from_classic' retrieved from /home/airflow/.local/lib/python3.12/site-packages/airflow/example_dags/example_inlet_event_extra.py
[2024-12-05T00:22:50.730+0000] {logging_mixin.py:190} INFO - [2024-12-05T00:22:50.730+0000] {dag.py:3239} INFO - Sync 2 DAGs
[2024-12-05T00:22:50.879+0000] {logging_mixin.py:190} INFO - [2024-12-05T00:22:50.879+0000] {dag.py:4180} INFO - Setting next_dagrun for read_dataset_event to 2024-12-04 00:00:00+00:00, run_after=2024-12-05 00:00:00+00:00
[2024-12-05T00:22:50.908+0000] {logging_mixin.py:190} INFO - [2024-12-05T00:22:50.907+0000] {dag.py:4180} INFO - Setting next_dagrun for read_dataset_event_from_classic to 2024-12-04 00:00:00+00:00, run_after=2024-12-05 00:00:00+00:00
[2024-12-05T00:22:50.988+0000] {processor.py:208} INFO - Processing /home/airflow/.local/lib/python3.12/site-packages/airflow/example_dags/example_inlet_event_extra.py took 4.463 seconds
[2024-12-05T00:23:34.910+0000] {processor.py:186} INFO - Started process (PID=1412) to work on /home/airflow/.local/lib/python3.12/site-packages/airflow/example_dags/example_inlet_event_extra.py
[2024-12-05T00:23:34.941+0000] {processor.py:914} INFO - Processing file /home/airflow/.local/lib/python3.12/site-packages/airflow/example_dags/example_inlet_event_extra.py for tasks to queue
[2024-12-05T00:23:34.967+0000] {logging_mixin.py:190} INFO - [2024-12-05T00:23:34.966+0000] {dagbag.py:588} INFO - Filling up the DagBag from /home/airflow/.local/lib/python3.12/site-packages/airflow/example_dags/example_inlet_event_extra.py
[2024-12-05T00:23:43.124+0000] {processor.py:925} INFO - DAG(s) 'read_dataset_event_from_classic', 'read_dataset_event' retrieved from /home/airflow/.local/lib/python3.12/site-packages/airflow/example_dags/example_inlet_event_extra.py
[2024-12-05T00:23:43.516+0000] {logging_mixin.py:190} INFO - [2024-12-05T00:23:43.503+0000] {dag.py:3239} INFO - Sync 2 DAGs
[2024-12-05T00:23:44.184+0000] {logging_mixin.py:190} INFO - [2024-12-05T00:23:44.172+0000] {dag.py:4180} INFO - Setting next_dagrun for read_dataset_event to 2024-12-04 00:00:00+00:00, run_after=2024-12-05 00:00:00+00:00
[2024-12-05T00:23:44.490+0000] {logging_mixin.py:190} INFO - [2024-12-05T00:23:44.489+0000] {dag.py:4180} INFO - Setting next_dagrun for read_dataset_event_from_classic to 2024-12-04 00:00:00+00:00, run_after=2024-12-05 00:00:00+00:00
[2024-12-05T00:23:44.882+0000] {processor.py:208} INFO - Processing /home/airflow/.local/lib/python3.12/site-packages/airflow/example_dags/example_inlet_event_extra.py took 10.031 seconds
