[2024-12-05T00:00:32.280+0000] {processor.py:186} INFO - Started process (PID=391) to work on /home/airflow/.local/lib/python3.12/site-packages/airflow/example_dags/example_datasets.py
[2024-12-05T00:00:32.339+0000] {processor.py:914} INFO - Processing file /home/airflow/.local/lib/python3.12/site-packages/airflow/example_dags/example_datasets.py for tasks to queue
[2024-12-05T00:00:32.347+0000] {logging_mixin.py:190} INFO - [2024-12-05T00:00:32.346+0000] {dagbag.py:588} INFO - Filling up the DagBag from /home/airflow/.local/lib/python3.12/site-packages/airflow/example_dags/example_datasets.py
[2024-12-05T00:00:37.327+0000] {logging_mixin.py:190} INFO - [2024-12-05T00:00:37.326+0000] {process_utils.py:266} INFO - Waiting up to 5 seconds for processes to exit...
[2024-12-05T00:09:24.101+0000] {processor.py:186} INFO - Started process (PID=189) to work on /home/airflow/.local/lib/python3.12/site-packages/airflow/example_dags/example_datasets.py
[2024-12-05T00:09:24.104+0000] {processor.py:914} INFO - Processing file /home/airflow/.local/lib/python3.12/site-packages/airflow/example_dags/example_datasets.py for tasks to queue
[2024-12-05T00:09:24.110+0000] {logging_mixin.py:190} INFO - [2024-12-05T00:09:24.109+0000] {dagbag.py:588} INFO - Filling up the DagBag from /home/airflow/.local/lib/python3.12/site-packages/airflow/example_dags/example_datasets.py
[2024-12-05T00:09:39.158+0000] {processor.py:925} INFO - DAG(s) 'dataset_produces_1', 'dataset_consumes_1_never_scheduled', 'conditional_dataset_and_time_based_timetable', 'consume_1_or_2_with_dataset_expressions', 'dataset_consumes_1_and_2', 'dataset_consumes_unknown_never_scheduled', 'dataset_produces_2', 'consume_1_and_2_with_dataset_expressions', 'dataset_consumes_1', 'consume_1_or_both_2_and_3_with_dataset_expressions' retrieved from /home/airflow/.local/lib/python3.12/site-packages/airflow/example_dags/example_datasets.py
[2024-12-05T00:09:39.740+0000] {logging_mixin.py:190} INFO - [2024-12-05T00:09:39.740+0000] {dag.py:3239} INFO - Sync 10 DAGs
[2024-12-05T00:09:39.985+0000] {logging_mixin.py:190} INFO - [2024-12-05T00:09:39.984+0000] {dag.py:4180} INFO - Setting next_dagrun for conditional_dataset_and_time_based_timetable to 2024-12-04 01:00:00+00:00, run_after=2024-12-04 01:00:00+00:00
[2024-12-05T00:09:40.047+0000] {logging_mixin.py:190} INFO - [2024-12-05T00:09:40.046+0000] {dag.py:4180} INFO - Setting next_dagrun for consume_1_and_2_with_dataset_expressions to None, run_after=None
[2024-12-05T00:09:40.160+0000] {logging_mixin.py:190} INFO - [2024-12-05T00:09:40.159+0000] {dag.py:4180} INFO - Setting next_dagrun for consume_1_or_2_with_dataset_expressions to None, run_after=None
[2024-12-05T00:09:40.176+0000] {logging_mixin.py:190} INFO - [2024-12-05T00:09:40.175+0000] {dag.py:4180} INFO - Setting next_dagrun for consume_1_or_both_2_and_3_with_dataset_expressions to None, run_after=None
[2024-12-05T00:09:40.212+0000] {logging_mixin.py:190} INFO - [2024-12-05T00:09:40.211+0000] {dag.py:4180} INFO - Setting next_dagrun for dataset_consumes_1 to None, run_after=None
[2024-12-05T00:09:40.229+0000] {logging_mixin.py:190} INFO - [2024-12-05T00:09:40.229+0000] {dag.py:4180} INFO - Setting next_dagrun for dataset_consumes_1_and_2 to None, run_after=None
[2024-12-05T00:09:40.248+0000] {logging_mixin.py:190} INFO - [2024-12-05T00:09:40.248+0000] {dag.py:4180} INFO - Setting next_dagrun for dataset_consumes_1_never_scheduled to None, run_after=None
[2024-12-05T00:09:40.253+0000] {logging_mixin.py:190} INFO - [2024-12-05T00:09:40.253+0000] {dag.py:4180} INFO - Setting next_dagrun for dataset_consumes_unknown_never_scheduled to None, run_after=None
[2024-12-05T00:09:40.282+0000] {logging_mixin.py:190} INFO - [2024-12-05T00:09:40.280+0000] {dag.py:4180} INFO - Setting next_dagrun for dataset_produces_1 to 2024-12-04 00:00:00+00:00, run_after=2024-12-05 00:00:00+00:00
[2024-12-05T00:09:40.289+0000] {logging_mixin.py:190} INFO - [2024-12-05T00:09:40.288+0000] {dag.py:4180} INFO - Setting next_dagrun for dataset_produces_2 to None, run_after=None
[2024-12-05T00:09:40.442+0000] {processor.py:208} INFO - Processing /home/airflow/.local/lib/python3.12/site-packages/airflow/example_dags/example_datasets.py took 16.362 seconds
[2024-12-05T00:10:20.221+0000] {processor.py:186} INFO - Started process (PID=290) to work on /home/airflow/.local/lib/python3.12/site-packages/airflow/example_dags/example_datasets.py
[2024-12-05T00:10:20.223+0000] {processor.py:914} INFO - Processing file /home/airflow/.local/lib/python3.12/site-packages/airflow/example_dags/example_datasets.py for tasks to queue
[2024-12-05T00:10:20.229+0000] {logging_mixin.py:190} INFO - [2024-12-05T00:10:20.228+0000] {dagbag.py:588} INFO - Filling up the DagBag from /home/airflow/.local/lib/python3.12/site-packages/airflow/example_dags/example_datasets.py
[2024-12-05T00:10:26.023+0000] {processor.py:925} INFO - DAG(s) 'dataset_produces_2', 'consume_1_or_2_with_dataset_expressions', 'dataset_produces_1', 'consume_1_and_2_with_dataset_expressions', 'dataset_consumes_1', 'dataset_consumes_1_never_scheduled', 'dataset_consumes_1_and_2', 'dataset_consumes_unknown_never_scheduled', 'consume_1_or_both_2_and_3_with_dataset_expressions', 'conditional_dataset_and_time_based_timetable' retrieved from /home/airflow/.local/lib/python3.12/site-packages/airflow/example_dags/example_datasets.py
[2024-12-05T00:10:26.479+0000] {logging_mixin.py:190} INFO - [2024-12-05T00:10:26.468+0000] {dag.py:3239} INFO - Sync 10 DAGs
[2024-12-05T00:10:27.624+0000] {logging_mixin.py:190} INFO - [2024-12-05T00:10:27.624+0000] {dag.py:4180} INFO - Setting next_dagrun for conditional_dataset_and_time_based_timetable to 2024-12-04 01:00:00+00:00, run_after=2024-12-04 01:00:00+00:00
[2024-12-05T00:10:27.643+0000] {logging_mixin.py:190} INFO - [2024-12-05T00:10:27.643+0000] {dag.py:4180} INFO - Setting next_dagrun for consume_1_and_2_with_dataset_expressions to None, run_after=None
[2024-12-05T00:10:27.649+0000] {logging_mixin.py:190} INFO - [2024-12-05T00:10:27.648+0000] {dag.py:4180} INFO - Setting next_dagrun for consume_1_or_2_with_dataset_expressions to None, run_after=None
[2024-12-05T00:10:27.652+0000] {logging_mixin.py:190} INFO - [2024-12-05T00:10:27.652+0000] {dag.py:4180} INFO - Setting next_dagrun for consume_1_or_both_2_and_3_with_dataset_expressions to None, run_after=None
[2024-12-05T00:10:27.655+0000] {logging_mixin.py:190} INFO - [2024-12-05T00:10:27.654+0000] {dag.py:4180} INFO - Setting next_dagrun for dataset_consumes_1 to None, run_after=None
[2024-12-05T00:10:27.657+0000] {logging_mixin.py:190} INFO - [2024-12-05T00:10:27.657+0000] {dag.py:4180} INFO - Setting next_dagrun for dataset_consumes_1_and_2 to None, run_after=None
[2024-12-05T00:10:27.660+0000] {logging_mixin.py:190} INFO - [2024-12-05T00:10:27.659+0000] {dag.py:4180} INFO - Setting next_dagrun for dataset_consumes_1_never_scheduled to None, run_after=None
[2024-12-05T00:10:27.663+0000] {logging_mixin.py:190} INFO - [2024-12-05T00:10:27.662+0000] {dag.py:4180} INFO - Setting next_dagrun for dataset_consumes_unknown_never_scheduled to None, run_after=None
[2024-12-05T00:10:27.667+0000] {logging_mixin.py:190} INFO - [2024-12-05T00:10:27.667+0000] {dag.py:4180} INFO - Setting next_dagrun for dataset_produces_1 to 2024-12-04 00:00:00+00:00, run_after=2024-12-05 00:00:00+00:00
[2024-12-05T00:10:27.669+0000] {logging_mixin.py:190} INFO - [2024-12-05T00:10:27.669+0000] {dag.py:4180} INFO - Setting next_dagrun for dataset_produces_2 to None, run_after=None
[2024-12-05T00:10:31.190+0000] {processor.py:208} INFO - Processing /home/airflow/.local/lib/python3.12/site-packages/airflow/example_dags/example_datasets.py took 10.996 seconds
[2024-12-05T00:11:12.231+0000] {processor.py:186} INFO - Started process (PID=381) to work on /home/airflow/.local/lib/python3.12/site-packages/airflow/example_dags/example_datasets.py
[2024-12-05T00:11:12.246+0000] {processor.py:914} INFO - Processing file /home/airflow/.local/lib/python3.12/site-packages/airflow/example_dags/example_datasets.py for tasks to queue
[2024-12-05T00:11:12.270+0000] {logging_mixin.py:190} INFO - [2024-12-05T00:11:12.268+0000] {dagbag.py:588} INFO - Filling up the DagBag from /home/airflow/.local/lib/python3.12/site-packages/airflow/example_dags/example_datasets.py
[2024-12-05T00:11:18.663+0000] {processor.py:925} INFO - DAG(s) 'conditional_dataset_and_time_based_timetable', 'dataset_consumes_1_and_2', 'consume_1_and_2_with_dataset_expressions', 'dataset_consumes_unknown_never_scheduled', 'dataset_produces_2', 'consume_1_or_both_2_and_3_with_dataset_expressions', 'consume_1_or_2_with_dataset_expressions', 'dataset_consumes_1', 'dataset_produces_1', 'dataset_consumes_1_never_scheduled' retrieved from /home/airflow/.local/lib/python3.12/site-packages/airflow/example_dags/example_datasets.py
[2024-12-05T00:11:19.059+0000] {logging_mixin.py:190} INFO - [2024-12-05T00:11:19.058+0000] {dag.py:3239} INFO - Sync 10 DAGs
[2024-12-05T00:11:19.200+0000] {logging_mixin.py:190} INFO - [2024-12-05T00:11:19.200+0000] {dag.py:4180} INFO - Setting next_dagrun for conditional_dataset_and_time_based_timetable to 2024-12-04 01:00:00+00:00, run_after=2024-12-04 01:00:00+00:00
[2024-12-05T00:11:19.217+0000] {logging_mixin.py:190} INFO - [2024-12-05T00:11:19.216+0000] {dag.py:4180} INFO - Setting next_dagrun for consume_1_and_2_with_dataset_expressions to None, run_after=None
[2024-12-05T00:11:19.238+0000] {logging_mixin.py:190} INFO - [2024-12-05T00:11:19.237+0000] {dag.py:4180} INFO - Setting next_dagrun for consume_1_or_2_with_dataset_expressions to None, run_after=None
[2024-12-05T00:11:19.249+0000] {logging_mixin.py:190} INFO - [2024-12-05T00:11:19.249+0000] {dag.py:4180} INFO - Setting next_dagrun for consume_1_or_both_2_and_3_with_dataset_expressions to None, run_after=None
[2024-12-05T00:11:19.353+0000] {logging_mixin.py:190} INFO - [2024-12-05T00:11:19.352+0000] {dag.py:4180} INFO - Setting next_dagrun for dataset_consumes_1 to None, run_after=None
[2024-12-05T00:11:19.392+0000] {logging_mixin.py:190} INFO - [2024-12-05T00:11:19.389+0000] {dag.py:4180} INFO - Setting next_dagrun for dataset_consumes_1_and_2 to None, run_after=None
[2024-12-05T00:11:19.449+0000] {logging_mixin.py:190} INFO - [2024-12-05T00:11:19.448+0000] {dag.py:4180} INFO - Setting next_dagrun for dataset_consumes_1_never_scheduled to None, run_after=None
[2024-12-05T00:11:19.467+0000] {logging_mixin.py:190} INFO - [2024-12-05T00:11:19.466+0000] {dag.py:4180} INFO - Setting next_dagrun for dataset_consumes_unknown_never_scheduled to None, run_after=None
[2024-12-05T00:11:19.541+0000] {logging_mixin.py:190} INFO - [2024-12-05T00:11:19.540+0000] {dag.py:4180} INFO - Setting next_dagrun for dataset_produces_1 to 2024-12-04 00:00:00+00:00, run_after=2024-12-05 00:00:00+00:00
[2024-12-05T00:11:19.560+0000] {logging_mixin.py:190} INFO - [2024-12-05T00:11:19.560+0000] {dag.py:4180} INFO - Setting next_dagrun for dataset_produces_2 to None, run_after=None
[2024-12-05T00:11:20.072+0000] {processor.py:208} INFO - Processing /home/airflow/.local/lib/python3.12/site-packages/airflow/example_dags/example_datasets.py took 7.926 seconds
[2024-12-05T00:11:56.495+0000] {processor.py:186} INFO - Started process (PID=435) to work on /home/airflow/.local/lib/python3.12/site-packages/airflow/example_dags/example_datasets.py
[2024-12-05T00:11:56.502+0000] {processor.py:914} INFO - Processing file /home/airflow/.local/lib/python3.12/site-packages/airflow/example_dags/example_datasets.py for tasks to queue
[2024-12-05T00:11:56.510+0000] {logging_mixin.py:190} INFO - [2024-12-05T00:11:56.509+0000] {dagbag.py:588} INFO - Filling up the DagBag from /home/airflow/.local/lib/python3.12/site-packages/airflow/example_dags/example_datasets.py
[2024-12-05T00:12:00.682+0000] {processor.py:925} INFO - DAG(s) 'dataset_produces_1', 'consume_1_and_2_with_dataset_expressions', 'consume_1_or_2_with_dataset_expressions', 'conditional_dataset_and_time_based_timetable', 'dataset_consumes_unknown_never_scheduled', 'dataset_produces_2', 'dataset_consumes_1', 'consume_1_or_both_2_and_3_with_dataset_expressions', 'dataset_consumes_1_never_scheduled', 'dataset_consumes_1_and_2' retrieved from /home/airflow/.local/lib/python3.12/site-packages/airflow/example_dags/example_datasets.py
[2024-12-05T00:12:01.021+0000] {logging_mixin.py:190} INFO - [2024-12-05T00:12:01.020+0000] {dag.py:3239} INFO - Sync 10 DAGs
[2024-12-05T00:12:01.307+0000] {logging_mixin.py:190} INFO - [2024-12-05T00:12:01.306+0000] {dag.py:4180} INFO - Setting next_dagrun for conditional_dataset_and_time_based_timetable to 2024-12-04 01:00:00+00:00, run_after=2024-12-04 01:00:00+00:00
[2024-12-05T00:12:01.343+0000] {logging_mixin.py:190} INFO - [2024-12-05T00:12:01.342+0000] {dag.py:4180} INFO - Setting next_dagrun for consume_1_and_2_with_dataset_expressions to None, run_after=None
[2024-12-05T00:12:01.372+0000] {logging_mixin.py:190} INFO - [2024-12-05T00:12:01.371+0000] {dag.py:4180} INFO - Setting next_dagrun for consume_1_or_2_with_dataset_expressions to None, run_after=None
[2024-12-05T00:12:01.427+0000] {logging_mixin.py:190} INFO - [2024-12-05T00:12:01.426+0000] {dag.py:4180} INFO - Setting next_dagrun for consume_1_or_both_2_and_3_with_dataset_expressions to None, run_after=None
[2024-12-05T00:12:01.464+0000] {logging_mixin.py:190} INFO - [2024-12-05T00:12:01.463+0000] {dag.py:4180} INFO - Setting next_dagrun for dataset_consumes_1 to None, run_after=None
[2024-12-05T00:12:01.475+0000] {logging_mixin.py:190} INFO - [2024-12-05T00:12:01.475+0000] {dag.py:4180} INFO - Setting next_dagrun for dataset_consumes_1_and_2 to None, run_after=None
[2024-12-05T00:12:01.495+0000] {logging_mixin.py:190} INFO - [2024-12-05T00:12:01.495+0000] {dag.py:4180} INFO - Setting next_dagrun for dataset_consumes_1_never_scheduled to None, run_after=None
[2024-12-05T00:12:01.504+0000] {logging_mixin.py:190} INFO - [2024-12-05T00:12:01.503+0000] {dag.py:4180} INFO - Setting next_dagrun for dataset_consumes_unknown_never_scheduled to None, run_after=None
[2024-12-05T00:12:01.533+0000] {logging_mixin.py:190} INFO - [2024-12-05T00:12:01.530+0000] {dag.py:4180} INFO - Setting next_dagrun for dataset_produces_1 to 2024-12-04 00:00:00+00:00, run_after=2024-12-05 00:00:00+00:00
[2024-12-05T00:12:01.570+0000] {logging_mixin.py:190} INFO - [2024-12-05T00:12:01.569+0000] {dag.py:4180} INFO - Setting next_dagrun for dataset_produces_2 to None, run_after=None
[2024-12-05T00:12:02.169+0000] {processor.py:208} INFO - Processing /home/airflow/.local/lib/python3.12/site-packages/airflow/example_dags/example_datasets.py took 5.704 seconds
[2024-12-05T00:13:03.519+0000] {processor.py:186} INFO - Started process (PID=524) to work on /home/airflow/.local/lib/python3.12/site-packages/airflow/example_dags/example_datasets.py
[2024-12-05T00:13:03.530+0000] {processor.py:914} INFO - Processing file /home/airflow/.local/lib/python3.12/site-packages/airflow/example_dags/example_datasets.py for tasks to queue
[2024-12-05T00:13:03.569+0000] {logging_mixin.py:190} INFO - [2024-12-05T00:13:03.547+0000] {dagbag.py:588} INFO - Filling up the DagBag from /home/airflow/.local/lib/python3.12/site-packages/airflow/example_dags/example_datasets.py
[2024-12-05T00:13:12.818+0000] {processor.py:925} INFO - DAG(s) 'dataset_produces_2', 'conditional_dataset_and_time_based_timetable', 'dataset_consumes_unknown_never_scheduled', 'consume_1_and_2_with_dataset_expressions', 'dataset_consumes_1', 'consume_1_or_2_with_dataset_expressions', 'consume_1_or_both_2_and_3_with_dataset_expressions', 'dataset_produces_1', 'dataset_consumes_1_and_2', 'dataset_consumes_1_never_scheduled' retrieved from /home/airflow/.local/lib/python3.12/site-packages/airflow/example_dags/example_datasets.py
[2024-12-05T00:13:13.291+0000] {logging_mixin.py:190} INFO - [2024-12-05T00:13:13.290+0000] {dag.py:3239} INFO - Sync 10 DAGs
[2024-12-05T00:13:13.556+0000] {logging_mixin.py:190} INFO - [2024-12-05T00:13:13.555+0000] {dag.py:4180} INFO - Setting next_dagrun for conditional_dataset_and_time_based_timetable to 2024-12-04 01:00:00+00:00, run_after=2024-12-04 01:00:00+00:00
[2024-12-05T00:13:13.615+0000] {logging_mixin.py:190} INFO - [2024-12-05T00:13:13.614+0000] {dag.py:4180} INFO - Setting next_dagrun for consume_1_and_2_with_dataset_expressions to None, run_after=None
[2024-12-05T00:13:13.643+0000] {logging_mixin.py:190} INFO - [2024-12-05T00:13:13.642+0000] {dag.py:4180} INFO - Setting next_dagrun for consume_1_or_2_with_dataset_expressions to None, run_after=None
[2024-12-05T00:13:13.652+0000] {logging_mixin.py:190} INFO - [2024-12-05T00:13:13.651+0000] {dag.py:4180} INFO - Setting next_dagrun for consume_1_or_both_2_and_3_with_dataset_expressions to None, run_after=None
[2024-12-05T00:13:13.664+0000] {logging_mixin.py:190} INFO - [2024-12-05T00:13:13.663+0000] {dag.py:4180} INFO - Setting next_dagrun for dataset_consumes_1 to None, run_after=None
[2024-12-05T00:13:13.679+0000] {logging_mixin.py:190} INFO - [2024-12-05T00:13:13.678+0000] {dag.py:4180} INFO - Setting next_dagrun for dataset_consumes_1_and_2 to None, run_after=None
[2024-12-05T00:13:13.702+0000] {logging_mixin.py:190} INFO - [2024-12-05T00:13:13.701+0000] {dag.py:4180} INFO - Setting next_dagrun for dataset_consumes_1_never_scheduled to None, run_after=None
[2024-12-05T00:13:13.730+0000] {logging_mixin.py:190} INFO - [2024-12-05T00:13:13.729+0000] {dag.py:4180} INFO - Setting next_dagrun for dataset_consumes_unknown_never_scheduled to None, run_after=None
[2024-12-05T00:13:13.779+0000] {logging_mixin.py:190} INFO - [2024-12-05T00:13:13.779+0000] {dag.py:4180} INFO - Setting next_dagrun for dataset_produces_1 to 2024-12-04 00:00:00+00:00, run_after=2024-12-05 00:00:00+00:00
[2024-12-05T00:13:13.810+0000] {logging_mixin.py:190} INFO - [2024-12-05T00:13:13.810+0000] {dag.py:4180} INFO - Setting next_dagrun for dataset_produces_2 to None, run_after=None
[2024-12-05T00:13:14.056+0000] {processor.py:208} INFO - Processing /home/airflow/.local/lib/python3.12/site-packages/airflow/example_dags/example_datasets.py took 10.583 seconds
[2024-12-05T00:14:00.864+0000] {processor.py:186} INFO - Started process (PID=609) to work on /home/airflow/.local/lib/python3.12/site-packages/airflow/example_dags/example_datasets.py
[2024-12-05T00:14:00.884+0000] {processor.py:914} INFO - Processing file /home/airflow/.local/lib/python3.12/site-packages/airflow/example_dags/example_datasets.py for tasks to queue
[2024-12-05T00:14:00.890+0000] {logging_mixin.py:190} INFO - [2024-12-05T00:14:00.889+0000] {dagbag.py:588} INFO - Filling up the DagBag from /home/airflow/.local/lib/python3.12/site-packages/airflow/example_dags/example_datasets.py
[2024-12-05T00:14:09.088+0000] {processor.py:925} INFO - DAG(s) 'dataset_produces_2', 'dataset_consumes_1', 'conditional_dataset_and_time_based_timetable', 'consume_1_or_both_2_and_3_with_dataset_expressions', 'consume_1_or_2_with_dataset_expressions', 'dataset_consumes_1_and_2', 'dataset_consumes_1_never_scheduled', 'dataset_consumes_unknown_never_scheduled', 'consume_1_and_2_with_dataset_expressions', 'dataset_produces_1' retrieved from /home/airflow/.local/lib/python3.12/site-packages/airflow/example_dags/example_datasets.py
[2024-12-05T00:14:09.644+0000] {logging_mixin.py:190} INFO - [2024-12-05T00:14:09.643+0000] {dag.py:3239} INFO - Sync 10 DAGs
[2024-12-05T00:14:10.121+0000] {logging_mixin.py:190} INFO - [2024-12-05T00:14:10.120+0000] {dag.py:4180} INFO - Setting next_dagrun for conditional_dataset_and_time_based_timetable to 2024-12-04 01:00:00+00:00, run_after=2024-12-04 01:00:00+00:00
[2024-12-05T00:14:10.209+0000] {logging_mixin.py:190} INFO - [2024-12-05T00:14:10.208+0000] {dag.py:4180} INFO - Setting next_dagrun for consume_1_and_2_with_dataset_expressions to None, run_after=None
[2024-12-05T00:14:10.260+0000] {logging_mixin.py:190} INFO - [2024-12-05T00:14:10.260+0000] {dag.py:4180} INFO - Setting next_dagrun for consume_1_or_2_with_dataset_expressions to None, run_after=None
[2024-12-05T00:14:10.359+0000] {logging_mixin.py:190} INFO - [2024-12-05T00:14:10.357+0000] {dag.py:4180} INFO - Setting next_dagrun for consume_1_or_both_2_and_3_with_dataset_expressions to None, run_after=None
[2024-12-05T00:14:10.393+0000] {logging_mixin.py:190} INFO - [2024-12-05T00:14:10.380+0000] {dag.py:4180} INFO - Setting next_dagrun for dataset_consumes_1 to None, run_after=None
[2024-12-05T00:14:10.426+0000] {logging_mixin.py:190} INFO - [2024-12-05T00:14:10.424+0000] {dag.py:4180} INFO - Setting next_dagrun for dataset_consumes_1_and_2 to None, run_after=None
[2024-12-05T00:14:10.454+0000] {logging_mixin.py:190} INFO - [2024-12-05T00:14:10.453+0000] {dag.py:4180} INFO - Setting next_dagrun for dataset_consumes_1_never_scheduled to None, run_after=None
[2024-12-05T00:14:10.489+0000] {logging_mixin.py:190} INFO - [2024-12-05T00:14:10.475+0000] {dag.py:4180} INFO - Setting next_dagrun for dataset_consumes_unknown_never_scheduled to None, run_after=None
[2024-12-05T00:14:10.604+0000] {logging_mixin.py:190} INFO - [2024-12-05T00:14:10.603+0000] {dag.py:4180} INFO - Setting next_dagrun for dataset_produces_1 to 2024-12-04 00:00:00+00:00, run_after=2024-12-05 00:00:00+00:00
[2024-12-05T00:14:10.636+0000] {logging_mixin.py:190} INFO - [2024-12-05T00:14:10.628+0000] {dag.py:4180} INFO - Setting next_dagrun for dataset_produces_2 to None, run_after=None
[2024-12-05T00:14:11.227+0000] {processor.py:208} INFO - Processing /home/airflow/.local/lib/python3.12/site-packages/airflow/example_dags/example_datasets.py took 10.392 seconds
[2024-12-05T00:15:06.493+0000] {processor.py:186} INFO - Started process (PID=709) to work on /home/airflow/.local/lib/python3.12/site-packages/airflow/example_dags/example_datasets.py
[2024-12-05T00:15:06.518+0000] {processor.py:914} INFO - Processing file /home/airflow/.local/lib/python3.12/site-packages/airflow/example_dags/example_datasets.py for tasks to queue
[2024-12-05T00:15:06.537+0000] {logging_mixin.py:190} INFO - [2024-12-05T00:15:06.536+0000] {dagbag.py:588} INFO - Filling up the DagBag from /home/airflow/.local/lib/python3.12/site-packages/airflow/example_dags/example_datasets.py
[2024-12-05T00:15:10.342+0000] {processor.py:925} INFO - DAG(s) 'consume_1_or_both_2_and_3_with_dataset_expressions', 'consume_1_and_2_with_dataset_expressions', 'dataset_consumes_1_never_scheduled', 'dataset_consumes_1_and_2', 'dataset_produces_2', 'conditional_dataset_and_time_based_timetable', 'dataset_produces_1', 'dataset_consumes_unknown_never_scheduled', 'dataset_consumes_1', 'consume_1_or_2_with_dataset_expressions' retrieved from /home/airflow/.local/lib/python3.12/site-packages/airflow/example_dags/example_datasets.py
[2024-12-05T00:15:10.618+0000] {logging_mixin.py:190} INFO - [2024-12-05T00:15:10.618+0000] {dag.py:3239} INFO - Sync 10 DAGs
[2024-12-05T00:15:10.733+0000] {logging_mixin.py:190} INFO - [2024-12-05T00:15:10.732+0000] {dag.py:4180} INFO - Setting next_dagrun for conditional_dataset_and_time_based_timetable to 2024-12-04 01:00:00+00:00, run_after=2024-12-04 01:00:00+00:00
[2024-12-05T00:15:10.760+0000] {logging_mixin.py:190} INFO - [2024-12-05T00:15:10.759+0000] {dag.py:4180} INFO - Setting next_dagrun for consume_1_and_2_with_dataset_expressions to None, run_after=None
[2024-12-05T00:15:10.771+0000] {logging_mixin.py:190} INFO - [2024-12-05T00:15:10.770+0000] {dag.py:4180} INFO - Setting next_dagrun for consume_1_or_2_with_dataset_expressions to None, run_after=None
[2024-12-05T00:15:10.778+0000] {logging_mixin.py:190} INFO - [2024-12-05T00:15:10.777+0000] {dag.py:4180} INFO - Setting next_dagrun for consume_1_or_both_2_and_3_with_dataset_expressions to None, run_after=None
[2024-12-05T00:15:10.790+0000] {logging_mixin.py:190} INFO - [2024-12-05T00:15:10.790+0000] {dag.py:4180} INFO - Setting next_dagrun for dataset_consumes_1 to None, run_after=None
[2024-12-05T00:15:10.795+0000] {logging_mixin.py:190} INFO - [2024-12-05T00:15:10.795+0000] {dag.py:4180} INFO - Setting next_dagrun for dataset_consumes_1_and_2 to None, run_after=None
[2024-12-05T00:15:10.800+0000] {logging_mixin.py:190} INFO - [2024-12-05T00:15:10.799+0000] {dag.py:4180} INFO - Setting next_dagrun for dataset_consumes_1_never_scheduled to None, run_after=None
[2024-12-05T00:15:10.808+0000] {logging_mixin.py:190} INFO - [2024-12-05T00:15:10.807+0000] {dag.py:4180} INFO - Setting next_dagrun for dataset_consumes_unknown_never_scheduled to None, run_after=None
[2024-12-05T00:15:10.821+0000] {logging_mixin.py:190} INFO - [2024-12-05T00:15:10.820+0000] {dag.py:4180} INFO - Setting next_dagrun for dataset_produces_1 to 2024-12-04 00:00:00+00:00, run_after=2024-12-05 00:00:00+00:00
[2024-12-05T00:15:10.832+0000] {logging_mixin.py:190} INFO - [2024-12-05T00:15:10.832+0000] {dag.py:4180} INFO - Setting next_dagrun for dataset_produces_2 to None, run_after=None
[2024-12-05T00:15:11.197+0000] {processor.py:208} INFO - Processing /home/airflow/.local/lib/python3.12/site-packages/airflow/example_dags/example_datasets.py took 4.760 seconds
[2024-12-05T00:15:45.169+0000] {processor.py:186} INFO - Started process (PID=779) to work on /home/airflow/.local/lib/python3.12/site-packages/airflow/example_dags/example_datasets.py
[2024-12-05T00:15:45.182+0000] {processor.py:914} INFO - Processing file /home/airflow/.local/lib/python3.12/site-packages/airflow/example_dags/example_datasets.py for tasks to queue
[2024-12-05T00:15:45.195+0000] {logging_mixin.py:190} INFO - [2024-12-05T00:15:45.194+0000] {dagbag.py:588} INFO - Filling up the DagBag from /home/airflow/.local/lib/python3.12/site-packages/airflow/example_dags/example_datasets.py
[2024-12-05T00:15:50.180+0000] {processor.py:925} INFO - DAG(s) 'dataset_produces_1', 'dataset_produces_2', 'dataset_consumes_1_and_2', 'consume_1_and_2_with_dataset_expressions', 'dataset_consumes_unknown_never_scheduled', 'dataset_consumes_1', 'dataset_consumes_1_never_scheduled', 'conditional_dataset_and_time_based_timetable', 'consume_1_or_2_with_dataset_expressions', 'consume_1_or_both_2_and_3_with_dataset_expressions' retrieved from /home/airflow/.local/lib/python3.12/site-packages/airflow/example_dags/example_datasets.py
[2024-12-05T00:15:50.691+0000] {logging_mixin.py:190} INFO - [2024-12-05T00:15:50.690+0000] {dag.py:3239} INFO - Sync 10 DAGs
[2024-12-05T00:15:50.970+0000] {logging_mixin.py:190} INFO - [2024-12-05T00:15:50.968+0000] {dag.py:4180} INFO - Setting next_dagrun for conditional_dataset_and_time_based_timetable to 2024-12-04 01:00:00+00:00, run_after=2024-12-04 01:00:00+00:00
[2024-12-05T00:15:51.046+0000] {logging_mixin.py:190} INFO - [2024-12-05T00:15:51.019+0000] {dag.py:4180} INFO - Setting next_dagrun for consume_1_and_2_with_dataset_expressions to None, run_after=None
[2024-12-05T00:15:51.063+0000] {logging_mixin.py:190} INFO - [2024-12-05T00:15:51.062+0000] {dag.py:4180} INFO - Setting next_dagrun for consume_1_or_2_with_dataset_expressions to None, run_after=None
[2024-12-05T00:15:51.137+0000] {logging_mixin.py:190} INFO - [2024-12-05T00:15:51.136+0000] {dag.py:4180} INFO - Setting next_dagrun for consume_1_or_both_2_and_3_with_dataset_expressions to None, run_after=None
[2024-12-05T00:15:51.167+0000] {logging_mixin.py:190} INFO - [2024-12-05T00:15:51.166+0000] {dag.py:4180} INFO - Setting next_dagrun for dataset_consumes_1 to None, run_after=None
[2024-12-05T00:15:51.191+0000] {logging_mixin.py:190} INFO - [2024-12-05T00:15:51.190+0000] {dag.py:4180} INFO - Setting next_dagrun for dataset_consumes_1_and_2 to None, run_after=None
[2024-12-05T00:15:51.196+0000] {logging_mixin.py:190} INFO - [2024-12-05T00:15:51.196+0000] {dag.py:4180} INFO - Setting next_dagrun for dataset_consumes_1_never_scheduled to None, run_after=None
[2024-12-05T00:15:51.203+0000] {logging_mixin.py:190} INFO - [2024-12-05T00:15:51.203+0000] {dag.py:4180} INFO - Setting next_dagrun for dataset_consumes_unknown_never_scheduled to None, run_after=None
[2024-12-05T00:15:51.216+0000] {logging_mixin.py:190} INFO - [2024-12-05T00:15:51.215+0000] {dag.py:4180} INFO - Setting next_dagrun for dataset_produces_1 to 2024-12-04 00:00:00+00:00, run_after=2024-12-05 00:00:00+00:00
[2024-12-05T00:15:51.226+0000] {logging_mixin.py:190} INFO - [2024-12-05T00:15:51.226+0000] {dag.py:4180} INFO - Setting next_dagrun for dataset_produces_2 to None, run_after=None
[2024-12-05T00:15:51.787+0000] {processor.py:208} INFO - Processing /home/airflow/.local/lib/python3.12/site-packages/airflow/example_dags/example_datasets.py took 6.648 seconds
[2024-12-05T00:16:46.933+0000] {processor.py:186} INFO - Started process (PID=858) to work on /home/airflow/.local/lib/python3.12/site-packages/airflow/example_dags/example_datasets.py
[2024-12-05T00:16:46.935+0000] {processor.py:914} INFO - Processing file /home/airflow/.local/lib/python3.12/site-packages/airflow/example_dags/example_datasets.py for tasks to queue
[2024-12-05T00:16:46.951+0000] {logging_mixin.py:190} INFO - [2024-12-05T00:16:46.950+0000] {dagbag.py:588} INFO - Filling up the DagBag from /home/airflow/.local/lib/python3.12/site-packages/airflow/example_dags/example_datasets.py
[2024-12-05T00:16:52.369+0000] {processor.py:925} INFO - DAG(s) 'consume_1_and_2_with_dataset_expressions', 'consume_1_or_both_2_and_3_with_dataset_expressions', 'dataset_consumes_1_never_scheduled', 'dataset_consumes_unknown_never_scheduled', 'conditional_dataset_and_time_based_timetable', 'dataset_consumes_1_and_2', 'dataset_produces_1', 'dataset_produces_2', 'consume_1_or_2_with_dataset_expressions', 'dataset_consumes_1' retrieved from /home/airflow/.local/lib/python3.12/site-packages/airflow/example_dags/example_datasets.py
[2024-12-05T00:16:53.246+0000] {logging_mixin.py:190} INFO - [2024-12-05T00:16:53.245+0000] {dag.py:3239} INFO - Sync 10 DAGs
[2024-12-05T00:16:53.723+0000] {logging_mixin.py:190} INFO - [2024-12-05T00:16:53.722+0000] {dag.py:4180} INFO - Setting next_dagrun for conditional_dataset_and_time_based_timetable to 2024-12-04 01:00:00+00:00, run_after=2024-12-04 01:00:00+00:00
[2024-12-05T00:16:53.778+0000] {logging_mixin.py:190} INFO - [2024-12-05T00:16:53.775+0000] {dag.py:4180} INFO - Setting next_dagrun for consume_1_and_2_with_dataset_expressions to None, run_after=None
[2024-12-05T00:16:53.818+0000] {logging_mixin.py:190} INFO - [2024-12-05T00:16:53.817+0000] {dag.py:4180} INFO - Setting next_dagrun for consume_1_or_2_with_dataset_expressions to None, run_after=None
[2024-12-05T00:16:53.854+0000] {logging_mixin.py:190} INFO - [2024-12-05T00:16:53.853+0000] {dag.py:4180} INFO - Setting next_dagrun for consume_1_or_both_2_and_3_with_dataset_expressions to None, run_after=None
[2024-12-05T00:16:53.886+0000] {logging_mixin.py:190} INFO - [2024-12-05T00:16:53.885+0000] {dag.py:4180} INFO - Setting next_dagrun for dataset_consumes_1 to None, run_after=None
[2024-12-05T00:16:54.046+0000] {logging_mixin.py:190} INFO - [2024-12-05T00:16:54.046+0000] {dag.py:4180} INFO - Setting next_dagrun for dataset_consumes_1_and_2 to None, run_after=None
[2024-12-05T00:16:54.090+0000] {logging_mixin.py:190} INFO - [2024-12-05T00:16:54.087+0000] {dag.py:4180} INFO - Setting next_dagrun for dataset_consumes_1_never_scheduled to None, run_after=None
[2024-12-05T00:16:54.110+0000] {logging_mixin.py:190} INFO - [2024-12-05T00:16:54.108+0000] {dag.py:4180} INFO - Setting next_dagrun for dataset_consumes_unknown_never_scheduled to None, run_after=None
[2024-12-05T00:16:54.151+0000] {logging_mixin.py:190} INFO - [2024-12-05T00:16:54.150+0000] {dag.py:4180} INFO - Setting next_dagrun for dataset_produces_1 to 2024-12-04 00:00:00+00:00, run_after=2024-12-05 00:00:00+00:00
[2024-12-05T00:16:54.234+0000] {logging_mixin.py:190} INFO - [2024-12-05T00:16:54.233+0000] {dag.py:4180} INFO - Setting next_dagrun for dataset_produces_2 to None, run_after=None
[2024-12-05T00:16:54.915+0000] {processor.py:208} INFO - Processing /home/airflow/.local/lib/python3.12/site-packages/airflow/example_dags/example_datasets.py took 8.021 seconds
[2024-12-05T00:17:59.674+0000] {processor.py:186} INFO - Started process (PID=953) to work on /home/airflow/.local/lib/python3.12/site-packages/airflow/example_dags/example_datasets.py
[2024-12-05T00:17:59.685+0000] {processor.py:914} INFO - Processing file /home/airflow/.local/lib/python3.12/site-packages/airflow/example_dags/example_datasets.py for tasks to queue
[2024-12-05T00:17:59.700+0000] {logging_mixin.py:190} INFO - [2024-12-05T00:17:59.699+0000] {dagbag.py:588} INFO - Filling up the DagBag from /home/airflow/.local/lib/python3.12/site-packages/airflow/example_dags/example_datasets.py
[2024-12-05T00:18:15.142+0000] {processor.py:925} INFO - DAG(s) 'consume_1_or_2_with_dataset_expressions', 'dataset_consumes_1_and_2', 'dataset_consumes_1_never_scheduled', 'dataset_produces_2', 'conditional_dataset_and_time_based_timetable', 'dataset_produces_1', 'dataset_consumes_1', 'consume_1_and_2_with_dataset_expressions', 'dataset_consumes_unknown_never_scheduled', 'consume_1_or_both_2_and_3_with_dataset_expressions' retrieved from /home/airflow/.local/lib/python3.12/site-packages/airflow/example_dags/example_datasets.py
[2024-12-05T00:18:15.539+0000] {logging_mixin.py:190} INFO - [2024-12-05T00:18:15.538+0000] {dag.py:3239} INFO - Sync 10 DAGs
[2024-12-05T00:18:15.870+0000] {logging_mixin.py:190} INFO - [2024-12-05T00:18:15.869+0000] {dag.py:4180} INFO - Setting next_dagrun for conditional_dataset_and_time_based_timetable to 2024-12-04 01:00:00+00:00, run_after=2024-12-04 01:00:00+00:00
[2024-12-05T00:18:15.977+0000] {logging_mixin.py:190} INFO - [2024-12-05T00:18:15.976+0000] {dag.py:4180} INFO - Setting next_dagrun for consume_1_and_2_with_dataset_expressions to None, run_after=None
[2024-12-05T00:18:16.062+0000] {logging_mixin.py:190} INFO - [2024-12-05T00:18:16.061+0000] {dag.py:4180} INFO - Setting next_dagrun for consume_1_or_2_with_dataset_expressions to None, run_after=None
[2024-12-05T00:18:16.093+0000] {logging_mixin.py:190} INFO - [2024-12-05T00:18:16.092+0000] {dag.py:4180} INFO - Setting next_dagrun for consume_1_or_both_2_and_3_with_dataset_expressions to None, run_after=None
[2024-12-05T00:18:16.117+0000] {logging_mixin.py:190} INFO - [2024-12-05T00:18:16.116+0000] {dag.py:4180} INFO - Setting next_dagrun for dataset_consumes_1 to None, run_after=None
[2024-12-05T00:18:16.151+0000] {logging_mixin.py:190} INFO - [2024-12-05T00:18:16.150+0000] {dag.py:4180} INFO - Setting next_dagrun for dataset_consumes_1_and_2 to None, run_after=None
[2024-12-05T00:18:16.165+0000] {logging_mixin.py:190} INFO - [2024-12-05T00:18:16.164+0000] {dag.py:4180} INFO - Setting next_dagrun for dataset_consumes_1_never_scheduled to None, run_after=None
[2024-12-05T00:18:16.231+0000] {logging_mixin.py:190} INFO - [2024-12-05T00:18:16.185+0000] {dag.py:4180} INFO - Setting next_dagrun for dataset_consumes_unknown_never_scheduled to None, run_after=None
[2024-12-05T00:18:16.276+0000] {logging_mixin.py:190} INFO - [2024-12-05T00:18:16.274+0000] {dag.py:4180} INFO - Setting next_dagrun for dataset_produces_1 to 2024-12-04 00:00:00+00:00, run_after=2024-12-05 00:00:00+00:00
[2024-12-05T00:18:16.282+0000] {logging_mixin.py:190} INFO - [2024-12-05T00:18:16.281+0000] {dag.py:4180} INFO - Setting next_dagrun for dataset_produces_2 to None, run_after=None
[2024-12-05T00:18:16.676+0000] {processor.py:208} INFO - Processing /home/airflow/.local/lib/python3.12/site-packages/airflow/example_dags/example_datasets.py took 17.085 seconds
[2024-12-05T00:18:59.608+0000] {processor.py:186} INFO - Started process (PID=1030) to work on /home/airflow/.local/lib/python3.12/site-packages/airflow/example_dags/example_datasets.py
[2024-12-05T00:18:59.624+0000] {processor.py:914} INFO - Processing file /home/airflow/.local/lib/python3.12/site-packages/airflow/example_dags/example_datasets.py for tasks to queue
[2024-12-05T00:18:59.653+0000] {logging_mixin.py:190} INFO - [2024-12-05T00:18:59.641+0000] {dagbag.py:588} INFO - Filling up the DagBag from /home/airflow/.local/lib/python3.12/site-packages/airflow/example_dags/example_datasets.py
[2024-12-05T00:19:05.463+0000] {processor.py:925} INFO - DAG(s) 'consume_1_or_both_2_and_3_with_dataset_expressions', 'conditional_dataset_and_time_based_timetable', 'dataset_produces_2', 'dataset_produces_1', 'dataset_consumes_1_and_2', 'dataset_consumes_unknown_never_scheduled', 'dataset_consumes_1_never_scheduled', 'consume_1_or_2_with_dataset_expressions', 'dataset_consumes_1', 'consume_1_and_2_with_dataset_expressions' retrieved from /home/airflow/.local/lib/python3.12/site-packages/airflow/example_dags/example_datasets.py
[2024-12-05T00:19:06.113+0000] {logging_mixin.py:190} INFO - [2024-12-05T00:19:06.112+0000] {dag.py:3239} INFO - Sync 10 DAGs
[2024-12-05T00:19:06.316+0000] {logging_mixin.py:190} INFO - [2024-12-05T00:19:06.315+0000] {dag.py:4180} INFO - Setting next_dagrun for conditional_dataset_and_time_based_timetable to 2024-12-04 01:00:00+00:00, run_after=2024-12-04 01:00:00+00:00
[2024-12-05T00:19:06.342+0000] {logging_mixin.py:190} INFO - [2024-12-05T00:19:06.340+0000] {dag.py:4180} INFO - Setting next_dagrun for consume_1_and_2_with_dataset_expressions to None, run_after=None
[2024-12-05T00:19:06.349+0000] {logging_mixin.py:190} INFO - [2024-12-05T00:19:06.349+0000] {dag.py:4180} INFO - Setting next_dagrun for consume_1_or_2_with_dataset_expressions to None, run_after=None
[2024-12-05T00:19:06.354+0000] {logging_mixin.py:190} INFO - [2024-12-05T00:19:06.354+0000] {dag.py:4180} INFO - Setting next_dagrun for consume_1_or_both_2_and_3_with_dataset_expressions to None, run_after=None
[2024-12-05T00:19:06.362+0000] {logging_mixin.py:190} INFO - [2024-12-05T00:19:06.361+0000] {dag.py:4180} INFO - Setting next_dagrun for dataset_consumes_1 to None, run_after=None
[2024-12-05T00:19:06.367+0000] {logging_mixin.py:190} INFO - [2024-12-05T00:19:06.366+0000] {dag.py:4180} INFO - Setting next_dagrun for dataset_consumes_1_and_2 to None, run_after=None
[2024-12-05T00:19:06.373+0000] {logging_mixin.py:190} INFO - [2024-12-05T00:19:06.372+0000] {dag.py:4180} INFO - Setting next_dagrun for dataset_consumes_1_never_scheduled to None, run_after=None
[2024-12-05T00:19:06.378+0000] {logging_mixin.py:190} INFO - [2024-12-05T00:19:06.377+0000] {dag.py:4180} INFO - Setting next_dagrun for dataset_consumes_unknown_never_scheduled to None, run_after=None
[2024-12-05T00:19:06.397+0000] {logging_mixin.py:190} INFO - [2024-12-05T00:19:06.393+0000] {dag.py:4180} INFO - Setting next_dagrun for dataset_produces_1 to 2024-12-04 00:00:00+00:00, run_after=2024-12-05 00:00:00+00:00
[2024-12-05T00:19:06.404+0000] {logging_mixin.py:190} INFO - [2024-12-05T00:19:06.404+0000] {dag.py:4180} INFO - Setting next_dagrun for dataset_produces_2 to None, run_after=None
[2024-12-05T00:19:06.798+0000] {processor.py:208} INFO - Processing /home/airflow/.local/lib/python3.12/site-packages/airflow/example_dags/example_datasets.py took 7.228 seconds
[2024-12-05T00:19:56.267+0000] {processor.py:186} INFO - Started process (PID=1107) to work on /home/airflow/.local/lib/python3.12/site-packages/airflow/example_dags/example_datasets.py
[2024-12-05T00:19:56.276+0000] {processor.py:914} INFO - Processing file /home/airflow/.local/lib/python3.12/site-packages/airflow/example_dags/example_datasets.py for tasks to queue
[2024-12-05T00:19:56.288+0000] {logging_mixin.py:190} INFO - [2024-12-05T00:19:56.287+0000] {dagbag.py:588} INFO - Filling up the DagBag from /home/airflow/.local/lib/python3.12/site-packages/airflow/example_dags/example_datasets.py
[2024-12-05T00:20:02.001+0000] {processor.py:925} INFO - DAG(s) 'consume_1_or_both_2_and_3_with_dataset_expressions', 'dataset_consumes_unknown_never_scheduled', 'dataset_produces_2', 'consume_1_and_2_with_dataset_expressions', 'dataset_consumes_1_and_2', 'dataset_produces_1', 'dataset_consumes_1', 'dataset_consumes_1_never_scheduled', 'consume_1_or_2_with_dataset_expressions', 'conditional_dataset_and_time_based_timetable' retrieved from /home/airflow/.local/lib/python3.12/site-packages/airflow/example_dags/example_datasets.py
[2024-12-05T00:20:02.586+0000] {logging_mixin.py:190} INFO - [2024-12-05T00:20:02.585+0000] {dag.py:3239} INFO - Sync 10 DAGs
[2024-12-05T00:20:02.881+0000] {logging_mixin.py:190} INFO - [2024-12-05T00:20:02.879+0000] {dag.py:4180} INFO - Setting next_dagrun for conditional_dataset_and_time_based_timetable to 2024-12-04 01:00:00+00:00, run_after=2024-12-04 01:00:00+00:00
[2024-12-05T00:20:02.902+0000] {logging_mixin.py:190} INFO - [2024-12-05T00:20:02.901+0000] {dag.py:4180} INFO - Setting next_dagrun for consume_1_and_2_with_dataset_expressions to None, run_after=None
[2024-12-05T00:20:02.906+0000] {logging_mixin.py:190} INFO - [2024-12-05T00:20:02.905+0000] {dag.py:4180} INFO - Setting next_dagrun for consume_1_or_2_with_dataset_expressions to None, run_after=None
[2024-12-05T00:20:02.921+0000] {logging_mixin.py:190} INFO - [2024-12-05T00:20:02.920+0000] {dag.py:4180} INFO - Setting next_dagrun for consume_1_or_both_2_and_3_with_dataset_expressions to None, run_after=None
[2024-12-05T00:20:02.934+0000] {logging_mixin.py:190} INFO - [2024-12-05T00:20:02.933+0000] {dag.py:4180} INFO - Setting next_dagrun for dataset_consumes_1 to None, run_after=None
[2024-12-05T00:20:02.974+0000] {logging_mixin.py:190} INFO - [2024-12-05T00:20:02.973+0000] {dag.py:4180} INFO - Setting next_dagrun for dataset_consumes_1_and_2 to None, run_after=None
[2024-12-05T00:20:02.981+0000] {logging_mixin.py:190} INFO - [2024-12-05T00:20:02.980+0000] {dag.py:4180} INFO - Setting next_dagrun for dataset_consumes_1_never_scheduled to None, run_after=None
[2024-12-05T00:20:02.996+0000] {logging_mixin.py:190} INFO - [2024-12-05T00:20:02.995+0000] {dag.py:4180} INFO - Setting next_dagrun for dataset_consumes_unknown_never_scheduled to None, run_after=None
[2024-12-05T00:20:03.014+0000] {logging_mixin.py:190} INFO - [2024-12-05T00:20:03.013+0000] {dag.py:4180} INFO - Setting next_dagrun for dataset_produces_1 to 2024-12-04 00:00:00+00:00, run_after=2024-12-05 00:00:00+00:00
[2024-12-05T00:20:03.042+0000] {logging_mixin.py:190} INFO - [2024-12-05T00:20:03.041+0000] {dag.py:4180} INFO - Setting next_dagrun for dataset_produces_2 to None, run_after=None
[2024-12-05T00:20:03.250+0000] {processor.py:208} INFO - Processing /home/airflow/.local/lib/python3.12/site-packages/airflow/example_dags/example_datasets.py took 7.027 seconds
[2024-12-05T00:20:53.797+0000] {processor.py:186} INFO - Started process (PID=1189) to work on /home/airflow/.local/lib/python3.12/site-packages/airflow/example_dags/example_datasets.py
[2024-12-05T00:20:53.801+0000] {processor.py:914} INFO - Processing file /home/airflow/.local/lib/python3.12/site-packages/airflow/example_dags/example_datasets.py for tasks to queue
[2024-12-05T00:20:53.811+0000] {logging_mixin.py:190} INFO - [2024-12-05T00:20:53.810+0000] {dagbag.py:588} INFO - Filling up the DagBag from /home/airflow/.local/lib/python3.12/site-packages/airflow/example_dags/example_datasets.py
[2024-12-05T00:20:56.292+0000] {processor.py:925} INFO - DAG(s) 'conditional_dataset_and_time_based_timetable', 'consume_1_or_2_with_dataset_expressions', 'consume_1_and_2_with_dataset_expressions', 'dataset_produces_1', 'dataset_consumes_1', 'dataset_produces_2', 'consume_1_or_both_2_and_3_with_dataset_expressions', 'dataset_consumes_1_never_scheduled', 'dataset_consumes_1_and_2', 'dataset_consumes_unknown_never_scheduled' retrieved from /home/airflow/.local/lib/python3.12/site-packages/airflow/example_dags/example_datasets.py
[2024-12-05T00:20:56.491+0000] {logging_mixin.py:190} INFO - [2024-12-05T00:20:56.490+0000] {dag.py:3239} INFO - Sync 10 DAGs
[2024-12-05T00:20:56.569+0000] {logging_mixin.py:190} INFO - [2024-12-05T00:20:56.568+0000] {dag.py:4180} INFO - Setting next_dagrun for conditional_dataset_and_time_based_timetable to 2024-12-04 01:00:00+00:00, run_after=2024-12-04 01:00:00+00:00
[2024-12-05T00:20:56.593+0000] {logging_mixin.py:190} INFO - [2024-12-05T00:20:56.591+0000] {dag.py:4180} INFO - Setting next_dagrun for consume_1_and_2_with_dataset_expressions to None, run_after=None
[2024-12-05T00:20:56.598+0000] {logging_mixin.py:190} INFO - [2024-12-05T00:20:56.598+0000] {dag.py:4180} INFO - Setting next_dagrun for consume_1_or_2_with_dataset_expressions to None, run_after=None
[2024-12-05T00:20:56.604+0000] {logging_mixin.py:190} INFO - [2024-12-05T00:20:56.603+0000] {dag.py:4180} INFO - Setting next_dagrun for consume_1_or_both_2_and_3_with_dataset_expressions to None, run_after=None
[2024-12-05T00:20:56.613+0000] {logging_mixin.py:190} INFO - [2024-12-05T00:20:56.611+0000] {dag.py:4180} INFO - Setting next_dagrun for dataset_consumes_1 to None, run_after=None
[2024-12-05T00:20:56.624+0000] {logging_mixin.py:190} INFO - [2024-12-05T00:20:56.623+0000] {dag.py:4180} INFO - Setting next_dagrun for dataset_consumes_1_and_2 to None, run_after=None
[2024-12-05T00:20:56.630+0000] {logging_mixin.py:190} INFO - [2024-12-05T00:20:56.629+0000] {dag.py:4180} INFO - Setting next_dagrun for dataset_consumes_1_never_scheduled to None, run_after=None
[2024-12-05T00:20:56.640+0000] {logging_mixin.py:190} INFO - [2024-12-05T00:20:56.639+0000] {dag.py:4180} INFO - Setting next_dagrun for dataset_consumes_unknown_never_scheduled to None, run_after=None
[2024-12-05T00:20:56.665+0000] {logging_mixin.py:190} INFO - [2024-12-05T00:20:56.664+0000] {dag.py:4180} INFO - Setting next_dagrun for dataset_produces_1 to 2024-12-04 00:00:00+00:00, run_after=2024-12-05 00:00:00+00:00
[2024-12-05T00:20:56.671+0000] {logging_mixin.py:190} INFO - [2024-12-05T00:20:56.670+0000] {dag.py:4180} INFO - Setting next_dagrun for dataset_produces_2 to None, run_after=None
[2024-12-05T00:20:56.890+0000] {processor.py:208} INFO - Processing /home/airflow/.local/lib/python3.12/site-packages/airflow/example_dags/example_datasets.py took 3.108 seconds
[2024-12-05T00:21:36.569+0000] {processor.py:186} INFO - Started process (PID=1248) to work on /home/airflow/.local/lib/python3.12/site-packages/airflow/example_dags/example_datasets.py
[2024-12-05T00:21:36.639+0000] {processor.py:914} INFO - Processing file /home/airflow/.local/lib/python3.12/site-packages/airflow/example_dags/example_datasets.py for tasks to queue
[2024-12-05T00:21:36.721+0000] {logging_mixin.py:190} INFO - [2024-12-05T00:21:36.664+0000] {dagbag.py:588} INFO - Filling up the DagBag from /home/airflow/.local/lib/python3.12/site-packages/airflow/example_dags/example_datasets.py
[2024-12-05T00:21:44.210+0000] {processor.py:925} INFO - DAG(s) 'dataset_consumes_unknown_never_scheduled', 'dataset_consumes_1_and_2', 'consume_1_or_both_2_and_3_with_dataset_expressions', 'dataset_produces_1', 'consume_1_and_2_with_dataset_expressions', 'conditional_dataset_and_time_based_timetable', 'dataset_consumes_1', 'dataset_consumes_1_never_scheduled', 'dataset_produces_2', 'consume_1_or_2_with_dataset_expressions' retrieved from /home/airflow/.local/lib/python3.12/site-packages/airflow/example_dags/example_datasets.py
[2024-12-05T00:21:44.540+0000] {logging_mixin.py:190} INFO - [2024-12-05T00:21:44.540+0000] {dag.py:3239} INFO - Sync 10 DAGs
[2024-12-05T00:21:44.746+0000] {logging_mixin.py:190} INFO - [2024-12-05T00:21:44.745+0000] {dag.py:4180} INFO - Setting next_dagrun for conditional_dataset_and_time_based_timetable to 2024-12-04 01:00:00+00:00, run_after=2024-12-04 01:00:00+00:00
[2024-12-05T00:21:44.874+0000] {logging_mixin.py:190} INFO - [2024-12-05T00:21:44.874+0000] {dag.py:4180} INFO - Setting next_dagrun for consume_1_and_2_with_dataset_expressions to None, run_after=None
[2024-12-05T00:21:45.002+0000] {logging_mixin.py:190} INFO - [2024-12-05T00:21:45.001+0000] {dag.py:4180} INFO - Setting next_dagrun for consume_1_or_2_with_dataset_expressions to None, run_after=None
[2024-12-05T00:21:45.059+0000] {logging_mixin.py:190} INFO - [2024-12-05T00:21:45.058+0000] {dag.py:4180} INFO - Setting next_dagrun for consume_1_or_both_2_and_3_with_dataset_expressions to None, run_after=None
[2024-12-05T00:21:45.114+0000] {logging_mixin.py:190} INFO - [2024-12-05T00:21:45.113+0000] {dag.py:4180} INFO - Setting next_dagrun for dataset_consumes_1 to None, run_after=None
[2024-12-05T00:21:45.177+0000] {logging_mixin.py:190} INFO - [2024-12-05T00:21:45.177+0000] {dag.py:4180} INFO - Setting next_dagrun for dataset_consumes_1_and_2 to None, run_after=None
[2024-12-05T00:21:45.236+0000] {logging_mixin.py:190} INFO - [2024-12-05T00:21:45.235+0000] {dag.py:4180} INFO - Setting next_dagrun for dataset_consumes_1_never_scheduled to None, run_after=None
[2024-12-05T00:21:45.274+0000] {logging_mixin.py:190} INFO - [2024-12-05T00:21:45.273+0000] {dag.py:4180} INFO - Setting next_dagrun for dataset_consumes_unknown_never_scheduled to None, run_after=None
[2024-12-05T00:21:45.371+0000] {logging_mixin.py:190} INFO - [2024-12-05T00:21:45.371+0000] {dag.py:4180} INFO - Setting next_dagrun for dataset_produces_1 to 2024-12-04 00:00:00+00:00, run_after=2024-12-05 00:00:00+00:00
[2024-12-05T00:21:45.418+0000] {logging_mixin.py:190} INFO - [2024-12-05T00:21:45.417+0000] {dag.py:4180} INFO - Setting next_dagrun for dataset_produces_2 to None, run_after=None
[2024-12-05T00:21:45.821+0000] {processor.py:208} INFO - Processing /home/airflow/.local/lib/python3.12/site-packages/airflow/example_dags/example_datasets.py took 9.332 seconds
[2024-12-05T00:22:38.764+0000] {processor.py:186} INFO - Started process (PID=1349) to work on /home/airflow/.local/lib/python3.12/site-packages/airflow/example_dags/example_datasets.py
[2024-12-05T00:22:38.766+0000] {processor.py:914} INFO - Processing file /home/airflow/.local/lib/python3.12/site-packages/airflow/example_dags/example_datasets.py for tasks to queue
[2024-12-05T00:22:38.775+0000] {logging_mixin.py:190} INFO - [2024-12-05T00:22:38.771+0000] {dagbag.py:588} INFO - Filling up the DagBag from /home/airflow/.local/lib/python3.12/site-packages/airflow/example_dags/example_datasets.py
[2024-12-05T00:22:42.503+0000] {processor.py:925} INFO - DAG(s) 'dataset_consumes_1_and_2', 'conditional_dataset_and_time_based_timetable', 'dataset_consumes_unknown_never_scheduled', 'consume_1_or_2_with_dataset_expressions', 'dataset_produces_1', 'consume_1_and_2_with_dataset_expressions', 'dataset_consumes_1_never_scheduled', 'dataset_produces_2', 'dataset_consumes_1', 'consume_1_or_both_2_and_3_with_dataset_expressions' retrieved from /home/airflow/.local/lib/python3.12/site-packages/airflow/example_dags/example_datasets.py
[2024-12-05T00:22:42.766+0000] {logging_mixin.py:190} INFO - [2024-12-05T00:22:42.764+0000] {dag.py:3239} INFO - Sync 10 DAGs
[2024-12-05T00:22:42.911+0000] {logging_mixin.py:190} INFO - [2024-12-05T00:22:42.910+0000] {dag.py:4180} INFO - Setting next_dagrun for conditional_dataset_and_time_based_timetable to 2024-12-04 01:00:00+00:00, run_after=2024-12-04 01:00:00+00:00
[2024-12-05T00:22:42.940+0000] {logging_mixin.py:190} INFO - [2024-12-05T00:22:42.939+0000] {dag.py:4180} INFO - Setting next_dagrun for consume_1_and_2_with_dataset_expressions to None, run_after=None
[2024-12-05T00:22:42.963+0000] {logging_mixin.py:190} INFO - [2024-12-05T00:22:42.962+0000] {dag.py:4180} INFO - Setting next_dagrun for consume_1_or_2_with_dataset_expressions to None, run_after=None
[2024-12-05T00:22:43.008+0000] {logging_mixin.py:190} INFO - [2024-12-05T00:22:43.007+0000] {dag.py:4180} INFO - Setting next_dagrun for consume_1_or_both_2_and_3_with_dataset_expressions to None, run_after=None
[2024-12-05T00:22:43.024+0000] {logging_mixin.py:190} INFO - [2024-12-05T00:22:43.011+0000] {dag.py:4180} INFO - Setting next_dagrun for dataset_consumes_1 to None, run_after=None
[2024-12-05T00:22:43.030+0000] {logging_mixin.py:190} INFO - [2024-12-05T00:22:43.029+0000] {dag.py:4180} INFO - Setting next_dagrun for dataset_consumes_1_and_2 to None, run_after=None
[2024-12-05T00:22:43.045+0000] {logging_mixin.py:190} INFO - [2024-12-05T00:22:43.044+0000] {dag.py:4180} INFO - Setting next_dagrun for dataset_consumes_1_never_scheduled to None, run_after=None
[2024-12-05T00:22:43.048+0000] {logging_mixin.py:190} INFO - [2024-12-05T00:22:43.048+0000] {dag.py:4180} INFO - Setting next_dagrun for dataset_consumes_unknown_never_scheduled to None, run_after=None
[2024-12-05T00:22:43.060+0000] {logging_mixin.py:190} INFO - [2024-12-05T00:22:43.059+0000] {dag.py:4180} INFO - Setting next_dagrun for dataset_produces_1 to 2024-12-04 00:00:00+00:00, run_after=2024-12-05 00:00:00+00:00
[2024-12-05T00:22:43.068+0000] {logging_mixin.py:190} INFO - [2024-12-05T00:22:43.067+0000] {dag.py:4180} INFO - Setting next_dagrun for dataset_produces_2 to None, run_after=None
[2024-12-05T00:22:43.253+0000] {processor.py:208} INFO - Processing /home/airflow/.local/lib/python3.12/site-packages/airflow/example_dags/example_datasets.py took 4.528 seconds
[2024-12-05T00:23:23.540+0000] {processor.py:186} INFO - Started process (PID=1404) to work on /home/airflow/.local/lib/python3.12/site-packages/airflow/example_dags/example_datasets.py
[2024-12-05T00:23:23.544+0000] {processor.py:914} INFO - Processing file /home/airflow/.local/lib/python3.12/site-packages/airflow/example_dags/example_datasets.py for tasks to queue
[2024-12-05T00:23:23.554+0000] {logging_mixin.py:190} INFO - [2024-12-05T00:23:23.553+0000] {dagbag.py:588} INFO - Filling up the DagBag from /home/airflow/.local/lib/python3.12/site-packages/airflow/example_dags/example_datasets.py
[2024-12-05T00:23:27.957+0000] {processor.py:925} INFO - DAG(s) 'dataset_consumes_1_and_2', 'dataset_consumes_unknown_never_scheduled', 'conditional_dataset_and_time_based_timetable', 'dataset_consumes_1_never_scheduled', 'dataset_consumes_1', 'consume_1_or_2_with_dataset_expressions', 'dataset_produces_1', 'dataset_produces_2', 'consume_1_and_2_with_dataset_expressions', 'consume_1_or_both_2_and_3_with_dataset_expressions' retrieved from /home/airflow/.local/lib/python3.12/site-packages/airflow/example_dags/example_datasets.py
[2024-12-05T00:23:28.650+0000] {logging_mixin.py:190} INFO - [2024-12-05T00:23:28.637+0000] {dag.py:3239} INFO - Sync 10 DAGs
[2024-12-05T00:23:29.097+0000] {logging_mixin.py:190} INFO - [2024-12-05T00:23:29.096+0000] {dag.py:4180} INFO - Setting next_dagrun for conditional_dataset_and_time_based_timetable to 2024-12-04 01:00:00+00:00, run_after=2024-12-04 01:00:00+00:00
[2024-12-05T00:23:29.156+0000] {logging_mixin.py:190} INFO - [2024-12-05T00:23:29.155+0000] {dag.py:4180} INFO - Setting next_dagrun for consume_1_and_2_with_dataset_expressions to None, run_after=None
[2024-12-05T00:23:29.167+0000] {logging_mixin.py:190} INFO - [2024-12-05T00:23:29.166+0000] {dag.py:4180} INFO - Setting next_dagrun for consume_1_or_2_with_dataset_expressions to None, run_after=None
[2024-12-05T00:23:29.195+0000] {logging_mixin.py:190} INFO - [2024-12-05T00:23:29.194+0000] {dag.py:4180} INFO - Setting next_dagrun for consume_1_or_both_2_and_3_with_dataset_expressions to None, run_after=None
[2024-12-05T00:23:29.213+0000] {logging_mixin.py:190} INFO - [2024-12-05T00:23:29.212+0000] {dag.py:4180} INFO - Setting next_dagrun for dataset_consumes_1 to None, run_after=None
[2024-12-05T00:23:29.230+0000] {logging_mixin.py:190} INFO - [2024-12-05T00:23:29.229+0000] {dag.py:4180} INFO - Setting next_dagrun for dataset_consumes_1_and_2 to None, run_after=None
[2024-12-05T00:23:29.248+0000] {logging_mixin.py:190} INFO - [2024-12-05T00:23:29.247+0000] {dag.py:4180} INFO - Setting next_dagrun for dataset_consumes_1_never_scheduled to None, run_after=None
[2024-12-05T00:23:29.318+0000] {logging_mixin.py:190} INFO - [2024-12-05T00:23:29.317+0000] {dag.py:4180} INFO - Setting next_dagrun for dataset_consumes_unknown_never_scheduled to None, run_after=None
[2024-12-05T00:23:29.369+0000] {logging_mixin.py:190} INFO - [2024-12-05T00:23:29.367+0000] {dag.py:4180} INFO - Setting next_dagrun for dataset_produces_1 to 2024-12-04 00:00:00+00:00, run_after=2024-12-05 00:00:00+00:00
[2024-12-05T00:23:29.383+0000] {logging_mixin.py:190} INFO - [2024-12-05T00:23:29.383+0000] {dag.py:4180} INFO - Setting next_dagrun for dataset_produces_2 to None, run_after=None
[2024-12-05T00:23:29.681+0000] {processor.py:208} INFO - Processing /home/airflow/.local/lib/python3.12/site-packages/airflow/example_dags/example_datasets.py took 6.192 seconds
[2024-12-06T00:24:09.404+0000] {processor.py:186} INFO - Started process (PID=1454) to work on /home/airflow/.local/lib/python3.12/site-packages/airflow/example_dags/example_datasets.py
[2024-12-06T00:24:09.467+0000] {processor.py:914} INFO - Processing file /home/airflow/.local/lib/python3.12/site-packages/airflow/example_dags/example_datasets.py for tasks to queue
[2024-12-06T00:24:09.501+0000] {logging_mixin.py:190} INFO - [2024-12-06T00:24:09.500+0000] {dagbag.py:588} INFO - Filling up the DagBag from /home/airflow/.local/lib/python3.12/site-packages/airflow/example_dags/example_datasets.py
