[2024-12-05T00:09:40.513+0000] {processor.py:186} INFO - Started process (PID=223) to work on /home/airflow/.local/lib/python3.12/site-packages/airflow/example_dags/example_external_task_marker_dag.py
[2024-12-05T00:09:40.521+0000] {processor.py:914} INFO - Processing file /home/airflow/.local/lib/python3.12/site-packages/airflow/example_dags/example_external_task_marker_dag.py for tasks to queue
[2024-12-05T00:09:40.532+0000] {logging_mixin.py:190} INFO - [2024-12-05T00:09:40.532+0000] {dagbag.py:588} INFO - Filling up the DagBag from /home/airflow/.local/lib/python3.12/site-packages/airflow/example_dags/example_external_task_marker_dag.py
[2024-12-05T00:09:40.591+0000] {processor.py:925} INFO - DAG(s) 'example_external_task_marker_child', 'example_external_task_marker_parent' retrieved from /home/airflow/.local/lib/python3.12/site-packages/airflow/example_dags/example_external_task_marker_dag.py
[2024-12-05T00:09:40.709+0000] {logging_mixin.py:190} INFO - [2024-12-05T00:09:40.708+0000] {dag.py:3239} INFO - Sync 2 DAGs
[2024-12-05T00:09:40.801+0000] {logging_mixin.py:190} INFO - [2024-12-05T00:09:40.801+0000] {dag.py:4180} INFO - Setting next_dagrun for example_external_task_marker_child to None, run_after=None
[2024-12-05T00:09:40.834+0000] {logging_mixin.py:190} INFO - [2024-12-05T00:09:40.833+0000] {dag.py:4180} INFO - Setting next_dagrun for example_external_task_marker_parent to None, run_after=None
[2024-12-05T00:09:40.890+0000] {processor.py:208} INFO - Processing /home/airflow/.local/lib/python3.12/site-packages/airflow/example_dags/example_external_task_marker_dag.py took 0.421 seconds
[2024-12-05T00:10:31.284+0000] {processor.py:186} INFO - Started process (PID=300) to work on /home/airflow/.local/lib/python3.12/site-packages/airflow/example_dags/example_external_task_marker_dag.py
[2024-12-05T00:10:31.289+0000] {processor.py:914} INFO - Processing file /home/airflow/.local/lib/python3.12/site-packages/airflow/example_dags/example_external_task_marker_dag.py for tasks to queue
[2024-12-05T00:10:31.385+0000] {logging_mixin.py:190} INFO - [2024-12-05T00:10:31.384+0000] {dagbag.py:588} INFO - Filling up the DagBag from /home/airflow/.local/lib/python3.12/site-packages/airflow/example_dags/example_external_task_marker_dag.py
[2024-12-05T00:10:31.500+0000] {processor.py:925} INFO - DAG(s) 'example_external_task_marker_parent', 'example_external_task_marker_child' retrieved from /home/airflow/.local/lib/python3.12/site-packages/airflow/example_dags/example_external_task_marker_dag.py
[2024-12-05T00:10:31.779+0000] {logging_mixin.py:190} INFO - [2024-12-05T00:10:31.684+0000] {dag.py:3239} INFO - Sync 2 DAGs
[2024-12-05T00:10:31.908+0000] {logging_mixin.py:190} INFO - [2024-12-05T00:10:31.908+0000] {dag.py:4180} INFO - Setting next_dagrun for example_external_task_marker_child to None, run_after=None
[2024-12-05T00:10:31.929+0000] {logging_mixin.py:190} INFO - [2024-12-05T00:10:31.928+0000] {dag.py:4180} INFO - Setting next_dagrun for example_external_task_marker_parent to None, run_after=None
[2024-12-05T00:10:32.061+0000] {processor.py:208} INFO - Processing /home/airflow/.local/lib/python3.12/site-packages/airflow/example_dags/example_external_task_marker_dag.py took 0.792 seconds
[2024-12-05T00:11:20.544+0000] {processor.py:186} INFO - Started process (PID=385) to work on /home/airflow/.local/lib/python3.12/site-packages/airflow/example_dags/example_external_task_marker_dag.py
[2024-12-05T00:11:20.550+0000] {processor.py:914} INFO - Processing file /home/airflow/.local/lib/python3.12/site-packages/airflow/example_dags/example_external_task_marker_dag.py for tasks to queue
[2024-12-05T00:11:20.567+0000] {logging_mixin.py:190} INFO - [2024-12-05T00:11:20.566+0000] {dagbag.py:588} INFO - Filling up the DagBag from /home/airflow/.local/lib/python3.12/site-packages/airflow/example_dags/example_external_task_marker_dag.py
[2024-12-05T00:11:20.625+0000] {processor.py:925} INFO - DAG(s) 'example_external_task_marker_child', 'example_external_task_marker_parent' retrieved from /home/airflow/.local/lib/python3.12/site-packages/airflow/example_dags/example_external_task_marker_dag.py
[2024-12-05T00:11:21.124+0000] {logging_mixin.py:190} INFO - [2024-12-05T00:11:21.123+0000] {dag.py:3239} INFO - Sync 2 DAGs
[2024-12-05T00:11:21.311+0000] {logging_mixin.py:190} INFO - [2024-12-05T00:11:21.290+0000] {dag.py:4180} INFO - Setting next_dagrun for example_external_task_marker_child to None, run_after=None
[2024-12-05T00:11:21.365+0000] {logging_mixin.py:190} INFO - [2024-12-05T00:11:21.363+0000] {dag.py:4180} INFO - Setting next_dagrun for example_external_task_marker_parent to None, run_after=None
[2024-12-05T00:11:21.627+0000] {processor.py:208} INFO - Processing /home/airflow/.local/lib/python3.12/site-packages/airflow/example_dags/example_external_task_marker_dag.py took 1.134 seconds
[2024-12-05T00:12:02.095+0000] {processor.py:186} INFO - Started process (PID=444) to work on /home/airflow/.local/lib/python3.12/site-packages/airflow/example_dags/example_external_task_marker_dag.py
[2024-12-05T00:12:02.114+0000] {processor.py:914} INFO - Processing file /home/airflow/.local/lib/python3.12/site-packages/airflow/example_dags/example_external_task_marker_dag.py for tasks to queue
[2024-12-05T00:12:02.137+0000] {logging_mixin.py:190} INFO - [2024-12-05T00:12:02.136+0000] {dagbag.py:588} INFO - Filling up the DagBag from /home/airflow/.local/lib/python3.12/site-packages/airflow/example_dags/example_external_task_marker_dag.py
[2024-12-05T00:12:02.189+0000] {processor.py:925} INFO - DAG(s) 'example_external_task_marker_child', 'example_external_task_marker_parent' retrieved from /home/airflow/.local/lib/python3.12/site-packages/airflow/example_dags/example_external_task_marker_dag.py
[2024-12-05T00:12:02.333+0000] {logging_mixin.py:190} INFO - [2024-12-05T00:12:02.333+0000] {dag.py:3239} INFO - Sync 2 DAGs
[2024-12-05T00:12:02.451+0000] {logging_mixin.py:190} INFO - [2024-12-05T00:12:02.451+0000] {dag.py:4180} INFO - Setting next_dagrun for example_external_task_marker_child to None, run_after=None
[2024-12-05T00:12:02.653+0000] {logging_mixin.py:190} INFO - [2024-12-05T00:12:02.652+0000] {dag.py:4180} INFO - Setting next_dagrun for example_external_task_marker_parent to None, run_after=None
[2024-12-05T00:12:02.833+0000] {processor.py:208} INFO - Processing /home/airflow/.local/lib/python3.12/site-packages/airflow/example_dags/example_external_task_marker_dag.py took 0.759 seconds
[2024-12-05T00:13:14.350+0000] {processor.py:186} INFO - Started process (PID=528) to work on /home/airflow/.local/lib/python3.12/site-packages/airflow/example_dags/example_external_task_marker_dag.py
[2024-12-05T00:13:14.361+0000] {processor.py:914} INFO - Processing file /home/airflow/.local/lib/python3.12/site-packages/airflow/example_dags/example_external_task_marker_dag.py for tasks to queue
[2024-12-05T00:13:14.377+0000] {logging_mixin.py:190} INFO - [2024-12-05T00:13:14.376+0000] {dagbag.py:588} INFO - Filling up the DagBag from /home/airflow/.local/lib/python3.12/site-packages/airflow/example_dags/example_external_task_marker_dag.py
[2024-12-05T00:13:14.461+0000] {processor.py:925} INFO - DAG(s) 'example_external_task_marker_parent', 'example_external_task_marker_child' retrieved from /home/airflow/.local/lib/python3.12/site-packages/airflow/example_dags/example_external_task_marker_dag.py
[2024-12-05T00:13:14.645+0000] {logging_mixin.py:190} INFO - [2024-12-05T00:13:14.644+0000] {dag.py:3239} INFO - Sync 2 DAGs
[2024-12-05T00:13:14.807+0000] {logging_mixin.py:190} INFO - [2024-12-05T00:13:14.807+0000] {dag.py:4180} INFO - Setting next_dagrun for example_external_task_marker_child to None, run_after=None
[2024-12-05T00:13:14.851+0000] {logging_mixin.py:190} INFO - [2024-12-05T00:13:14.844+0000] {dag.py:4180} INFO - Setting next_dagrun for example_external_task_marker_parent to None, run_after=None
[2024-12-05T00:13:15.271+0000] {processor.py:208} INFO - Processing /home/airflow/.local/lib/python3.12/site-packages/airflow/example_dags/example_external_task_marker_dag.py took 0.951 seconds
[2024-12-05T00:14:11.964+0000] {processor.py:186} INFO - Started process (PID=617) to work on /home/airflow/.local/lib/python3.12/site-packages/airflow/example_dags/example_external_task_marker_dag.py
[2024-12-05T00:14:11.978+0000] {processor.py:914} INFO - Processing file /home/airflow/.local/lib/python3.12/site-packages/airflow/example_dags/example_external_task_marker_dag.py for tasks to queue
[2024-12-05T00:14:12.036+0000] {logging_mixin.py:190} INFO - [2024-12-05T00:14:12.023+0000] {dagbag.py:588} INFO - Filling up the DagBag from /home/airflow/.local/lib/python3.12/site-packages/airflow/example_dags/example_external_task_marker_dag.py
[2024-12-05T00:14:12.215+0000] {processor.py:925} INFO - DAG(s) 'example_external_task_marker_child', 'example_external_task_marker_parent' retrieved from /home/airflow/.local/lib/python3.12/site-packages/airflow/example_dags/example_external_task_marker_dag.py
[2024-12-05T00:14:12.673+0000] {logging_mixin.py:190} INFO - [2024-12-05T00:14:12.660+0000] {dag.py:3239} INFO - Sync 2 DAGs
[2024-12-05T00:14:12.952+0000] {logging_mixin.py:190} INFO - [2024-12-05T00:14:12.952+0000] {dag.py:4180} INFO - Setting next_dagrun for example_external_task_marker_child to None, run_after=None
[2024-12-05T00:14:13.037+0000] {logging_mixin.py:190} INFO - [2024-12-05T00:14:13.037+0000] {dag.py:4180} INFO - Setting next_dagrun for example_external_task_marker_parent to None, run_after=None
[2024-12-05T00:14:13.288+0000] {processor.py:208} INFO - Processing /home/airflow/.local/lib/python3.12/site-packages/airflow/example_dags/example_external_task_marker_dag.py took 1.398 seconds
[2024-12-05T00:15:11.564+0000] {processor.py:186} INFO - Started process (PID=713) to work on /home/airflow/.local/lib/python3.12/site-packages/airflow/example_dags/example_external_task_marker_dag.py
[2024-12-05T00:15:11.576+0000] {processor.py:914} INFO - Processing file /home/airflow/.local/lib/python3.12/site-packages/airflow/example_dags/example_external_task_marker_dag.py for tasks to queue
[2024-12-05T00:15:11.581+0000] {logging_mixin.py:190} INFO - [2024-12-05T00:15:11.580+0000] {dagbag.py:588} INFO - Filling up the DagBag from /home/airflow/.local/lib/python3.12/site-packages/airflow/example_dags/example_external_task_marker_dag.py
[2024-12-05T00:15:11.607+0000] {processor.py:925} INFO - DAG(s) 'example_external_task_marker_child', 'example_external_task_marker_parent' retrieved from /home/airflow/.local/lib/python3.12/site-packages/airflow/example_dags/example_external_task_marker_dag.py
[2024-12-05T00:15:11.728+0000] {logging_mixin.py:190} INFO - [2024-12-05T00:15:11.726+0000] {dag.py:3239} INFO - Sync 2 DAGs
[2024-12-05T00:15:11.922+0000] {logging_mixin.py:190} INFO - [2024-12-05T00:15:11.921+0000] {dag.py:4180} INFO - Setting next_dagrun for example_external_task_marker_child to None, run_after=None
[2024-12-05T00:15:12.090+0000] {logging_mixin.py:190} INFO - [2024-12-05T00:15:12.090+0000] {dag.py:4180} INFO - Setting next_dagrun for example_external_task_marker_parent to None, run_after=None
[2024-12-05T00:15:12.473+0000] {processor.py:208} INFO - Processing /home/airflow/.local/lib/python3.12/site-packages/airflow/example_dags/example_external_task_marker_dag.py took 0.928 seconds
[2024-12-05T00:15:47.038+0000] {processor.py:186} INFO - Started process (PID=782) to work on /home/airflow/.local/lib/python3.12/site-packages/airflow/example_dags/example_external_task_marker_dag.py
[2024-12-05T00:15:47.041+0000] {processor.py:914} INFO - Processing file /home/airflow/.local/lib/python3.12/site-packages/airflow/example_dags/example_external_task_marker_dag.py for tasks to queue
[2024-12-05T00:15:47.060+0000] {logging_mixin.py:190} INFO - [2024-12-05T00:15:47.059+0000] {dagbag.py:588} INFO - Filling up the DagBag from /home/airflow/.local/lib/python3.12/site-packages/airflow/example_dags/example_external_task_marker_dag.py
[2024-12-05T00:15:47.103+0000] {processor.py:925} INFO - DAG(s) 'example_external_task_marker_child', 'example_external_task_marker_parent' retrieved from /home/airflow/.local/lib/python3.12/site-packages/airflow/example_dags/example_external_task_marker_dag.py
[2024-12-05T00:15:47.250+0000] {logging_mixin.py:190} INFO - [2024-12-05T00:15:47.248+0000] {dag.py:3239} INFO - Sync 2 DAGs
[2024-12-05T00:15:47.380+0000] {logging_mixin.py:190} INFO - [2024-12-05T00:15:47.377+0000] {dag.py:4180} INFO - Setting next_dagrun for example_external_task_marker_child to None, run_after=None
[2024-12-05T00:15:47.427+0000] {logging_mixin.py:190} INFO - [2024-12-05T00:15:47.426+0000] {dag.py:4180} INFO - Setting next_dagrun for example_external_task_marker_parent to None, run_after=None
[2024-12-05T00:15:47.697+0000] {processor.py:208} INFO - Processing /home/airflow/.local/lib/python3.12/site-packages/airflow/example_dags/example_external_task_marker_dag.py took 0.688 seconds
[2024-12-05T00:16:55.260+0000] {processor.py:186} INFO - Started process (PID=867) to work on /home/airflow/.local/lib/python3.12/site-packages/airflow/example_dags/example_external_task_marker_dag.py
[2024-12-05T00:16:55.263+0000] {processor.py:914} INFO - Processing file /home/airflow/.local/lib/python3.12/site-packages/airflow/example_dags/example_external_task_marker_dag.py for tasks to queue
[2024-12-05T00:16:55.284+0000] {logging_mixin.py:190} INFO - [2024-12-05T00:16:55.283+0000] {dagbag.py:588} INFO - Filling up the DagBag from /home/airflow/.local/lib/python3.12/site-packages/airflow/example_dags/example_external_task_marker_dag.py
[2024-12-05T00:16:55.337+0000] {processor.py:925} INFO - DAG(s) 'example_external_task_marker_parent', 'example_external_task_marker_child' retrieved from /home/airflow/.local/lib/python3.12/site-packages/airflow/example_dags/example_external_task_marker_dag.py
[2024-12-05T00:16:55.480+0000] {logging_mixin.py:190} INFO - [2024-12-05T00:16:55.480+0000] {dag.py:3239} INFO - Sync 2 DAGs
[2024-12-05T00:16:55.591+0000] {logging_mixin.py:190} INFO - [2024-12-05T00:16:55.590+0000] {dag.py:4180} INFO - Setting next_dagrun for example_external_task_marker_child to None, run_after=None
[2024-12-05T00:16:55.613+0000] {logging_mixin.py:190} INFO - [2024-12-05T00:16:55.612+0000] {dag.py:4180} INFO - Setting next_dagrun for example_external_task_marker_parent to None, run_after=None
[2024-12-05T00:16:55.737+0000] {processor.py:208} INFO - Processing /home/airflow/.local/lib/python3.12/site-packages/airflow/example_dags/example_external_task_marker_dag.py took 0.508 seconds
[2024-12-05T00:18:16.622+0000] {processor.py:186} INFO - Started process (PID=961) to work on /home/airflow/.local/lib/python3.12/site-packages/airflow/example_dags/example_external_task_marker_dag.py
[2024-12-05T00:18:16.662+0000] {processor.py:914} INFO - Processing file /home/airflow/.local/lib/python3.12/site-packages/airflow/example_dags/example_external_task_marker_dag.py for tasks to queue
[2024-12-05T00:18:16.718+0000] {logging_mixin.py:190} INFO - [2024-12-05T00:18:16.717+0000] {dagbag.py:588} INFO - Filling up the DagBag from /home/airflow/.local/lib/python3.12/site-packages/airflow/example_dags/example_external_task_marker_dag.py
[2024-12-05T00:18:16.884+0000] {processor.py:925} INFO - DAG(s) 'example_external_task_marker_child', 'example_external_task_marker_parent' retrieved from /home/airflow/.local/lib/python3.12/site-packages/airflow/example_dags/example_external_task_marker_dag.py
[2024-12-05T00:18:17.155+0000] {logging_mixin.py:190} INFO - [2024-12-05T00:18:17.154+0000] {dag.py:3239} INFO - Sync 2 DAGs
[2024-12-05T00:18:17.397+0000] {logging_mixin.py:190} INFO - [2024-12-05T00:18:17.396+0000] {dag.py:4180} INFO - Setting next_dagrun for example_external_task_marker_child to None, run_after=None
[2024-12-05T00:18:17.437+0000] {logging_mixin.py:190} INFO - [2024-12-05T00:18:17.431+0000] {dag.py:4180} INFO - Setting next_dagrun for example_external_task_marker_parent to None, run_after=None
[2024-12-05T00:18:17.670+0000] {processor.py:208} INFO - Processing /home/airflow/.local/lib/python3.12/site-packages/airflow/example_dags/example_external_task_marker_dag.py took 1.124 seconds
[2024-12-05T00:19:07.872+0000] {processor.py:186} INFO - Started process (PID=1038) to work on /home/airflow/.local/lib/python3.12/site-packages/airflow/example_dags/example_external_task_marker_dag.py
[2024-12-05T00:19:07.878+0000] {processor.py:914} INFO - Processing file /home/airflow/.local/lib/python3.12/site-packages/airflow/example_dags/example_external_task_marker_dag.py for tasks to queue
[2024-12-05T00:19:07.897+0000] {logging_mixin.py:190} INFO - [2024-12-05T00:19:07.896+0000] {dagbag.py:588} INFO - Filling up the DagBag from /home/airflow/.local/lib/python3.12/site-packages/airflow/example_dags/example_external_task_marker_dag.py
[2024-12-05T00:19:07.989+0000] {processor.py:925} INFO - DAG(s) 'example_external_task_marker_parent', 'example_external_task_marker_child' retrieved from /home/airflow/.local/lib/python3.12/site-packages/airflow/example_dags/example_external_task_marker_dag.py
[2024-12-05T00:19:08.131+0000] {logging_mixin.py:190} INFO - [2024-12-05T00:19:08.130+0000] {dag.py:3239} INFO - Sync 2 DAGs
[2024-12-05T00:19:08.276+0000] {logging_mixin.py:190} INFO - [2024-12-05T00:19:08.276+0000] {dag.py:4180} INFO - Setting next_dagrun for example_external_task_marker_child to None, run_after=None
[2024-12-05T00:19:08.301+0000] {logging_mixin.py:190} INFO - [2024-12-05T00:19:08.301+0000] {dag.py:4180} INFO - Setting next_dagrun for example_external_task_marker_parent to None, run_after=None
[2024-12-05T00:19:08.435+0000] {processor.py:208} INFO - Processing /home/airflow/.local/lib/python3.12/site-packages/airflow/example_dags/example_external_task_marker_dag.py took 0.588 seconds
[2024-12-05T00:20:03.508+0000] {processor.py:186} INFO - Started process (PID=1109) to work on /home/airflow/.local/lib/python3.12/site-packages/airflow/example_dags/example_external_task_marker_dag.py
[2024-12-05T00:20:03.514+0000] {processor.py:914} INFO - Processing file /home/airflow/.local/lib/python3.12/site-packages/airflow/example_dags/example_external_task_marker_dag.py for tasks to queue
[2024-12-05T00:20:03.522+0000] {logging_mixin.py:190} INFO - [2024-12-05T00:20:03.521+0000] {dagbag.py:588} INFO - Filling up the DagBag from /home/airflow/.local/lib/python3.12/site-packages/airflow/example_dags/example_external_task_marker_dag.py
[2024-12-05T00:20:03.548+0000] {processor.py:925} INFO - DAG(s) 'example_external_task_marker_child', 'example_external_task_marker_parent' retrieved from /home/airflow/.local/lib/python3.12/site-packages/airflow/example_dags/example_external_task_marker_dag.py
[2024-12-05T00:20:03.711+0000] {logging_mixin.py:190} INFO - [2024-12-05T00:20:03.710+0000] {dag.py:3239} INFO - Sync 2 DAGs
[2024-12-05T00:20:03.818+0000] {logging_mixin.py:190} INFO - [2024-12-05T00:20:03.818+0000] {dag.py:4180} INFO - Setting next_dagrun for example_external_task_marker_child to None, run_after=None
[2024-12-05T00:20:03.840+0000] {logging_mixin.py:190} INFO - [2024-12-05T00:20:03.839+0000] {dag.py:4180} INFO - Setting next_dagrun for example_external_task_marker_parent to None, run_after=None
[2024-12-05T00:20:03.962+0000] {processor.py:208} INFO - Processing /home/airflow/.local/lib/python3.12/site-packages/airflow/example_dags/example_external_task_marker_dag.py took 0.511 seconds
[2024-12-05T00:20:57.058+0000] {processor.py:186} INFO - Started process (PID=1191) to work on /home/airflow/.local/lib/python3.12/site-packages/airflow/example_dags/example_external_task_marker_dag.py
[2024-12-05T00:20:57.061+0000] {processor.py:914} INFO - Processing file /home/airflow/.local/lib/python3.12/site-packages/airflow/example_dags/example_external_task_marker_dag.py for tasks to queue
[2024-12-05T00:20:57.066+0000] {logging_mixin.py:190} INFO - [2024-12-05T00:20:57.065+0000] {dagbag.py:588} INFO - Filling up the DagBag from /home/airflow/.local/lib/python3.12/site-packages/airflow/example_dags/example_external_task_marker_dag.py
[2024-12-05T00:20:57.085+0000] {processor.py:925} INFO - DAG(s) 'example_external_task_marker_parent', 'example_external_task_marker_child' retrieved from /home/airflow/.local/lib/python3.12/site-packages/airflow/example_dags/example_external_task_marker_dag.py
[2024-12-05T00:20:57.156+0000] {logging_mixin.py:190} INFO - [2024-12-05T00:20:57.155+0000] {dag.py:3239} INFO - Sync 2 DAGs
[2024-12-05T00:20:57.194+0000] {logging_mixin.py:190} INFO - [2024-12-05T00:20:57.193+0000] {dag.py:4180} INFO - Setting next_dagrun for example_external_task_marker_child to None, run_after=None
[2024-12-05T00:20:57.207+0000] {logging_mixin.py:190} INFO - [2024-12-05T00:20:57.207+0000] {dag.py:4180} INFO - Setting next_dagrun for example_external_task_marker_parent to None, run_after=None
[2024-12-05T00:20:57.271+0000] {processor.py:208} INFO - Processing /home/airflow/.local/lib/python3.12/site-packages/airflow/example_dags/example_external_task_marker_dag.py took 0.226 seconds
[2024-12-05T00:21:46.314+0000] {processor.py:186} INFO - Started process (PID=1256) to work on /home/airflow/.local/lib/python3.12/site-packages/airflow/example_dags/example_external_task_marker_dag.py
[2024-12-05T00:21:46.319+0000] {processor.py:914} INFO - Processing file /home/airflow/.local/lib/python3.12/site-packages/airflow/example_dags/example_external_task_marker_dag.py for tasks to queue
[2024-12-05T00:21:46.332+0000] {logging_mixin.py:190} INFO - [2024-12-05T00:21:46.331+0000] {dagbag.py:588} INFO - Filling up the DagBag from /home/airflow/.local/lib/python3.12/site-packages/airflow/example_dags/example_external_task_marker_dag.py
[2024-12-05T00:21:46.375+0000] {processor.py:925} INFO - DAG(s) 'example_external_task_marker_child', 'example_external_task_marker_parent' retrieved from /home/airflow/.local/lib/python3.12/site-packages/airflow/example_dags/example_external_task_marker_dag.py
[2024-12-05T00:21:46.485+0000] {logging_mixin.py:190} INFO - [2024-12-05T00:21:46.484+0000] {dag.py:3239} INFO - Sync 2 DAGs
[2024-12-05T00:21:46.606+0000] {logging_mixin.py:190} INFO - [2024-12-05T00:21:46.606+0000] {dag.py:4180} INFO - Setting next_dagrun for example_external_task_marker_child to None, run_after=None
[2024-12-05T00:21:46.629+0000] {logging_mixin.py:190} INFO - [2024-12-05T00:21:46.629+0000] {dag.py:4180} INFO - Setting next_dagrun for example_external_task_marker_parent to None, run_after=None
[2024-12-05T00:21:46.818+0000] {processor.py:208} INFO - Processing /home/airflow/.local/lib/python3.12/site-packages/airflow/example_dags/example_external_task_marker_dag.py took 0.545 seconds
[2024-12-05T00:22:43.477+0000] {processor.py:186} INFO - Started process (PID=1351) to work on /home/airflow/.local/lib/python3.12/site-packages/airflow/example_dags/example_external_task_marker_dag.py
[2024-12-05T00:22:43.491+0000] {processor.py:914} INFO - Processing file /home/airflow/.local/lib/python3.12/site-packages/airflow/example_dags/example_external_task_marker_dag.py for tasks to queue
[2024-12-05T00:22:43.513+0000] {logging_mixin.py:190} INFO - [2024-12-05T00:22:43.512+0000] {dagbag.py:588} INFO - Filling up the DagBag from /home/airflow/.local/lib/python3.12/site-packages/airflow/example_dags/example_external_task_marker_dag.py
[2024-12-05T00:22:43.561+0000] {processor.py:925} INFO - DAG(s) 'example_external_task_marker_child', 'example_external_task_marker_parent' retrieved from /home/airflow/.local/lib/python3.12/site-packages/airflow/example_dags/example_external_task_marker_dag.py
[2024-12-05T00:22:43.695+0000] {logging_mixin.py:190} INFO - [2024-12-05T00:22:43.694+0000] {dag.py:3239} INFO - Sync 2 DAGs
[2024-12-05T00:22:43.773+0000] {logging_mixin.py:190} INFO - [2024-12-05T00:22:43.772+0000] {dag.py:4180} INFO - Setting next_dagrun for example_external_task_marker_child to None, run_after=None
[2024-12-05T00:22:43.787+0000] {logging_mixin.py:190} INFO - [2024-12-05T00:22:43.786+0000] {dag.py:4180} INFO - Setting next_dagrun for example_external_task_marker_parent to None, run_after=None
[2024-12-05T00:22:43.844+0000] {processor.py:208} INFO - Processing /home/airflow/.local/lib/python3.12/site-packages/airflow/example_dags/example_external_task_marker_dag.py took 0.394 seconds
[2024-12-05T00:23:29.986+0000] {processor.py:186} INFO - Started process (PID=1406) to work on /home/airflow/.local/lib/python3.12/site-packages/airflow/example_dags/example_external_task_marker_dag.py
[2024-12-05T00:23:29.998+0000] {processor.py:914} INFO - Processing file /home/airflow/.local/lib/python3.12/site-packages/airflow/example_dags/example_external_task_marker_dag.py for tasks to queue
[2024-12-05T00:23:30.015+0000] {logging_mixin.py:190} INFO - [2024-12-05T00:23:30.012+0000] {dagbag.py:588} INFO - Filling up the DagBag from /home/airflow/.local/lib/python3.12/site-packages/airflow/example_dags/example_external_task_marker_dag.py
[2024-12-05T00:23:30.073+0000] {processor.py:925} INFO - DAG(s) 'example_external_task_marker_child', 'example_external_task_marker_parent' retrieved from /home/airflow/.local/lib/python3.12/site-packages/airflow/example_dags/example_external_task_marker_dag.py
[2024-12-05T00:23:30.338+0000] {logging_mixin.py:190} INFO - [2024-12-05T00:23:30.337+0000] {dag.py:3239} INFO - Sync 2 DAGs
[2024-12-05T00:23:30.566+0000] {logging_mixin.py:190} INFO - [2024-12-05T00:23:30.565+0000] {dag.py:4180} INFO - Setting next_dagrun for example_external_task_marker_child to None, run_after=None
[2024-12-05T00:23:30.658+0000] {logging_mixin.py:190} INFO - [2024-12-05T00:23:30.657+0000] {dag.py:4180} INFO - Setting next_dagrun for example_external_task_marker_parent to None, run_after=None
[2024-12-05T00:23:30.829+0000] {processor.py:208} INFO - Processing /home/airflow/.local/lib/python3.12/site-packages/airflow/example_dags/example_external_task_marker_dag.py took 0.936 seconds
