[2024-12-05T00:00:27.816+0000] {processor.py:186} INFO - Started process (PID=377) to work on /home/airflow/.local/lib/python3.12/site-packages/airflow/example_dags/example_branch_operator.py
[2024-12-05T00:00:27.849+0000] {processor.py:914} INFO - Processing file /home/airflow/.local/lib/python3.12/site-packages/airflow/example_dags/example_branch_operator.py for tasks to queue
[2024-12-05T00:00:27.933+0000] {logging_mixin.py:190} INFO - [2024-12-05T00:00:27.932+0000] {dagbag.py:588} INFO - Filling up the DagBag from /home/airflow/.local/lib/python3.12/site-packages/airflow/example_dags/example_branch_operator.py
[2024-12-05T00:00:28.183+0000] {processor.py:925} INFO - DAG(s) 'example_branch_operator' retrieved from /home/airflow/.local/lib/python3.12/site-packages/airflow/example_dags/example_branch_operator.py
[2024-12-05T00:00:28.497+0000] {logging_mixin.py:190} INFO - [2024-12-05T00:00:28.495+0000] {dag.py:3239} INFO - Sync 1 DAGs
[2024-12-05T00:00:28.827+0000] {logging_mixin.py:190} INFO - [2024-12-05T00:00:28.826+0000] {dag.py:4180} INFO - Setting next_dagrun for example_branch_operator to 2024-12-04 00:00:00+00:00, run_after=2024-12-05 00:00:00+00:00
[2024-12-05T00:00:29.071+0000] {processor.py:208} INFO - Processing /home/airflow/.local/lib/python3.12/site-packages/airflow/example_dags/example_branch_operator.py took 1.389 seconds
[2024-12-05T00:10:09.796+0000] {processor.py:186} INFO - Started process (PID=269) to work on /home/airflow/.local/lib/python3.12/site-packages/airflow/example_dags/example_branch_operator.py
[2024-12-05T00:10:09.798+0000] {processor.py:914} INFO - Processing file /home/airflow/.local/lib/python3.12/site-packages/airflow/example_dags/example_branch_operator.py for tasks to queue
[2024-12-05T00:10:09.808+0000] {logging_mixin.py:190} INFO - [2024-12-05T00:10:09.807+0000] {dagbag.py:588} INFO - Filling up the DagBag from /home/airflow/.local/lib/python3.12/site-packages/airflow/example_dags/example_branch_operator.py
[2024-12-05T00:10:09.938+0000] {processor.py:925} INFO - DAG(s) 'example_branch_operator' retrieved from /home/airflow/.local/lib/python3.12/site-packages/airflow/example_dags/example_branch_operator.py
[2024-12-05T00:10:10.693+0000] {logging_mixin.py:190} INFO - [2024-12-05T00:10:10.693+0000] {dag.py:3239} INFO - Sync 1 DAGs
[2024-12-05T00:10:10.945+0000] {logging_mixin.py:190} INFO - [2024-12-05T00:10:10.944+0000] {dag.py:4180} INFO - Setting next_dagrun for example_branch_operator to 2024-12-04 00:00:00+00:00, run_after=2024-12-05 00:00:00+00:00
[2024-12-05T00:10:11.095+0000] {processor.py:208} INFO - Processing /home/airflow/.local/lib/python3.12/site-packages/airflow/example_dags/example_branch_operator.py took 1.337 seconds
[2024-12-05T00:11:02.194+0000] {processor.py:186} INFO - Started process (PID=363) to work on /home/airflow/.local/lib/python3.12/site-packages/airflow/example_dags/example_branch_operator.py
[2024-12-05T00:11:02.211+0000] {processor.py:914} INFO - Processing file /home/airflow/.local/lib/python3.12/site-packages/airflow/example_dags/example_branch_operator.py for tasks to queue
[2024-12-05T00:11:02.249+0000] {logging_mixin.py:190} INFO - [2024-12-05T00:11:02.248+0000] {dagbag.py:588} INFO - Filling up the DagBag from /home/airflow/.local/lib/python3.12/site-packages/airflow/example_dags/example_branch_operator.py
[2024-12-05T00:11:02.561+0000] {processor.py:925} INFO - DAG(s) 'example_branch_operator' retrieved from /home/airflow/.local/lib/python3.12/site-packages/airflow/example_dags/example_branch_operator.py
[2024-12-05T00:11:03.079+0000] {logging_mixin.py:190} INFO - [2024-12-05T00:11:03.078+0000] {dag.py:3239} INFO - Sync 1 DAGs
[2024-12-05T00:11:03.343+0000] {logging_mixin.py:190} INFO - [2024-12-05T00:11:03.327+0000] {dag.py:4180} INFO - Setting next_dagrun for example_branch_operator to 2024-12-04 00:00:00+00:00, run_after=2024-12-05 00:00:00+00:00
[2024-12-05T00:11:03.698+0000] {processor.py:208} INFO - Processing /home/airflow/.local/lib/python3.12/site-packages/airflow/example_dags/example_branch_operator.py took 1.560 seconds
[2024-12-05T00:12:06.675+0000] {processor.py:186} INFO - Started process (PID=458) to work on /home/airflow/.local/lib/python3.12/site-packages/airflow/example_dags/example_branch_operator.py
[2024-12-05T00:12:06.682+0000] {processor.py:914} INFO - Processing file /home/airflow/.local/lib/python3.12/site-packages/airflow/example_dags/example_branch_operator.py for tasks to queue
[2024-12-05T00:12:06.701+0000] {logging_mixin.py:190} INFO - [2024-12-05T00:12:06.700+0000] {dagbag.py:588} INFO - Filling up the DagBag from /home/airflow/.local/lib/python3.12/site-packages/airflow/example_dags/example_branch_operator.py
[2024-12-05T00:12:06.848+0000] {processor.py:925} INFO - DAG(s) 'example_branch_operator' retrieved from /home/airflow/.local/lib/python3.12/site-packages/airflow/example_dags/example_branch_operator.py
[2024-12-05T00:12:07.075+0000] {logging_mixin.py:190} INFO - [2024-12-05T00:12:07.074+0000] {dag.py:3239} INFO - Sync 1 DAGs
[2024-12-05T00:12:07.298+0000] {logging_mixin.py:190} INFO - [2024-12-05T00:12:07.297+0000] {dag.py:4180} INFO - Setting next_dagrun for example_branch_operator to 2024-12-04 00:00:00+00:00, run_after=2024-12-05 00:00:00+00:00
[2024-12-05T00:12:07.507+0000] {processor.py:208} INFO - Processing /home/airflow/.local/lib/python3.12/site-packages/airflow/example_dags/example_branch_operator.py took 0.873 seconds
[2024-12-05T00:13:32.976+0000] {processor.py:186} INFO - Started process (PID=555) to work on /home/airflow/.local/lib/python3.12/site-packages/airflow/example_dags/example_branch_operator.py
[2024-12-05T00:13:32.996+0000] {processor.py:914} INFO - Processing file /home/airflow/.local/lib/python3.12/site-packages/airflow/example_dags/example_branch_operator.py for tasks to queue
[2024-12-05T00:13:33.028+0000] {logging_mixin.py:190} INFO - [2024-12-05T00:13:33.027+0000] {dagbag.py:588} INFO - Filling up the DagBag from /home/airflow/.local/lib/python3.12/site-packages/airflow/example_dags/example_branch_operator.py
[2024-12-05T00:13:33.215+0000] {processor.py:925} INFO - DAG(s) 'example_branch_operator' retrieved from /home/airflow/.local/lib/python3.12/site-packages/airflow/example_dags/example_branch_operator.py
[2024-12-05T00:13:33.392+0000] {logging_mixin.py:190} INFO - [2024-12-05T00:13:33.391+0000] {dag.py:3239} INFO - Sync 1 DAGs
[2024-12-05T00:13:33.537+0000] {logging_mixin.py:190} INFO - [2024-12-05T00:13:33.536+0000] {dag.py:4180} INFO - Setting next_dagrun for example_branch_operator to 2024-12-04 00:00:00+00:00, run_after=2024-12-05 00:00:00+00:00
[2024-12-05T00:13:33.683+0000] {processor.py:208} INFO - Processing /home/airflow/.local/lib/python3.12/site-packages/airflow/example_dags/example_branch_operator.py took 0.733 seconds
[2024-12-05T00:15:01.523+0000] {processor.py:186} INFO - Started process (PID=698) to work on /home/airflow/.local/lib/python3.12/site-packages/airflow/example_dags/example_branch_operator.py
[2024-12-05T00:15:01.572+0000] {processor.py:914} INFO - Processing file /home/airflow/.local/lib/python3.12/site-packages/airflow/example_dags/example_branch_operator.py for tasks to queue
[2024-12-05T00:15:01.596+0000] {logging_mixin.py:190} INFO - [2024-12-05T00:15:01.595+0000] {dagbag.py:588} INFO - Filling up the DagBag from /home/airflow/.local/lib/python3.12/site-packages/airflow/example_dags/example_branch_operator.py
[2024-12-05T00:15:01.808+0000] {processor.py:925} INFO - DAG(s) 'example_branch_operator' retrieved from /home/airflow/.local/lib/python3.12/site-packages/airflow/example_dags/example_branch_operator.py
[2024-12-05T00:15:01.943+0000] {logging_mixin.py:190} INFO - [2024-12-05T00:15:01.943+0000] {dag.py:3239} INFO - Sync 1 DAGs
[2024-12-05T00:15:02.090+0000] {logging_mixin.py:190} INFO - [2024-12-05T00:15:02.089+0000] {dag.py:4180} INFO - Setting next_dagrun for example_branch_operator to 2024-12-04 00:00:00+00:00, run_after=2024-12-05 00:00:00+00:00
[2024-12-05T00:15:02.186+0000] {processor.py:208} INFO - Processing /home/airflow/.local/lib/python3.12/site-packages/airflow/example_dags/example_branch_operator.py took 0.725 seconds
[2024-12-05T00:15:42.481+0000] {processor.py:186} INFO - Started process (PID=773) to work on /home/airflow/.local/lib/python3.12/site-packages/airflow/example_dags/example_branch_operator.py
[2024-12-05T00:15:42.483+0000] {processor.py:914} INFO - Processing file /home/airflow/.local/lib/python3.12/site-packages/airflow/example_dags/example_branch_operator.py for tasks to queue
[2024-12-05T00:15:42.500+0000] {logging_mixin.py:190} INFO - [2024-12-05T00:15:42.500+0000] {dagbag.py:588} INFO - Filling up the DagBag from /home/airflow/.local/lib/python3.12/site-packages/airflow/example_dags/example_branch_operator.py
[2024-12-05T00:15:42.619+0000] {processor.py:925} INFO - DAG(s) 'example_branch_operator' retrieved from /home/airflow/.local/lib/python3.12/site-packages/airflow/example_dags/example_branch_operator.py
[2024-12-05T00:15:42.796+0000] {logging_mixin.py:190} INFO - [2024-12-05T00:15:42.796+0000] {dag.py:3239} INFO - Sync 1 DAGs
[2024-12-05T00:15:42.964+0000] {logging_mixin.py:190} INFO - [2024-12-05T00:15:42.963+0000] {dag.py:4180} INFO - Setting next_dagrun for example_branch_operator to 2024-12-04 00:00:00+00:00, run_after=2024-12-05 00:00:00+00:00
[2024-12-05T00:15:43.154+0000] {processor.py:208} INFO - Processing /home/airflow/.local/lib/python3.12/site-packages/airflow/example_dags/example_branch_operator.py took 0.693 seconds
[2024-12-05T00:16:41.998+0000] {processor.py:186} INFO - Started process (PID=853) to work on /home/airflow/.local/lib/python3.12/site-packages/airflow/example_dags/example_branch_operator.py
[2024-12-05T00:16:42.012+0000] {processor.py:914} INFO - Processing file /home/airflow/.local/lib/python3.12/site-packages/airflow/example_dags/example_branch_operator.py for tasks to queue
[2024-12-05T00:16:42.063+0000] {logging_mixin.py:190} INFO - [2024-12-05T00:16:42.062+0000] {dagbag.py:588} INFO - Filling up the DagBag from /home/airflow/.local/lib/python3.12/site-packages/airflow/example_dags/example_branch_operator.py
[2024-12-05T00:16:42.291+0000] {processor.py:925} INFO - DAG(s) 'example_branch_operator' retrieved from /home/airflow/.local/lib/python3.12/site-packages/airflow/example_dags/example_branch_operator.py
[2024-12-05T00:16:42.544+0000] {logging_mixin.py:190} INFO - [2024-12-05T00:16:42.538+0000] {dag.py:3239} INFO - Sync 1 DAGs
[2024-12-05T00:16:42.737+0000] {logging_mixin.py:190} INFO - [2024-12-05T00:16:42.735+0000] {dag.py:4180} INFO - Setting next_dagrun for example_branch_operator to 2024-12-04 00:00:00+00:00, run_after=2024-12-05 00:00:00+00:00
[2024-12-05T00:16:42.944+0000] {processor.py:208} INFO - Processing /home/airflow/.local/lib/python3.12/site-packages/airflow/example_dags/example_branch_operator.py took 1.000 seconds
[2024-12-05T00:17:55.776+0000] {processor.py:186} INFO - Started process (PID=947) to work on /home/airflow/.local/lib/python3.12/site-packages/airflow/example_dags/example_branch_operator.py
[2024-12-05T00:17:55.783+0000] {processor.py:914} INFO - Processing file /home/airflow/.local/lib/python3.12/site-packages/airflow/example_dags/example_branch_operator.py for tasks to queue
[2024-12-05T00:17:55.803+0000] {logging_mixin.py:190} INFO - [2024-12-05T00:17:55.802+0000] {dagbag.py:588} INFO - Filling up the DagBag from /home/airflow/.local/lib/python3.12/site-packages/airflow/example_dags/example_branch_operator.py
[2024-12-05T00:17:55.932+0000] {processor.py:925} INFO - DAG(s) 'example_branch_operator' retrieved from /home/airflow/.local/lib/python3.12/site-packages/airflow/example_dags/example_branch_operator.py
[2024-12-05T00:17:56.139+0000] {logging_mixin.py:190} INFO - [2024-12-05T00:17:56.138+0000] {dag.py:3239} INFO - Sync 1 DAGs
[2024-12-05T00:17:56.305+0000] {logging_mixin.py:190} INFO - [2024-12-05T00:17:56.305+0000] {dag.py:4180} INFO - Setting next_dagrun for example_branch_operator to 2024-12-04 00:00:00+00:00, run_after=2024-12-05 00:00:00+00:00
[2024-12-05T00:17:56.413+0000] {processor.py:208} INFO - Processing /home/airflow/.local/lib/python3.12/site-packages/airflow/example_dags/example_branch_operator.py took 0.660 seconds
[2024-12-05T00:18:58.759+0000] {processor.py:186} INFO - Started process (PID=1027) to work on /home/airflow/.local/lib/python3.12/site-packages/airflow/example_dags/example_branch_operator.py
[2024-12-05T00:18:58.782+0000] {processor.py:914} INFO - Processing file /home/airflow/.local/lib/python3.12/site-packages/airflow/example_dags/example_branch_operator.py for tasks to queue
[2024-12-05T00:18:58.790+0000] {logging_mixin.py:190} INFO - [2024-12-05T00:18:58.789+0000] {dagbag.py:588} INFO - Filling up the DagBag from /home/airflow/.local/lib/python3.12/site-packages/airflow/example_dags/example_branch_operator.py
[2024-12-05T00:18:58.976+0000] {processor.py:925} INFO - DAG(s) 'example_branch_operator' retrieved from /home/airflow/.local/lib/python3.12/site-packages/airflow/example_dags/example_branch_operator.py
[2024-12-05T00:18:59.152+0000] {logging_mixin.py:190} INFO - [2024-12-05T00:18:59.151+0000] {dag.py:3239} INFO - Sync 1 DAGs
[2024-12-05T00:18:59.277+0000] {logging_mixin.py:190} INFO - [2024-12-05T00:18:59.276+0000] {dag.py:4180} INFO - Setting next_dagrun for example_branch_operator to 2024-12-04 00:00:00+00:00, run_after=2024-12-05 00:00:00+00:00
[2024-12-05T00:18:59.412+0000] {processor.py:208} INFO - Processing /home/airflow/.local/lib/python3.12/site-packages/airflow/example_dags/example_branch_operator.py took 0.707 seconds
[2024-12-05T00:20:24.617+0000] {processor.py:186} INFO - Started process (PID=1147) to work on /home/airflow/.local/lib/python3.12/site-packages/airflow/example_dags/example_branch_operator.py
[2024-12-05T00:20:24.644+0000] {processor.py:914} INFO - Processing file /home/airflow/.local/lib/python3.12/site-packages/airflow/example_dags/example_branch_operator.py for tasks to queue
[2024-12-05T00:20:24.693+0000] {logging_mixin.py:190} INFO - [2024-12-05T00:20:24.692+0000] {dagbag.py:588} INFO - Filling up the DagBag from /home/airflow/.local/lib/python3.12/site-packages/airflow/example_dags/example_branch_operator.py
[2024-12-05T00:20:24.943+0000] {processor.py:925} INFO - DAG(s) 'example_branch_operator' retrieved from /home/airflow/.local/lib/python3.12/site-packages/airflow/example_dags/example_branch_operator.py
[2024-12-05T00:20:25.476+0000] {logging_mixin.py:190} INFO - [2024-12-05T00:20:25.474+0000] {dag.py:3239} INFO - Sync 1 DAGs
[2024-12-05T00:20:26.012+0000] {logging_mixin.py:190} INFO - [2024-12-05T00:20:26.011+0000] {dag.py:4180} INFO - Setting next_dagrun for example_branch_operator to 2024-12-04 00:00:00+00:00, run_after=2024-12-05 00:00:00+00:00
[2024-12-05T00:20:26.238+0000] {processor.py:208} INFO - Processing /home/airflow/.local/lib/python3.12/site-packages/airflow/example_dags/example_branch_operator.py took 1.730 seconds
[2024-12-05T00:21:34.753+0000] {processor.py:186} INFO - Started process (PID=1245) to work on /home/airflow/.local/lib/python3.12/site-packages/airflow/example_dags/example_branch_operator.py
[2024-12-05T00:21:34.775+0000] {processor.py:914} INFO - Processing file /home/airflow/.local/lib/python3.12/site-packages/airflow/example_dags/example_branch_operator.py for tasks to queue
[2024-12-05T00:21:34.823+0000] {logging_mixin.py:190} INFO - [2024-12-05T00:21:34.822+0000] {dagbag.py:588} INFO - Filling up the DagBag from /home/airflow/.local/lib/python3.12/site-packages/airflow/example_dags/example_branch_operator.py
[2024-12-05T00:21:35.017+0000] {processor.py:925} INFO - DAG(s) 'example_branch_operator' retrieved from /home/airflow/.local/lib/python3.12/site-packages/airflow/example_dags/example_branch_operator.py
[2024-12-05T00:21:35.280+0000] {logging_mixin.py:190} INFO - [2024-12-05T00:21:35.279+0000] {dag.py:3239} INFO - Sync 1 DAGs
[2024-12-05T00:21:35.509+0000] {logging_mixin.py:190} INFO - [2024-12-05T00:21:35.508+0000] {dag.py:4180} INFO - Setting next_dagrun for example_branch_operator to 2024-12-04 00:00:00+00:00, run_after=2024-12-05 00:00:00+00:00
[2024-12-05T00:21:35.615+0000] {processor.py:208} INFO - Processing /home/airflow/.local/lib/python3.12/site-packages/airflow/example_dags/example_branch_operator.py took 0.911 seconds
[2024-12-05T00:22:37.049+0000] {processor.py:186} INFO - Started process (PID=1339) to work on /home/airflow/.local/lib/python3.12/site-packages/airflow/example_dags/example_branch_operator.py
[2024-12-05T00:22:37.055+0000] {processor.py:914} INFO - Processing file /home/airflow/.local/lib/python3.12/site-packages/airflow/example_dags/example_branch_operator.py for tasks to queue
[2024-12-05T00:22:37.063+0000] {logging_mixin.py:190} INFO - [2024-12-05T00:22:37.062+0000] {dagbag.py:588} INFO - Filling up the DagBag from /home/airflow/.local/lib/python3.12/site-packages/airflow/example_dags/example_branch_operator.py
[2024-12-05T00:22:37.193+0000] {processor.py:925} INFO - DAG(s) 'example_branch_operator' retrieved from /home/airflow/.local/lib/python3.12/site-packages/airflow/example_dags/example_branch_operator.py
[2024-12-05T00:22:37.447+0000] {logging_mixin.py:190} INFO - [2024-12-05T00:22:37.445+0000] {dag.py:3239} INFO - Sync 1 DAGs
[2024-12-05T00:22:37.662+0000] {logging_mixin.py:190} INFO - [2024-12-05T00:22:37.661+0000] {dag.py:4180} INFO - Setting next_dagrun for example_branch_operator to 2024-12-04 00:00:00+00:00, run_after=2024-12-05 00:00:00+00:00
[2024-12-05T00:22:37.800+0000] {processor.py:208} INFO - Processing /home/airflow/.local/lib/python3.12/site-packages/airflow/example_dags/example_branch_operator.py took 0.786 seconds
[2024-12-05T00:23:58.167+0000] {processor.py:186} INFO - Started process (PID=1433) to work on /home/airflow/.local/lib/python3.12/site-packages/airflow/example_dags/example_branch_operator.py
[2024-12-05T00:23:58.183+0000] {processor.py:914} INFO - Processing file /home/airflow/.local/lib/python3.12/site-packages/airflow/example_dags/example_branch_operator.py for tasks to queue
[2024-12-05T00:23:58.281+0000] {logging_mixin.py:190} INFO - [2024-12-05T00:23:58.280+0000] {dagbag.py:588} INFO - Filling up the DagBag from /home/airflow/.local/lib/python3.12/site-packages/airflow/example_dags/example_branch_operator.py
[2024-12-05T00:23:58.603+0000] {processor.py:925} INFO - DAG(s) 'example_branch_operator' retrieved from /home/airflow/.local/lib/python3.12/site-packages/airflow/example_dags/example_branch_operator.py
[2024-12-05T00:23:58.922+0000] {logging_mixin.py:190} INFO - [2024-12-05T00:23:58.921+0000] {dag.py:3239} INFO - Sync 1 DAGs
[2024-12-05T00:23:59.276+0000] {logging_mixin.py:190} INFO - [2024-12-05T00:23:59.275+0000] {dag.py:4180} INFO - Setting next_dagrun for example_branch_operator to 2024-12-04 00:00:00+00:00, run_after=2024-12-05 00:00:00+00:00
[2024-12-05T00:23:59.603+0000] {processor.py:208} INFO - Processing /home/airflow/.local/lib/python3.12/site-packages/airflow/example_dags/example_branch_operator.py took 1.543 seconds
