[2024-12-05T00:00:11.088+0000] {processor.py:186} INFO - Started process (PID=354) to work on /home/airflow/.local/lib/python3.12/site-packages/airflow/example_dags/example_local_kubernetes_executor.py
[2024-12-05T00:00:11.093+0000] {processor.py:914} INFO - Processing file /home/airflow/.local/lib/python3.12/site-packages/airflow/example_dags/example_local_kubernetes_executor.py for tasks to queue
[2024-12-05T00:00:11.108+0000] {logging_mixin.py:190} INFO - [2024-12-05T00:00:11.107+0000] {dagbag.py:588} INFO - Filling up the DagBag from /home/airflow/.local/lib/python3.12/site-packages/airflow/example_dags/example_local_kubernetes_executor.py
[2024-12-05T00:00:11.303+0000] {processor.py:925} INFO - DAG(s) 'example_local_kubernetes_executor' retrieved from /home/airflow/.local/lib/python3.12/site-packages/airflow/example_dags/example_local_kubernetes_executor.py
[2024-12-05T00:00:11.528+0000] {logging_mixin.py:190} INFO - [2024-12-05T00:00:11.527+0000] {dag.py:3239} INFO - Sync 1 DAGs
[2024-12-05T00:00:11.654+0000] {logging_mixin.py:190} INFO - [2024-12-05T00:00:11.643+0000] {dag.py:4180} INFO - Setting next_dagrun for example_local_kubernetes_executor to None, run_after=None
[2024-12-05T00:00:11.839+0000] {processor.py:208} INFO - Processing /home/airflow/.local/lib/python3.12/site-packages/airflow/example_dags/example_local_kubernetes_executor.py took 0.796 seconds
[2024-12-05T00:10:01.404+0000] {processor.py:186} INFO - Started process (PID=252) to work on /home/airflow/.local/lib/python3.12/site-packages/airflow/example_dags/example_local_kubernetes_executor.py
[2024-12-05T00:10:01.418+0000] {processor.py:914} INFO - Processing file /home/airflow/.local/lib/python3.12/site-packages/airflow/example_dags/example_local_kubernetes_executor.py for tasks to queue
[2024-12-05T00:10:01.424+0000] {logging_mixin.py:190} INFO - [2024-12-05T00:10:01.423+0000] {dagbag.py:588} INFO - Filling up the DagBag from /home/airflow/.local/lib/python3.12/site-packages/airflow/example_dags/example_local_kubernetes_executor.py
[2024-12-05T00:10:01.564+0000] {processor.py:925} INFO - DAG(s) 'example_local_kubernetes_executor' retrieved from /home/airflow/.local/lib/python3.12/site-packages/airflow/example_dags/example_local_kubernetes_executor.py
[2024-12-05T00:10:01.893+0000] {logging_mixin.py:190} INFO - [2024-12-05T00:10:01.892+0000] {dag.py:3239} INFO - Sync 1 DAGs
[2024-12-05T00:10:02.004+0000] {logging_mixin.py:190} INFO - [2024-12-05T00:10:02.003+0000] {dag.py:4180} INFO - Setting next_dagrun for example_local_kubernetes_executor to None, run_after=None
[2024-12-05T00:10:02.152+0000] {processor.py:208} INFO - Processing /home/airflow/.local/lib/python3.12/site-packages/airflow/example_dags/example_local_kubernetes_executor.py took 0.780 seconds
[2024-12-05T00:10:46.992+0000] {processor.py:186} INFO - Started process (PID=323) to work on /home/airflow/.local/lib/python3.12/site-packages/airflow/example_dags/example_local_kubernetes_executor.py
[2024-12-05T00:10:47.005+0000] {processor.py:914} INFO - Processing file /home/airflow/.local/lib/python3.12/site-packages/airflow/example_dags/example_local_kubernetes_executor.py for tasks to queue
[2024-12-05T00:10:47.011+0000] {logging_mixin.py:190} INFO - [2024-12-05T00:10:47.010+0000] {dagbag.py:588} INFO - Filling up the DagBag from /home/airflow/.local/lib/python3.12/site-packages/airflow/example_dags/example_local_kubernetes_executor.py
[2024-12-05T00:10:47.089+0000] {processor.py:925} INFO - DAG(s) 'example_local_kubernetes_executor' retrieved from /home/airflow/.local/lib/python3.12/site-packages/airflow/example_dags/example_local_kubernetes_executor.py
[2024-12-05T00:10:47.332+0000] {logging_mixin.py:190} INFO - [2024-12-05T00:10:47.332+0000] {dag.py:3239} INFO - Sync 1 DAGs
[2024-12-05T00:10:47.487+0000] {logging_mixin.py:190} INFO - [2024-12-05T00:10:47.486+0000] {dag.py:4180} INFO - Setting next_dagrun for example_local_kubernetes_executor to None, run_after=None
[2024-12-05T00:10:47.614+0000] {processor.py:208} INFO - Processing /home/airflow/.local/lib/python3.12/site-packages/airflow/example_dags/example_local_kubernetes_executor.py took 0.643 seconds
[2024-12-05T00:11:46.206+0000] {processor.py:186} INFO - Started process (PID=417) to work on /home/airflow/.local/lib/python3.12/site-packages/airflow/example_dags/example_local_kubernetes_executor.py
[2024-12-05T00:11:46.214+0000] {processor.py:914} INFO - Processing file /home/airflow/.local/lib/python3.12/site-packages/airflow/example_dags/example_local_kubernetes_executor.py for tasks to queue
[2024-12-05T00:11:46.227+0000] {logging_mixin.py:190} INFO - [2024-12-05T00:11:46.227+0000] {dagbag.py:588} INFO - Filling up the DagBag from /home/airflow/.local/lib/python3.12/site-packages/airflow/example_dags/example_local_kubernetes_executor.py
[2024-12-05T00:11:46.285+0000] {processor.py:925} INFO - DAG(s) 'example_local_kubernetes_executor' retrieved from /home/airflow/.local/lib/python3.12/site-packages/airflow/example_dags/example_local_kubernetes_executor.py
[2024-12-05T00:11:46.494+0000] {logging_mixin.py:190} INFO - [2024-12-05T00:11:46.493+0000] {dag.py:3239} INFO - Sync 1 DAGs
[2024-12-05T00:11:46.691+0000] {logging_mixin.py:190} INFO - [2024-12-05T00:11:46.690+0000] {dag.py:4180} INFO - Setting next_dagrun for example_local_kubernetes_executor to None, run_after=None
[2024-12-05T00:11:46.860+0000] {processor.py:208} INFO - Processing /home/airflow/.local/lib/python3.12/site-packages/airflow/example_dags/example_local_kubernetes_executor.py took 0.694 seconds
[2024-12-05T00:12:53.890+0000] {processor.py:186} INFO - Started process (PID=508) to work on /home/airflow/.local/lib/python3.12/site-packages/airflow/example_dags/example_local_kubernetes_executor.py
[2024-12-05T00:12:53.906+0000] {processor.py:914} INFO - Processing file /home/airflow/.local/lib/python3.12/site-packages/airflow/example_dags/example_local_kubernetes_executor.py for tasks to queue
[2024-12-05T00:12:53.927+0000] {logging_mixin.py:190} INFO - [2024-12-05T00:12:53.926+0000] {dagbag.py:588} INFO - Filling up the DagBag from /home/airflow/.local/lib/python3.12/site-packages/airflow/example_dags/example_local_kubernetes_executor.py
[2024-12-05T00:12:53.995+0000] {processor.py:925} INFO - DAG(s) 'example_local_kubernetes_executor' retrieved from /home/airflow/.local/lib/python3.12/site-packages/airflow/example_dags/example_local_kubernetes_executor.py
[2024-12-05T00:12:54.320+0000] {logging_mixin.py:190} INFO - [2024-12-05T00:12:54.319+0000] {dag.py:3239} INFO - Sync 1 DAGs
[2024-12-05T00:12:54.559+0000] {logging_mixin.py:190} INFO - [2024-12-05T00:12:54.558+0000] {dag.py:4180} INFO - Setting next_dagrun for example_local_kubernetes_executor to None, run_after=None
[2024-12-05T00:12:55.005+0000] {processor.py:208} INFO - Processing /home/airflow/.local/lib/python3.12/site-packages/airflow/example_dags/example_local_kubernetes_executor.py took 1.210 seconds
[2024-12-05T00:13:54.956+0000] {processor.py:186} INFO - Started process (PID=595) to work on /home/airflow/.local/lib/python3.12/site-packages/airflow/example_dags/example_local_kubernetes_executor.py
[2024-12-05T00:13:54.971+0000] {processor.py:914} INFO - Processing file /home/airflow/.local/lib/python3.12/site-packages/airflow/example_dags/example_local_kubernetes_executor.py for tasks to queue
[2024-12-05T00:13:55.005+0000] {logging_mixin.py:190} INFO - [2024-12-05T00:13:55.004+0000] {dagbag.py:588} INFO - Filling up the DagBag from /home/airflow/.local/lib/python3.12/site-packages/airflow/example_dags/example_local_kubernetes_executor.py
[2024-12-05T00:13:55.057+0000] {processor.py:925} INFO - DAG(s) 'example_local_kubernetes_executor' retrieved from /home/airflow/.local/lib/python3.12/site-packages/airflow/example_dags/example_local_kubernetes_executor.py
[2024-12-05T00:13:55.368+0000] {logging_mixin.py:190} INFO - [2024-12-05T00:13:55.364+0000] {dag.py:3239} INFO - Sync 1 DAGs
[2024-12-05T00:13:55.471+0000] {logging_mixin.py:190} INFO - [2024-12-05T00:13:55.471+0000] {dag.py:4180} INFO - Setting next_dagrun for example_local_kubernetes_executor to None, run_after=None
[2024-12-05T00:13:55.586+0000] {processor.py:208} INFO - Processing /home/airflow/.local/lib/python3.12/site-packages/airflow/example_dags/example_local_kubernetes_executor.py took 0.659 seconds
[2024-12-05T00:14:50.826+0000] {processor.py:186} INFO - Started process (PID=667) to work on /home/airflow/.local/lib/python3.12/site-packages/airflow/example_dags/example_local_kubernetes_executor.py
[2024-12-05T00:14:50.828+0000] {processor.py:914} INFO - Processing file /home/airflow/.local/lib/python3.12/site-packages/airflow/example_dags/example_local_kubernetes_executor.py for tasks to queue
[2024-12-05T00:14:50.845+0000] {logging_mixin.py:190} INFO - [2024-12-05T00:14:50.844+0000] {dagbag.py:588} INFO - Filling up the DagBag from /home/airflow/.local/lib/python3.12/site-packages/airflow/example_dags/example_local_kubernetes_executor.py
[2024-12-05T00:14:50.899+0000] {processor.py:925} INFO - DAG(s) 'example_local_kubernetes_executor' retrieved from /home/airflow/.local/lib/python3.12/site-packages/airflow/example_dags/example_local_kubernetes_executor.py
[2024-12-05T00:14:51.148+0000] {logging_mixin.py:190} INFO - [2024-12-05T00:14:51.145+0000] {dag.py:3239} INFO - Sync 1 DAGs
[2024-12-05T00:14:51.327+0000] {logging_mixin.py:190} INFO - [2024-12-05T00:14:51.326+0000] {dag.py:4180} INFO - Setting next_dagrun for example_local_kubernetes_executor to None, run_after=None
[2024-12-05T00:14:51.634+0000] {processor.py:208} INFO - Processing /home/airflow/.local/lib/python3.12/site-packages/airflow/example_dags/example_local_kubernetes_executor.py took 0.843 seconds
[2024-12-05T00:15:33.133+0000] {processor.py:186} INFO - Started process (PID=760) to work on /home/airflow/.local/lib/python3.12/site-packages/airflow/example_dags/example_local_kubernetes_executor.py
[2024-12-05T00:15:33.140+0000] {processor.py:914} INFO - Processing file /home/airflow/.local/lib/python3.12/site-packages/airflow/example_dags/example_local_kubernetes_executor.py for tasks to queue
[2024-12-05T00:15:33.145+0000] {logging_mixin.py:190} INFO - [2024-12-05T00:15:33.144+0000] {dagbag.py:588} INFO - Filling up the DagBag from /home/airflow/.local/lib/python3.12/site-packages/airflow/example_dags/example_local_kubernetes_executor.py
[2024-12-05T00:15:33.180+0000] {processor.py:925} INFO - DAG(s) 'example_local_kubernetes_executor' retrieved from /home/airflow/.local/lib/python3.12/site-packages/airflow/example_dags/example_local_kubernetes_executor.py
[2024-12-05T00:15:33.365+0000] {logging_mixin.py:190} INFO - [2024-12-05T00:15:33.364+0000] {dag.py:3239} INFO - Sync 1 DAGs
[2024-12-05T00:15:33.483+0000] {logging_mixin.py:190} INFO - [2024-12-05T00:15:33.483+0000] {dag.py:4180} INFO - Setting next_dagrun for example_local_kubernetes_executor to None, run_after=None
[2024-12-05T00:15:33.616+0000] {processor.py:208} INFO - Processing /home/airflow/.local/lib/python3.12/site-packages/airflow/example_dags/example_local_kubernetes_executor.py took 0.501 seconds
[2024-12-05T00:16:32.840+0000] {processor.py:186} INFO - Started process (PID=839) to work on /home/airflow/.local/lib/python3.12/site-packages/airflow/example_dags/example_local_kubernetes_executor.py
[2024-12-05T00:16:32.844+0000] {processor.py:914} INFO - Processing file /home/airflow/.local/lib/python3.12/site-packages/airflow/example_dags/example_local_kubernetes_executor.py for tasks to queue
[2024-12-05T00:16:32.855+0000] {logging_mixin.py:190} INFO - [2024-12-05T00:16:32.852+0000] {dagbag.py:588} INFO - Filling up the DagBag from /home/airflow/.local/lib/python3.12/site-packages/airflow/example_dags/example_local_kubernetes_executor.py
[2024-12-05T00:16:32.901+0000] {processor.py:925} INFO - DAG(s) 'example_local_kubernetes_executor' retrieved from /home/airflow/.local/lib/python3.12/site-packages/airflow/example_dags/example_local_kubernetes_executor.py
[2024-12-05T00:16:33.241+0000] {logging_mixin.py:190} INFO - [2024-12-05T00:16:33.238+0000] {dag.py:3239} INFO - Sync 1 DAGs
[2024-12-05T00:16:33.510+0000] {logging_mixin.py:190} INFO - [2024-12-05T00:16:33.509+0000] {dag.py:4180} INFO - Setting next_dagrun for example_local_kubernetes_executor to None, run_after=None
[2024-12-05T00:16:33.681+0000] {processor.py:208} INFO - Processing /home/airflow/.local/lib/python3.12/site-packages/airflow/example_dags/example_local_kubernetes_executor.py took 0.883 seconds
[2024-12-05T00:17:42.571+0000] {processor.py:186} INFO - Started process (PID=930) to work on /home/airflow/.local/lib/python3.12/site-packages/airflow/example_dags/example_local_kubernetes_executor.py
[2024-12-05T00:17:42.697+0000] {processor.py:914} INFO - Processing file /home/airflow/.local/lib/python3.12/site-packages/airflow/example_dags/example_local_kubernetes_executor.py for tasks to queue
[2024-12-05T00:17:42.764+0000] {logging_mixin.py:190} INFO - [2024-12-05T00:17:42.763+0000] {dagbag.py:588} INFO - Filling up the DagBag from /home/airflow/.local/lib/python3.12/site-packages/airflow/example_dags/example_local_kubernetes_executor.py
[2024-12-05T00:17:43.077+0000] {processor.py:925} INFO - DAG(s) 'example_local_kubernetes_executor' retrieved from /home/airflow/.local/lib/python3.12/site-packages/airflow/example_dags/example_local_kubernetes_executor.py
[2024-12-05T00:17:43.659+0000] {logging_mixin.py:190} INFO - [2024-12-05T00:17:43.658+0000] {dag.py:3239} INFO - Sync 1 DAGs
[2024-12-05T00:17:44.142+0000] {logging_mixin.py:190} INFO - [2024-12-05T00:17:44.082+0000] {dag.py:4180} INFO - Setting next_dagrun for example_local_kubernetes_executor to None, run_after=None
[2024-12-05T00:17:44.982+0000] {processor.py:208} INFO - Processing /home/airflow/.local/lib/python3.12/site-packages/airflow/example_dags/example_local_kubernetes_executor.py took 2.633 seconds
[2024-12-05T00:18:51.249+0000] {processor.py:186} INFO - Started process (PID=1010) to work on /home/airflow/.local/lib/python3.12/site-packages/airflow/example_dags/example_local_kubernetes_executor.py
[2024-12-05T00:18:51.270+0000] {processor.py:914} INFO - Processing file /home/airflow/.local/lib/python3.12/site-packages/airflow/example_dags/example_local_kubernetes_executor.py for tasks to queue
[2024-12-05T00:18:51.282+0000] {logging_mixin.py:190} INFO - [2024-12-05T00:18:51.280+0000] {dagbag.py:588} INFO - Filling up the DagBag from /home/airflow/.local/lib/python3.12/site-packages/airflow/example_dags/example_local_kubernetes_executor.py
[2024-12-05T00:18:51.423+0000] {processor.py:925} INFO - DAG(s) 'example_local_kubernetes_executor' retrieved from /home/airflow/.local/lib/python3.12/site-packages/airflow/example_dags/example_local_kubernetes_executor.py
[2024-12-05T00:18:51.607+0000] {logging_mixin.py:190} INFO - [2024-12-05T00:18:51.606+0000] {dag.py:3239} INFO - Sync 1 DAGs
[2024-12-05T00:18:51.793+0000] {logging_mixin.py:190} INFO - [2024-12-05T00:18:51.792+0000] {dag.py:4180} INFO - Setting next_dagrun for example_local_kubernetes_executor to None, run_after=None
[2024-12-05T00:18:51.942+0000] {processor.py:208} INFO - Processing /home/airflow/.local/lib/python3.12/site-packages/airflow/example_dags/example_local_kubernetes_executor.py took 0.713 seconds
[2024-12-05T00:19:50.419+0000] {processor.py:186} INFO - Started process (PID=1095) to work on /home/airflow/.local/lib/python3.12/site-packages/airflow/example_dags/example_local_kubernetes_executor.py
[2024-12-05T00:19:50.438+0000] {processor.py:914} INFO - Processing file /home/airflow/.local/lib/python3.12/site-packages/airflow/example_dags/example_local_kubernetes_executor.py for tasks to queue
[2024-12-05T00:19:50.523+0000] {logging_mixin.py:190} INFO - [2024-12-05T00:19:50.466+0000] {dagbag.py:588} INFO - Filling up the DagBag from /home/airflow/.local/lib/python3.12/site-packages/airflow/example_dags/example_local_kubernetes_executor.py
[2024-12-05T00:19:50.683+0000] {processor.py:925} INFO - DAG(s) 'example_local_kubernetes_executor' retrieved from /home/airflow/.local/lib/python3.12/site-packages/airflow/example_dags/example_local_kubernetes_executor.py
[2024-12-05T00:19:51.141+0000] {logging_mixin.py:190} INFO - [2024-12-05T00:19:51.141+0000] {dag.py:3239} INFO - Sync 1 DAGs
[2024-12-05T00:19:51.353+0000] {logging_mixin.py:190} INFO - [2024-12-05T00:19:51.352+0000] {dag.py:4180} INFO - Setting next_dagrun for example_local_kubernetes_executor to None, run_after=None
[2024-12-05T00:19:51.448+0000] {processor.py:208} INFO - Processing /home/airflow/.local/lib/python3.12/site-packages/airflow/example_dags/example_local_kubernetes_executor.py took 1.144 seconds
[2024-12-05T00:20:45.010+0000] {processor.py:186} INFO - Started process (PID=1173) to work on /home/airflow/.local/lib/python3.12/site-packages/airflow/example_dags/example_local_kubernetes_executor.py
[2024-12-05T00:20:45.123+0000] {processor.py:914} INFO - Processing file /home/airflow/.local/lib/python3.12/site-packages/airflow/example_dags/example_local_kubernetes_executor.py for tasks to queue
[2024-12-05T00:20:45.171+0000] {logging_mixin.py:190} INFO - [2024-12-05T00:20:45.170+0000] {dagbag.py:588} INFO - Filling up the DagBag from /home/airflow/.local/lib/python3.12/site-packages/airflow/example_dags/example_local_kubernetes_executor.py
[2024-12-05T00:20:45.327+0000] {processor.py:925} INFO - DAG(s) 'example_local_kubernetes_executor' retrieved from /home/airflow/.local/lib/python3.12/site-packages/airflow/example_dags/example_local_kubernetes_executor.py
[2024-12-05T00:20:45.976+0000] {logging_mixin.py:190} INFO - [2024-12-05T00:20:45.975+0000] {dag.py:3239} INFO - Sync 1 DAGs
[2024-12-05T00:20:46.519+0000] {logging_mixin.py:190} INFO - [2024-12-05T00:20:46.518+0000] {dag.py:4180} INFO - Setting next_dagrun for example_local_kubernetes_executor to None, run_after=None
[2024-12-05T00:20:47.261+0000] {processor.py:208} INFO - Processing /home/airflow/.local/lib/python3.12/site-packages/airflow/example_dags/example_local_kubernetes_executor.py took 2.325 seconds
[2024-12-05T00:21:59.479+0000] {processor.py:186} INFO - Started process (PID=1267) to work on /home/airflow/.local/lib/python3.12/site-packages/airflow/example_dags/example_local_kubernetes_executor.py
[2024-12-05T00:21:59.515+0000] {processor.py:914} INFO - Processing file /home/airflow/.local/lib/python3.12/site-packages/airflow/example_dags/example_local_kubernetes_executor.py for tasks to queue
[2024-12-05T00:21:59.568+0000] {logging_mixin.py:190} INFO - [2024-12-05T00:21:59.567+0000] {dagbag.py:588} INFO - Filling up the DagBag from /home/airflow/.local/lib/python3.12/site-packages/airflow/example_dags/example_local_kubernetes_executor.py
[2024-12-05T00:21:59.939+0000] {processor.py:925} INFO - DAG(s) 'example_local_kubernetes_executor' retrieved from /home/airflow/.local/lib/python3.12/site-packages/airflow/example_dags/example_local_kubernetes_executor.py
[2024-12-05T00:22:00.909+0000] {logging_mixin.py:190} INFO - [2024-12-05T00:22:00.908+0000] {dag.py:3239} INFO - Sync 1 DAGs
[2024-12-05T00:22:01.207+0000] {logging_mixin.py:190} INFO - [2024-12-05T00:22:01.206+0000] {dag.py:4180} INFO - Setting next_dagrun for example_local_kubernetes_executor to None, run_after=None
[2024-12-05T00:22:01.526+0000] {processor.py:208} INFO - Processing /home/airflow/.local/lib/python3.12/site-packages/airflow/example_dags/example_local_kubernetes_executor.py took 2.177 seconds
[2024-12-05T00:22:54.537+0000] {processor.py:186} INFO - Started process (PID=1362) to work on /home/airflow/.local/lib/python3.12/site-packages/airflow/example_dags/example_local_kubernetes_executor.py
[2024-12-05T00:22:54.554+0000] {processor.py:914} INFO - Processing file /home/airflow/.local/lib/python3.12/site-packages/airflow/example_dags/example_local_kubernetes_executor.py for tasks to queue
[2024-12-05T00:22:54.568+0000] {logging_mixin.py:190} INFO - [2024-12-05T00:22:54.565+0000] {dagbag.py:588} INFO - Filling up the DagBag from /home/airflow/.local/lib/python3.12/site-packages/airflow/example_dags/example_local_kubernetes_executor.py
[2024-12-05T00:22:54.655+0000] {processor.py:925} INFO - DAG(s) 'example_local_kubernetes_executor' retrieved from /home/airflow/.local/lib/python3.12/site-packages/airflow/example_dags/example_local_kubernetes_executor.py
[2024-12-05T00:22:55.210+0000] {logging_mixin.py:190} INFO - [2024-12-05T00:22:55.208+0000] {dag.py:3239} INFO - Sync 1 DAGs
[2024-12-05T00:22:55.410+0000] {logging_mixin.py:190} INFO - [2024-12-05T00:22:55.409+0000] {dag.py:4180} INFO - Setting next_dagrun for example_local_kubernetes_executor to None, run_after=None
[2024-12-05T00:22:55.793+0000] {processor.py:208} INFO - Processing /home/airflow/.local/lib/python3.12/site-packages/airflow/example_dags/example_local_kubernetes_executor.py took 1.283 seconds
