[2024-12-05T00:00:05.222+0000] {processor.py:186} INFO - Started process (PID=344) to work on /home/airflow/.local/lib/python3.12/site-packages/airflow/example_dags/example_dataset_alias.py
[2024-12-05T00:00:05.224+0000] {processor.py:914} INFO - Processing file /home/airflow/.local/lib/python3.12/site-packages/airflow/example_dags/example_dataset_alias.py for tasks to queue
[2024-12-05T00:00:05.227+0000] {logging_mixin.py:190} INFO - [2024-12-05T00:00:05.226+0000] {dagbag.py:588} INFO - Filling up the DagBag from /home/airflow/.local/lib/python3.12/site-packages/airflow/example_dags/example_dataset_alias.py
[2024-12-05T00:00:08.496+0000] {processor.py:925} INFO - DAG(s) 'dataset_alias_example_alias_producer', 'dataset_s3_bucket_producer', 'dataset_s3_bucket_consumer', 'dataset_alias_example_alias_consumer' retrieved from /home/airflow/.local/lib/python3.12/site-packages/airflow/example_dags/example_dataset_alias.py
[2024-12-05T00:00:08.673+0000] {logging_mixin.py:190} INFO - [2024-12-05T00:00:08.660+0000] {dag.py:3239} INFO - Sync 4 DAGs
[2024-12-05T00:00:08.922+0000] {logging_mixin.py:190} INFO - [2024-12-05T00:00:08.922+0000] {dag.py:4180} INFO - Setting next_dagrun for dataset_alias_example_alias_consumer to None, run_after=None
[2024-12-05T00:00:09.026+0000] {logging_mixin.py:190} INFO - [2024-12-05T00:00:09.025+0000] {dag.py:4180} INFO - Setting next_dagrun for dataset_alias_example_alias_producer to None, run_after=None
[2024-12-05T00:00:09.084+0000] {logging_mixin.py:190} INFO - [2024-12-05T00:00:09.083+0000] {dag.py:4180} INFO - Setting next_dagrun for dataset_s3_bucket_consumer to None, run_after=None
[2024-12-05T00:00:09.089+0000] {logging_mixin.py:190} INFO - [2024-12-05T00:00:09.088+0000] {dag.py:4180} INFO - Setting next_dagrun for dataset_s3_bucket_producer to None, run_after=None
[2024-12-05T00:00:09.269+0000] {processor.py:208} INFO - Processing /home/airflow/.local/lib/python3.12/site-packages/airflow/example_dags/example_dataset_alias.py took 4.061 seconds
[2024-12-05T00:09:52.550+0000] {processor.py:186} INFO - Started process (PID=236) to work on /home/airflow/.local/lib/python3.12/site-packages/airflow/example_dags/example_dataset_alias.py
[2024-12-05T00:09:52.553+0000] {processor.py:914} INFO - Processing file /home/airflow/.local/lib/python3.12/site-packages/airflow/example_dags/example_dataset_alias.py for tasks to queue
[2024-12-05T00:09:52.562+0000] {logging_mixin.py:190} INFO - [2024-12-05T00:09:52.561+0000] {dagbag.py:588} INFO - Filling up the DagBag from /home/airflow/.local/lib/python3.12/site-packages/airflow/example_dags/example_dataset_alias.py
[2024-12-05T00:09:59.229+0000] {processor.py:925} INFO - DAG(s) 'dataset_s3_bucket_consumer', 'dataset_s3_bucket_producer', 'dataset_alias_example_alias_consumer', 'dataset_alias_example_alias_producer' retrieved from /home/airflow/.local/lib/python3.12/site-packages/airflow/example_dags/example_dataset_alias.py
[2024-12-05T00:09:59.329+0000] {logging_mixin.py:190} INFO - [2024-12-05T00:09:59.327+0000] {dag.py:3239} INFO - Sync 4 DAGs
[2024-12-05T00:09:59.531+0000] {logging_mixin.py:190} INFO - [2024-12-05T00:09:59.530+0000] {dag.py:4180} INFO - Setting next_dagrun for dataset_alias_example_alias_consumer to None, run_after=None
[2024-12-05T00:09:59.573+0000] {logging_mixin.py:190} INFO - [2024-12-05T00:09:59.572+0000] {dag.py:4180} INFO - Setting next_dagrun for dataset_alias_example_alias_producer to None, run_after=None
[2024-12-05T00:09:59.579+0000] {logging_mixin.py:190} INFO - [2024-12-05T00:09:59.578+0000] {dag.py:4180} INFO - Setting next_dagrun for dataset_s3_bucket_consumer to None, run_after=None
[2024-12-05T00:09:59.589+0000] {logging_mixin.py:190} INFO - [2024-12-05T00:09:59.589+0000] {dag.py:4180} INFO - Setting next_dagrun for dataset_s3_bucket_producer to None, run_after=None
[2024-12-05T00:09:59.751+0000] {processor.py:208} INFO - Processing /home/airflow/.local/lib/python3.12/site-packages/airflow/example_dags/example_dataset_alias.py took 7.262 seconds
[2024-12-05T00:10:40.294+0000] {processor.py:186} INFO - Started process (PID=313) to work on /home/airflow/.local/lib/python3.12/site-packages/airflow/example_dags/example_dataset_alias.py
[2024-12-05T00:10:40.302+0000] {processor.py:914} INFO - Processing file /home/airflow/.local/lib/python3.12/site-packages/airflow/example_dags/example_dataset_alias.py for tasks to queue
[2024-12-05T00:10:40.321+0000] {logging_mixin.py:190} INFO - [2024-12-05T00:10:40.321+0000] {dagbag.py:588} INFO - Filling up the DagBag from /home/airflow/.local/lib/python3.12/site-packages/airflow/example_dags/example_dataset_alias.py
[2024-12-05T00:10:45.514+0000] {processor.py:925} INFO - DAG(s) 'dataset_alias_example_alias_producer', 'dataset_s3_bucket_consumer', 'dataset_alias_example_alias_consumer', 'dataset_s3_bucket_producer' retrieved from /home/airflow/.local/lib/python3.12/site-packages/airflow/example_dags/example_dataset_alias.py
[2024-12-05T00:10:45.775+0000] {logging_mixin.py:190} INFO - [2024-12-05T00:10:45.774+0000] {dag.py:3239} INFO - Sync 4 DAGs
[2024-12-05T00:10:45.985+0000] {logging_mixin.py:190} INFO - [2024-12-05T00:10:45.982+0000] {dag.py:4180} INFO - Setting next_dagrun for dataset_alias_example_alias_consumer to None, run_after=None
[2024-12-05T00:10:46.008+0000] {logging_mixin.py:190} INFO - [2024-12-05T00:10:46.006+0000] {dag.py:4180} INFO - Setting next_dagrun for dataset_alias_example_alias_producer to None, run_after=None
[2024-12-05T00:10:46.029+0000] {logging_mixin.py:190} INFO - [2024-12-05T00:10:46.028+0000] {dag.py:4180} INFO - Setting next_dagrun for dataset_s3_bucket_consumer to None, run_after=None
[2024-12-05T00:10:46.060+0000] {logging_mixin.py:190} INFO - [2024-12-05T00:10:46.059+0000] {dag.py:4180} INFO - Setting next_dagrun for dataset_s3_bucket_producer to None, run_after=None
[2024-12-05T00:10:46.152+0000] {processor.py:208} INFO - Processing /home/airflow/.local/lib/python3.12/site-packages/airflow/example_dags/example_dataset_alias.py took 5.915 seconds
[2024-12-05T00:11:37.745+0000] {processor.py:186} INFO - Started process (PID=407) to work on /home/airflow/.local/lib/python3.12/site-packages/airflow/example_dags/example_dataset_alias.py
[2024-12-05T00:11:37.776+0000] {processor.py:914} INFO - Processing file /home/airflow/.local/lib/python3.12/site-packages/airflow/example_dags/example_dataset_alias.py for tasks to queue
[2024-12-05T00:11:37.833+0000] {logging_mixin.py:190} INFO - [2024-12-05T00:11:37.831+0000] {dagbag.py:588} INFO - Filling up the DagBag from /home/airflow/.local/lib/python3.12/site-packages/airflow/example_dags/example_dataset_alias.py
[2024-12-05T00:11:44.540+0000] {processor.py:925} INFO - DAG(s) 'dataset_alias_example_alias_consumer', 'dataset_s3_bucket_consumer', 'dataset_alias_example_alias_producer', 'dataset_s3_bucket_producer' retrieved from /home/airflow/.local/lib/python3.12/site-packages/airflow/example_dags/example_dataset_alias.py
[2024-12-05T00:11:44.710+0000] {logging_mixin.py:190} INFO - [2024-12-05T00:11:44.709+0000] {dag.py:3239} INFO - Sync 4 DAGs
[2024-12-05T00:11:44.867+0000] {logging_mixin.py:190} INFO - [2024-12-05T00:11:44.863+0000] {dag.py:4180} INFO - Setting next_dagrun for dataset_alias_example_alias_consumer to None, run_after=None
[2024-12-05T00:11:44.886+0000] {logging_mixin.py:190} INFO - [2024-12-05T00:11:44.886+0000] {dag.py:4180} INFO - Setting next_dagrun for dataset_alias_example_alias_producer to None, run_after=None
[2024-12-05T00:11:44.924+0000] {logging_mixin.py:190} INFO - [2024-12-05T00:11:44.923+0000] {dag.py:4180} INFO - Setting next_dagrun for dataset_s3_bucket_consumer to None, run_after=None
[2024-12-05T00:11:45.005+0000] {logging_mixin.py:190} INFO - [2024-12-05T00:11:45.004+0000] {dag.py:4180} INFO - Setting next_dagrun for dataset_s3_bucket_producer to None, run_after=None
[2024-12-05T00:11:45.328+0000] {processor.py:208} INFO - Processing /home/airflow/.local/lib/python3.12/site-packages/airflow/example_dags/example_dataset_alias.py took 7.618 seconds
[2024-12-05T00:12:36.453+0000] {processor.py:186} INFO - Started process (PID=498) to work on /home/airflow/.local/lib/python3.12/site-packages/airflow/example_dags/example_dataset_alias.py
[2024-12-05T00:12:36.467+0000] {processor.py:914} INFO - Processing file /home/airflow/.local/lib/python3.12/site-packages/airflow/example_dags/example_dataset_alias.py for tasks to queue
[2024-12-05T00:12:36.481+0000] {logging_mixin.py:190} INFO - [2024-12-05T00:12:36.480+0000] {dagbag.py:588} INFO - Filling up the DagBag from /home/airflow/.local/lib/python3.12/site-packages/airflow/example_dags/example_dataset_alias.py
[2024-12-05T00:12:47.187+0000] {processor.py:925} INFO - DAG(s) 'dataset_s3_bucket_consumer', 'dataset_alias_example_alias_producer', 'dataset_s3_bucket_producer', 'dataset_alias_example_alias_consumer' retrieved from /home/airflow/.local/lib/python3.12/site-packages/airflow/example_dags/example_dataset_alias.py
[2024-12-05T00:12:48.055+0000] {logging_mixin.py:190} INFO - [2024-12-05T00:12:48.053+0000] {dag.py:3239} INFO - Sync 4 DAGs
[2024-12-05T00:12:48.718+0000] {logging_mixin.py:190} INFO - [2024-12-05T00:12:48.717+0000] {dag.py:4180} INFO - Setting next_dagrun for dataset_alias_example_alias_consumer to None, run_after=None
[2024-12-05T00:12:48.787+0000] {logging_mixin.py:190} INFO - [2024-12-05T00:12:48.786+0000] {dag.py:4180} INFO - Setting next_dagrun for dataset_alias_example_alias_producer to None, run_after=None
[2024-12-05T00:12:48.807+0000] {logging_mixin.py:190} INFO - [2024-12-05T00:12:48.807+0000] {dag.py:4180} INFO - Setting next_dagrun for dataset_s3_bucket_consumer to None, run_after=None
[2024-12-05T00:12:48.834+0000] {logging_mixin.py:190} INFO - [2024-12-05T00:12:48.834+0000] {dag.py:4180} INFO - Setting next_dagrun for dataset_s3_bucket_producer to None, run_after=None
[2024-12-05T00:12:49.276+0000] {processor.py:208} INFO - Processing /home/airflow/.local/lib/python3.12/site-packages/airflow/example_dags/example_dataset_alias.py took 12.879 seconds
[2024-12-05T00:13:43.574+0000] {processor.py:186} INFO - Started process (PID=577) to work on /home/airflow/.local/lib/python3.12/site-packages/airflow/example_dags/example_dataset_alias.py
[2024-12-05T00:13:43.591+0000] {processor.py:914} INFO - Processing file /home/airflow/.local/lib/python3.12/site-packages/airflow/example_dags/example_dataset_alias.py for tasks to queue
[2024-12-05T00:13:43.612+0000] {logging_mixin.py:190} INFO - [2024-12-05T00:13:43.609+0000] {dagbag.py:588} INFO - Filling up the DagBag from /home/airflow/.local/lib/python3.12/site-packages/airflow/example_dags/example_dataset_alias.py
[2024-12-05T00:13:51.764+0000] {processor.py:925} INFO - DAG(s) 'dataset_s3_bucket_producer', 'dataset_alias_example_alias_producer', 'dataset_alias_example_alias_consumer', 'dataset_s3_bucket_consumer' retrieved from /home/airflow/.local/lib/python3.12/site-packages/airflow/example_dags/example_dataset_alias.py
[2024-12-05T00:13:52.058+0000] {logging_mixin.py:190} INFO - [2024-12-05T00:13:52.056+0000] {dag.py:3239} INFO - Sync 4 DAGs
[2024-12-05T00:13:52.220+0000] {logging_mixin.py:190} INFO - [2024-12-05T00:13:52.220+0000] {dag.py:4180} INFO - Setting next_dagrun for dataset_alias_example_alias_consumer to None, run_after=None
[2024-12-05T00:13:52.239+0000] {logging_mixin.py:190} INFO - [2024-12-05T00:13:52.239+0000] {dag.py:4180} INFO - Setting next_dagrun for dataset_alias_example_alias_producer to None, run_after=None
[2024-12-05T00:13:52.258+0000] {logging_mixin.py:190} INFO - [2024-12-05T00:13:52.257+0000] {dag.py:4180} INFO - Setting next_dagrun for dataset_s3_bucket_consumer to None, run_after=None
[2024-12-05T00:13:52.275+0000] {logging_mixin.py:190} INFO - [2024-12-05T00:13:52.274+0000] {dag.py:4180} INFO - Setting next_dagrun for dataset_s3_bucket_producer to None, run_after=None
[2024-12-05T00:13:52.580+0000] {processor.py:208} INFO - Processing /home/airflow/.local/lib/python3.12/site-packages/airflow/example_dags/example_dataset_alias.py took 9.067 seconds
[2024-12-05T00:14:37.549+0000] {processor.py:186} INFO - Started process (PID=653) to work on /home/airflow/.local/lib/python3.12/site-packages/airflow/example_dags/example_dataset_alias.py
[2024-12-05T00:14:37.561+0000] {processor.py:914} INFO - Processing file /home/airflow/.local/lib/python3.12/site-packages/airflow/example_dags/example_dataset_alias.py for tasks to queue
[2024-12-05T00:14:37.574+0000] {logging_mixin.py:190} INFO - [2024-12-05T00:14:37.573+0000] {dagbag.py:588} INFO - Filling up the DagBag from /home/airflow/.local/lib/python3.12/site-packages/airflow/example_dags/example_dataset_alias.py
[2024-12-05T00:14:53.468+0000] {processor.py:925} INFO - DAG(s) 'dataset_alias_example_alias_producer', 'dataset_alias_example_alias_consumer', 'dataset_s3_bucket_producer', 'dataset_s3_bucket_consumer' retrieved from /home/airflow/.local/lib/python3.12/site-packages/airflow/example_dags/example_dataset_alias.py
[2024-12-05T00:14:53.818+0000] {logging_mixin.py:190} INFO - [2024-12-05T00:14:53.790+0000] {dag.py:3239} INFO - Sync 4 DAGs
[2024-12-05T00:14:54.243+0000] {logging_mixin.py:190} INFO - [2024-12-05T00:14:54.242+0000] {dag.py:4180} INFO - Setting next_dagrun for dataset_alias_example_alias_consumer to None, run_after=None
[2024-12-05T00:14:54.306+0000] {logging_mixin.py:190} INFO - [2024-12-05T00:14:54.305+0000] {dag.py:4180} INFO - Setting next_dagrun for dataset_alias_example_alias_producer to None, run_after=None
[2024-12-05T00:14:54.334+0000] {logging_mixin.py:190} INFO - [2024-12-05T00:14:54.333+0000] {dag.py:4180} INFO - Setting next_dagrun for dataset_s3_bucket_consumer to None, run_after=None
[2024-12-05T00:14:54.350+0000] {logging_mixin.py:190} INFO - [2024-12-05T00:14:54.349+0000] {dag.py:4180} INFO - Setting next_dagrun for dataset_s3_bucket_producer to None, run_after=None
[2024-12-05T00:14:54.633+0000] {processor.py:208} INFO - Processing /home/airflow/.local/lib/python3.12/site-packages/airflow/example_dags/example_dataset_alias.py took 17.122 seconds
[2024-12-05T00:15:33.847+0000] {processor.py:186} INFO - Started process (PID=761) to work on /home/airflow/.local/lib/python3.12/site-packages/airflow/example_dags/example_dataset_alias.py
[2024-12-05T00:15:33.850+0000] {processor.py:914} INFO - Processing file /home/airflow/.local/lib/python3.12/site-packages/airflow/example_dags/example_dataset_alias.py for tasks to queue
[2024-12-05T00:15:33.858+0000] {logging_mixin.py:190} INFO - [2024-12-05T00:15:33.857+0000] {dagbag.py:588} INFO - Filling up the DagBag from /home/airflow/.local/lib/python3.12/site-packages/airflow/example_dags/example_dataset_alias.py
[2024-12-05T00:15:39.027+0000] {processor.py:925} INFO - DAG(s) 'dataset_s3_bucket_producer', 'dataset_s3_bucket_consumer', 'dataset_alias_example_alias_producer', 'dataset_alias_example_alias_consumer' retrieved from /home/airflow/.local/lib/python3.12/site-packages/airflow/example_dags/example_dataset_alias.py
[2024-12-05T00:15:39.290+0000] {logging_mixin.py:190} INFO - [2024-12-05T00:15:39.279+0000] {dag.py:3239} INFO - Sync 4 DAGs
[2024-12-05T00:15:39.472+0000] {logging_mixin.py:190} INFO - [2024-12-05T00:15:39.472+0000] {dag.py:4180} INFO - Setting next_dagrun for dataset_alias_example_alias_consumer to None, run_after=None
[2024-12-05T00:15:39.519+0000] {logging_mixin.py:190} INFO - [2024-12-05T00:15:39.518+0000] {dag.py:4180} INFO - Setting next_dagrun for dataset_alias_example_alias_producer to None, run_after=None
[2024-12-05T00:15:39.538+0000] {logging_mixin.py:190} INFO - [2024-12-05T00:15:39.538+0000] {dag.py:4180} INFO - Setting next_dagrun for dataset_s3_bucket_consumer to None, run_after=None
[2024-12-05T00:15:39.552+0000] {logging_mixin.py:190} INFO - [2024-12-05T00:15:39.551+0000] {dag.py:4180} INFO - Setting next_dagrun for dataset_s3_bucket_producer to None, run_after=None
[2024-12-05T00:15:39.697+0000] {processor.py:208} INFO - Processing /home/airflow/.local/lib/python3.12/site-packages/airflow/example_dags/example_dataset_alias.py took 5.881 seconds
[2024-12-05T00:16:19.590+0000] {processor.py:186} INFO - Started process (PID=823) to work on /home/airflow/.local/lib/python3.12/site-packages/airflow/example_dags/example_dataset_alias.py
[2024-12-05T00:16:19.619+0000] {processor.py:914} INFO - Processing file /home/airflow/.local/lib/python3.12/site-packages/airflow/example_dags/example_dataset_alias.py for tasks to queue
[2024-12-05T00:16:19.723+0000] {logging_mixin.py:190} INFO - [2024-12-05T00:16:19.665+0000] {dagbag.py:588} INFO - Filling up the DagBag from /home/airflow/.local/lib/python3.12/site-packages/airflow/example_dags/example_dataset_alias.py
[2024-12-05T00:16:28.697+0000] {processor.py:925} INFO - DAG(s) 'dataset_alias_example_alias_producer', 'dataset_s3_bucket_producer', 'dataset_alias_example_alias_consumer', 'dataset_s3_bucket_consumer' retrieved from /home/airflow/.local/lib/python3.12/site-packages/airflow/example_dags/example_dataset_alias.py
[2024-12-05T00:16:29.063+0000] {logging_mixin.py:190} INFO - [2024-12-05T00:16:29.061+0000] {dag.py:3239} INFO - Sync 4 DAGs
[2024-12-05T00:16:29.407+0000] {logging_mixin.py:190} INFO - [2024-12-05T00:16:29.406+0000] {dag.py:4180} INFO - Setting next_dagrun for dataset_alias_example_alias_consumer to None, run_after=None
[2024-12-05T00:16:29.468+0000] {logging_mixin.py:190} INFO - [2024-12-05T00:16:29.467+0000] {dag.py:4180} INFO - Setting next_dagrun for dataset_alias_example_alias_producer to None, run_after=None
[2024-12-05T00:16:29.561+0000] {logging_mixin.py:190} INFO - [2024-12-05T00:16:29.536+0000] {dag.py:4180} INFO - Setting next_dagrun for dataset_s3_bucket_consumer to None, run_after=None
[2024-12-05T00:16:29.619+0000] {logging_mixin.py:190} INFO - [2024-12-05T00:16:29.618+0000] {dag.py:4180} INFO - Setting next_dagrun for dataset_s3_bucket_producer to None, run_after=None
[2024-12-05T00:16:30.097+0000] {processor.py:208} INFO - Processing /home/airflow/.local/lib/python3.12/site-packages/airflow/example_dags/example_dataset_alias.py took 10.551 seconds
[2024-12-05T00:17:28.926+0000] {processor.py:186} INFO - Started process (PID=914) to work on /home/airflow/.local/lib/python3.12/site-packages/airflow/example_dags/example_dataset_alias.py
[2024-12-05T00:17:28.932+0000] {processor.py:914} INFO - Processing file /home/airflow/.local/lib/python3.12/site-packages/airflow/example_dags/example_dataset_alias.py for tasks to queue
[2024-12-05T00:17:28.945+0000] {logging_mixin.py:190} INFO - [2024-12-05T00:17:28.944+0000] {dagbag.py:588} INFO - Filling up the DagBag from /home/airflow/.local/lib/python3.12/site-packages/airflow/example_dags/example_dataset_alias.py
[2024-12-05T00:17:37.555+0000] {processor.py:925} INFO - DAG(s) 'dataset_s3_bucket_consumer', 'dataset_alias_example_alias_consumer', 'dataset_alias_example_alias_producer', 'dataset_s3_bucket_producer' retrieved from /home/airflow/.local/lib/python3.12/site-packages/airflow/example_dags/example_dataset_alias.py
[2024-12-05T00:17:37.885+0000] {logging_mixin.py:190} INFO - [2024-12-05T00:17:37.870+0000] {dag.py:3239} INFO - Sync 4 DAGs
[2024-12-05T00:17:38.436+0000] {logging_mixin.py:190} INFO - [2024-12-05T00:17:38.425+0000] {dag.py:4180} INFO - Setting next_dagrun for dataset_alias_example_alias_consumer to None, run_after=None
[2024-12-05T00:17:38.498+0000] {logging_mixin.py:190} INFO - [2024-12-05T00:17:38.497+0000] {dag.py:4180} INFO - Setting next_dagrun for dataset_alias_example_alias_producer to None, run_after=None
[2024-12-05T00:17:38.515+0000] {logging_mixin.py:190} INFO - [2024-12-05T00:17:38.514+0000] {dag.py:4180} INFO - Setting next_dagrun for dataset_s3_bucket_consumer to None, run_after=None
[2024-12-05T00:17:38.571+0000] {logging_mixin.py:190} INFO - [2024-12-05T00:17:38.570+0000] {dag.py:4180} INFO - Setting next_dagrun for dataset_s3_bucket_producer to None, run_after=None
[2024-12-05T00:17:39.038+0000] {processor.py:208} INFO - Processing /home/airflow/.local/lib/python3.12/site-packages/airflow/example_dags/example_dataset_alias.py took 10.162 seconds
[2024-12-05T00:18:41.726+0000] {processor.py:186} INFO - Started process (PID=1000) to work on /home/airflow/.local/lib/python3.12/site-packages/airflow/example_dags/example_dataset_alias.py
[2024-12-05T00:18:41.793+0000] {processor.py:914} INFO - Processing file /home/airflow/.local/lib/python3.12/site-packages/airflow/example_dags/example_dataset_alias.py for tasks to queue
[2024-12-05T00:18:41.832+0000] {logging_mixin.py:190} INFO - [2024-12-05T00:18:41.803+0000] {dagbag.py:588} INFO - Filling up the DagBag from /home/airflow/.local/lib/python3.12/site-packages/airflow/example_dags/example_dataset_alias.py
[2024-12-05T00:18:48.744+0000] {processor.py:925} INFO - DAG(s) 'dataset_alias_example_alias_producer', 'dataset_s3_bucket_consumer', 'dataset_alias_example_alias_consumer', 'dataset_s3_bucket_producer' retrieved from /home/airflow/.local/lib/python3.12/site-packages/airflow/example_dags/example_dataset_alias.py
[2024-12-05T00:18:48.916+0000] {logging_mixin.py:190} INFO - [2024-12-05T00:18:48.915+0000] {dag.py:3239} INFO - Sync 4 DAGs
[2024-12-05T00:18:49.108+0000] {logging_mixin.py:190} INFO - [2024-12-05T00:18:49.107+0000] {dag.py:4180} INFO - Setting next_dagrun for dataset_alias_example_alias_consumer to None, run_after=None
[2024-12-05T00:18:49.120+0000] {logging_mixin.py:190} INFO - [2024-12-05T00:18:49.120+0000] {dag.py:4180} INFO - Setting next_dagrun for dataset_alias_example_alias_producer to None, run_after=None
[2024-12-05T00:18:49.135+0000] {logging_mixin.py:190} INFO - [2024-12-05T00:18:49.134+0000] {dag.py:4180} INFO - Setting next_dagrun for dataset_s3_bucket_consumer to None, run_after=None
[2024-12-05T00:18:49.143+0000] {logging_mixin.py:190} INFO - [2024-12-05T00:18:49.142+0000] {dag.py:4180} INFO - Setting next_dagrun for dataset_s3_bucket_producer to None, run_after=None
[2024-12-05T00:18:49.290+0000] {processor.py:208} INFO - Processing /home/airflow/.local/lib/python3.12/site-packages/airflow/example_dags/example_dataset_alias.py took 7.714 seconds
[2024-12-05T00:19:35.616+0000] {processor.py:186} INFO - Started process (PID=1081) to work on /home/airflow/.local/lib/python3.12/site-packages/airflow/example_dags/example_dataset_alias.py
[2024-12-05T00:19:35.650+0000] {processor.py:914} INFO - Processing file /home/airflow/.local/lib/python3.12/site-packages/airflow/example_dags/example_dataset_alias.py for tasks to queue
[2024-12-05T00:19:35.731+0000] {logging_mixin.py:190} INFO - [2024-12-05T00:19:35.730+0000] {dagbag.py:588} INFO - Filling up the DagBag from /home/airflow/.local/lib/python3.12/site-packages/airflow/example_dags/example_dataset_alias.py
[2024-12-05T00:19:45.994+0000] {processor.py:925} INFO - DAG(s) 'dataset_alias_example_alias_producer', 'dataset_s3_bucket_producer', 'dataset_alias_example_alias_consumer', 'dataset_s3_bucket_consumer' retrieved from /home/airflow/.local/lib/python3.12/site-packages/airflow/example_dags/example_dataset_alias.py
[2024-12-05T00:19:46.203+0000] {logging_mixin.py:190} INFO - [2024-12-05T00:19:46.199+0000] {dag.py:3239} INFO - Sync 4 DAGs
[2024-12-05T00:19:46.387+0000] {logging_mixin.py:190} INFO - [2024-12-05T00:19:46.387+0000] {dag.py:4180} INFO - Setting next_dagrun for dataset_alias_example_alias_consumer to None, run_after=None
[2024-12-05T00:19:46.423+0000] {logging_mixin.py:190} INFO - [2024-12-05T00:19:46.423+0000] {dag.py:4180} INFO - Setting next_dagrun for dataset_alias_example_alias_producer to None, run_after=None
[2024-12-05T00:19:46.477+0000] {logging_mixin.py:190} INFO - [2024-12-05T00:19:46.476+0000] {dag.py:4180} INFO - Setting next_dagrun for dataset_s3_bucket_consumer to None, run_after=None
[2024-12-05T00:19:46.494+0000] {logging_mixin.py:190} INFO - [2024-12-05T00:19:46.493+0000] {dag.py:4180} INFO - Setting next_dagrun for dataset_s3_bucket_producer to None, run_after=None
[2024-12-05T00:19:46.656+0000] {processor.py:208} INFO - Processing /home/airflow/.local/lib/python3.12/site-packages/airflow/example_dags/example_dataset_alias.py took 11.116 seconds
[2024-12-05T00:20:32.775+0000] {processor.py:186} INFO - Started process (PID=1156) to work on /home/airflow/.local/lib/python3.12/site-packages/airflow/example_dags/example_dataset_alias.py
[2024-12-05T00:20:32.794+0000] {processor.py:914} INFO - Processing file /home/airflow/.local/lib/python3.12/site-packages/airflow/example_dags/example_dataset_alias.py for tasks to queue
[2024-12-05T00:20:32.818+0000] {logging_mixin.py:190} INFO - [2024-12-05T00:20:32.818+0000] {dagbag.py:588} INFO - Filling up the DagBag from /home/airflow/.local/lib/python3.12/site-packages/airflow/example_dags/example_dataset_alias.py
[2024-12-05T00:20:40.550+0000] {processor.py:925} INFO - DAG(s) 'dataset_s3_bucket_producer', 'dataset_s3_bucket_consumer', 'dataset_alias_example_alias_consumer', 'dataset_alias_example_alias_producer' retrieved from /home/airflow/.local/lib/python3.12/site-packages/airflow/example_dags/example_dataset_alias.py
[2024-12-05T00:20:40.802+0000] {logging_mixin.py:190} INFO - [2024-12-05T00:20:40.756+0000] {dag.py:3239} INFO - Sync 4 DAGs
[2024-12-05T00:20:41.037+0000] {logging_mixin.py:190} INFO - [2024-12-05T00:20:41.037+0000] {dag.py:4180} INFO - Setting next_dagrun for dataset_alias_example_alias_consumer to None, run_after=None
[2024-12-05T00:20:41.053+0000] {logging_mixin.py:190} INFO - [2024-12-05T00:20:41.053+0000] {dag.py:4180} INFO - Setting next_dagrun for dataset_alias_example_alias_producer to None, run_after=None
[2024-12-05T00:20:41.058+0000] {logging_mixin.py:190} INFO - [2024-12-05T00:20:41.057+0000] {dag.py:4180} INFO - Setting next_dagrun for dataset_s3_bucket_consumer to None, run_after=None
[2024-12-05T00:20:41.068+0000] {logging_mixin.py:190} INFO - [2024-12-05T00:20:41.067+0000] {dag.py:4180} INFO - Setting next_dagrun for dataset_s3_bucket_producer to None, run_after=None
[2024-12-05T00:20:41.209+0000] {processor.py:208} INFO - Processing /home/airflow/.local/lib/python3.12/site-packages/airflow/example_dags/example_dataset_alias.py took 8.509 seconds
[2024-12-05T00:21:27.451+0000] {processor.py:186} INFO - Started process (PID=1235) to work on /home/airflow/.local/lib/python3.12/site-packages/airflow/example_dags/example_dataset_alias.py
[2024-12-05T00:21:27.454+0000] {processor.py:914} INFO - Processing file /home/airflow/.local/lib/python3.12/site-packages/airflow/example_dags/example_dataset_alias.py for tasks to queue
[2024-12-05T00:21:27.461+0000] {logging_mixin.py:190} INFO - [2024-12-05T00:21:27.460+0000] {dagbag.py:588} INFO - Filling up the DagBag from /home/airflow/.local/lib/python3.12/site-packages/airflow/example_dags/example_dataset_alias.py
[2024-12-05T00:21:31.804+0000] {processor.py:925} INFO - DAG(s) 'dataset_alias_example_alias_producer', 'dataset_alias_example_alias_consumer', 'dataset_s3_bucket_producer', 'dataset_s3_bucket_consumer' retrieved from /home/airflow/.local/lib/python3.12/site-packages/airflow/example_dags/example_dataset_alias.py
[2024-12-05T00:21:32.114+0000] {logging_mixin.py:190} INFO - [2024-12-05T00:21:32.112+0000] {dag.py:3239} INFO - Sync 4 DAGs
[2024-12-05T00:21:32.293+0000] {logging_mixin.py:190} INFO - [2024-12-05T00:21:32.292+0000] {dag.py:4180} INFO - Setting next_dagrun for dataset_alias_example_alias_consumer to None, run_after=None
[2024-12-05T00:21:32.310+0000] {logging_mixin.py:190} INFO - [2024-12-05T00:21:32.310+0000] {dag.py:4180} INFO - Setting next_dagrun for dataset_alias_example_alias_producer to None, run_after=None
[2024-12-05T00:21:32.320+0000] {logging_mixin.py:190} INFO - [2024-12-05T00:21:32.319+0000] {dag.py:4180} INFO - Setting next_dagrun for dataset_s3_bucket_consumer to None, run_after=None
[2024-12-05T00:21:32.337+0000] {logging_mixin.py:190} INFO - [2024-12-05T00:21:32.336+0000] {dag.py:4180} INFO - Setting next_dagrun for dataset_s3_bucket_producer to None, run_after=None
[2024-12-05T00:21:32.598+0000] {processor.py:208} INFO - Processing /home/airflow/.local/lib/python3.12/site-packages/airflow/example_dags/example_dataset_alias.py took 5.174 seconds
[2024-12-05T00:22:20.448+0000] {processor.py:186} INFO - Started process (PID=1318) to work on /home/airflow/.local/lib/python3.12/site-packages/airflow/example_dags/example_dataset_alias.py
[2024-12-05T00:22:20.472+0000] {processor.py:914} INFO - Processing file /home/airflow/.local/lib/python3.12/site-packages/airflow/example_dags/example_dataset_alias.py for tasks to queue
[2024-12-05T00:22:20.499+0000] {logging_mixin.py:190} INFO - [2024-12-05T00:22:20.499+0000] {dagbag.py:588} INFO - Filling up the DagBag from /home/airflow/.local/lib/python3.12/site-packages/airflow/example_dags/example_dataset_alias.py
[2024-12-05T00:22:27.095+0000] {processor.py:925} INFO - DAG(s) 'dataset_s3_bucket_producer', 'dataset_alias_example_alias_producer', 'dataset_s3_bucket_consumer', 'dataset_alias_example_alias_consumer' retrieved from /home/airflow/.local/lib/python3.12/site-packages/airflow/example_dags/example_dataset_alias.py
[2024-12-05T00:22:27.292+0000] {logging_mixin.py:190} INFO - [2024-12-05T00:22:27.289+0000] {dag.py:3239} INFO - Sync 4 DAGs
[2024-12-05T00:22:27.689+0000] {logging_mixin.py:190} INFO - [2024-12-05T00:22:27.686+0000] {dag.py:4180} INFO - Setting next_dagrun for dataset_alias_example_alias_consumer to None, run_after=None
[2024-12-05T00:22:27.727+0000] {logging_mixin.py:190} INFO - [2024-12-05T00:22:27.727+0000] {dag.py:4180} INFO - Setting next_dagrun for dataset_alias_example_alias_producer to None, run_after=None
[2024-12-05T00:22:27.744+0000] {logging_mixin.py:190} INFO - [2024-12-05T00:22:27.743+0000] {dag.py:4180} INFO - Setting next_dagrun for dataset_s3_bucket_consumer to None, run_after=None
[2024-12-05T00:22:27.754+0000] {logging_mixin.py:190} INFO - [2024-12-05T00:22:27.754+0000] {dag.py:4180} INFO - Setting next_dagrun for dataset_s3_bucket_producer to None, run_after=None
[2024-12-05T00:22:28.155+0000] {processor.py:208} INFO - Processing /home/airflow/.local/lib/python3.12/site-packages/airflow/example_dags/example_dataset_alias.py took 7.770 seconds
[2024-12-05T00:23:11.433+0000] {processor.py:186} INFO - Started process (PID=1395) to work on /home/airflow/.local/lib/python3.12/site-packages/airflow/example_dags/example_dataset_alias.py
[2024-12-05T00:23:11.437+0000] {processor.py:914} INFO - Processing file /home/airflow/.local/lib/python3.12/site-packages/airflow/example_dags/example_dataset_alias.py for tasks to queue
[2024-12-05T00:23:11.445+0000] {logging_mixin.py:190} INFO - [2024-12-05T00:23:11.444+0000] {dagbag.py:588} INFO - Filling up the DagBag from /home/airflow/.local/lib/python3.12/site-packages/airflow/example_dags/example_dataset_alias.py
[2024-12-05T00:23:20.538+0000] {processor.py:925} INFO - DAG(s) 'dataset_s3_bucket_consumer', 'dataset_s3_bucket_producer', 'dataset_alias_example_alias_producer', 'dataset_alias_example_alias_consumer' retrieved from /home/airflow/.local/lib/python3.12/site-packages/airflow/example_dags/example_dataset_alias.py
[2024-12-05T00:23:20.957+0000] {logging_mixin.py:190} INFO - [2024-12-05T00:23:20.955+0000] {dag.py:3239} INFO - Sync 4 DAGs
[2024-12-05T00:23:21.298+0000] {logging_mixin.py:190} INFO - [2024-12-05T00:23:21.297+0000] {dag.py:4180} INFO - Setting next_dagrun for dataset_alias_example_alias_consumer to None, run_after=None
[2024-12-05T00:23:21.365+0000] {logging_mixin.py:190} INFO - [2024-12-05T00:23:21.364+0000] {dag.py:4180} INFO - Setting next_dagrun for dataset_alias_example_alias_producer to None, run_after=None
[2024-12-05T00:23:21.414+0000] {logging_mixin.py:190} INFO - [2024-12-05T00:23:21.413+0000] {dag.py:4180} INFO - Setting next_dagrun for dataset_s3_bucket_consumer to None, run_after=None
[2024-12-05T00:23:21.461+0000] {logging_mixin.py:190} INFO - [2024-12-05T00:23:21.460+0000] {dag.py:4180} INFO - Setting next_dagrun for dataset_s3_bucket_producer to None, run_after=None
[2024-12-05T00:23:21.779+0000] {processor.py:208} INFO - Processing /home/airflow/.local/lib/python3.12/site-packages/airflow/example_dags/example_dataset_alias.py took 10.376 seconds
