[2024-12-05T00:00:11.731+0000] {processor.py:186} INFO - Started process (PID=355) to work on /home/airflow/.local/lib/python3.12/site-packages/airflow/example_dags/example_bash_operator.py
[2024-12-05T00:00:11.740+0000] {processor.py:914} INFO - Processing file /home/airflow/.local/lib/python3.12/site-packages/airflow/example_dags/example_bash_operator.py for tasks to queue
[2024-12-05T00:00:11.747+0000] {logging_mixin.py:190} INFO - [2024-12-05T00:00:11.746+0000] {dagbag.py:588} INFO - Filling up the DagBag from /home/airflow/.local/lib/python3.12/site-packages/airflow/example_dags/example_bash_operator.py
[2024-12-05T00:00:11.857+0000] {processor.py:925} INFO - DAG(s) 'example_bash_operator' retrieved from /home/airflow/.local/lib/python3.12/site-packages/airflow/example_dags/example_bash_operator.py
[2024-12-05T00:00:12.121+0000] {logging_mixin.py:190} INFO - [2024-12-05T00:00:12.113+0000] {dag.py:3239} INFO - Sync 1 DAGs
[2024-12-05T00:00:12.305+0000] {logging_mixin.py:190} INFO - [2024-12-05T00:00:12.304+0000] {dag.py:4180} INFO - Setting next_dagrun for example_bash_operator to 2024-12-04 00:00:00+00:00, run_after=2024-12-05 00:00:00+00:00
[2024-12-05T00:00:12.444+0000] {processor.py:208} INFO - Processing /home/airflow/.local/lib/python3.12/site-packages/airflow/example_dags/example_bash_operator.py took 0.754 seconds
[2024-12-05T00:10:02.148+0000] {processor.py:186} INFO - Started process (PID=253) to work on /home/airflow/.local/lib/python3.12/site-packages/airflow/example_dags/example_bash_operator.py
[2024-12-05T00:10:02.150+0000] {processor.py:914} INFO - Processing file /home/airflow/.local/lib/python3.12/site-packages/airflow/example_dags/example_bash_operator.py for tasks to queue
[2024-12-05T00:10:02.156+0000] {logging_mixin.py:190} INFO - [2024-12-05T00:10:02.156+0000] {dagbag.py:588} INFO - Filling up the DagBag from /home/airflow/.local/lib/python3.12/site-packages/airflow/example_dags/example_bash_operator.py
[2024-12-05T00:10:02.553+0000] {processor.py:925} INFO - DAG(s) 'example_bash_operator' retrieved from /home/airflow/.local/lib/python3.12/site-packages/airflow/example_dags/example_bash_operator.py
[2024-12-05T00:10:02.842+0000] {logging_mixin.py:190} INFO - [2024-12-05T00:10:02.842+0000] {dag.py:3239} INFO - Sync 1 DAGs
[2024-12-05T00:10:03.047+0000] {logging_mixin.py:190} INFO - [2024-12-05T00:10:03.044+0000] {dag.py:4180} INFO - Setting next_dagrun for example_bash_operator to 2024-12-04 00:00:00+00:00, run_after=2024-12-05 00:00:00+00:00
[2024-12-05T00:10:03.205+0000] {processor.py:208} INFO - Processing /home/airflow/.local/lib/python3.12/site-packages/airflow/example_dags/example_bash_operator.py took 1.089 seconds
[2024-12-05T00:10:49.026+0000] {processor.py:186} INFO - Started process (PID=327) to work on /home/airflow/.local/lib/python3.12/site-packages/airflow/example_dags/example_bash_operator.py
[2024-12-05T00:10:49.033+0000] {processor.py:914} INFO - Processing file /home/airflow/.local/lib/python3.12/site-packages/airflow/example_dags/example_bash_operator.py for tasks to queue
[2024-12-05T00:10:49.048+0000] {logging_mixin.py:190} INFO - [2024-12-05T00:10:49.047+0000] {dagbag.py:588} INFO - Filling up the DagBag from /home/airflow/.local/lib/python3.12/site-packages/airflow/example_dags/example_bash_operator.py
[2024-12-05T00:10:49.107+0000] {processor.py:925} INFO - DAG(s) 'example_bash_operator' retrieved from /home/airflow/.local/lib/python3.12/site-packages/airflow/example_dags/example_bash_operator.py
[2024-12-05T00:10:49.408+0000] {logging_mixin.py:190} INFO - [2024-12-05T00:10:49.407+0000] {dag.py:3239} INFO - Sync 1 DAGs
[2024-12-05T00:10:49.741+0000] {logging_mixin.py:190} INFO - [2024-12-05T00:10:49.734+0000] {dag.py:4180} INFO - Setting next_dagrun for example_bash_operator to 2024-12-04 00:00:00+00:00, run_after=2024-12-05 00:00:00+00:00
[2024-12-05T00:10:49.937+0000] {processor.py:208} INFO - Processing /home/airflow/.local/lib/python3.12/site-packages/airflow/example_dags/example_bash_operator.py took 0.930 seconds
[2024-12-05T00:11:46.846+0000] {processor.py:186} INFO - Started process (PID=418) to work on /home/airflow/.local/lib/python3.12/site-packages/airflow/example_dags/example_bash_operator.py
[2024-12-05T00:11:46.848+0000] {processor.py:914} INFO - Processing file /home/airflow/.local/lib/python3.12/site-packages/airflow/example_dags/example_bash_operator.py for tasks to queue
[2024-12-05T00:11:46.855+0000] {logging_mixin.py:190} INFO - [2024-12-05T00:11:46.854+0000] {dagbag.py:588} INFO - Filling up the DagBag from /home/airflow/.local/lib/python3.12/site-packages/airflow/example_dags/example_bash_operator.py
[2024-12-05T00:11:46.963+0000] {processor.py:925} INFO - DAG(s) 'example_bash_operator' retrieved from /home/airflow/.local/lib/python3.12/site-packages/airflow/example_dags/example_bash_operator.py
[2024-12-05T00:11:47.164+0000] {logging_mixin.py:190} INFO - [2024-12-05T00:11:47.163+0000] {dag.py:3239} INFO - Sync 1 DAGs
[2024-12-05T00:11:47.543+0000] {logging_mixin.py:190} INFO - [2024-12-05T00:11:47.542+0000] {dag.py:4180} INFO - Setting next_dagrun for example_bash_operator to 2024-12-04 00:00:00+00:00, run_after=2024-12-05 00:00:00+00:00
[2024-12-05T00:11:47.760+0000] {processor.py:208} INFO - Processing /home/airflow/.local/lib/python3.12/site-packages/airflow/example_dags/example_bash_operator.py took 0.940 seconds
[2024-12-05T00:12:55.033+0000] {processor.py:186} INFO - Started process (PID=509) to work on /home/airflow/.local/lib/python3.12/site-packages/airflow/example_dags/example_bash_operator.py
[2024-12-05T00:12:55.257+0000] {processor.py:914} INFO - Processing file /home/airflow/.local/lib/python3.12/site-packages/airflow/example_dags/example_bash_operator.py for tasks to queue
[2024-12-05T00:12:55.286+0000] {logging_mixin.py:190} INFO - [2024-12-05T00:12:55.284+0000] {dagbag.py:588} INFO - Filling up the DagBag from /home/airflow/.local/lib/python3.12/site-packages/airflow/example_dags/example_bash_operator.py
[2024-12-05T00:12:55.470+0000] {processor.py:925} INFO - DAG(s) 'example_bash_operator' retrieved from /home/airflow/.local/lib/python3.12/site-packages/airflow/example_dags/example_bash_operator.py
[2024-12-05T00:12:56.081+0000] {logging_mixin.py:190} INFO - [2024-12-05T00:12:56.072+0000] {dag.py:3239} INFO - Sync 1 DAGs
[2024-12-05T00:12:56.403+0000] {logging_mixin.py:190} INFO - [2024-12-05T00:12:56.402+0000] {dag.py:4180} INFO - Setting next_dagrun for example_bash_operator to 2024-12-04 00:00:00+00:00, run_after=2024-12-05 00:00:00+00:00
[2024-12-05T00:12:56.997+0000] {processor.py:208} INFO - Processing /home/airflow/.local/lib/python3.12/site-packages/airflow/example_dags/example_bash_operator.py took 2.038 seconds
[2024-12-05T00:13:55.572+0000] {processor.py:186} INFO - Started process (PID=596) to work on /home/airflow/.local/lib/python3.12/site-packages/airflow/example_dags/example_bash_operator.py
[2024-12-05T00:13:55.594+0000] {processor.py:914} INFO - Processing file /home/airflow/.local/lib/python3.12/site-packages/airflow/example_dags/example_bash_operator.py for tasks to queue
[2024-12-05T00:13:55.615+0000] {logging_mixin.py:190} INFO - [2024-12-05T00:13:55.615+0000] {dagbag.py:588} INFO - Filling up the DagBag from /home/airflow/.local/lib/python3.12/site-packages/airflow/example_dags/example_bash_operator.py
[2024-12-05T00:13:55.731+0000] {processor.py:925} INFO - DAG(s) 'example_bash_operator' retrieved from /home/airflow/.local/lib/python3.12/site-packages/airflow/example_dags/example_bash_operator.py
[2024-12-05T00:13:55.978+0000] {logging_mixin.py:190} INFO - [2024-12-05T00:13:55.978+0000] {dag.py:3239} INFO - Sync 1 DAGs
[2024-12-05T00:13:56.354+0000] {logging_mixin.py:190} INFO - [2024-12-05T00:13:56.354+0000] {dag.py:4180} INFO - Setting next_dagrun for example_bash_operator to 2024-12-04 00:00:00+00:00, run_after=2024-12-05 00:00:00+00:00
[2024-12-05T00:13:56.556+0000] {processor.py:208} INFO - Processing /home/airflow/.local/lib/python3.12/site-packages/airflow/example_dags/example_bash_operator.py took 1.048 seconds
[2024-12-05T00:14:52.323+0000] {processor.py:186} INFO - Started process (PID=668) to work on /home/airflow/.local/lib/python3.12/site-packages/airflow/example_dags/example_bash_operator.py
[2024-12-05T00:14:52.354+0000] {processor.py:914} INFO - Processing file /home/airflow/.local/lib/python3.12/site-packages/airflow/example_dags/example_bash_operator.py for tasks to queue
[2024-12-05T00:14:52.370+0000] {logging_mixin.py:190} INFO - [2024-12-05T00:14:52.369+0000] {dagbag.py:588} INFO - Filling up the DagBag from /home/airflow/.local/lib/python3.12/site-packages/airflow/example_dags/example_bash_operator.py
[2024-12-05T00:14:52.544+0000] {processor.py:925} INFO - DAG(s) 'example_bash_operator' retrieved from /home/airflow/.local/lib/python3.12/site-packages/airflow/example_dags/example_bash_operator.py
[2024-12-05T00:14:52.774+0000] {logging_mixin.py:190} INFO - [2024-12-05T00:14:52.774+0000] {dag.py:3239} INFO - Sync 1 DAGs
[2024-12-05T00:14:53.149+0000] {logging_mixin.py:190} INFO - [2024-12-05T00:14:53.148+0000] {dag.py:4180} INFO - Setting next_dagrun for example_bash_operator to 2024-12-04 00:00:00+00:00, run_after=2024-12-05 00:00:00+00:00
[2024-12-05T00:14:53.346+0000] {processor.py:208} INFO - Processing /home/airflow/.local/lib/python3.12/site-packages/airflow/example_dags/example_bash_operator.py took 1.082 seconds
[2024-12-05T00:15:34.203+0000] {processor.py:186} INFO - Started process (PID=762) to work on /home/airflow/.local/lib/python3.12/site-packages/airflow/example_dags/example_bash_operator.py
[2024-12-05T00:15:34.207+0000] {processor.py:914} INFO - Processing file /home/airflow/.local/lib/python3.12/site-packages/airflow/example_dags/example_bash_operator.py for tasks to queue
[2024-12-05T00:15:34.222+0000] {logging_mixin.py:190} INFO - [2024-12-05T00:15:34.222+0000] {dagbag.py:588} INFO - Filling up the DagBag from /home/airflow/.local/lib/python3.12/site-packages/airflow/example_dags/example_bash_operator.py
[2024-12-05T00:15:34.371+0000] {processor.py:925} INFO - DAG(s) 'example_bash_operator' retrieved from /home/airflow/.local/lib/python3.12/site-packages/airflow/example_dags/example_bash_operator.py
[2024-12-05T00:15:34.672+0000] {logging_mixin.py:190} INFO - [2024-12-05T00:15:34.671+0000] {dag.py:3239} INFO - Sync 1 DAGs
[2024-12-05T00:15:35.042+0000] {logging_mixin.py:190} INFO - [2024-12-05T00:15:35.030+0000] {dag.py:4180} INFO - Setting next_dagrun for example_bash_operator to 2024-12-04 00:00:00+00:00, run_after=2024-12-05 00:00:00+00:00
[2024-12-05T00:15:35.445+0000] {processor.py:208} INFO - Processing /home/airflow/.local/lib/python3.12/site-packages/airflow/example_dags/example_bash_operator.py took 1.260 seconds
[2024-12-05T00:16:33.547+0000] {processor.py:186} INFO - Started process (PID=840) to work on /home/airflow/.local/lib/python3.12/site-packages/airflow/example_dags/example_bash_operator.py
[2024-12-05T00:16:33.563+0000] {processor.py:914} INFO - Processing file /home/airflow/.local/lib/python3.12/site-packages/airflow/example_dags/example_bash_operator.py for tasks to queue
[2024-12-05T00:16:33.574+0000] {logging_mixin.py:190} INFO - [2024-12-05T00:16:33.573+0000] {dagbag.py:588} INFO - Filling up the DagBag from /home/airflow/.local/lib/python3.12/site-packages/airflow/example_dags/example_bash_operator.py
[2024-12-05T00:16:33.678+0000] {processor.py:925} INFO - DAG(s) 'example_bash_operator' retrieved from /home/airflow/.local/lib/python3.12/site-packages/airflow/example_dags/example_bash_operator.py
[2024-12-05T00:16:33.866+0000] {logging_mixin.py:190} INFO - [2024-12-05T00:16:33.865+0000] {dag.py:3239} INFO - Sync 1 DAGs
[2024-12-05T00:16:34.026+0000] {logging_mixin.py:190} INFO - [2024-12-05T00:16:34.024+0000] {dag.py:4180} INFO - Setting next_dagrun for example_bash_operator to 2024-12-04 00:00:00+00:00, run_after=2024-12-05 00:00:00+00:00
[2024-12-05T00:16:34.122+0000] {processor.py:208} INFO - Processing /home/airflow/.local/lib/python3.12/site-packages/airflow/example_dags/example_bash_operator.py took 0.655 seconds
[2024-12-05T00:17:43.907+0000] {processor.py:186} INFO - Started process (PID=931) to work on /home/airflow/.local/lib/python3.12/site-packages/airflow/example_dags/example_bash_operator.py
[2024-12-05T00:17:43.948+0000] {processor.py:914} INFO - Processing file /home/airflow/.local/lib/python3.12/site-packages/airflow/example_dags/example_bash_operator.py for tasks to queue
[2024-12-05T00:17:44.017+0000] {logging_mixin.py:190} INFO - [2024-12-05T00:17:44.015+0000] {dagbag.py:588} INFO - Filling up the DagBag from /home/airflow/.local/lib/python3.12/site-packages/airflow/example_dags/example_bash_operator.py
[2024-12-05T00:17:44.173+0000] {processor.py:925} INFO - DAG(s) 'example_bash_operator' retrieved from /home/airflow/.local/lib/python3.12/site-packages/airflow/example_dags/example_bash_operator.py
[2024-12-05T00:17:44.557+0000] {logging_mixin.py:190} INFO - [2024-12-05T00:17:44.556+0000] {dag.py:3239} INFO - Sync 1 DAGs
[2024-12-05T00:17:44.884+0000] {logging_mixin.py:190} INFO - [2024-12-05T00:17:44.883+0000] {dag.py:4180} INFO - Setting next_dagrun for example_bash_operator to 2024-12-04 00:00:00+00:00, run_after=2024-12-05 00:00:00+00:00
[2024-12-05T00:17:45.394+0000] {processor.py:208} INFO - Processing /home/airflow/.local/lib/python3.12/site-packages/airflow/example_dags/example_bash_operator.py took 1.581 seconds
[2024-12-05T00:18:51.936+0000] {processor.py:186} INFO - Started process (PID=1011) to work on /home/airflow/.local/lib/python3.12/site-packages/airflow/example_dags/example_bash_operator.py
[2024-12-05T00:18:51.943+0000] {processor.py:914} INFO - Processing file /home/airflow/.local/lib/python3.12/site-packages/airflow/example_dags/example_bash_operator.py for tasks to queue
[2024-12-05T00:18:51.953+0000] {logging_mixin.py:190} INFO - [2024-12-05T00:18:51.953+0000] {dagbag.py:588} INFO - Filling up the DagBag from /home/airflow/.local/lib/python3.12/site-packages/airflow/example_dags/example_bash_operator.py
[2024-12-05T00:18:52.036+0000] {processor.py:925} INFO - DAG(s) 'example_bash_operator' retrieved from /home/airflow/.local/lib/python3.12/site-packages/airflow/example_dags/example_bash_operator.py
[2024-12-05T00:18:52.173+0000] {logging_mixin.py:190} INFO - [2024-12-05T00:18:52.172+0000] {dag.py:3239} INFO - Sync 1 DAGs
[2024-12-05T00:18:52.287+0000] {logging_mixin.py:190} INFO - [2024-12-05T00:18:52.287+0000] {dag.py:4180} INFO - Setting next_dagrun for example_bash_operator to 2024-12-04 00:00:00+00:00, run_after=2024-12-05 00:00:00+00:00
[2024-12-05T00:18:52.401+0000] {processor.py:208} INFO - Processing /home/airflow/.local/lib/python3.12/site-packages/airflow/example_dags/example_bash_operator.py took 0.492 seconds
[2024-12-05T00:19:51.612+0000] {processor.py:186} INFO - Started process (PID=1096) to work on /home/airflow/.local/lib/python3.12/site-packages/airflow/example_dags/example_bash_operator.py
[2024-12-05T00:19:51.620+0000] {processor.py:914} INFO - Processing file /home/airflow/.local/lib/python3.12/site-packages/airflow/example_dags/example_bash_operator.py for tasks to queue
[2024-12-05T00:19:51.630+0000] {logging_mixin.py:190} INFO - [2024-12-05T00:19:51.629+0000] {dagbag.py:588} INFO - Filling up the DagBag from /home/airflow/.local/lib/python3.12/site-packages/airflow/example_dags/example_bash_operator.py
[2024-12-05T00:19:51.768+0000] {processor.py:925} INFO - DAG(s) 'example_bash_operator' retrieved from /home/airflow/.local/lib/python3.12/site-packages/airflow/example_dags/example_bash_operator.py
[2024-12-05T00:19:52.050+0000] {logging_mixin.py:190} INFO - [2024-12-05T00:19:52.049+0000] {dag.py:3239} INFO - Sync 1 DAGs
[2024-12-05T00:19:52.223+0000] {logging_mixin.py:190} INFO - [2024-12-05T00:19:52.223+0000] {dag.py:4180} INFO - Setting next_dagrun for example_bash_operator to 2024-12-04 00:00:00+00:00, run_after=2024-12-05 00:00:00+00:00
[2024-12-05T00:19:52.480+0000] {processor.py:208} INFO - Processing /home/airflow/.local/lib/python3.12/site-packages/airflow/example_dags/example_bash_operator.py took 0.937 seconds
[2024-12-05T00:20:46.996+0000] {processor.py:186} INFO - Started process (PID=1174) to work on /home/airflow/.local/lib/python3.12/site-packages/airflow/example_dags/example_bash_operator.py
[2024-12-05T00:20:47.007+0000] {processor.py:914} INFO - Processing file /home/airflow/.local/lib/python3.12/site-packages/airflow/example_dags/example_bash_operator.py for tasks to queue
[2024-12-05T00:20:47.079+0000] {logging_mixin.py:190} INFO - [2024-12-05T00:20:47.078+0000] {dagbag.py:588} INFO - Filling up the DagBag from /home/airflow/.local/lib/python3.12/site-packages/airflow/example_dags/example_bash_operator.py
[2024-12-05T00:20:47.421+0000] {processor.py:925} INFO - DAG(s) 'example_bash_operator' retrieved from /home/airflow/.local/lib/python3.12/site-packages/airflow/example_dags/example_bash_operator.py
[2024-12-05T00:20:47.866+0000] {logging_mixin.py:190} INFO - [2024-12-05T00:20:47.853+0000] {dag.py:3239} INFO - Sync 1 DAGs
[2024-12-05T00:20:48.269+0000] {logging_mixin.py:190} INFO - [2024-12-05T00:20:48.268+0000] {dag.py:4180} INFO - Setting next_dagrun for example_bash_operator to 2024-12-04 00:00:00+00:00, run_after=2024-12-05 00:00:00+00:00
[2024-12-05T00:20:48.584+0000] {processor.py:208} INFO - Processing /home/airflow/.local/lib/python3.12/site-packages/airflow/example_dags/example_bash_operator.py took 1.696 seconds
[2024-12-05T00:22:00.385+0000] {processor.py:186} INFO - Started process (PID=1268) to work on /home/airflow/.local/lib/python3.12/site-packages/airflow/example_dags/example_bash_operator.py
[2024-12-05T00:22:00.414+0000] {processor.py:914} INFO - Processing file /home/airflow/.local/lib/python3.12/site-packages/airflow/example_dags/example_bash_operator.py for tasks to queue
[2024-12-05T00:22:00.514+0000] {logging_mixin.py:190} INFO - [2024-12-05T00:22:00.450+0000] {dagbag.py:588} INFO - Filling up the DagBag from /home/airflow/.local/lib/python3.12/site-packages/airflow/example_dags/example_bash_operator.py
[2024-12-05T00:22:00.660+0000] {processor.py:925} INFO - DAG(s) 'example_bash_operator' retrieved from /home/airflow/.local/lib/python3.12/site-packages/airflow/example_dags/example_bash_operator.py
[2024-12-05T00:22:00.993+0000] {logging_mixin.py:190} INFO - [2024-12-05T00:22:00.991+0000] {dag.py:3239} INFO - Sync 1 DAGs
[2024-12-05T00:22:01.335+0000] {logging_mixin.py:190} INFO - [2024-12-05T00:22:01.332+0000] {dag.py:4180} INFO - Setting next_dagrun for example_bash_operator to 2024-12-04 00:00:00+00:00, run_after=2024-12-05 00:00:00+00:00
[2024-12-05T00:22:01.475+0000] {processor.py:208} INFO - Processing /home/airflow/.local/lib/python3.12/site-packages/airflow/example_dags/example_bash_operator.py took 1.250 seconds
[2024-12-05T00:22:55.136+0000] {processor.py:186} INFO - Started process (PID=1363) to work on /home/airflow/.local/lib/python3.12/site-packages/airflow/example_dags/example_bash_operator.py
[2024-12-05T00:22:55.165+0000] {processor.py:914} INFO - Processing file /home/airflow/.local/lib/python3.12/site-packages/airflow/example_dags/example_bash_operator.py for tasks to queue
[2024-12-05T00:22:55.183+0000] {logging_mixin.py:190} INFO - [2024-12-05T00:22:55.182+0000] {dagbag.py:588} INFO - Filling up the DagBag from /home/airflow/.local/lib/python3.12/site-packages/airflow/example_dags/example_bash_operator.py
[2024-12-05T00:22:55.291+0000] {processor.py:925} INFO - DAG(s) 'example_bash_operator' retrieved from /home/airflow/.local/lib/python3.12/site-packages/airflow/example_dags/example_bash_operator.py
[2024-12-05T00:22:55.709+0000] {logging_mixin.py:190} INFO - [2024-12-05T00:22:55.709+0000] {dag.py:3239} INFO - Sync 1 DAGs
[2024-12-05T00:22:56.067+0000] {logging_mixin.py:190} INFO - [2024-12-05T00:22:56.067+0000] {dag.py:4180} INFO - Setting next_dagrun for example_bash_operator to 2024-12-04 00:00:00+00:00, run_after=2024-12-05 00:00:00+00:00
[2024-12-05T00:22:56.190+0000] {processor.py:208} INFO - Processing /home/airflow/.local/lib/python3.12/site-packages/airflow/example_dags/example_bash_operator.py took 1.096 seconds
