[2024-12-05T00:00:13.791+0000] {processor.py:186} INFO - Started process (PID=358) to work on /home/airflow/.local/lib/python3.12/site-packages/airflow/example_dags/example_xcom.py
[2024-12-05T00:00:13.795+0000] {processor.py:914} INFO - Processing file /home/airflow/.local/lib/python3.12/site-packages/airflow/example_dags/example_xcom.py for tasks to queue
[2024-12-05T00:00:13.801+0000] {logging_mixin.py:190} INFO - [2024-12-05T00:00:13.800+0000] {dagbag.py:588} INFO - Filling up the DagBag from /home/airflow/.local/lib/python3.12/site-packages/airflow/example_dags/example_xcom.py
[2024-12-05T00:00:13.862+0000] {processor.py:925} INFO - DAG(s) 'example_xcom' retrieved from /home/airflow/.local/lib/python3.12/site-packages/airflow/example_dags/example_xcom.py
[2024-12-05T00:00:13.989+0000] {logging_mixin.py:190} INFO - [2024-12-05T00:00:13.988+0000] {dag.py:3239} INFO - Sync 1 DAGs
[2024-12-05T00:00:14.267+0000] {logging_mixin.py:190} INFO - [2024-12-05T00:00:14.255+0000] {dag.py:4180} INFO - Setting next_dagrun for example_xcom to 2021-01-01 00:00:00+00:00, run_after=2021-01-01 00:00:00+00:00
[2024-12-05T00:00:14.502+0000] {processor.py:208} INFO - Processing /home/airflow/.local/lib/python3.12/site-packages/airflow/example_dags/example_xcom.py took 0.740 seconds
[2024-12-05T00:10:04.028+0000] {processor.py:186} INFO - Started process (PID=256) to work on /home/airflow/.local/lib/python3.12/site-packages/airflow/example_dags/example_xcom.py
[2024-12-05T00:10:04.048+0000] {processor.py:914} INFO - Processing file /home/airflow/.local/lib/python3.12/site-packages/airflow/example_dags/example_xcom.py for tasks to queue
[2024-12-05T00:10:04.067+0000] {logging_mixin.py:190} INFO - [2024-12-05T00:10:04.066+0000] {dagbag.py:588} INFO - Filling up the DagBag from /home/airflow/.local/lib/python3.12/site-packages/airflow/example_dags/example_xcom.py
[2024-12-05T00:10:04.138+0000] {processor.py:925} INFO - DAG(s) 'example_xcom' retrieved from /home/airflow/.local/lib/python3.12/site-packages/airflow/example_dags/example_xcom.py
[2024-12-05T00:10:04.381+0000] {logging_mixin.py:190} INFO - [2024-12-05T00:10:04.375+0000] {dag.py:3239} INFO - Sync 1 DAGs
[2024-12-05T00:10:04.534+0000] {logging_mixin.py:190} INFO - [2024-12-05T00:10:04.533+0000] {dag.py:4180} INFO - Setting next_dagrun for example_xcom to 2021-01-01 00:00:00+00:00, run_after=2021-01-01 00:00:00+00:00
[2024-12-05T00:10:04.692+0000] {processor.py:208} INFO - Processing /home/airflow/.local/lib/python3.12/site-packages/airflow/example_dags/example_xcom.py took 0.689 seconds
[2024-12-05T00:10:50.839+0000] {processor.py:186} INFO - Started process (PID=330) to work on /home/airflow/.local/lib/python3.12/site-packages/airflow/example_dags/example_xcom.py
[2024-12-05T00:10:50.848+0000] {processor.py:914} INFO - Processing file /home/airflow/.local/lib/python3.12/site-packages/airflow/example_dags/example_xcom.py for tasks to queue
[2024-12-05T00:10:50.857+0000] {logging_mixin.py:190} INFO - [2024-12-05T00:10:50.856+0000] {dagbag.py:588} INFO - Filling up the DagBag from /home/airflow/.local/lib/python3.12/site-packages/airflow/example_dags/example_xcom.py
[2024-12-05T00:10:50.943+0000] {processor.py:925} INFO - DAG(s) 'example_xcom' retrieved from /home/airflow/.local/lib/python3.12/site-packages/airflow/example_dags/example_xcom.py
[2024-12-05T00:10:51.260+0000] {logging_mixin.py:190} INFO - [2024-12-05T00:10:51.259+0000] {dag.py:3239} INFO - Sync 1 DAGs
[2024-12-05T00:10:51.783+0000] {logging_mixin.py:190} INFO - [2024-12-05T00:10:51.782+0000] {dag.py:4180} INFO - Setting next_dagrun for example_xcom to 2021-01-01 00:00:00+00:00, run_after=2021-01-01 00:00:00+00:00
[2024-12-05T00:10:51.909+0000] {processor.py:208} INFO - Processing /home/airflow/.local/lib/python3.12/site-packages/airflow/example_dags/example_xcom.py took 1.088 seconds
[2024-12-05T00:11:48.968+0000] {processor.py:186} INFO - Started process (PID=421) to work on /home/airflow/.local/lib/python3.12/site-packages/airflow/example_dags/example_xcom.py
[2024-12-05T00:11:49.113+0000] {processor.py:914} INFO - Processing file /home/airflow/.local/lib/python3.12/site-packages/airflow/example_dags/example_xcom.py for tasks to queue
[2024-12-05T00:11:49.175+0000] {logging_mixin.py:190} INFO - [2024-12-05T00:11:49.149+0000] {dagbag.py:588} INFO - Filling up the DagBag from /home/airflow/.local/lib/python3.12/site-packages/airflow/example_dags/example_xcom.py
[2024-12-05T00:11:49.280+0000] {processor.py:925} INFO - DAG(s) 'example_xcom' retrieved from /home/airflow/.local/lib/python3.12/site-packages/airflow/example_dags/example_xcom.py
[2024-12-05T00:11:49.615+0000] {logging_mixin.py:190} INFO - [2024-12-05T00:11:49.615+0000] {dag.py:3239} INFO - Sync 1 DAGs
[2024-12-05T00:11:50.339+0000] {logging_mixin.py:190} INFO - [2024-12-05T00:11:50.326+0000] {dag.py:4180} INFO - Setting next_dagrun for example_xcom to 2021-01-01 00:00:00+00:00, run_after=2021-01-01 00:00:00+00:00
[2024-12-05T00:11:50.915+0000] {processor.py:208} INFO - Processing /home/airflow/.local/lib/python3.12/site-packages/airflow/example_dags/example_xcom.py took 2.039 seconds
[2024-12-05T00:12:58.298+0000] {processor.py:186} INFO - Started process (PID=517) to work on /home/airflow/.local/lib/python3.12/site-packages/airflow/example_dags/example_xcom.py
[2024-12-05T00:12:58.364+0000] {processor.py:914} INFO - Processing file /home/airflow/.local/lib/python3.12/site-packages/airflow/example_dags/example_xcom.py for tasks to queue
[2024-12-05T00:12:58.411+0000] {logging_mixin.py:190} INFO - [2024-12-05T00:12:58.402+0000] {dagbag.py:588} INFO - Filling up the DagBag from /home/airflow/.local/lib/python3.12/site-packages/airflow/example_dags/example_xcom.py
[2024-12-05T00:12:58.567+0000] {processor.py:925} INFO - DAG(s) 'example_xcom' retrieved from /home/airflow/.local/lib/python3.12/site-packages/airflow/example_dags/example_xcom.py
[2024-12-05T00:12:58.836+0000] {logging_mixin.py:190} INFO - [2024-12-05T00:12:58.835+0000] {dag.py:3239} INFO - Sync 1 DAGs
[2024-12-05T00:12:59.166+0000] {logging_mixin.py:190} INFO - [2024-12-05T00:12:59.165+0000] {dag.py:4180} INFO - Setting next_dagrun for example_xcom to 2021-01-01 00:00:00+00:00, run_after=2021-01-01 00:00:00+00:00
[2024-12-05T00:12:59.472+0000] {processor.py:208} INFO - Processing /home/airflow/.local/lib/python3.12/site-packages/airflow/example_dags/example_xcom.py took 1.237 seconds
[2024-12-05T00:13:57.261+0000] {processor.py:186} INFO - Started process (PID=599) to work on /home/airflow/.local/lib/python3.12/site-packages/airflow/example_dags/example_xcom.py
[2024-12-05T00:13:57.274+0000] {processor.py:914} INFO - Processing file /home/airflow/.local/lib/python3.12/site-packages/airflow/example_dags/example_xcom.py for tasks to queue
[2024-12-05T00:13:57.307+0000] {logging_mixin.py:190} INFO - [2024-12-05T00:13:57.306+0000] {dagbag.py:588} INFO - Filling up the DagBag from /home/airflow/.local/lib/python3.12/site-packages/airflow/example_dags/example_xcom.py
[2024-12-05T00:13:57.405+0000] {processor.py:925} INFO - DAG(s) 'example_xcom' retrieved from /home/airflow/.local/lib/python3.12/site-packages/airflow/example_dags/example_xcom.py
[2024-12-05T00:13:57.712+0000] {logging_mixin.py:190} INFO - [2024-12-05T00:13:57.711+0000] {dag.py:3239} INFO - Sync 1 DAGs
[2024-12-05T00:13:58.249+0000] {logging_mixin.py:190} INFO - [2024-12-05T00:13:58.209+0000] {dag.py:4180} INFO - Setting next_dagrun for example_xcom to 2021-01-01 00:00:00+00:00, run_after=2021-01-01 00:00:00+00:00
[2024-12-05T00:13:58.536+0000] {processor.py:208} INFO - Processing /home/airflow/.local/lib/python3.12/site-packages/airflow/example_dags/example_xcom.py took 1.313 seconds
[2024-12-05T00:14:55.162+0000] {processor.py:186} INFO - Started process (PID=675) to work on /home/airflow/.local/lib/python3.12/site-packages/airflow/example_dags/example_xcom.py
[2024-12-05T00:14:55.165+0000] {processor.py:914} INFO - Processing file /home/airflow/.local/lib/python3.12/site-packages/airflow/example_dags/example_xcom.py for tasks to queue
[2024-12-05T00:14:55.194+0000] {logging_mixin.py:190} INFO - [2024-12-05T00:14:55.193+0000] {dagbag.py:588} INFO - Filling up the DagBag from /home/airflow/.local/lib/python3.12/site-packages/airflow/example_dags/example_xcom.py
[2024-12-05T00:14:55.315+0000] {processor.py:925} INFO - DAG(s) 'example_xcom' retrieved from /home/airflow/.local/lib/python3.12/site-packages/airflow/example_dags/example_xcom.py
[2024-12-05T00:14:55.527+0000] {logging_mixin.py:190} INFO - [2024-12-05T00:14:55.525+0000] {dag.py:3239} INFO - Sync 1 DAGs
[2024-12-05T00:14:55.657+0000] {logging_mixin.py:190} INFO - [2024-12-05T00:14:55.656+0000] {dag.py:4180} INFO - Setting next_dagrun for example_xcom to 2021-01-01 00:00:00+00:00, run_after=2021-01-01 00:00:00+00:00
[2024-12-05T00:14:55.839+0000] {processor.py:208} INFO - Processing /home/airflow/.local/lib/python3.12/site-packages/airflow/example_dags/example_xcom.py took 0.710 seconds
[2024-12-05T00:15:37.387+0000] {processor.py:186} INFO - Started process (PID=765) to work on /home/airflow/.local/lib/python3.12/site-packages/airflow/example_dags/example_xcom.py
[2024-12-05T00:15:37.401+0000] {processor.py:914} INFO - Processing file /home/airflow/.local/lib/python3.12/site-packages/airflow/example_dags/example_xcom.py for tasks to queue
[2024-12-05T00:15:37.426+0000] {logging_mixin.py:190} INFO - [2024-12-05T00:15:37.423+0000] {dagbag.py:588} INFO - Filling up the DagBag from /home/airflow/.local/lib/python3.12/site-packages/airflow/example_dags/example_xcom.py
[2024-12-05T00:15:37.515+0000] {processor.py:925} INFO - DAG(s) 'example_xcom' retrieved from /home/airflow/.local/lib/python3.12/site-packages/airflow/example_dags/example_xcom.py
[2024-12-05T00:15:37.698+0000] {logging_mixin.py:190} INFO - [2024-12-05T00:15:37.698+0000] {dag.py:3239} INFO - Sync 1 DAGs
[2024-12-05T00:15:37.930+0000] {logging_mixin.py:190} INFO - [2024-12-05T00:15:37.929+0000] {dag.py:4180} INFO - Setting next_dagrun for example_xcom to 2021-01-01 00:00:00+00:00, run_after=2021-01-01 00:00:00+00:00
[2024-12-05T00:15:38.189+0000] {processor.py:208} INFO - Processing /home/airflow/.local/lib/python3.12/site-packages/airflow/example_dags/example_xcom.py took 0.845 seconds
[2024-12-05T00:16:34.921+0000] {processor.py:186} INFO - Started process (PID=843) to work on /home/airflow/.local/lib/python3.12/site-packages/airflow/example_dags/example_xcom.py
[2024-12-05T00:16:34.936+0000] {processor.py:914} INFO - Processing file /home/airflow/.local/lib/python3.12/site-packages/airflow/example_dags/example_xcom.py for tasks to queue
[2024-12-05T00:16:34.993+0000] {logging_mixin.py:190} INFO - [2024-12-05T00:16:34.980+0000] {dagbag.py:588} INFO - Filling up the DagBag from /home/airflow/.local/lib/python3.12/site-packages/airflow/example_dags/example_xcom.py
[2024-12-05T00:16:35.087+0000] {processor.py:925} INFO - DAG(s) 'example_xcom' retrieved from /home/airflow/.local/lib/python3.12/site-packages/airflow/example_dags/example_xcom.py
[2024-12-05T00:16:35.259+0000] {logging_mixin.py:190} INFO - [2024-12-05T00:16:35.258+0000] {dag.py:3239} INFO - Sync 1 DAGs
[2024-12-05T00:16:35.485+0000] {logging_mixin.py:190} INFO - [2024-12-05T00:16:35.482+0000] {dag.py:4180} INFO - Setting next_dagrun for example_xcom to 2021-01-01 00:00:00+00:00, run_after=2021-01-01 00:00:00+00:00
[2024-12-05T00:16:35.593+0000] {processor.py:208} INFO - Processing /home/airflow/.local/lib/python3.12/site-packages/airflow/example_dags/example_xcom.py took 0.696 seconds
[2024-12-05T00:17:47.221+0000] {processor.py:186} INFO - Started process (PID=934) to work on /home/airflow/.local/lib/python3.12/site-packages/airflow/example_dags/example_xcom.py
[2024-12-05T00:17:47.228+0000] {processor.py:914} INFO - Processing file /home/airflow/.local/lib/python3.12/site-packages/airflow/example_dags/example_xcom.py for tasks to queue
[2024-12-05T00:17:47.242+0000] {logging_mixin.py:190} INFO - [2024-12-05T00:17:47.241+0000] {dagbag.py:588} INFO - Filling up the DagBag from /home/airflow/.local/lib/python3.12/site-packages/airflow/example_dags/example_xcom.py
[2024-12-05T00:17:47.293+0000] {processor.py:925} INFO - DAG(s) 'example_xcom' retrieved from /home/airflow/.local/lib/python3.12/site-packages/airflow/example_dags/example_xcom.py
[2024-12-05T00:17:47.421+0000] {logging_mixin.py:190} INFO - [2024-12-05T00:17:47.420+0000] {dag.py:3239} INFO - Sync 1 DAGs
[2024-12-05T00:17:47.532+0000] {logging_mixin.py:190} INFO - [2024-12-05T00:17:47.531+0000] {dag.py:4180} INFO - Setting next_dagrun for example_xcom to 2021-01-01 00:00:00+00:00, run_after=2021-01-01 00:00:00+00:00
[2024-12-05T00:17:47.613+0000] {processor.py:208} INFO - Processing /home/airflow/.local/lib/python3.12/site-packages/airflow/example_dags/example_xcom.py took 0.415 seconds
[2024-12-05T00:18:52.806+0000] {processor.py:186} INFO - Started process (PID=1014) to work on /home/airflow/.local/lib/python3.12/site-packages/airflow/example_dags/example_xcom.py
[2024-12-05T00:18:52.810+0000] {processor.py:914} INFO - Processing file /home/airflow/.local/lib/python3.12/site-packages/airflow/example_dags/example_xcom.py for tasks to queue
[2024-12-05T00:18:52.872+0000] {logging_mixin.py:190} INFO - [2024-12-05T00:18:52.871+0000] {dagbag.py:588} INFO - Filling up the DagBag from /home/airflow/.local/lib/python3.12/site-packages/airflow/example_dags/example_xcom.py
[2024-12-05T00:18:52.999+0000] {processor.py:925} INFO - DAG(s) 'example_xcom' retrieved from /home/airflow/.local/lib/python3.12/site-packages/airflow/example_dags/example_xcom.py
[2024-12-05T00:18:53.209+0000] {logging_mixin.py:190} INFO - [2024-12-05T00:18:53.209+0000] {dag.py:3239} INFO - Sync 1 DAGs
[2024-12-05T00:18:53.434+0000] {logging_mixin.py:190} INFO - [2024-12-05T00:18:53.433+0000] {dag.py:4180} INFO - Setting next_dagrun for example_xcom to 2021-01-01 00:00:00+00:00, run_after=2021-01-01 00:00:00+00:00
[2024-12-05T00:18:53.548+0000] {processor.py:208} INFO - Processing /home/airflow/.local/lib/python3.12/site-packages/airflow/example_dags/example_xcom.py took 0.793 seconds
[2024-12-05T00:19:53.619+0000] {processor.py:186} INFO - Started process (PID=1099) to work on /home/airflow/.local/lib/python3.12/site-packages/airflow/example_dags/example_xcom.py
[2024-12-05T00:19:53.622+0000] {processor.py:914} INFO - Processing file /home/airflow/.local/lib/python3.12/site-packages/airflow/example_dags/example_xcom.py for tasks to queue
[2024-12-05T00:19:53.632+0000] {logging_mixin.py:190} INFO - [2024-12-05T00:19:53.632+0000] {dagbag.py:588} INFO - Filling up the DagBag from /home/airflow/.local/lib/python3.12/site-packages/airflow/example_dags/example_xcom.py
[2024-12-05T00:19:53.695+0000] {processor.py:925} INFO - DAG(s) 'example_xcom' retrieved from /home/airflow/.local/lib/python3.12/site-packages/airflow/example_dags/example_xcom.py
[2024-12-05T00:19:53.899+0000] {logging_mixin.py:190} INFO - [2024-12-05T00:19:53.898+0000] {dag.py:3239} INFO - Sync 1 DAGs
[2024-12-05T00:19:54.071+0000] {logging_mixin.py:190} INFO - [2024-12-05T00:19:54.070+0000] {dag.py:4180} INFO - Setting next_dagrun for example_xcom to 2021-01-01 00:00:00+00:00, run_after=2021-01-01 00:00:00+00:00
[2024-12-05T00:19:54.166+0000] {processor.py:208} INFO - Processing /home/airflow/.local/lib/python3.12/site-packages/airflow/example_dags/example_xcom.py took 0.604 seconds
[2024-12-05T00:20:49.988+0000] {processor.py:186} INFO - Started process (PID=1181) to work on /home/airflow/.local/lib/python3.12/site-packages/airflow/example_dags/example_xcom.py
[2024-12-05T00:20:50.050+0000] {processor.py:914} INFO - Processing file /home/airflow/.local/lib/python3.12/site-packages/airflow/example_dags/example_xcom.py for tasks to queue
[2024-12-05T00:20:50.058+0000] {logging_mixin.py:190} INFO - [2024-12-05T00:20:50.057+0000] {dagbag.py:588} INFO - Filling up the DagBag from /home/airflow/.local/lib/python3.12/site-packages/airflow/example_dags/example_xcom.py
[2024-12-05T00:20:50.138+0000] {processor.py:925} INFO - DAG(s) 'example_xcom' retrieved from /home/airflow/.local/lib/python3.12/site-packages/airflow/example_dags/example_xcom.py
[2024-12-05T00:20:50.504+0000] {logging_mixin.py:190} INFO - [2024-12-05T00:20:50.489+0000] {dag.py:3239} INFO - Sync 1 DAGs
[2024-12-05T00:20:50.853+0000] {logging_mixin.py:190} INFO - [2024-12-05T00:20:50.852+0000] {dag.py:4180} INFO - Setting next_dagrun for example_xcom to 2021-01-01 00:00:00+00:00, run_after=2021-01-01 00:00:00+00:00
[2024-12-05T00:20:51.090+0000] {processor.py:208} INFO - Processing /home/airflow/.local/lib/python3.12/site-packages/airflow/example_dags/example_xcom.py took 1.138 seconds
[2024-12-05T00:22:02.664+0000] {processor.py:186} INFO - Started process (PID=1271) to work on /home/airflow/.local/lib/python3.12/site-packages/airflow/example_dags/example_xcom.py
[2024-12-05T00:22:02.668+0000] {processor.py:914} INFO - Processing file /home/airflow/.local/lib/python3.12/site-packages/airflow/example_dags/example_xcom.py for tasks to queue
[2024-12-05T00:22:02.687+0000] {logging_mixin.py:190} INFO - [2024-12-05T00:22:02.686+0000] {dagbag.py:588} INFO - Filling up the DagBag from /home/airflow/.local/lib/python3.12/site-packages/airflow/example_dags/example_xcom.py
[2024-12-05T00:22:02.783+0000] {processor.py:925} INFO - DAG(s) 'example_xcom' retrieved from /home/airflow/.local/lib/python3.12/site-packages/airflow/example_dags/example_xcom.py
[2024-12-05T00:22:02.936+0000] {logging_mixin.py:190} INFO - [2024-12-05T00:22:02.935+0000] {dag.py:3239} INFO - Sync 1 DAGs
[2024-12-05T00:22:03.205+0000] {logging_mixin.py:190} INFO - [2024-12-05T00:22:03.201+0000] {dag.py:4180} INFO - Setting next_dagrun for example_xcom to 2021-01-01 00:00:00+00:00, run_after=2021-01-01 00:00:00+00:00
[2024-12-05T00:22:03.395+0000] {processor.py:208} INFO - Processing /home/airflow/.local/lib/python3.12/site-packages/airflow/example_dags/example_xcom.py took 0.747 seconds
[2024-12-05T00:22:56.985+0000] {processor.py:186} INFO - Started process (PID=1366) to work on /home/airflow/.local/lib/python3.12/site-packages/airflow/example_dags/example_xcom.py
[2024-12-05T00:22:56.991+0000] {processor.py:914} INFO - Processing file /home/airflow/.local/lib/python3.12/site-packages/airflow/example_dags/example_xcom.py for tasks to queue
[2024-12-05T00:22:57.006+0000] {logging_mixin.py:190} INFO - [2024-12-05T00:22:57.005+0000] {dagbag.py:588} INFO - Filling up the DagBag from /home/airflow/.local/lib/python3.12/site-packages/airflow/example_dags/example_xcom.py
[2024-12-05T00:22:57.088+0000] {processor.py:925} INFO - DAG(s) 'example_xcom' retrieved from /home/airflow/.local/lib/python3.12/site-packages/airflow/example_dags/example_xcom.py
[2024-12-05T00:22:57.294+0000] {logging_mixin.py:190} INFO - [2024-12-05T00:22:57.293+0000] {dag.py:3239} INFO - Sync 1 DAGs
[2024-12-05T00:22:57.453+0000] {logging_mixin.py:190} INFO - [2024-12-05T00:22:57.452+0000] {dag.py:4180} INFO - Setting next_dagrun for example_xcom to 2021-01-01 00:00:00+00:00, run_after=2021-01-01 00:00:00+00:00
[2024-12-05T00:22:57.545+0000] {processor.py:208} INFO - Processing /home/airflow/.local/lib/python3.12/site-packages/airflow/example_dags/example_xcom.py took 0.603 seconds
