[2024-12-05T00:00:09.367+0000] {processor.py:186} INFO - Started process (PID=350) to work on /home/airflow/.local/lib/python3.12/site-packages/airflow/example_dags/tutorial_taskflow_api.py
[2024-12-05T00:00:09.374+0000] {processor.py:914} INFO - Processing file /home/airflow/.local/lib/python3.12/site-packages/airflow/example_dags/tutorial_taskflow_api.py for tasks to queue
[2024-12-05T00:00:09.378+0000] {logging_mixin.py:190} INFO - [2024-12-05T00:00:09.377+0000] {dagbag.py:588} INFO - Filling up the DagBag from /home/airflow/.local/lib/python3.12/site-packages/airflow/example_dags/tutorial_taskflow_api.py
[2024-12-05T00:00:09.441+0000] {processor.py:925} INFO - DAG(s) 'tutorial_taskflow_api' retrieved from /home/airflow/.local/lib/python3.12/site-packages/airflow/example_dags/tutorial_taskflow_api.py
[2024-12-05T00:00:09.610+0000] {logging_mixin.py:190} INFO - [2024-12-05T00:00:09.609+0000] {dag.py:3239} INFO - Sync 1 DAGs
[2024-12-05T00:00:09.739+0000] {logging_mixin.py:190} INFO - [2024-12-05T00:00:09.738+0000] {dag.py:4180} INFO - Setting next_dagrun for tutorial_taskflow_api to None, run_after=None
[2024-12-05T00:00:09.856+0000] {processor.py:208} INFO - Processing /home/airflow/.local/lib/python3.12/site-packages/airflow/example_dags/tutorial_taskflow_api.py took 0.531 seconds
[2024-12-05T00:09:59.853+0000] {processor.py:186} INFO - Started process (PID=248) to work on /home/airflow/.local/lib/python3.12/site-packages/airflow/example_dags/tutorial_taskflow_api.py
[2024-12-05T00:09:59.896+0000] {processor.py:914} INFO - Processing file /home/airflow/.local/lib/python3.12/site-packages/airflow/example_dags/tutorial_taskflow_api.py for tasks to queue
[2024-12-05T00:09:59.929+0000] {logging_mixin.py:190} INFO - [2024-12-05T00:09:59.928+0000] {dagbag.py:588} INFO - Filling up the DagBag from /home/airflow/.local/lib/python3.12/site-packages/airflow/example_dags/tutorial_taskflow_api.py
[2024-12-05T00:09:59.978+0000] {processor.py:925} INFO - DAG(s) 'tutorial_taskflow_api' retrieved from /home/airflow/.local/lib/python3.12/site-packages/airflow/example_dags/tutorial_taskflow_api.py
[2024-12-05T00:10:00.109+0000] {logging_mixin.py:190} INFO - [2024-12-05T00:10:00.109+0000] {dag.py:3239} INFO - Sync 1 DAGs
[2024-12-05T00:10:00.181+0000] {logging_mixin.py:190} INFO - [2024-12-05T00:10:00.181+0000] {dag.py:4180} INFO - Setting next_dagrun for tutorial_taskflow_api to None, run_after=None
[2024-12-05T00:10:00.293+0000] {processor.py:208} INFO - Processing /home/airflow/.local/lib/python3.12/site-packages/airflow/example_dags/tutorial_taskflow_api.py took 0.467 seconds
[2024-12-05T00:10:43.879+0000] {processor.py:186} INFO - Started process (PID=319) to work on /home/airflow/.local/lib/python3.12/site-packages/airflow/example_dags/tutorial_taskflow_api.py
[2024-12-05T00:10:43.882+0000] {processor.py:914} INFO - Processing file /home/airflow/.local/lib/python3.12/site-packages/airflow/example_dags/tutorial_taskflow_api.py for tasks to queue
[2024-12-05T00:10:43.910+0000] {logging_mixin.py:190} INFO - [2024-12-05T00:10:43.908+0000] {dagbag.py:588} INFO - Filling up the DagBag from /home/airflow/.local/lib/python3.12/site-packages/airflow/example_dags/tutorial_taskflow_api.py
[2024-12-05T00:10:43.994+0000] {processor.py:925} INFO - DAG(s) 'tutorial_taskflow_api' retrieved from /home/airflow/.local/lib/python3.12/site-packages/airflow/example_dags/tutorial_taskflow_api.py
[2024-12-05T00:10:44.369+0000] {logging_mixin.py:190} INFO - [2024-12-05T00:10:44.368+0000] {dag.py:3239} INFO - Sync 1 DAGs
[2024-12-05T00:10:44.573+0000] {logging_mixin.py:190} INFO - [2024-12-05T00:10:44.573+0000] {dag.py:4180} INFO - Setting next_dagrun for tutorial_taskflow_api to None, run_after=None
[2024-12-05T00:10:44.868+0000] {processor.py:208} INFO - Processing /home/airflow/.local/lib/python3.12/site-packages/airflow/example_dags/tutorial_taskflow_api.py took 1.026 seconds
[2024-12-05T00:11:44.050+0000] {processor.py:186} INFO - Started process (PID=413) to work on /home/airflow/.local/lib/python3.12/site-packages/airflow/example_dags/tutorial_taskflow_api.py
[2024-12-05T00:11:44.052+0000] {processor.py:914} INFO - Processing file /home/airflow/.local/lib/python3.12/site-packages/airflow/example_dags/tutorial_taskflow_api.py for tasks to queue
[2024-12-05T00:11:44.068+0000] {logging_mixin.py:190} INFO - [2024-12-05T00:11:44.067+0000] {dagbag.py:588} INFO - Filling up the DagBag from /home/airflow/.local/lib/python3.12/site-packages/airflow/example_dags/tutorial_taskflow_api.py
[2024-12-05T00:11:44.108+0000] {processor.py:925} INFO - DAG(s) 'tutorial_taskflow_api' retrieved from /home/airflow/.local/lib/python3.12/site-packages/airflow/example_dags/tutorial_taskflow_api.py
[2024-12-05T00:11:44.349+0000] {logging_mixin.py:190} INFO - [2024-12-05T00:11:44.335+0000] {dag.py:3239} INFO - Sync 1 DAGs
[2024-12-05T00:11:44.478+0000] {logging_mixin.py:190} INFO - [2024-12-05T00:11:44.477+0000] {dag.py:4180} INFO - Setting next_dagrun for tutorial_taskflow_api to None, run_after=None
[2024-12-05T00:11:44.553+0000] {processor.py:208} INFO - Processing /home/airflow/.local/lib/python3.12/site-packages/airflow/example_dags/tutorial_taskflow_api.py took 0.523 seconds
[2024-12-05T00:12:51.259+0000] {processor.py:186} INFO - Started process (PID=504) to work on /home/airflow/.local/lib/python3.12/site-packages/airflow/example_dags/tutorial_taskflow_api.py
[2024-12-05T00:12:51.353+0000] {processor.py:914} INFO - Processing file /home/airflow/.local/lib/python3.12/site-packages/airflow/example_dags/tutorial_taskflow_api.py for tasks to queue
[2024-12-05T00:12:51.402+0000] {logging_mixin.py:190} INFO - [2024-12-05T00:12:51.402+0000] {dagbag.py:588} INFO - Filling up the DagBag from /home/airflow/.local/lib/python3.12/site-packages/airflow/example_dags/tutorial_taskflow_api.py
[2024-12-05T00:12:51.464+0000] {processor.py:925} INFO - DAG(s) 'tutorial_taskflow_api' retrieved from /home/airflow/.local/lib/python3.12/site-packages/airflow/example_dags/tutorial_taskflow_api.py
[2024-12-05T00:12:51.666+0000] {logging_mixin.py:190} INFO - [2024-12-05T00:12:51.665+0000] {dag.py:3239} INFO - Sync 1 DAGs
[2024-12-05T00:12:51.870+0000] {logging_mixin.py:190} INFO - [2024-12-05T00:12:51.868+0000] {dag.py:4180} INFO - Setting next_dagrun for tutorial_taskflow_api to None, run_after=None
[2024-12-05T00:12:52.264+0000] {processor.py:208} INFO - Processing /home/airflow/.local/lib/python3.12/site-packages/airflow/example_dags/tutorial_taskflow_api.py took 1.101 seconds
[2024-12-05T00:13:52.344+0000] {processor.py:186} INFO - Started process (PID=591) to work on /home/airflow/.local/lib/python3.12/site-packages/airflow/example_dags/tutorial_taskflow_api.py
[2024-12-05T00:13:52.363+0000] {processor.py:914} INFO - Processing file /home/airflow/.local/lib/python3.12/site-packages/airflow/example_dags/tutorial_taskflow_api.py for tasks to queue
[2024-12-05T00:13:52.414+0000] {logging_mixin.py:190} INFO - [2024-12-05T00:13:52.413+0000] {dagbag.py:588} INFO - Filling up the DagBag from /home/airflow/.local/lib/python3.12/site-packages/airflow/example_dags/tutorial_taskflow_api.py
[2024-12-05T00:13:52.489+0000] {processor.py:925} INFO - DAG(s) 'tutorial_taskflow_api' retrieved from /home/airflow/.local/lib/python3.12/site-packages/airflow/example_dags/tutorial_taskflow_api.py
[2024-12-05T00:13:52.593+0000] {logging_mixin.py:190} INFO - [2024-12-05T00:13:52.592+0000] {dag.py:3239} INFO - Sync 1 DAGs
[2024-12-05T00:13:52.725+0000] {logging_mixin.py:190} INFO - [2024-12-05T00:13:52.724+0000] {dag.py:4180} INFO - Setting next_dagrun for tutorial_taskflow_api to None, run_after=None
[2024-12-05T00:13:52.890+0000] {processor.py:208} INFO - Processing /home/airflow/.local/lib/python3.12/site-packages/airflow/example_dags/tutorial_taskflow_api.py took 0.585 seconds
[2024-12-05T00:14:47.178+0000] {processor.py:186} INFO - Started process (PID=659) to work on /home/airflow/.local/lib/python3.12/site-packages/airflow/example_dags/tutorial_taskflow_api.py
[2024-12-05T00:14:47.184+0000] {processor.py:914} INFO - Processing file /home/airflow/.local/lib/python3.12/site-packages/airflow/example_dags/tutorial_taskflow_api.py for tasks to queue
[2024-12-05T00:14:47.194+0000] {logging_mixin.py:190} INFO - [2024-12-05T00:14:47.192+0000] {dagbag.py:588} INFO - Filling up the DagBag from /home/airflow/.local/lib/python3.12/site-packages/airflow/example_dags/tutorial_taskflow_api.py
[2024-12-05T00:14:47.230+0000] {processor.py:925} INFO - DAG(s) 'tutorial_taskflow_api' retrieved from /home/airflow/.local/lib/python3.12/site-packages/airflow/example_dags/tutorial_taskflow_api.py
[2024-12-05T00:14:47.329+0000] {logging_mixin.py:190} INFO - [2024-12-05T00:14:47.329+0000] {dag.py:3239} INFO - Sync 1 DAGs
[2024-12-05T00:14:47.427+0000] {logging_mixin.py:190} INFO - [2024-12-05T00:14:47.426+0000] {dag.py:4180} INFO - Setting next_dagrun for tutorial_taskflow_api to None, run_after=None
[2024-12-05T00:14:47.504+0000] {processor.py:208} INFO - Processing /home/airflow/.local/lib/python3.12/site-packages/airflow/example_dags/tutorial_taskflow_api.py took 0.344 seconds
[2024-12-05T00:15:31.814+0000] {processor.py:186} INFO - Started process (PID=756) to work on /home/airflow/.local/lib/python3.12/site-packages/airflow/example_dags/tutorial_taskflow_api.py
[2024-12-05T00:15:31.825+0000] {processor.py:914} INFO - Processing file /home/airflow/.local/lib/python3.12/site-packages/airflow/example_dags/tutorial_taskflow_api.py for tasks to queue
[2024-12-05T00:15:31.836+0000] {logging_mixin.py:190} INFO - [2024-12-05T00:15:31.835+0000] {dagbag.py:588} INFO - Filling up the DagBag from /home/airflow/.local/lib/python3.12/site-packages/airflow/example_dags/tutorial_taskflow_api.py
[2024-12-05T00:15:31.899+0000] {processor.py:925} INFO - DAG(s) 'tutorial_taskflow_api' retrieved from /home/airflow/.local/lib/python3.12/site-packages/airflow/example_dags/tutorial_taskflow_api.py
[2024-12-05T00:15:32.011+0000] {logging_mixin.py:190} INFO - [2024-12-05T00:15:32.011+0000] {dag.py:3239} INFO - Sync 1 DAGs
[2024-12-05T00:15:32.168+0000] {logging_mixin.py:190} INFO - [2024-12-05T00:15:32.167+0000] {dag.py:4180} INFO - Setting next_dagrun for tutorial_taskflow_api to None, run_after=None
[2024-12-05T00:15:32.278+0000] {processor.py:208} INFO - Processing /home/airflow/.local/lib/python3.12/site-packages/airflow/example_dags/tutorial_taskflow_api.py took 0.486 seconds
[2024-12-05T00:16:30.657+0000] {processor.py:186} INFO - Started process (PID=829) to work on /home/airflow/.local/lib/python3.12/site-packages/airflow/example_dags/tutorial_taskflow_api.py
[2024-12-05T00:16:30.692+0000] {processor.py:914} INFO - Processing file /home/airflow/.local/lib/python3.12/site-packages/airflow/example_dags/tutorial_taskflow_api.py for tasks to queue
[2024-12-05T00:16:30.734+0000] {logging_mixin.py:190} INFO - [2024-12-05T00:16:30.734+0000] {dagbag.py:588} INFO - Filling up the DagBag from /home/airflow/.local/lib/python3.12/site-packages/airflow/example_dags/tutorial_taskflow_api.py
[2024-12-05T00:16:30.799+0000] {processor.py:925} INFO - DAG(s) 'tutorial_taskflow_api' retrieved from /home/airflow/.local/lib/python3.12/site-packages/airflow/example_dags/tutorial_taskflow_api.py
[2024-12-05T00:16:30.961+0000] {logging_mixin.py:190} INFO - [2024-12-05T00:16:30.956+0000] {dag.py:3239} INFO - Sync 1 DAGs
[2024-12-05T00:16:31.099+0000] {logging_mixin.py:190} INFO - [2024-12-05T00:16:31.098+0000] {dag.py:4180} INFO - Setting next_dagrun for tutorial_taskflow_api to None, run_after=None
[2024-12-05T00:16:31.254+0000] {processor.py:208} INFO - Processing /home/airflow/.local/lib/python3.12/site-packages/airflow/example_dags/tutorial_taskflow_api.py took 0.657 seconds
[2024-12-05T00:17:38.194+0000] {processor.py:186} INFO - Started process (PID=926) to work on /home/airflow/.local/lib/python3.12/site-packages/airflow/example_dags/tutorial_taskflow_api.py
[2024-12-05T00:17:38.227+0000] {processor.py:914} INFO - Processing file /home/airflow/.local/lib/python3.12/site-packages/airflow/example_dags/tutorial_taskflow_api.py for tasks to queue
[2024-12-05T00:17:38.312+0000] {logging_mixin.py:190} INFO - [2024-12-05T00:17:38.310+0000] {dagbag.py:588} INFO - Filling up the DagBag from /home/airflow/.local/lib/python3.12/site-packages/airflow/example_dags/tutorial_taskflow_api.py
[2024-12-05T00:17:38.475+0000] {processor.py:925} INFO - DAG(s) 'tutorial_taskflow_api' retrieved from /home/airflow/.local/lib/python3.12/site-packages/airflow/example_dags/tutorial_taskflow_api.py
[2024-12-05T00:17:38.736+0000] {logging_mixin.py:190} INFO - [2024-12-05T00:17:38.734+0000] {dag.py:3239} INFO - Sync 1 DAGs
[2024-12-05T00:17:39.089+0000] {logging_mixin.py:190} INFO - [2024-12-05T00:17:39.088+0000] {dag.py:4180} INFO - Setting next_dagrun for tutorial_taskflow_api to None, run_after=None
[2024-12-05T00:17:39.270+0000] {processor.py:208} INFO - Processing /home/airflow/.local/lib/python3.12/site-packages/airflow/example_dags/tutorial_taskflow_api.py took 1.212 seconds
[2024-12-05T00:18:49.606+0000] {processor.py:186} INFO - Started process (PID=1006) to work on /home/airflow/.local/lib/python3.12/site-packages/airflow/example_dags/tutorial_taskflow_api.py
[2024-12-05T00:18:49.609+0000] {processor.py:914} INFO - Processing file /home/airflow/.local/lib/python3.12/site-packages/airflow/example_dags/tutorial_taskflow_api.py for tasks to queue
[2024-12-05T00:18:49.624+0000] {logging_mixin.py:190} INFO - [2024-12-05T00:18:49.623+0000] {dagbag.py:588} INFO - Filling up the DagBag from /home/airflow/.local/lib/python3.12/site-packages/airflow/example_dags/tutorial_taskflow_api.py
[2024-12-05T00:18:49.669+0000] {processor.py:925} INFO - DAG(s) 'tutorial_taskflow_api' retrieved from /home/airflow/.local/lib/python3.12/site-packages/airflow/example_dags/tutorial_taskflow_api.py
[2024-12-05T00:18:49.782+0000] {logging_mixin.py:190} INFO - [2024-12-05T00:18:49.781+0000] {dag.py:3239} INFO - Sync 1 DAGs
[2024-12-05T00:18:49.849+0000] {logging_mixin.py:190} INFO - [2024-12-05T00:18:49.849+0000] {dag.py:4180} INFO - Setting next_dagrun for tutorial_taskflow_api to None, run_after=None
[2024-12-05T00:18:49.960+0000] {processor.py:208} INFO - Processing /home/airflow/.local/lib/python3.12/site-packages/airflow/example_dags/tutorial_taskflow_api.py took 0.380 seconds
[2024-12-05T00:19:47.115+0000] {processor.py:186} INFO - Started process (PID=1091) to work on /home/airflow/.local/lib/python3.12/site-packages/airflow/example_dags/tutorial_taskflow_api.py
[2024-12-05T00:19:47.117+0000] {processor.py:914} INFO - Processing file /home/airflow/.local/lib/python3.12/site-packages/airflow/example_dags/tutorial_taskflow_api.py for tasks to queue
[2024-12-05T00:19:47.151+0000] {logging_mixin.py:190} INFO - [2024-12-05T00:19:47.148+0000] {dagbag.py:588} INFO - Filling up the DagBag from /home/airflow/.local/lib/python3.12/site-packages/airflow/example_dags/tutorial_taskflow_api.py
[2024-12-05T00:19:47.247+0000] {processor.py:925} INFO - DAG(s) 'tutorial_taskflow_api' retrieved from /home/airflow/.local/lib/python3.12/site-packages/airflow/example_dags/tutorial_taskflow_api.py
[2024-12-05T00:19:47.498+0000] {logging_mixin.py:190} INFO - [2024-12-05T00:19:47.497+0000] {dag.py:3239} INFO - Sync 1 DAGs
[2024-12-05T00:19:47.696+0000] {logging_mixin.py:190} INFO - [2024-12-05T00:19:47.695+0000] {dag.py:4180} INFO - Setting next_dagrun for tutorial_taskflow_api to None, run_after=None
[2024-12-05T00:19:47.883+0000] {processor.py:208} INFO - Processing /home/airflow/.local/lib/python3.12/site-packages/airflow/example_dags/tutorial_taskflow_api.py took 0.815 seconds
[2024-12-05T00:20:42.020+0000] {processor.py:186} INFO - Started process (PID=1169) to work on /home/airflow/.local/lib/python3.12/site-packages/airflow/example_dags/tutorial_taskflow_api.py
[2024-12-05T00:20:42.035+0000] {processor.py:914} INFO - Processing file /home/airflow/.local/lib/python3.12/site-packages/airflow/example_dags/tutorial_taskflow_api.py for tasks to queue
[2024-12-05T00:20:42.085+0000] {logging_mixin.py:190} INFO - [2024-12-05T00:20:42.084+0000] {dagbag.py:588} INFO - Filling up the DagBag from /home/airflow/.local/lib/python3.12/site-packages/airflow/example_dags/tutorial_taskflow_api.py
[2024-12-05T00:20:42.438+0000] {processor.py:925} INFO - DAG(s) 'tutorial_taskflow_api' retrieved from /home/airflow/.local/lib/python3.12/site-packages/airflow/example_dags/tutorial_taskflow_api.py
[2024-12-05T00:20:42.548+0000] {logging_mixin.py:190} INFO - [2024-12-05T00:20:42.547+0000] {dag.py:3239} INFO - Sync 1 DAGs
[2024-12-05T00:20:42.915+0000] {logging_mixin.py:190} INFO - [2024-12-05T00:20:42.914+0000] {dag.py:4180} INFO - Setting next_dagrun for tutorial_taskflow_api to None, run_after=None
[2024-12-05T00:20:43.136+0000] {processor.py:208} INFO - Processing /home/airflow/.local/lib/python3.12/site-packages/airflow/example_dags/tutorial_taskflow_api.py took 1.229 seconds
[2024-12-05T00:21:32.330+0000] {processor.py:186} INFO - Started process (PID=1241) to work on /home/airflow/.local/lib/python3.12/site-packages/airflow/example_dags/tutorial_taskflow_api.py
[2024-12-05T00:21:32.332+0000] {processor.py:914} INFO - Processing file /home/airflow/.local/lib/python3.12/site-packages/airflow/example_dags/tutorial_taskflow_api.py for tasks to queue
[2024-12-05T00:21:32.337+0000] {logging_mixin.py:190} INFO - [2024-12-05T00:21:32.336+0000] {dagbag.py:588} INFO - Filling up the DagBag from /home/airflow/.local/lib/python3.12/site-packages/airflow/example_dags/tutorial_taskflow_api.py
[2024-12-05T00:21:32.382+0000] {processor.py:925} INFO - DAG(s) 'tutorial_taskflow_api' retrieved from /home/airflow/.local/lib/python3.12/site-packages/airflow/example_dags/tutorial_taskflow_api.py
[2024-12-05T00:21:32.480+0000] {logging_mixin.py:190} INFO - [2024-12-05T00:21:32.479+0000] {dag.py:3239} INFO - Sync 1 DAGs
[2024-12-05T00:21:32.540+0000] {logging_mixin.py:190} INFO - [2024-12-05T00:21:32.534+0000] {dag.py:4180} INFO - Setting next_dagrun for tutorial_taskflow_api to None, run_after=None
[2024-12-05T00:21:32.617+0000] {processor.py:208} INFO - Processing /home/airflow/.local/lib/python3.12/site-packages/airflow/example_dags/tutorial_taskflow_api.py took 0.307 seconds
[2024-12-05T00:22:26.527+0000] {processor.py:186} INFO - Started process (PID=1324) to work on /home/airflow/.local/lib/python3.12/site-packages/airflow/example_dags/tutorial_taskflow_api.py
[2024-12-05T00:22:26.530+0000] {processor.py:914} INFO - Processing file /home/airflow/.local/lib/python3.12/site-packages/airflow/example_dags/tutorial_taskflow_api.py for tasks to queue
[2024-12-05T00:22:26.545+0000] {logging_mixin.py:190} INFO - [2024-12-05T00:22:26.544+0000] {dagbag.py:588} INFO - Filling up the DagBag from /home/airflow/.local/lib/python3.12/site-packages/airflow/example_dags/tutorial_taskflow_api.py
[2024-12-05T00:22:26.665+0000] {processor.py:925} INFO - DAG(s) 'tutorial_taskflow_api' retrieved from /home/airflow/.local/lib/python3.12/site-packages/airflow/example_dags/tutorial_taskflow_api.py
[2024-12-05T00:22:26.903+0000] {logging_mixin.py:190} INFO - [2024-12-05T00:22:26.902+0000] {dag.py:3239} INFO - Sync 1 DAGs
[2024-12-05T00:22:27.016+0000] {logging_mixin.py:190} INFO - [2024-12-05T00:22:27.015+0000] {dag.py:4180} INFO - Setting next_dagrun for tutorial_taskflow_api to None, run_after=None
[2024-12-05T00:22:27.135+0000] {processor.py:208} INFO - Processing /home/airflow/.local/lib/python3.12/site-packages/airflow/example_dags/tutorial_taskflow_api.py took 0.661 seconds
[2024-12-05T00:23:21.837+0000] {processor.py:186} INFO - Started process (PID=1401) to work on /home/airflow/.local/lib/python3.12/site-packages/airflow/example_dags/tutorial_taskflow_api.py
[2024-12-05T00:23:21.963+0000] {processor.py:914} INFO - Processing file /home/airflow/.local/lib/python3.12/site-packages/airflow/example_dags/tutorial_taskflow_api.py for tasks to queue
[2024-12-05T00:23:21.982+0000] {logging_mixin.py:190} INFO - [2024-12-05T00:23:21.981+0000] {dagbag.py:588} INFO - Filling up the DagBag from /home/airflow/.local/lib/python3.12/site-packages/airflow/example_dags/tutorial_taskflow_api.py
[2024-12-05T00:23:22.206+0000] {processor.py:925} INFO - DAG(s) 'tutorial_taskflow_api' retrieved from /home/airflow/.local/lib/python3.12/site-packages/airflow/example_dags/tutorial_taskflow_api.py
[2024-12-05T00:23:22.484+0000] {logging_mixin.py:190} INFO - [2024-12-05T00:23:22.483+0000] {dag.py:3239} INFO - Sync 1 DAGs
[2024-12-05T00:23:22.679+0000] {logging_mixin.py:190} INFO - [2024-12-05T00:23:22.679+0000] {dag.py:4180} INFO - Setting next_dagrun for tutorial_taskflow_api to None, run_after=None
[2024-12-05T00:23:22.981+0000] {processor.py:208} INFO - Processing /home/airflow/.local/lib/python3.12/site-packages/airflow/example_dags/tutorial_taskflow_api.py took 1.225 seconds
