[2024-12-05T00:00:06.403+0000] {processor.py:186} INFO - Started process (PID=347) to work on /home/airflow/.local/lib/python3.12/site-packages/airflow/example_dags/tutorial_objectstorage.py
[2024-12-05T00:00:06.409+0000] {processor.py:914} INFO - Processing file /home/airflow/.local/lib/python3.12/site-packages/airflow/example_dags/tutorial_objectstorage.py for tasks to queue
[2024-12-05T00:00:06.413+0000] {logging_mixin.py:190} INFO - [2024-12-05T00:00:06.412+0000] {dagbag.py:588} INFO - Filling up the DagBag from /home/airflow/.local/lib/python3.12/site-packages/airflow/example_dags/tutorial_objectstorage.py
[2024-12-05T00:00:06.463+0000] {processor.py:925} INFO - DAG(s) 'tutorial_objectstorage' retrieved from /home/airflow/.local/lib/python3.12/site-packages/airflow/example_dags/tutorial_objectstorage.py
[2024-12-05T00:00:06.535+0000] {logging_mixin.py:190} INFO - [2024-12-05T00:00:06.534+0000] {dag.py:3239} INFO - Sync 1 DAGs
[2024-12-05T00:00:06.591+0000] {logging_mixin.py:190} INFO - [2024-12-05T00:00:06.591+0000] {dag.py:4180} INFO - Setting next_dagrun for tutorial_objectstorage to None, run_after=None
[2024-12-05T00:00:06.671+0000] {processor.py:208} INFO - Processing /home/airflow/.local/lib/python3.12/site-packages/airflow/example_dags/tutorial_objectstorage.py took 0.290 seconds
[2024-12-05T00:09:56.936+0000] {processor.py:186} INFO - Started process (PID=245) to work on /home/airflow/.local/lib/python3.12/site-packages/airflow/example_dags/tutorial_objectstorage.py
[2024-12-05T00:09:56.954+0000] {processor.py:914} INFO - Processing file /home/airflow/.local/lib/python3.12/site-packages/airflow/example_dags/tutorial_objectstorage.py for tasks to queue
[2024-12-05T00:09:57.007+0000] {logging_mixin.py:190} INFO - [2024-12-05T00:09:57.006+0000] {dagbag.py:588} INFO - Filling up the DagBag from /home/airflow/.local/lib/python3.12/site-packages/airflow/example_dags/tutorial_objectstorage.py
[2024-12-05T00:09:57.188+0000] {processor.py:925} INFO - DAG(s) 'tutorial_objectstorage' retrieved from /home/airflow/.local/lib/python3.12/site-packages/airflow/example_dags/tutorial_objectstorage.py
[2024-12-05T00:09:57.501+0000] {logging_mixin.py:190} INFO - [2024-12-05T00:09:57.501+0000] {dag.py:3239} INFO - Sync 1 DAGs
[2024-12-05T00:09:57.635+0000] {logging_mixin.py:190} INFO - [2024-12-05T00:09:57.635+0000] {dag.py:4180} INFO - Setting next_dagrun for tutorial_objectstorage to None, run_after=None
[2024-12-05T00:09:57.715+0000] {processor.py:208} INFO - Processing /home/airflow/.local/lib/python3.12/site-packages/airflow/example_dags/tutorial_objectstorage.py took 0.821 seconds
[2024-12-05T00:10:42.061+0000] {processor.py:186} INFO - Started process (PID=316) to work on /home/airflow/.local/lib/python3.12/site-packages/airflow/example_dags/tutorial_objectstorage.py
[2024-12-05T00:10:42.085+0000] {processor.py:914} INFO - Processing file /home/airflow/.local/lib/python3.12/site-packages/airflow/example_dags/tutorial_objectstorage.py for tasks to queue
[2024-12-05T00:10:42.097+0000] {logging_mixin.py:190} INFO - [2024-12-05T00:10:42.095+0000] {dagbag.py:588} INFO - Filling up the DagBag from /home/airflow/.local/lib/python3.12/site-packages/airflow/example_dags/tutorial_objectstorage.py
[2024-12-05T00:10:42.136+0000] {processor.py:925} INFO - DAG(s) 'tutorial_objectstorage' retrieved from /home/airflow/.local/lib/python3.12/site-packages/airflow/example_dags/tutorial_objectstorage.py
[2024-12-05T00:10:42.232+0000] {logging_mixin.py:190} INFO - [2024-12-05T00:10:42.231+0000] {dag.py:3239} INFO - Sync 1 DAGs
[2024-12-05T00:10:42.358+0000] {logging_mixin.py:190} INFO - [2024-12-05T00:10:42.357+0000] {dag.py:4180} INFO - Setting next_dagrun for tutorial_objectstorage to None, run_after=None
[2024-12-05T00:10:42.497+0000] {processor.py:208} INFO - Processing /home/airflow/.local/lib/python3.12/site-packages/airflow/example_dags/tutorial_objectstorage.py took 0.516 seconds
[2024-12-05T00:11:41.106+0000] {processor.py:186} INFO - Started process (PID=410) to work on /home/airflow/.local/lib/python3.12/site-packages/airflow/example_dags/tutorial_objectstorage.py
[2024-12-05T00:11:41.110+0000] {processor.py:914} INFO - Processing file /home/airflow/.local/lib/python3.12/site-packages/airflow/example_dags/tutorial_objectstorage.py for tasks to queue
[2024-12-05T00:11:41.133+0000] {logging_mixin.py:190} INFO - [2024-12-05T00:11:41.132+0000] {dagbag.py:588} INFO - Filling up the DagBag from /home/airflow/.local/lib/python3.12/site-packages/airflow/example_dags/tutorial_objectstorage.py
[2024-12-05T00:11:41.219+0000] {processor.py:925} INFO - DAG(s) 'tutorial_objectstorage' retrieved from /home/airflow/.local/lib/python3.12/site-packages/airflow/example_dags/tutorial_objectstorage.py
[2024-12-05T00:11:41.288+0000] {logging_mixin.py:190} INFO - [2024-12-05T00:11:41.287+0000] {dag.py:3239} INFO - Sync 1 DAGs
[2024-12-05T00:11:41.370+0000] {logging_mixin.py:190} INFO - [2024-12-05T00:11:41.369+0000] {dag.py:4180} INFO - Setting next_dagrun for tutorial_objectstorage to None, run_after=None
[2024-12-05T00:11:41.583+0000] {processor.py:208} INFO - Processing /home/airflow/.local/lib/python3.12/site-packages/airflow/example_dags/tutorial_objectstorage.py took 0.515 seconds
[2024-12-05T00:12:47.684+0000] {processor.py:186} INFO - Started process (PID=501) to work on /home/airflow/.local/lib/python3.12/site-packages/airflow/example_dags/tutorial_objectstorage.py
[2024-12-05T00:12:47.688+0000] {processor.py:914} INFO - Processing file /home/airflow/.local/lib/python3.12/site-packages/airflow/example_dags/tutorial_objectstorage.py for tasks to queue
[2024-12-05T00:12:47.816+0000] {logging_mixin.py:190} INFO - [2024-12-05T00:12:47.757+0000] {dagbag.py:588} INFO - Filling up the DagBag from /home/airflow/.local/lib/python3.12/site-packages/airflow/example_dags/tutorial_objectstorage.py
[2024-12-05T00:12:48.124+0000] {processor.py:925} INFO - DAG(s) 'tutorial_objectstorage' retrieved from /home/airflow/.local/lib/python3.12/site-packages/airflow/example_dags/tutorial_objectstorage.py
[2024-12-05T00:12:48.322+0000] {logging_mixin.py:190} INFO - [2024-12-05T00:12:48.322+0000] {dag.py:3239} INFO - Sync 1 DAGs
[2024-12-05T00:12:48.511+0000] {logging_mixin.py:190} INFO - [2024-12-05T00:12:48.508+0000] {dag.py:4180} INFO - Setting next_dagrun for tutorial_objectstorage to None, run_after=None
[2024-12-05T00:12:48.770+0000] {processor.py:208} INFO - Processing /home/airflow/.local/lib/python3.12/site-packages/airflow/example_dags/tutorial_objectstorage.py took 1.198 seconds
[2024-12-05T00:13:49.259+0000] {processor.py:186} INFO - Started process (PID=588) to work on /home/airflow/.local/lib/python3.12/site-packages/airflow/example_dags/tutorial_objectstorage.py
[2024-12-05T00:13:49.281+0000] {processor.py:914} INFO - Processing file /home/airflow/.local/lib/python3.12/site-packages/airflow/example_dags/tutorial_objectstorage.py for tasks to queue
[2024-12-05T00:13:49.295+0000] {logging_mixin.py:190} INFO - [2024-12-05T00:13:49.294+0000] {dagbag.py:588} INFO - Filling up the DagBag from /home/airflow/.local/lib/python3.12/site-packages/airflow/example_dags/tutorial_objectstorage.py
[2024-12-05T00:13:49.383+0000] {processor.py:925} INFO - DAG(s) 'tutorial_objectstorage' retrieved from /home/airflow/.local/lib/python3.12/site-packages/airflow/example_dags/tutorial_objectstorage.py
[2024-12-05T00:13:49.531+0000] {logging_mixin.py:190} INFO - [2024-12-05T00:13:49.530+0000] {dag.py:3239} INFO - Sync 1 DAGs
[2024-12-05T00:13:49.603+0000] {logging_mixin.py:190} INFO - [2024-12-05T00:13:49.603+0000] {dag.py:4180} INFO - Setting next_dagrun for tutorial_objectstorage to None, run_after=None
[2024-12-05T00:13:49.700+0000] {processor.py:208} INFO - Processing /home/airflow/.local/lib/python3.12/site-packages/airflow/example_dags/tutorial_objectstorage.py took 0.467 seconds
[2024-12-05T00:14:42.225+0000] {processor.py:186} INFO - Started process (PID=656) to work on /home/airflow/.local/lib/python3.12/site-packages/airflow/example_dags/tutorial_objectstorage.py
[2024-12-05T00:14:42.238+0000] {processor.py:914} INFO - Processing file /home/airflow/.local/lib/python3.12/site-packages/airflow/example_dags/tutorial_objectstorage.py for tasks to queue
[2024-12-05T00:14:42.254+0000] {logging_mixin.py:190} INFO - [2024-12-05T00:14:42.253+0000] {dagbag.py:588} INFO - Filling up the DagBag from /home/airflow/.local/lib/python3.12/site-packages/airflow/example_dags/tutorial_objectstorage.py
[2024-12-05T00:14:42.310+0000] {processor.py:925} INFO - DAG(s) 'tutorial_objectstorage' retrieved from /home/airflow/.local/lib/python3.12/site-packages/airflow/example_dags/tutorial_objectstorage.py
[2024-12-05T00:14:42.407+0000] {logging_mixin.py:190} INFO - [2024-12-05T00:14:42.405+0000] {dag.py:3239} INFO - Sync 1 DAGs
[2024-12-05T00:14:42.521+0000] {logging_mixin.py:190} INFO - [2024-12-05T00:14:42.520+0000] {dag.py:4180} INFO - Setting next_dagrun for tutorial_objectstorage to None, run_after=None
[2024-12-05T00:14:44.052+0000] {processor.py:208} INFO - Processing /home/airflow/.local/lib/python3.12/site-packages/airflow/example_dags/tutorial_objectstorage.py took 1.866 seconds
[2024-12-05T00:15:29.478+0000] {processor.py:186} INFO - Started process (PID=747) to work on /home/airflow/.local/lib/python3.12/site-packages/airflow/example_dags/tutorial_objectstorage.py
[2024-12-05T00:15:29.496+0000] {processor.py:914} INFO - Processing file /home/airflow/.local/lib/python3.12/site-packages/airflow/example_dags/tutorial_objectstorage.py for tasks to queue
[2024-12-05T00:15:29.531+0000] {logging_mixin.py:190} INFO - [2024-12-05T00:15:29.530+0000] {dagbag.py:588} INFO - Filling up the DagBag from /home/airflow/.local/lib/python3.12/site-packages/airflow/example_dags/tutorial_objectstorage.py
[2024-12-05T00:15:29.781+0000] {processor.py:925} INFO - DAG(s) 'tutorial_objectstorage' retrieved from /home/airflow/.local/lib/python3.12/site-packages/airflow/example_dags/tutorial_objectstorage.py
[2024-12-05T00:15:29.979+0000] {logging_mixin.py:190} INFO - [2024-12-05T00:15:29.978+0000] {dag.py:3239} INFO - Sync 1 DAGs
[2024-12-05T00:15:30.193+0000] {logging_mixin.py:190} INFO - [2024-12-05T00:15:30.190+0000] {dag.py:4180} INFO - Setting next_dagrun for tutorial_objectstorage to None, run_after=None
[2024-12-05T00:15:30.549+0000] {processor.py:208} INFO - Processing /home/airflow/.local/lib/python3.12/site-packages/airflow/example_dags/tutorial_objectstorage.py took 1.126 seconds
[2024-12-05T00:16:24.544+0000] {processor.py:186} INFO - Started process (PID=826) to work on /home/airflow/.local/lib/python3.12/site-packages/airflow/example_dags/tutorial_objectstorage.py
[2024-12-05T00:16:24.593+0000] {processor.py:914} INFO - Processing file /home/airflow/.local/lib/python3.12/site-packages/airflow/example_dags/tutorial_objectstorage.py for tasks to queue
[2024-12-05T00:16:24.612+0000] {logging_mixin.py:190} INFO - [2024-12-05T00:16:24.611+0000] {dagbag.py:588} INFO - Filling up the DagBag from /home/airflow/.local/lib/python3.12/site-packages/airflow/example_dags/tutorial_objectstorage.py
[2024-12-05T00:16:24.835+0000] {processor.py:925} INFO - DAG(s) 'tutorial_objectstorage' retrieved from /home/airflow/.local/lib/python3.12/site-packages/airflow/example_dags/tutorial_objectstorage.py
[2024-12-05T00:16:25.160+0000] {logging_mixin.py:190} INFO - [2024-12-05T00:16:25.159+0000] {dag.py:3239} INFO - Sync 1 DAGs
[2024-12-05T00:16:25.588+0000] {logging_mixin.py:190} INFO - [2024-12-05T00:16:25.588+0000] {dag.py:4180} INFO - Setting next_dagrun for tutorial_objectstorage to None, run_after=None
[2024-12-05T00:16:25.940+0000] {processor.py:208} INFO - Processing /home/airflow/.local/lib/python3.12/site-packages/airflow/example_dags/tutorial_objectstorage.py took 1.473 seconds
[2024-12-05T00:17:33.425+0000] {processor.py:186} INFO - Started process (PID=923) to work on /home/airflow/.local/lib/python3.12/site-packages/airflow/example_dags/tutorial_objectstorage.py
[2024-12-05T00:17:33.440+0000] {processor.py:914} INFO - Processing file /home/airflow/.local/lib/python3.12/site-packages/airflow/example_dags/tutorial_objectstorage.py for tasks to queue
[2024-12-05T00:17:33.473+0000] {logging_mixin.py:190} INFO - [2024-12-05T00:17:33.472+0000] {dagbag.py:588} INFO - Filling up the DagBag from /home/airflow/.local/lib/python3.12/site-packages/airflow/example_dags/tutorial_objectstorage.py
[2024-12-05T00:17:33.562+0000] {processor.py:925} INFO - DAG(s) 'tutorial_objectstorage' retrieved from /home/airflow/.local/lib/python3.12/site-packages/airflow/example_dags/tutorial_objectstorage.py
[2024-12-05T00:17:33.881+0000] {logging_mixin.py:190} INFO - [2024-12-05T00:17:33.880+0000] {dag.py:3239} INFO - Sync 1 DAGs
[2024-12-05T00:17:34.129+0000] {logging_mixin.py:190} INFO - [2024-12-05T00:17:34.128+0000] {dag.py:4180} INFO - Setting next_dagrun for tutorial_objectstorage to None, run_after=None
[2024-12-05T00:17:34.343+0000] {processor.py:208} INFO - Processing /home/airflow/.local/lib/python3.12/site-packages/airflow/example_dags/tutorial_objectstorage.py took 1.009 seconds
[2024-12-05T00:18:46.403+0000] {processor.py:186} INFO - Started process (PID=1003) to work on /home/airflow/.local/lib/python3.12/site-packages/airflow/example_dags/tutorial_objectstorage.py
[2024-12-05T00:18:46.424+0000] {processor.py:914} INFO - Processing file /home/airflow/.local/lib/python3.12/site-packages/airflow/example_dags/tutorial_objectstorage.py for tasks to queue
[2024-12-05T00:18:46.439+0000] {logging_mixin.py:190} INFO - [2024-12-05T00:18:46.438+0000] {dagbag.py:588} INFO - Filling up the DagBag from /home/airflow/.local/lib/python3.12/site-packages/airflow/example_dags/tutorial_objectstorage.py
[2024-12-05T00:18:46.552+0000] {processor.py:925} INFO - DAG(s) 'tutorial_objectstorage' retrieved from /home/airflow/.local/lib/python3.12/site-packages/airflow/example_dags/tutorial_objectstorage.py
[2024-12-05T00:18:46.678+0000] {logging_mixin.py:190} INFO - [2024-12-05T00:18:46.678+0000] {dag.py:3239} INFO - Sync 1 DAGs
[2024-12-05T00:18:46.801+0000] {logging_mixin.py:190} INFO - [2024-12-05T00:18:46.801+0000] {dag.py:4180} INFO - Setting next_dagrun for tutorial_objectstorage to None, run_after=None
[2024-12-05T00:18:46.974+0000] {processor.py:208} INFO - Processing /home/airflow/.local/lib/python3.12/site-packages/airflow/example_dags/tutorial_objectstorage.py took 0.605 seconds
[2024-12-05T00:19:40.646+0000] {processor.py:186} INFO - Started process (PID=1088) to work on /home/airflow/.local/lib/python3.12/site-packages/airflow/example_dags/tutorial_objectstorage.py
[2024-12-05T00:19:40.717+0000] {processor.py:914} INFO - Processing file /home/airflow/.local/lib/python3.12/site-packages/airflow/example_dags/tutorial_objectstorage.py for tasks to queue
[2024-12-05T00:19:40.744+0000] {logging_mixin.py:190} INFO - [2024-12-05T00:19:40.742+0000] {dagbag.py:588} INFO - Filling up the DagBag from /home/airflow/.local/lib/python3.12/site-packages/airflow/example_dags/tutorial_objectstorage.py
[2024-12-05T00:19:40.875+0000] {processor.py:925} INFO - DAG(s) 'tutorial_objectstorage' retrieved from /home/airflow/.local/lib/python3.12/site-packages/airflow/example_dags/tutorial_objectstorage.py
[2024-12-05T00:19:41.217+0000] {logging_mixin.py:190} INFO - [2024-12-05T00:19:41.203+0000] {dag.py:3239} INFO - Sync 1 DAGs
[2024-12-05T00:19:41.526+0000] {logging_mixin.py:190} INFO - [2024-12-05T00:19:41.499+0000] {dag.py:4180} INFO - Setting next_dagrun for tutorial_objectstorage to None, run_after=None
[2024-12-05T00:19:42.018+0000] {processor.py:208} INFO - Processing /home/airflow/.local/lib/python3.12/site-packages/airflow/example_dags/tutorial_objectstorage.py took 1.426 seconds
[2024-12-05T00:20:38.251+0000] {processor.py:186} INFO - Started process (PID=1166) to work on /home/airflow/.local/lib/python3.12/site-packages/airflow/example_dags/tutorial_objectstorage.py
[2024-12-05T00:20:38.273+0000] {processor.py:914} INFO - Processing file /home/airflow/.local/lib/python3.12/site-packages/airflow/example_dags/tutorial_objectstorage.py for tasks to queue
[2024-12-05T00:20:38.302+0000] {logging_mixin.py:190} INFO - [2024-12-05T00:20:38.301+0000] {dagbag.py:588} INFO - Filling up the DagBag from /home/airflow/.local/lib/python3.12/site-packages/airflow/example_dags/tutorial_objectstorage.py
[2024-12-05T00:20:38.379+0000] {processor.py:925} INFO - DAG(s) 'tutorial_objectstorage' retrieved from /home/airflow/.local/lib/python3.12/site-packages/airflow/example_dags/tutorial_objectstorage.py
[2024-12-05T00:20:38.587+0000] {logging_mixin.py:190} INFO - [2024-12-05T00:20:38.587+0000] {dag.py:3239} INFO - Sync 1 DAGs
[2024-12-05T00:20:38.802+0000] {logging_mixin.py:190} INFO - [2024-12-05T00:20:38.802+0000] {dag.py:4180} INFO - Setting next_dagrun for tutorial_objectstorage to None, run_after=None
[2024-12-05T00:20:38.999+0000] {processor.py:208} INFO - Processing /home/airflow/.local/lib/python3.12/site-packages/airflow/example_dags/tutorial_objectstorage.py took 0.938 seconds
[2024-12-05T00:21:29.648+0000] {processor.py:186} INFO - Started process (PID=1238) to work on /home/airflow/.local/lib/python3.12/site-packages/airflow/example_dags/tutorial_objectstorage.py
[2024-12-05T00:21:29.654+0000] {processor.py:914} INFO - Processing file /home/airflow/.local/lib/python3.12/site-packages/airflow/example_dags/tutorial_objectstorage.py for tasks to queue
[2024-12-05T00:21:29.683+0000] {logging_mixin.py:190} INFO - [2024-12-05T00:21:29.665+0000] {dagbag.py:588} INFO - Filling up the DagBag from /home/airflow/.local/lib/python3.12/site-packages/airflow/example_dags/tutorial_objectstorage.py
[2024-12-05T00:21:29.743+0000] {processor.py:925} INFO - DAG(s) 'tutorial_objectstorage' retrieved from /home/airflow/.local/lib/python3.12/site-packages/airflow/example_dags/tutorial_objectstorage.py
[2024-12-05T00:21:29.865+0000] {logging_mixin.py:190} INFO - [2024-12-05T00:21:29.864+0000] {dag.py:3239} INFO - Sync 1 DAGs
[2024-12-05T00:21:29.970+0000] {logging_mixin.py:190} INFO - [2024-12-05T00:21:29.970+0000] {dag.py:4180} INFO - Setting next_dagrun for tutorial_objectstorage to None, run_after=None
[2024-12-05T00:21:30.249+0000] {processor.py:208} INFO - Processing /home/airflow/.local/lib/python3.12/site-packages/airflow/example_dags/tutorial_objectstorage.py took 0.655 seconds
[2024-12-05T00:22:23.713+0000] {processor.py:186} INFO - Started process (PID=1321) to work on /home/airflow/.local/lib/python3.12/site-packages/airflow/example_dags/tutorial_objectstorage.py
[2024-12-05T00:22:23.717+0000] {processor.py:914} INFO - Processing file /home/airflow/.local/lib/python3.12/site-packages/airflow/example_dags/tutorial_objectstorage.py for tasks to queue
[2024-12-05T00:22:23.725+0000] {logging_mixin.py:190} INFO - [2024-12-05T00:22:23.724+0000] {dagbag.py:588} INFO - Filling up the DagBag from /home/airflow/.local/lib/python3.12/site-packages/airflow/example_dags/tutorial_objectstorage.py
[2024-12-05T00:22:23.780+0000] {processor.py:925} INFO - DAG(s) 'tutorial_objectstorage' retrieved from /home/airflow/.local/lib/python3.12/site-packages/airflow/example_dags/tutorial_objectstorage.py
[2024-12-05T00:22:23.883+0000] {logging_mixin.py:190} INFO - [2024-12-05T00:22:23.881+0000] {dag.py:3239} INFO - Sync 1 DAGs
[2024-12-05T00:22:23.958+0000] {logging_mixin.py:190} INFO - [2024-12-05T00:22:23.958+0000] {dag.py:4180} INFO - Setting next_dagrun for tutorial_objectstorage to None, run_after=None
[2024-12-05T00:22:24.146+0000] {processor.py:208} INFO - Processing /home/airflow/.local/lib/python3.12/site-packages/airflow/example_dags/tutorial_objectstorage.py took 0.466 seconds
[2024-12-05T00:23:16.251+0000] {processor.py:186} INFO - Started process (PID=1398) to work on /home/airflow/.local/lib/python3.12/site-packages/airflow/example_dags/tutorial_objectstorage.py
[2024-12-05T00:23:16.254+0000] {processor.py:914} INFO - Processing file /home/airflow/.local/lib/python3.12/site-packages/airflow/example_dags/tutorial_objectstorage.py for tasks to queue
[2024-12-05T00:23:16.330+0000] {logging_mixin.py:190} INFO - [2024-12-05T00:23:16.329+0000] {dagbag.py:588} INFO - Filling up the DagBag from /home/airflow/.local/lib/python3.12/site-packages/airflow/example_dags/tutorial_objectstorage.py
[2024-12-05T00:23:16.583+0000] {processor.py:925} INFO - DAG(s) 'tutorial_objectstorage' retrieved from /home/airflow/.local/lib/python3.12/site-packages/airflow/example_dags/tutorial_objectstorage.py
[2024-12-05T00:23:16.892+0000] {logging_mixin.py:190} INFO - [2024-12-05T00:23:16.891+0000] {dag.py:3239} INFO - Sync 1 DAGs
[2024-12-05T00:23:17.072+0000] {logging_mixin.py:190} INFO - [2024-12-05T00:23:17.071+0000] {dag.py:4180} INFO - Setting next_dagrun for tutorial_objectstorage to None, run_after=None
[2024-12-05T00:23:17.507+0000] {processor.py:208} INFO - Processing /home/airflow/.local/lib/python3.12/site-packages/airflow/example_dags/tutorial_objectstorage.py took 1.357 seconds
