[2024-12-05T00:00:22.268+0000] {processor.py:186} INFO - Started process (PID=371) to work on /home/airflow/.local/lib/python3.12/site-packages/airflow/example_dags/tutorial.py
[2024-12-05T00:00:22.281+0000] {processor.py:914} INFO - Processing file /home/airflow/.local/lib/python3.12/site-packages/airflow/example_dags/tutorial.py for tasks to queue
[2024-12-05T00:00:22.293+0000] {logging_mixin.py:190} INFO - [2024-12-05T00:00:22.291+0000] {dagbag.py:588} INFO - Filling up the DagBag from /home/airflow/.local/lib/python3.12/site-packages/airflow/example_dags/tutorial.py
[2024-12-05T00:00:22.377+0000] {processor.py:925} INFO - DAG(s) 'tutorial' retrieved from /home/airflow/.local/lib/python3.12/site-packages/airflow/example_dags/tutorial.py
[2024-12-05T00:00:22.567+0000] {logging_mixin.py:190} INFO - [2024-12-05T00:00:22.566+0000] {dag.py:3239} INFO - Sync 1 DAGs
[2024-12-05T00:00:22.816+0000] {logging_mixin.py:190} INFO - [2024-12-05T00:00:22.815+0000] {dag.py:4180} INFO - Setting next_dagrun for tutorial to 2024-12-04 00:00:00+00:00, run_after=2024-12-05 00:00:00+00:00
[2024-12-05T00:00:23.163+0000] {processor.py:208} INFO - Processing /home/airflow/.local/lib/python3.12/site-packages/airflow/example_dags/tutorial.py took 0.932 seconds
[2024-12-05T00:10:06.781+0000] {processor.py:186} INFO - Started process (PID=263) to work on /home/airflow/.local/lib/python3.12/site-packages/airflow/example_dags/tutorial.py
[2024-12-05T00:10:06.786+0000] {processor.py:914} INFO - Processing file /home/airflow/.local/lib/python3.12/site-packages/airflow/example_dags/tutorial.py for tasks to queue
[2024-12-05T00:10:06.796+0000] {logging_mixin.py:190} INFO - [2024-12-05T00:10:06.796+0000] {dagbag.py:588} INFO - Filling up the DagBag from /home/airflow/.local/lib/python3.12/site-packages/airflow/example_dags/tutorial.py
[2024-12-05T00:10:06.825+0000] {processor.py:925} INFO - DAG(s) 'tutorial' retrieved from /home/airflow/.local/lib/python3.12/site-packages/airflow/example_dags/tutorial.py
[2024-12-05T00:10:07.052+0000] {logging_mixin.py:190} INFO - [2024-12-05T00:10:07.052+0000] {dag.py:3239} INFO - Sync 1 DAGs
[2024-12-05T00:10:07.246+0000] {logging_mixin.py:190} INFO - [2024-12-05T00:10:07.243+0000] {dag.py:4180} INFO - Setting next_dagrun for tutorial to 2024-12-04 00:00:00+00:00, run_after=2024-12-05 00:00:00+00:00
[2024-12-05T00:10:07.367+0000] {processor.py:208} INFO - Processing /home/airflow/.local/lib/python3.12/site-packages/airflow/example_dags/tutorial.py took 0.622 seconds
[2024-12-05T00:10:57.623+0000] {processor.py:186} INFO - Started process (PID=357) to work on /home/airflow/.local/lib/python3.12/site-packages/airflow/example_dags/tutorial.py
[2024-12-05T00:10:57.633+0000] {processor.py:914} INFO - Processing file /home/airflow/.local/lib/python3.12/site-packages/airflow/example_dags/tutorial.py for tasks to queue
[2024-12-05T00:10:57.656+0000] {logging_mixin.py:190} INFO - [2024-12-05T00:10:57.655+0000] {dagbag.py:588} INFO - Filling up the DagBag from /home/airflow/.local/lib/python3.12/site-packages/airflow/example_dags/tutorial.py
[2024-12-05T00:10:57.803+0000] {processor.py:925} INFO - DAG(s) 'tutorial' retrieved from /home/airflow/.local/lib/python3.12/site-packages/airflow/example_dags/tutorial.py
[2024-12-05T00:10:57.934+0000] {logging_mixin.py:190} INFO - [2024-12-05T00:10:57.934+0000] {dag.py:3239} INFO - Sync 1 DAGs
[2024-12-05T00:10:58.177+0000] {logging_mixin.py:190} INFO - [2024-12-05T00:10:58.165+0000] {dag.py:4180} INFO - Setting next_dagrun for tutorial to 2024-12-04 00:00:00+00:00, run_after=2024-12-05 00:00:00+00:00
[2024-12-05T00:10:58.325+0000] {processor.py:208} INFO - Processing /home/airflow/.local/lib/python3.12/site-packages/airflow/example_dags/tutorial.py took 0.857 seconds
[2024-12-05T00:12:04.680+0000] {processor.py:186} INFO - Started process (PID=452) to work on /home/airflow/.local/lib/python3.12/site-packages/airflow/example_dags/tutorial.py
[2024-12-05T00:12:04.693+0000] {processor.py:914} INFO - Processing file /home/airflow/.local/lib/python3.12/site-packages/airflow/example_dags/tutorial.py for tasks to queue
[2024-12-05T00:12:04.700+0000] {logging_mixin.py:190} INFO - [2024-12-05T00:12:04.699+0000] {dagbag.py:588} INFO - Filling up the DagBag from /home/airflow/.local/lib/python3.12/site-packages/airflow/example_dags/tutorial.py
[2024-12-05T00:12:04.744+0000] {processor.py:925} INFO - DAG(s) 'tutorial' retrieved from /home/airflow/.local/lib/python3.12/site-packages/airflow/example_dags/tutorial.py
[2024-12-05T00:12:04.836+0000] {logging_mixin.py:190} INFO - [2024-12-05T00:12:04.834+0000] {dag.py:3239} INFO - Sync 1 DAGs
[2024-12-05T00:12:05.022+0000] {logging_mixin.py:190} INFO - [2024-12-05T00:12:05.022+0000] {dag.py:4180} INFO - Setting next_dagrun for tutorial to 2024-12-04 00:00:00+00:00, run_after=2024-12-05 00:00:00+00:00
[2024-12-05T00:12:05.146+0000] {processor.py:208} INFO - Processing /home/airflow/.local/lib/python3.12/site-packages/airflow/example_dags/tutorial.py took 0.517 seconds
[2024-12-05T00:13:29.525+0000] {processor.py:186} INFO - Started process (PID=549) to work on /home/airflow/.local/lib/python3.12/site-packages/airflow/example_dags/tutorial.py
[2024-12-05T00:13:29.547+0000] {processor.py:914} INFO - Processing file /home/airflow/.local/lib/python3.12/site-packages/airflow/example_dags/tutorial.py for tasks to queue
[2024-12-05T00:13:29.583+0000] {logging_mixin.py:190} INFO - [2024-12-05T00:13:29.582+0000] {dagbag.py:588} INFO - Filling up the DagBag from /home/airflow/.local/lib/python3.12/site-packages/airflow/example_dags/tutorial.py
[2024-12-05T00:13:29.700+0000] {processor.py:925} INFO - DAG(s) 'tutorial' retrieved from /home/airflow/.local/lib/python3.12/site-packages/airflow/example_dags/tutorial.py
[2024-12-05T00:13:29.826+0000] {logging_mixin.py:190} INFO - [2024-12-05T00:13:29.825+0000] {dag.py:3239} INFO - Sync 1 DAGs
[2024-12-05T00:13:30.085+0000] {logging_mixin.py:190} INFO - [2024-12-05T00:13:30.083+0000] {dag.py:4180} INFO - Setting next_dagrun for tutorial to 2024-12-04 00:00:00+00:00, run_after=2024-12-05 00:00:00+00:00
[2024-12-05T00:13:30.214+0000] {processor.py:208} INFO - Processing /home/airflow/.local/lib/python3.12/site-packages/airflow/example_dags/tutorial.py took 0.705 seconds
[2024-12-05T00:14:30.698+0000] {processor.py:186} INFO - Started process (PID=638) to work on /home/airflow/.local/lib/python3.12/site-packages/airflow/example_dags/tutorial.py
[2024-12-05T00:14:30.701+0000] {processor.py:914} INFO - Processing file /home/airflow/.local/lib/python3.12/site-packages/airflow/example_dags/tutorial.py for tasks to queue
[2024-12-05T00:14:30.709+0000] {logging_mixin.py:190} INFO - [2024-12-05T00:14:30.708+0000] {dagbag.py:588} INFO - Filling up the DagBag from /home/airflow/.local/lib/python3.12/site-packages/airflow/example_dags/tutorial.py
[2024-12-05T00:14:30.750+0000] {processor.py:925} INFO - DAG(s) 'tutorial' retrieved from /home/airflow/.local/lib/python3.12/site-packages/airflow/example_dags/tutorial.py
[2024-12-05T00:14:30.906+0000] {logging_mixin.py:190} INFO - [2024-12-05T00:14:30.906+0000] {dag.py:3239} INFO - Sync 1 DAGs
[2024-12-05T00:14:31.021+0000] {logging_mixin.py:190} INFO - [2024-12-05T00:14:31.021+0000] {dag.py:4180} INFO - Setting next_dagrun for tutorial to 2024-12-04 00:00:00+00:00, run_after=2024-12-05 00:00:00+00:00
[2024-12-05T00:14:31.169+0000] {processor.py:208} INFO - Processing /home/airflow/.local/lib/python3.12/site-packages/airflow/example_dags/tutorial.py took 0.504 seconds
[2024-12-05T00:15:22.666+0000] {processor.py:186} INFO - Started process (PID=733) to work on /home/airflow/.local/lib/python3.12/site-packages/airflow/example_dags/tutorial.py
[2024-12-05T00:15:22.686+0000] {processor.py:914} INFO - Processing file /home/airflow/.local/lib/python3.12/site-packages/airflow/example_dags/tutorial.py for tasks to queue
[2024-12-05T00:15:22.710+0000] {logging_mixin.py:190} INFO - [2024-12-05T00:15:22.708+0000] {dagbag.py:588} INFO - Filling up the DagBag from /home/airflow/.local/lib/python3.12/site-packages/airflow/example_dags/tutorial.py
[2024-12-05T00:15:22.795+0000] {processor.py:925} INFO - DAG(s) 'tutorial' retrieved from /home/airflow/.local/lib/python3.12/site-packages/airflow/example_dags/tutorial.py
[2024-12-05T00:15:23.070+0000] {logging_mixin.py:190} INFO - [2024-12-05T00:15:23.070+0000] {dag.py:3239} INFO - Sync 1 DAGs
[2024-12-05T00:15:23.398+0000] {logging_mixin.py:190} INFO - [2024-12-05T00:15:23.397+0000] {dag.py:4180} INFO - Setting next_dagrun for tutorial to 2024-12-04 00:00:00+00:00, run_after=2024-12-05 00:00:00+00:00
[2024-12-05T00:15:23.603+0000] {processor.py:208} INFO - Processing /home/airflow/.local/lib/python3.12/site-packages/airflow/example_dags/tutorial.py took 1.004 seconds
[2024-12-05T00:16:37.280+0000] {processor.py:186} INFO - Started process (PID=847) to work on /home/airflow/.local/lib/python3.12/site-packages/airflow/example_dags/tutorial.py
[2024-12-05T00:16:37.310+0000] {processor.py:914} INFO - Processing file /home/airflow/.local/lib/python3.12/site-packages/airflow/example_dags/tutorial.py for tasks to queue
[2024-12-05T00:16:37.327+0000] {logging_mixin.py:190} INFO - [2024-12-05T00:16:37.326+0000] {dagbag.py:588} INFO - Filling up the DagBag from /home/airflow/.local/lib/python3.12/site-packages/airflow/example_dags/tutorial.py
[2024-12-05T00:16:37.436+0000] {processor.py:925} INFO - DAG(s) 'tutorial' retrieved from /home/airflow/.local/lib/python3.12/site-packages/airflow/example_dags/tutorial.py
[2024-12-05T00:16:37.703+0000] {logging_mixin.py:190} INFO - [2024-12-05T00:16:37.702+0000] {dag.py:3239} INFO - Sync 1 DAGs
[2024-12-05T00:16:37.975+0000] {logging_mixin.py:190} INFO - [2024-12-05T00:16:37.975+0000] {dag.py:4180} INFO - Setting next_dagrun for tutorial to 2024-12-04 00:00:00+00:00, run_after=2024-12-05 00:00:00+00:00
[2024-12-05T00:16:38.165+0000] {processor.py:208} INFO - Processing /home/airflow/.local/lib/python3.12/site-packages/airflow/example_dags/tutorial.py took 0.908 seconds
[2024-12-05T00:17:52.751+0000] {processor.py:186} INFO - Started process (PID=941) to work on /home/airflow/.local/lib/python3.12/site-packages/airflow/example_dags/tutorial.py
[2024-12-05T00:17:52.754+0000] {processor.py:914} INFO - Processing file /home/airflow/.local/lib/python3.12/site-packages/airflow/example_dags/tutorial.py for tasks to queue
[2024-12-05T00:17:52.761+0000] {logging_mixin.py:190} INFO - [2024-12-05T00:17:52.760+0000] {dagbag.py:588} INFO - Filling up the DagBag from /home/airflow/.local/lib/python3.12/site-packages/airflow/example_dags/tutorial.py
[2024-12-05T00:17:52.803+0000] {processor.py:925} INFO - DAG(s) 'tutorial' retrieved from /home/airflow/.local/lib/python3.12/site-packages/airflow/example_dags/tutorial.py
[2024-12-05T00:17:52.898+0000] {logging_mixin.py:190} INFO - [2024-12-05T00:17:52.897+0000] {dag.py:3239} INFO - Sync 1 DAGs
[2024-12-05T00:17:53.206+0000] {logging_mixin.py:190} INFO - [2024-12-05T00:17:53.205+0000] {dag.py:4180} INFO - Setting next_dagrun for tutorial to 2024-12-04 00:00:00+00:00, run_after=2024-12-05 00:00:00+00:00
[2024-12-05T00:17:53.401+0000] {processor.py:208} INFO - Processing /home/airflow/.local/lib/python3.12/site-packages/airflow/example_dags/tutorial.py took 0.691 seconds
[2024-12-05T00:18:55.809+0000] {processor.py:186} INFO - Started process (PID=1021) to work on /home/airflow/.local/lib/python3.12/site-packages/airflow/example_dags/tutorial.py
[2024-12-05T00:18:55.817+0000] {processor.py:914} INFO - Processing file /home/airflow/.local/lib/python3.12/site-packages/airflow/example_dags/tutorial.py for tasks to queue
[2024-12-05T00:18:55.828+0000] {logging_mixin.py:190} INFO - [2024-12-05T00:18:55.827+0000] {dagbag.py:588} INFO - Filling up the DagBag from /home/airflow/.local/lib/python3.12/site-packages/airflow/example_dags/tutorial.py
[2024-12-05T00:18:55.866+0000] {processor.py:925} INFO - DAG(s) 'tutorial' retrieved from /home/airflow/.local/lib/python3.12/site-packages/airflow/example_dags/tutorial.py
[2024-12-05T00:18:55.978+0000] {logging_mixin.py:190} INFO - [2024-12-05T00:18:55.977+0000] {dag.py:3239} INFO - Sync 1 DAGs
[2024-12-05T00:18:56.232+0000] {logging_mixin.py:190} INFO - [2024-12-05T00:18:56.231+0000] {dag.py:4180} INFO - Setting next_dagrun for tutorial to 2024-12-04 00:00:00+00:00, run_after=2024-12-05 00:00:00+00:00
[2024-12-05T00:18:56.437+0000] {processor.py:208} INFO - Processing /home/airflow/.local/lib/python3.12/site-packages/airflow/example_dags/tutorial.py took 0.656 seconds
[2024-12-05T00:20:15.600+0000] {processor.py:186} INFO - Started process (PID=1133) to work on /home/airflow/.local/lib/python3.12/site-packages/airflow/example_dags/tutorial.py
[2024-12-05T00:20:15.607+0000] {processor.py:914} INFO - Processing file /home/airflow/.local/lib/python3.12/site-packages/airflow/example_dags/tutorial.py for tasks to queue
[2024-12-05T00:20:15.617+0000] {logging_mixin.py:190} INFO - [2024-12-05T00:20:15.616+0000] {dagbag.py:588} INFO - Filling up the DagBag from /home/airflow/.local/lib/python3.12/site-packages/airflow/example_dags/tutorial.py
[2024-12-05T00:20:15.664+0000] {processor.py:925} INFO - DAG(s) 'tutorial' retrieved from /home/airflow/.local/lib/python3.12/site-packages/airflow/example_dags/tutorial.py
[2024-12-05T00:20:15.767+0000] {logging_mixin.py:190} INFO - [2024-12-05T00:20:15.766+0000] {dag.py:3239} INFO - Sync 1 DAGs
[2024-12-05T00:20:16.157+0000] {logging_mixin.py:190} INFO - [2024-12-05T00:20:16.156+0000] {dag.py:4180} INFO - Setting next_dagrun for tutorial to 2024-12-04 00:00:00+00:00, run_after=2024-12-05 00:00:00+00:00
[2024-12-05T00:20:16.563+0000] {processor.py:208} INFO - Processing /home/airflow/.local/lib/python3.12/site-packages/airflow/example_dags/tutorial.py took 0.990 seconds
[2024-12-05T00:21:11.157+0000] {processor.py:186} INFO - Started process (PID=1215) to work on /home/airflow/.local/lib/python3.12/site-packages/airflow/example_dags/tutorial.py
[2024-12-05T00:21:11.162+0000] {processor.py:914} INFO - Processing file /home/airflow/.local/lib/python3.12/site-packages/airflow/example_dags/tutorial.py for tasks to queue
[2024-12-05T00:21:11.184+0000] {logging_mixin.py:190} INFO - [2024-12-05T00:21:11.184+0000] {dagbag.py:588} INFO - Filling up the DagBag from /home/airflow/.local/lib/python3.12/site-packages/airflow/example_dags/tutorial.py
[2024-12-05T00:21:11.332+0000] {processor.py:925} INFO - DAG(s) 'tutorial' retrieved from /home/airflow/.local/lib/python3.12/site-packages/airflow/example_dags/tutorial.py
[2024-12-05T00:21:11.611+0000] {logging_mixin.py:190} INFO - [2024-12-05T00:21:11.610+0000] {dag.py:3239} INFO - Sync 1 DAGs
[2024-12-05T00:21:12.325+0000] {logging_mixin.py:190} INFO - [2024-12-05T00:21:12.279+0000] {dag.py:4180} INFO - Setting next_dagrun for tutorial to 2024-12-04 00:00:00+00:00, run_after=2024-12-05 00:00:00+00:00
[2024-12-05T00:21:13.029+0000] {processor.py:208} INFO - Processing /home/airflow/.local/lib/python3.12/site-packages/airflow/example_dags/tutorial.py took 1.934 seconds
[2024-12-05T00:22:32.834+0000] {processor.py:186} INFO - Started process (PID=1333) to work on /home/airflow/.local/lib/python3.12/site-packages/airflow/example_dags/tutorial.py
[2024-12-05T00:22:32.840+0000] {processor.py:914} INFO - Processing file /home/airflow/.local/lib/python3.12/site-packages/airflow/example_dags/tutorial.py for tasks to queue
[2024-12-05T00:22:32.863+0000] {logging_mixin.py:190} INFO - [2024-12-05T00:22:32.861+0000] {dagbag.py:588} INFO - Filling up the DagBag from /home/airflow/.local/lib/python3.12/site-packages/airflow/example_dags/tutorial.py
[2024-12-05T00:22:32.913+0000] {processor.py:925} INFO - DAG(s) 'tutorial' retrieved from /home/airflow/.local/lib/python3.12/site-packages/airflow/example_dags/tutorial.py
[2024-12-05T00:22:33.706+0000] {logging_mixin.py:190} INFO - [2024-12-05T00:22:33.705+0000] {dag.py:3239} INFO - Sync 1 DAGs
[2024-12-05T00:22:34.068+0000] {logging_mixin.py:190} INFO - [2024-12-05T00:22:34.067+0000] {dag.py:4180} INFO - Setting next_dagrun for tutorial to 2024-12-04 00:00:00+00:00, run_after=2024-12-05 00:00:00+00:00
[2024-12-05T00:22:34.227+0000] {processor.py:208} INFO - Processing /home/airflow/.local/lib/python3.12/site-packages/airflow/example_dags/tutorial.py took 1.454 seconds
[2024-12-05T00:23:50.175+0000] {processor.py:186} INFO - Started process (PID=1427) to work on /home/airflow/.local/lib/python3.12/site-packages/airflow/example_dags/tutorial.py
[2024-12-05T00:23:50.207+0000] {processor.py:914} INFO - Processing file /home/airflow/.local/lib/python3.12/site-packages/airflow/example_dags/tutorial.py for tasks to queue
[2024-12-05T00:23:50.234+0000] {logging_mixin.py:190} INFO - [2024-12-05T00:23:50.233+0000] {dagbag.py:588} INFO - Filling up the DagBag from /home/airflow/.local/lib/python3.12/site-packages/airflow/example_dags/tutorial.py
[2024-12-05T00:23:50.367+0000] {processor.py:925} INFO - DAG(s) 'tutorial' retrieved from /home/airflow/.local/lib/python3.12/site-packages/airflow/example_dags/tutorial.py
[2024-12-05T00:23:50.787+0000] {logging_mixin.py:190} INFO - [2024-12-05T00:23:50.774+0000] {dag.py:3239} INFO - Sync 1 DAGs
[2024-12-05T00:23:51.170+0000] {logging_mixin.py:190} INFO - [2024-12-05T00:23:51.169+0000] {dag.py:4180} INFO - Setting next_dagrun for tutorial to 2024-12-04 00:00:00+00:00, run_after=2024-12-05 00:00:00+00:00
[2024-12-05T00:23:51.524+0000] {processor.py:208} INFO - Processing /home/airflow/.local/lib/python3.12/site-packages/airflow/example_dags/tutorial.py took 1.412 seconds
