[2024-12-06T00:30:43.150+0000] {local_task_job_runner.py:123} INFO - ::group::Pre task execution logs
[2024-12-06T00:30:44.631+0000] {taskinstance.py:2613} INFO - Dependencies all met for dep_context=non-requeueable deps ti=<TaskInstance: class_act_7_pipeline.preprocess_data scheduled__2024-10-16T05:00:00+00:00 [queued]>
[2024-12-06T00:30:44.864+0000] {taskinstance.py:2613} INFO - Dependencies all met for dep_context=requeueable deps ti=<TaskInstance: class_act_7_pipeline.preprocess_data scheduled__2024-10-16T05:00:00+00:00 [queued]>
[2024-12-06T00:30:44.963+0000] {taskinstance.py:2866} INFO - Starting attempt 1 of 4
[2024-12-06T00:30:45.496+0000] {taskinstance.py:2889} INFO - Executing <Task(PythonOperator): preprocess_data> on 2024-10-16 05:00:00+00:00
[2024-12-06T00:30:45.664+0000] {warnings.py:112} WARNING - /home/***/.local/lib/python3.12/site-packages/***/task/task_runner/standard_task_runner.py:70: DeprecationWarning: This process (pid=2583) is multi-threaded, use of fork() may lead to deadlocks in the child.
  pid = os.fork()

[2024-12-06T00:30:45.715+0000] {standard_task_runner.py:72} INFO - Started process 2755 to run task
[2024-12-06T00:30:45.878+0000] {standard_task_runner.py:104} INFO - Running: ['***', 'tasks', 'run', 'class_act_7_pipeline', 'preprocess_data', 'scheduled__2024-10-16T05:00:00+00:00', '--job-id', '308', '--raw', '--subdir', 'DAGS_FOLDER/***_pipeline.py', '--cfg-path', '/tmp/tmpasyqg0v2']
[2024-12-06T00:30:45.912+0000] {standard_task_runner.py:105} INFO - Job 308: Subtask preprocess_data
[2024-12-06T00:30:47.350+0000] {task_command.py:467} INFO - Running <TaskInstance: class_act_7_pipeline.preprocess_data scheduled__2024-10-16T05:00:00+00:00 [running]> on host cff371549a6e
[2024-12-06T00:30:50.097+0000] {taskinstance.py:3132} INFO - Exporting env vars: AIRFLOW_CTX_DAG_EMAIL='abdulrahmanbutt7273@gmail.com' AIRFLOW_CTX_DAG_OWNER='***' AIRFLOW_CTX_DAG_ID='class_act_7_pipeline' AIRFLOW_CTX_TASK_ID='preprocess_data' AIRFLOW_CTX_EXECUTION_DATE='2024-10-16T05:00:00+00:00' AIRFLOW_CTX_TRY_NUMBER='1' AIRFLOW_CTX_DAG_RUN_ID='scheduled__2024-10-16T05:00:00+00:00'
[2024-12-06T00:30:50.150+0000] {logging_mixin.py:190} INFO - Task instance is in running state
[2024-12-06T00:30:50.166+0000] {logging_mixin.py:190} INFO -  Previous state of the Task instance: queued
[2024-12-06T00:30:50.177+0000] {logging_mixin.py:190} INFO - Current task name:preprocess_data state:running start_date:2024-12-06 00:30:44.725064+00:00
[2024-12-06T00:30:50.193+0000] {logging_mixin.py:190} INFO - Dag name:class_act_7_pipeline and current dag run status:running
[2024-12-06T00:30:50.210+0000] {taskinstance.py:731} INFO - ::endgroup::
[2024-12-06T00:30:50.834+0000] {python.py:240} INFO - Done. Returned value was: None
[2024-12-06T00:30:50.936+0000] {job.py:229} INFO - Heartbeat recovered after 11.91 seconds
[2024-12-06T00:30:51.035+0000] {taskinstance.py:340} INFO - ::group::Post task execution logs
[2024-12-06T00:30:51.051+0000] {taskinstance.py:352} INFO - Marking task as SUCCESS. dag_id=class_act_7_pipeline, task_id=preprocess_data, run_id=scheduled__2024-10-16T05:00:00+00:00, execution_date=20241016T050000, start_date=20241206T003044, end_date=20241206T003051
[2024-12-06T00:30:51.327+0000] {logging_mixin.py:190} INFO - Task instance in success state
[2024-12-06T00:30:51.337+0000] {logging_mixin.py:190} INFO -  Previous state of the Task instance: running
[2024-12-06T00:30:51.381+0000] {logging_mixin.py:190} INFO - Dag name:class_act_7_pipeline queued_at:2024-12-06 00:26:55.463573+00:00
[2024-12-06T00:30:51.398+0000] {logging_mixin.py:190} INFO - Task hostname:cff371549a6e operator:PythonOperator
[2024-12-06T00:30:51.769+0000] {local_task_job_runner.py:266} INFO - Task exited with return code 0
[2024-12-06T00:30:51.936+0000] {local_task_job_runner.py:245} INFO - ::endgroup::
