[2024-12-06T00:26:08.735+0000] {processor.py:186} INFO - Started process (PID=1563) to work on /home/airflow/.local/lib/python3.12/site-packages/airflow/example_dags/example_skip_dag.py
[2024-12-06T00:26:08.750+0000] {processor.py:914} INFO - Processing file /home/airflow/.local/lib/python3.12/site-packages/airflow/example_dags/example_skip_dag.py for tasks to queue
[2024-12-06T00:26:08.768+0000] {logging_mixin.py:190} INFO - [2024-12-06T00:26:08.758+0000] {dagbag.py:588} INFO - Filling up the DagBag from /home/airflow/.local/lib/python3.12/site-packages/airflow/example_dags/example_skip_dag.py
[2024-12-06T00:26:08.889+0000] {processor.py:925} INFO - DAG(s) 'example_skip_dag' retrieved from /home/airflow/.local/lib/python3.12/site-packages/airflow/example_dags/example_skip_dag.py
[2024-12-06T00:26:09.077+0000] {logging_mixin.py:190} INFO - [2024-12-06T00:26:09.076+0000] {dag.py:3239} INFO - Sync 1 DAGs
[2024-12-06T00:26:09.404+0000] {logging_mixin.py:190} INFO - [2024-12-06T00:26:09.404+0000] {dag.py:4180} INFO - Setting next_dagrun for example_skip_dag to 2024-12-05 00:00:00+00:00, run_after=2024-12-06 00:00:00+00:00
[2024-12-06T00:26:10.238+0000] {processor.py:208} INFO - Processing /home/airflow/.local/lib/python3.12/site-packages/airflow/example_dags/example_skip_dag.py took 1.571 seconds
[2024-12-06T00:28:21.742+0000] {processor.py:186} INFO - Started process (PID=1684) to work on /home/airflow/.local/lib/python3.12/site-packages/airflow/example_dags/example_skip_dag.py
[2024-12-06T00:28:21.752+0000] {processor.py:914} INFO - Processing file /home/airflow/.local/lib/python3.12/site-packages/airflow/example_dags/example_skip_dag.py for tasks to queue
[2024-12-06T00:28:21.773+0000] {logging_mixin.py:190} INFO - [2024-12-06T00:28:21.772+0000] {dagbag.py:588} INFO - Filling up the DagBag from /home/airflow/.local/lib/python3.12/site-packages/airflow/example_dags/example_skip_dag.py
[2024-12-06T00:28:21.909+0000] {processor.py:925} INFO - DAG(s) 'example_skip_dag' retrieved from /home/airflow/.local/lib/python3.12/site-packages/airflow/example_dags/example_skip_dag.py
[2024-12-06T00:28:22.171+0000] {logging_mixin.py:190} INFO - [2024-12-06T00:28:22.170+0000] {dag.py:3239} INFO - Sync 1 DAGs
[2024-12-06T00:28:22.461+0000] {logging_mixin.py:190} INFO - [2024-12-06T00:28:22.460+0000] {dag.py:4180} INFO - Setting next_dagrun for example_skip_dag to 2024-12-05 00:00:00+00:00, run_after=2024-12-06 00:00:00+00:00
[2024-12-06T00:28:22.827+0000] {processor.py:208} INFO - Processing /home/airflow/.local/lib/python3.12/site-packages/airflow/example_dags/example_skip_dag.py took 1.121 seconds
[2024-12-06T00:29:32.386+0000] {processor.py:186} INFO - Started process (PID=1761) to work on /home/airflow/.local/lib/python3.12/site-packages/airflow/example_dags/example_skip_dag.py
[2024-12-06T00:29:32.403+0000] {processor.py:914} INFO - Processing file /home/airflow/.local/lib/python3.12/site-packages/airflow/example_dags/example_skip_dag.py for tasks to queue
[2024-12-06T00:29:32.437+0000] {logging_mixin.py:190} INFO - [2024-12-06T00:29:32.436+0000] {dagbag.py:588} INFO - Filling up the DagBag from /home/airflow/.local/lib/python3.12/site-packages/airflow/example_dags/example_skip_dag.py
[2024-12-06T00:29:32.587+0000] {processor.py:925} INFO - DAG(s) 'example_skip_dag' retrieved from /home/airflow/.local/lib/python3.12/site-packages/airflow/example_dags/example_skip_dag.py
[2024-12-06T00:29:32.867+0000] {logging_mixin.py:190} INFO - [2024-12-06T00:29:32.866+0000] {dag.py:3239} INFO - Sync 1 DAGs
[2024-12-06T00:29:33.293+0000] {logging_mixin.py:190} INFO - [2024-12-06T00:29:33.292+0000] {dag.py:4180} INFO - Setting next_dagrun for example_skip_dag to 2024-12-05 00:00:00+00:00, run_after=2024-12-06 00:00:00+00:00
[2024-12-06T00:29:33.696+0000] {processor.py:208} INFO - Processing /home/airflow/.local/lib/python3.12/site-packages/airflow/example_dags/example_skip_dag.py took 1.436 seconds
