[2024-12-06T00:26:32.918+0000] {processor.py:186} INFO - Started process (PID=1588) to work on /home/airflow/.local/lib/python3.12/site-packages/airflow/example_dags/example_task_group_decorator.py
[2024-12-06T00:26:32.923+0000] {processor.py:914} INFO - Processing file /home/airflow/.local/lib/python3.12/site-packages/airflow/example_dags/example_task_group_decorator.py for tasks to queue
[2024-12-06T00:26:32.936+0000] {logging_mixin.py:190} INFO - [2024-12-06T00:26:32.935+0000] {dagbag.py:588} INFO - Filling up the DagBag from /home/airflow/.local/lib/python3.12/site-packages/airflow/example_dags/example_task_group_decorator.py
[2024-12-06T00:26:33.132+0000] {processor.py:925} INFO - DAG(s) 'example_task_group_decorator' retrieved from /home/airflow/.local/lib/python3.12/site-packages/airflow/example_dags/example_task_group_decorator.py
[2024-12-06T00:26:33.651+0000] {logging_mixin.py:190} INFO - [2024-12-06T00:26:33.651+0000] {dag.py:3239} INFO - Sync 1 DAGs
[2024-12-06T00:26:34.066+0000] {logging_mixin.py:190} INFO - [2024-12-06T00:26:34.065+0000] {dag.py:4180} INFO - Setting next_dagrun for example_task_group_decorator to None, run_after=None
[2024-12-06T00:26:34.404+0000] {processor.py:208} INFO - Processing /home/airflow/.local/lib/python3.12/site-packages/airflow/example_dags/example_task_group_decorator.py took 1.549 seconds
[2024-12-06T00:28:53.647+0000] {processor.py:186} INFO - Started process (PID=1715) to work on /home/airflow/.local/lib/python3.12/site-packages/airflow/example_dags/example_task_group_decorator.py
[2024-12-06T00:28:53.742+0000] {processor.py:914} INFO - Processing file /home/airflow/.local/lib/python3.12/site-packages/airflow/example_dags/example_task_group_decorator.py for tasks to queue
[2024-12-06T00:28:53.758+0000] {logging_mixin.py:190} INFO - [2024-12-06T00:28:53.757+0000] {dagbag.py:588} INFO - Filling up the DagBag from /home/airflow/.local/lib/python3.12/site-packages/airflow/example_dags/example_task_group_decorator.py
[2024-12-06T00:28:53.929+0000] {processor.py:925} INFO - DAG(s) 'example_task_group_decorator' retrieved from /home/airflow/.local/lib/python3.12/site-packages/airflow/example_dags/example_task_group_decorator.py
[2024-12-06T00:28:54.233+0000] {logging_mixin.py:190} INFO - [2024-12-06T00:28:54.229+0000] {dag.py:3239} INFO - Sync 1 DAGs
[2024-12-06T00:28:54.550+0000] {logging_mixin.py:190} INFO - [2024-12-06T00:28:54.549+0000] {dag.py:4180} INFO - Setting next_dagrun for example_task_group_decorator to None, run_after=None
[2024-12-06T00:28:54.889+0000] {processor.py:208} INFO - Processing /home/airflow/.local/lib/python3.12/site-packages/airflow/example_dags/example_task_group_decorator.py took 1.311 seconds
[2024-12-06T00:30:46.245+0000] {processor.py:186} INFO - Started process (PID=1860) to work on /home/airflow/.local/lib/python3.12/site-packages/airflow/example_dags/example_task_group_decorator.py
[2024-12-06T00:30:46.280+0000] {processor.py:914} INFO - Processing file /home/airflow/.local/lib/python3.12/site-packages/airflow/example_dags/example_task_group_decorator.py for tasks to queue
[2024-12-06T00:30:46.321+0000] {logging_mixin.py:190} INFO - [2024-12-06T00:30:46.319+0000] {dagbag.py:588} INFO - Filling up the DagBag from /home/airflow/.local/lib/python3.12/site-packages/airflow/example_dags/example_task_group_decorator.py
[2024-12-06T00:30:46.468+0000] {processor.py:925} INFO - DAG(s) 'example_task_group_decorator' retrieved from /home/airflow/.local/lib/python3.12/site-packages/airflow/example_dags/example_task_group_decorator.py
[2024-12-06T00:30:46.886+0000] {logging_mixin.py:190} INFO - [2024-12-06T00:30:46.885+0000] {dag.py:3239} INFO - Sync 1 DAGs
[2024-12-06T00:30:47.142+0000] {logging_mixin.py:190} INFO - [2024-12-06T00:30:47.141+0000] {dag.py:4180} INFO - Setting next_dagrun for example_task_group_decorator to None, run_after=None
[2024-12-06T00:30:47.382+0000] {processor.py:208} INFO - Processing /home/airflow/.local/lib/python3.12/site-packages/airflow/example_dags/example_task_group_decorator.py took 1.181 seconds
