[2024-12-06T00:26:24.143+0000] {processor.py:186} INFO - Started process (PID=1580) to work on /home/airflow/.local/lib/python3.12/site-packages/airflow/example_dags/example_nested_branch_dag.py
[2024-12-06T00:26:24.150+0000] {processor.py:914} INFO - Processing file /home/airflow/.local/lib/python3.12/site-packages/airflow/example_dags/example_nested_branch_dag.py for tasks to queue
[2024-12-06T00:26:24.211+0000] {logging_mixin.py:190} INFO - [2024-12-06T00:26:24.181+0000] {dagbag.py:588} INFO - Filling up the DagBag from /home/airflow/.local/lib/python3.12/site-packages/airflow/example_dags/example_nested_branch_dag.py
[2024-12-06T00:26:24.580+0000] {processor.py:925} INFO - DAG(s) 'example_nested_branch_dag' retrieved from /home/airflow/.local/lib/python3.12/site-packages/airflow/example_dags/example_nested_branch_dag.py
[2024-12-06T00:26:24.915+0000] {logging_mixin.py:190} INFO - [2024-12-06T00:26:24.914+0000] {dag.py:3239} INFO - Sync 1 DAGs
[2024-12-06T00:26:25.404+0000] {logging_mixin.py:190} INFO - [2024-12-06T00:26:25.392+0000] {dag.py:4180} INFO - Setting next_dagrun for example_nested_branch_dag to 2024-12-05 00:00:00+00:00, run_after=2024-12-06 00:00:00+00:00
[2024-12-06T00:26:25.703+0000] {processor.py:208} INFO - Processing /home/airflow/.local/lib/python3.12/site-packages/airflow/example_dags/example_nested_branch_dag.py took 1.641 seconds
[2024-12-06T00:28:47.484+0000] {processor.py:186} INFO - Started process (PID=1707) to work on /home/airflow/.local/lib/python3.12/site-packages/airflow/example_dags/example_nested_branch_dag.py
[2024-12-06T00:28:47.514+0000] {processor.py:914} INFO - Processing file /home/airflow/.local/lib/python3.12/site-packages/airflow/example_dags/example_nested_branch_dag.py for tasks to queue
[2024-12-06T00:28:47.540+0000] {logging_mixin.py:190} INFO - [2024-12-06T00:28:47.536+0000] {dagbag.py:588} INFO - Filling up the DagBag from /home/airflow/.local/lib/python3.12/site-packages/airflow/example_dags/example_nested_branch_dag.py
[2024-12-06T00:28:47.737+0000] {processor.py:925} INFO - DAG(s) 'example_nested_branch_dag' retrieved from /home/airflow/.local/lib/python3.12/site-packages/airflow/example_dags/example_nested_branch_dag.py
[2024-12-06T00:28:48.094+0000] {logging_mixin.py:190} INFO - [2024-12-06T00:28:48.092+0000] {dag.py:3239} INFO - Sync 1 DAGs
[2024-12-06T00:28:48.573+0000] {logging_mixin.py:190} INFO - [2024-12-06T00:28:48.572+0000] {dag.py:4180} INFO - Setting next_dagrun for example_nested_branch_dag to 2024-12-05 00:00:00+00:00, run_after=2024-12-06 00:00:00+00:00
[2024-12-06T00:28:49.039+0000] {processor.py:208} INFO - Processing /home/airflow/.local/lib/python3.12/site-packages/airflow/example_dags/example_nested_branch_dag.py took 1.640 seconds
[2024-12-06T00:30:34.599+0000] {processor.py:186} INFO - Started process (PID=1846) to work on /home/airflow/.local/lib/python3.12/site-packages/airflow/example_dags/example_nested_branch_dag.py
[2024-12-06T00:30:34.638+0000] {processor.py:914} INFO - Processing file /home/airflow/.local/lib/python3.12/site-packages/airflow/example_dags/example_nested_branch_dag.py for tasks to queue
[2024-12-06T00:30:34.655+0000] {logging_mixin.py:190} INFO - [2024-12-06T00:30:34.654+0000] {dagbag.py:588} INFO - Filling up the DagBag from /home/airflow/.local/lib/python3.12/site-packages/airflow/example_dags/example_nested_branch_dag.py
[2024-12-06T00:30:34.885+0000] {processor.py:925} INFO - DAG(s) 'example_nested_branch_dag' retrieved from /home/airflow/.local/lib/python3.12/site-packages/airflow/example_dags/example_nested_branch_dag.py
[2024-12-06T00:30:35.211+0000] {logging_mixin.py:190} INFO - [2024-12-06T00:30:35.198+0000] {dag.py:3239} INFO - Sync 1 DAGs
[2024-12-06T00:30:35.574+0000] {logging_mixin.py:190} INFO - [2024-12-06T00:30:35.574+0000] {dag.py:4180} INFO - Setting next_dagrun for example_nested_branch_dag to 2024-12-05 00:00:00+00:00, run_after=2024-12-06 00:00:00+00:00
[2024-12-06T00:30:35.930+0000] {processor.py:208} INFO - Processing /home/airflow/.local/lib/python3.12/site-packages/airflow/example_dags/example_nested_branch_dag.py took 1.398 seconds
