[2024-12-06T00:26:21.254+0000] {processor.py:186} INFO - Started process (PID=1573) to work on /home/airflow/.local/lib/python3.12/site-packages/airflow/example_dags/example_subdag_operator.py
[2024-12-06T00:26:21.266+0000] {processor.py:914} INFO - Processing file /home/airflow/.local/lib/python3.12/site-packages/airflow/example_dags/example_subdag_operator.py for tasks to queue
[2024-12-06T00:26:21.271+0000] {logging_mixin.py:190} INFO - [2024-12-06T00:26:21.268+0000] {dagbag.py:588} INFO - Filling up the DagBag from /home/airflow/.local/lib/python3.12/site-packages/airflow/example_dags/example_subdag_operator.py
[2024-12-06T00:26:21.423+0000] {processor.py:925} INFO - DAG(s) 'example_subdag_operator.section-1', 'example_subdag_operator.section-2', 'example_subdag_operator' retrieved from /home/airflow/.local/lib/python3.12/site-packages/airflow/example_dags/example_subdag_operator.py
[2024-12-06T00:26:21.532+0000] {logging_mixin.py:190} INFO - [2024-12-06T00:26:21.531+0000] {dag.py:3239} INFO - Sync 3 DAGs
[2024-12-06T00:26:21.695+0000] {logging_mixin.py:190} INFO - [2024-12-06T00:26:21.694+0000] {dag.py:4180} INFO - Setting next_dagrun for example_subdag_operator to 2022-01-01 00:00:00+00:00, run_after=2022-01-01 00:00:00+00:00
[2024-12-06T00:26:21.724+0000] {logging_mixin.py:190} INFO - [2024-12-06T00:26:21.724+0000] {dag.py:4180} INFO - Setting next_dagrun for example_subdag_operator.section-1 to None, run_after=None
[2024-12-06T00:26:21.760+0000] {logging_mixin.py:190} INFO - [2024-12-06T00:26:21.759+0000] {dag.py:4180} INFO - Setting next_dagrun for example_subdag_operator.section-2 to None, run_after=None
[2024-12-06T00:26:21.819+0000] {logging_mixin.py:190} INFO - [2024-12-06T00:26:21.819+0000] {dag.py:3239} INFO - Sync 2 DAGs
[2024-12-06T00:26:21.887+0000] {logging_mixin.py:190} INFO - [2024-12-06T00:26:21.886+0000] {dag.py:4180} INFO - Setting next_dagrun for example_subdag_operator.section-1 to None, run_after=None
[2024-12-06T00:26:21.890+0000] {logging_mixin.py:190} INFO - [2024-12-06T00:26:21.889+0000] {dag.py:4180} INFO - Setting next_dagrun for example_subdag_operator.section-2 to None, run_after=None
[2024-12-06T00:26:21.958+0000] {processor.py:208} INFO - Processing /home/airflow/.local/lib/python3.12/site-packages/airflow/example_dags/example_subdag_operator.py took 0.747 seconds
[2024-12-06T00:28:41.946+0000] {processor.py:186} INFO - Started process (PID=1700) to work on /home/airflow/.local/lib/python3.12/site-packages/airflow/example_dags/example_subdag_operator.py
[2024-12-06T00:28:41.952+0000] {processor.py:914} INFO - Processing file /home/airflow/.local/lib/python3.12/site-packages/airflow/example_dags/example_subdag_operator.py for tasks to queue
[2024-12-06T00:28:42.012+0000] {logging_mixin.py:190} INFO - [2024-12-06T00:28:41.995+0000] {dagbag.py:588} INFO - Filling up the DagBag from /home/airflow/.local/lib/python3.12/site-packages/airflow/example_dags/example_subdag_operator.py
[2024-12-06T00:28:42.243+0000] {processor.py:925} INFO - DAG(s) 'example_subdag_operator.section-1', 'example_subdag_operator.section-2', 'example_subdag_operator' retrieved from /home/airflow/.local/lib/python3.12/site-packages/airflow/example_dags/example_subdag_operator.py
[2024-12-06T00:28:42.569+0000] {logging_mixin.py:190} INFO - [2024-12-06T00:28:42.568+0000] {dag.py:3239} INFO - Sync 3 DAGs
[2024-12-06T00:28:42.923+0000] {logging_mixin.py:190} INFO - [2024-12-06T00:28:42.912+0000] {dag.py:4180} INFO - Setting next_dagrun for example_subdag_operator to 2022-01-01 00:00:00+00:00, run_after=2022-01-01 00:00:00+00:00
[2024-12-06T00:28:42.948+0000] {logging_mixin.py:190} INFO - [2024-12-06T00:28:42.943+0000] {dag.py:4180} INFO - Setting next_dagrun for example_subdag_operator.section-1 to None, run_after=None
[2024-12-06T00:28:42.961+0000] {logging_mixin.py:190} INFO - [2024-12-06T00:28:42.960+0000] {dag.py:4180} INFO - Setting next_dagrun for example_subdag_operator.section-2 to None, run_after=None
[2024-12-06T00:28:43.036+0000] {logging_mixin.py:190} INFO - [2024-12-06T00:28:43.036+0000] {dag.py:3239} INFO - Sync 2 DAGs
[2024-12-06T00:28:43.104+0000] {logging_mixin.py:190} INFO - [2024-12-06T00:28:43.103+0000] {dag.py:4180} INFO - Setting next_dagrun for example_subdag_operator.section-1 to None, run_after=None
[2024-12-06T00:28:43.112+0000] {logging_mixin.py:190} INFO - [2024-12-06T00:28:43.112+0000] {dag.py:4180} INFO - Setting next_dagrun for example_subdag_operator.section-2 to None, run_after=None
[2024-12-06T00:28:43.310+0000] {processor.py:208} INFO - Processing /home/airflow/.local/lib/python3.12/site-packages/airflow/example_dags/example_subdag_operator.py took 1.416 seconds
[2024-12-06T00:30:26.038+0000] {processor.py:186} INFO - Started process (PID=1833) to work on /home/airflow/.local/lib/python3.12/site-packages/airflow/example_dags/example_subdag_operator.py
[2024-12-06T00:30:26.164+0000] {processor.py:914} INFO - Processing file /home/airflow/.local/lib/python3.12/site-packages/airflow/example_dags/example_subdag_operator.py for tasks to queue
[2024-12-06T00:30:26.212+0000] {logging_mixin.py:190} INFO - [2024-12-06T00:30:26.211+0000] {dagbag.py:588} INFO - Filling up the DagBag from /home/airflow/.local/lib/python3.12/site-packages/airflow/example_dags/example_subdag_operator.py
[2024-12-06T00:30:26.817+0000] {processor.py:925} INFO - DAG(s) 'example_subdag_operator.section-1', 'example_subdag_operator.section-2', 'example_subdag_operator' retrieved from /home/airflow/.local/lib/python3.12/site-packages/airflow/example_dags/example_subdag_operator.py
[2024-12-06T00:30:27.036+0000] {logging_mixin.py:190} INFO - [2024-12-06T00:30:27.035+0000] {dag.py:3239} INFO - Sync 3 DAGs
[2024-12-06T00:30:27.553+0000] {logging_mixin.py:190} INFO - [2024-12-06T00:30:27.552+0000] {dag.py:4180} INFO - Setting next_dagrun for example_subdag_operator to 2022-01-01 00:00:00+00:00, run_after=2022-01-01 00:00:00+00:00
[2024-12-06T00:30:27.869+0000] {logging_mixin.py:190} INFO - [2024-12-06T00:30:27.869+0000] {dag.py:4180} INFO - Setting next_dagrun for example_subdag_operator.section-1 to None, run_after=None
[2024-12-06T00:30:28.111+0000] {logging_mixin.py:190} INFO - [2024-12-06T00:30:28.108+0000] {dag.py:4180} INFO - Setting next_dagrun for example_subdag_operator.section-2 to None, run_after=None
[2024-12-06T00:30:28.321+0000] {logging_mixin.py:190} INFO - [2024-12-06T00:30:28.320+0000] {dag.py:3239} INFO - Sync 2 DAGs
[2024-12-06T00:30:28.512+0000] {logging_mixin.py:190} INFO - [2024-12-06T00:30:28.510+0000] {dag.py:4180} INFO - Setting next_dagrun for example_subdag_operator.section-1 to None, run_after=None
[2024-12-06T00:30:28.799+0000] {logging_mixin.py:190} INFO - [2024-12-06T00:30:28.799+0000] {dag.py:4180} INFO - Setting next_dagrun for example_subdag_operator.section-2 to None, run_after=None
[2024-12-06T00:30:29.201+0000] {processor.py:208} INFO - Processing /home/airflow/.local/lib/python3.12/site-packages/airflow/example_dags/example_subdag_operator.py took 3.280 seconds
