[2024-12-06T00:25:01.078+0000] {processor.py:186} INFO - Started process (PID=1491) to work on /home/airflow/.local/lib/python3.12/site-packages/airflow/example_dags/example_branch_python_dop_operator_3.py
[2024-12-06T00:25:01.080+0000] {processor.py:914} INFO - Processing file /home/airflow/.local/lib/python3.12/site-packages/airflow/example_dags/example_branch_python_dop_operator_3.py for tasks to queue
[2024-12-06T00:25:01.096+0000] {logging_mixin.py:190} INFO - [2024-12-06T00:25:01.095+0000] {dagbag.py:588} INFO - Filling up the DagBag from /home/airflow/.local/lib/python3.12/site-packages/airflow/example_dags/example_branch_python_dop_operator_3.py
[2024-12-06T00:25:01.224+0000] {processor.py:925} INFO - DAG(s) 'example_branch_dop_operator_v3' retrieved from /home/airflow/.local/lib/python3.12/site-packages/airflow/example_dags/example_branch_python_dop_operator_3.py
[2024-12-06T00:25:01.543+0000] {logging_mixin.py:190} INFO - [2024-12-06T00:25:01.543+0000] {dag.py:3239} INFO - Sync 1 DAGs
[2024-12-06T00:25:02.213+0000] {logging_mixin.py:190} INFO - [2024-12-06T00:25:02.213+0000] {dag.py:4180} INFO - Setting next_dagrun for example_branch_dop_operator_v3 to 2024-12-06 00:24:00+00:00, run_after=2024-12-06 00:25:00+00:00
[2024-12-06T00:25:03.096+0000] {processor.py:208} INFO - Processing /home/airflow/.local/lib/python3.12/site-packages/airflow/example_dags/example_branch_python_dop_operator_3.py took 2.127 seconds
[2024-12-06T00:27:22.933+0000] {processor.py:186} INFO - Started process (PID=1634) to work on /home/airflow/.local/lib/python3.12/site-packages/airflow/example_dags/example_branch_python_dop_operator_3.py
[2024-12-06T00:27:22.996+0000] {processor.py:914} INFO - Processing file /home/airflow/.local/lib/python3.12/site-packages/airflow/example_dags/example_branch_python_dop_operator_3.py for tasks to queue
[2024-12-06T00:27:23.016+0000] {logging_mixin.py:190} INFO - [2024-12-06T00:27:23.015+0000] {dagbag.py:588} INFO - Filling up the DagBag from /home/airflow/.local/lib/python3.12/site-packages/airflow/example_dags/example_branch_python_dop_operator_3.py
[2024-12-06T00:27:23.354+0000] {processor.py:925} INFO - DAG(s) 'example_branch_dop_operator_v3' retrieved from /home/airflow/.local/lib/python3.12/site-packages/airflow/example_dags/example_branch_python_dop_operator_3.py
[2024-12-06T00:27:23.861+0000] {logging_mixin.py:190} INFO - [2024-12-06T00:27:23.861+0000] {dag.py:3239} INFO - Sync 1 DAGs
[2024-12-06T00:27:24.444+0000] {logging_mixin.py:190} INFO - [2024-12-06T00:27:24.443+0000] {dag.py:4180} INFO - Setting next_dagrun for example_branch_dop_operator_v3 to 2024-12-06 00:26:00+00:00, run_after=2024-12-06 00:27:00+00:00
[2024-12-06T00:27:24.924+0000] {processor.py:208} INFO - Processing /home/airflow/.local/lib/python3.12/site-packages/airflow/example_dags/example_branch_python_dop_operator_3.py took 2.150 seconds
[2024-12-06T00:29:43.593+0000] {processor.py:186} INFO - Started process (PID=1776) to work on /home/airflow/.local/lib/python3.12/site-packages/airflow/example_dags/example_branch_python_dop_operator_3.py
[2024-12-06T00:29:43.608+0000] {processor.py:914} INFO - Processing file /home/airflow/.local/lib/python3.12/site-packages/airflow/example_dags/example_branch_python_dop_operator_3.py for tasks to queue
[2024-12-06T00:29:43.628+0000] {logging_mixin.py:190} INFO - [2024-12-06T00:29:43.627+0000] {dagbag.py:588} INFO - Filling up the DagBag from /home/airflow/.local/lib/python3.12/site-packages/airflow/example_dags/example_branch_python_dop_operator_3.py
[2024-12-06T00:29:43.733+0000] {processor.py:925} INFO - DAG(s) 'example_branch_dop_operator_v3' retrieved from /home/airflow/.local/lib/python3.12/site-packages/airflow/example_dags/example_branch_python_dop_operator_3.py
[2024-12-06T00:29:43.949+0000] {logging_mixin.py:190} INFO - [2024-12-06T00:29:43.948+0000] {dag.py:3239} INFO - Sync 1 DAGs
[2024-12-06T00:29:44.279+0000] {logging_mixin.py:190} INFO - [2024-12-06T00:29:44.278+0000] {dag.py:4180} INFO - Setting next_dagrun for example_branch_dop_operator_v3 to 2024-12-06 00:28:00+00:00, run_after=2024-12-06 00:29:00+00:00
[2024-12-06T00:29:44.421+0000] {processor.py:208} INFO - Processing /home/airflow/.local/lib/python3.12/site-packages/airflow/example_dags/example_branch_python_dop_operator_3.py took 0.944 seconds
