[2024-12-06T00:24:30.107+0000] {processor.py:186} INFO - Started process (PID=1471) to work on /home/airflow/.local/lib/python3.12/site-packages/airflow/example_dags/example_latest_only_with_trigger.py
[2024-12-06T00:24:30.122+0000] {processor.py:914} INFO - Processing file /home/airflow/.local/lib/python3.12/site-packages/airflow/example_dags/example_latest_only_with_trigger.py for tasks to queue
[2024-12-06T00:24:30.138+0000] {logging_mixin.py:190} INFO - [2024-12-06T00:24:30.136+0000] {dagbag.py:588} INFO - Filling up the DagBag from /home/airflow/.local/lib/python3.12/site-packages/airflow/example_dags/example_latest_only_with_trigger.py
[2024-12-06T00:24:30.296+0000] {processor.py:925} INFO - DAG(s) 'latest_only_with_trigger' retrieved from /home/airflow/.local/lib/python3.12/site-packages/airflow/example_dags/example_latest_only_with_trigger.py
[2024-12-06T00:24:30.518+0000] {logging_mixin.py:190} INFO - [2024-12-06T00:24:30.513+0000] {dag.py:3239} INFO - Sync 1 DAGs
[2024-12-06T00:24:30.719+0000] {logging_mixin.py:190} INFO - [2024-12-06T00:24:30.718+0000] {dag.py:4180} INFO - Setting next_dagrun for latest_only_with_trigger to 2024-12-05 20:00:00+00:00, run_after=2024-12-06 00:00:00+00:00
[2024-12-06T00:24:31.041+0000] {processor.py:208} INFO - Processing /home/airflow/.local/lib/python3.12/site-packages/airflow/example_dags/example_latest_only_with_trigger.py took 1.163 seconds
[2024-12-06T00:26:17.825+0000] {processor.py:186} INFO - Started process (PID=1566) to work on /home/airflow/.local/lib/python3.12/site-packages/airflow/example_dags/example_latest_only_with_trigger.py
[2024-12-06T00:26:17.836+0000] {processor.py:914} INFO - Processing file /home/airflow/.local/lib/python3.12/site-packages/airflow/example_dags/example_latest_only_with_trigger.py for tasks to queue
[2024-12-06T00:26:17.847+0000] {logging_mixin.py:190} INFO - [2024-12-06T00:26:17.844+0000] {dagbag.py:588} INFO - Filling up the DagBag from /home/airflow/.local/lib/python3.12/site-packages/airflow/example_dags/example_latest_only_with_trigger.py
[2024-12-06T00:26:17.902+0000] {processor.py:925} INFO - DAG(s) 'latest_only_with_trigger' retrieved from /home/airflow/.local/lib/python3.12/site-packages/airflow/example_dags/example_latest_only_with_trigger.py
[2024-12-06T00:26:18.007+0000] {logging_mixin.py:190} INFO - [2024-12-06T00:26:18.006+0000] {dag.py:3239} INFO - Sync 1 DAGs
[2024-12-06T00:26:18.195+0000] {logging_mixin.py:190} INFO - [2024-12-06T00:26:18.194+0000] {dag.py:4180} INFO - Setting next_dagrun for latest_only_with_trigger to 2024-12-05 20:00:00+00:00, run_after=2024-12-06 00:00:00+00:00
[2024-12-06T00:26:18.398+0000] {processor.py:208} INFO - Processing /home/airflow/.local/lib/python3.12/site-packages/airflow/example_dags/example_latest_only_with_trigger.py took 0.637 seconds
[2024-12-06T00:28:34.106+0000] {processor.py:186} INFO - Started process (PID=1687) to work on /home/airflow/.local/lib/python3.12/site-packages/airflow/example_dags/example_latest_only_with_trigger.py
[2024-12-06T00:28:34.119+0000] {processor.py:914} INFO - Processing file /home/airflow/.local/lib/python3.12/site-packages/airflow/example_dags/example_latest_only_with_trigger.py for tasks to queue
[2024-12-06T00:28:34.125+0000] {logging_mixin.py:190} INFO - [2024-12-06T00:28:34.124+0000] {dagbag.py:588} INFO - Filling up the DagBag from /home/airflow/.local/lib/python3.12/site-packages/airflow/example_dags/example_latest_only_with_trigger.py
[2024-12-06T00:28:34.258+0000] {processor.py:925} INFO - DAG(s) 'latest_only_with_trigger' retrieved from /home/airflow/.local/lib/python3.12/site-packages/airflow/example_dags/example_latest_only_with_trigger.py
[2024-12-06T00:28:34.683+0000] {logging_mixin.py:190} INFO - [2024-12-06T00:28:34.664+0000] {dag.py:3239} INFO - Sync 1 DAGs
[2024-12-06T00:28:35.344+0000] {logging_mixin.py:190} INFO - [2024-12-06T00:28:35.343+0000] {dag.py:4180} INFO - Setting next_dagrun for latest_only_with_trigger to 2024-12-05 20:00:00+00:00, run_after=2024-12-06 00:00:00+00:00
[2024-12-06T00:28:35.632+0000] {processor.py:208} INFO - Processing /home/airflow/.local/lib/python3.12/site-packages/airflow/example_dags/example_latest_only_with_trigger.py took 1.584 seconds
[2024-12-06T00:30:16.844+0000] {processor.py:186} INFO - Started process (PID=1821) to work on /home/airflow/.local/lib/python3.12/site-packages/airflow/example_dags/example_latest_only_with_trigger.py
[2024-12-06T00:30:16.935+0000] {processor.py:914} INFO - Processing file /home/airflow/.local/lib/python3.12/site-packages/airflow/example_dags/example_latest_only_with_trigger.py for tasks to queue
[2024-12-06T00:30:16.974+0000] {logging_mixin.py:190} INFO - [2024-12-06T00:30:16.973+0000] {dagbag.py:588} INFO - Filling up the DagBag from /home/airflow/.local/lib/python3.12/site-packages/airflow/example_dags/example_latest_only_with_trigger.py
[2024-12-06T00:30:17.169+0000] {processor.py:925} INFO - DAG(s) 'latest_only_with_trigger' retrieved from /home/airflow/.local/lib/python3.12/site-packages/airflow/example_dags/example_latest_only_with_trigger.py
[2024-12-06T00:30:17.606+0000] {logging_mixin.py:190} INFO - [2024-12-06T00:30:17.606+0000] {dag.py:3239} INFO - Sync 1 DAGs
[2024-12-06T00:30:18.054+0000] {logging_mixin.py:190} INFO - [2024-12-06T00:30:18.042+0000] {dag.py:4180} INFO - Setting next_dagrun for latest_only_with_trigger to 2024-12-05 20:00:00+00:00, run_after=2024-12-06 00:00:00+00:00
[2024-12-06T00:30:18.416+0000] {processor.py:208} INFO - Processing /home/airflow/.local/lib/python3.12/site-packages/airflow/example_dags/example_latest_only_with_trigger.py took 1.685 seconds
