[2024-12-06T00:24:36.020+0000] {processor.py:186} INFO - Started process (PID=1480) to work on /home/airflow/.local/lib/python3.12/site-packages/airflow/example_dags/example_latest_only.py
[2024-12-06T00:24:36.023+0000] {processor.py:914} INFO - Processing file /home/airflow/.local/lib/python3.12/site-packages/airflow/example_dags/example_latest_only.py for tasks to queue
[2024-12-06T00:24:36.100+0000] {logging_mixin.py:190} INFO - [2024-12-06T00:24:36.055+0000] {dagbag.py:588} INFO - Filling up the DagBag from /home/airflow/.local/lib/python3.12/site-packages/airflow/example_dags/example_latest_only.py
[2024-12-06T00:24:36.244+0000] {processor.py:925} INFO - DAG(s) 'latest_only' retrieved from /home/airflow/.local/lib/python3.12/site-packages/airflow/example_dags/example_latest_only.py
[2024-12-06T00:24:36.480+0000] {logging_mixin.py:190} INFO - [2024-12-06T00:24:36.479+0000] {dag.py:3239} INFO - Sync 1 DAGs
[2024-12-06T00:24:36.693+0000] {logging_mixin.py:190} INFO - [2024-12-06T00:24:36.692+0000] {dag.py:4180} INFO - Setting next_dagrun for latest_only to 2024-12-05 20:00:00+00:00, run_after=2024-12-06 00:00:00+00:00
[2024-12-06T00:24:37.076+0000] {processor.py:208} INFO - Processing /home/airflow/.local/lib/python3.12/site-packages/airflow/example_dags/example_latest_only.py took 1.153 seconds
[2024-12-06T00:26:19.607+0000] {processor.py:186} INFO - Started process (PID=1570) to work on /home/airflow/.local/lib/python3.12/site-packages/airflow/example_dags/example_latest_only.py
[2024-12-06T00:26:19.623+0000] {processor.py:914} INFO - Processing file /home/airflow/.local/lib/python3.12/site-packages/airflow/example_dags/example_latest_only.py for tasks to queue
[2024-12-06T00:26:19.645+0000] {logging_mixin.py:190} INFO - [2024-12-06T00:26:19.644+0000] {dagbag.py:588} INFO - Filling up the DagBag from /home/airflow/.local/lib/python3.12/site-packages/airflow/example_dags/example_latest_only.py
[2024-12-06T00:26:19.699+0000] {processor.py:925} INFO - DAG(s) 'latest_only' retrieved from /home/airflow/.local/lib/python3.12/site-packages/airflow/example_dags/example_latest_only.py
[2024-12-06T00:26:19.904+0000] {logging_mixin.py:190} INFO - [2024-12-06T00:26:19.903+0000] {dag.py:3239} INFO - Sync 1 DAGs
[2024-12-06T00:26:20.172+0000] {logging_mixin.py:190} INFO - [2024-12-06T00:26:20.171+0000] {dag.py:4180} INFO - Setting next_dagrun for latest_only to 2024-12-05 20:00:00+00:00, run_after=2024-12-06 00:00:00+00:00
[2024-12-06T00:26:20.309+0000] {processor.py:208} INFO - Processing /home/airflow/.local/lib/python3.12/site-packages/airflow/example_dags/example_latest_only.py took 0.756 seconds
[2024-12-06T00:28:38.358+0000] {processor.py:186} INFO - Started process (PID=1691) to work on /home/airflow/.local/lib/python3.12/site-packages/airflow/example_dags/example_latest_only.py
[2024-12-06T00:28:38.372+0000] {processor.py:914} INFO - Processing file /home/airflow/.local/lib/python3.12/site-packages/airflow/example_dags/example_latest_only.py for tasks to queue
[2024-12-06T00:28:38.387+0000] {logging_mixin.py:190} INFO - [2024-12-06T00:28:38.382+0000] {dagbag.py:588} INFO - Filling up the DagBag from /home/airflow/.local/lib/python3.12/site-packages/airflow/example_dags/example_latest_only.py
[2024-12-06T00:28:38.496+0000] {processor.py:925} INFO - DAG(s) 'latest_only' retrieved from /home/airflow/.local/lib/python3.12/site-packages/airflow/example_dags/example_latest_only.py
[2024-12-06T00:28:38.712+0000] {logging_mixin.py:190} INFO - [2024-12-06T00:28:38.711+0000] {dag.py:3239} INFO - Sync 1 DAGs
[2024-12-06T00:28:38.956+0000] {logging_mixin.py:190} INFO - [2024-12-06T00:28:38.956+0000] {dag.py:4180} INFO - Setting next_dagrun for latest_only to 2024-12-05 20:00:00+00:00, run_after=2024-12-06 00:00:00+00:00
[2024-12-06T00:28:39.233+0000] {processor.py:208} INFO - Processing /home/airflow/.local/lib/python3.12/site-packages/airflow/example_dags/example_latest_only.py took 0.929 seconds
[2024-12-06T00:30:21.341+0000] {processor.py:186} INFO - Started process (PID=1825) to work on /home/airflow/.local/lib/python3.12/site-packages/airflow/example_dags/example_latest_only.py
[2024-12-06T00:30:21.358+0000] {processor.py:914} INFO - Processing file /home/airflow/.local/lib/python3.12/site-packages/airflow/example_dags/example_latest_only.py for tasks to queue
[2024-12-06T00:30:21.388+0000] {logging_mixin.py:190} INFO - [2024-12-06T00:30:21.375+0000] {dagbag.py:588} INFO - Filling up the DagBag from /home/airflow/.local/lib/python3.12/site-packages/airflow/example_dags/example_latest_only.py
[2024-12-06T00:30:21.480+0000] {processor.py:925} INFO - DAG(s) 'latest_only' retrieved from /home/airflow/.local/lib/python3.12/site-packages/airflow/example_dags/example_latest_only.py
[2024-12-06T00:30:21.764+0000] {logging_mixin.py:190} INFO - [2024-12-06T00:30:21.764+0000] {dag.py:3239} INFO - Sync 1 DAGs
[2024-12-06T00:30:22.039+0000] {logging_mixin.py:190} INFO - [2024-12-06T00:30:22.038+0000] {dag.py:4180} INFO - Setting next_dagrun for latest_only to 2024-12-05 20:00:00+00:00, run_after=2024-12-06 00:00:00+00:00
[2024-12-06T00:30:22.355+0000] {processor.py:208} INFO - Processing /home/airflow/.local/lib/python3.12/site-packages/airflow/example_dags/example_latest_only.py took 1.100 seconds
