[2024-12-06T00:25:50.770+0000] {processor.py:186} INFO - Started process (PID=1547) to work on /home/airflow/.local/lib/python3.12/site-packages/airflow/example_dags/example_complex.py
[2024-12-06T00:25:50.785+0000] {processor.py:914} INFO - Processing file /home/airflow/.local/lib/python3.12/site-packages/airflow/example_dags/example_complex.py for tasks to queue
[2024-12-06T00:25:50.827+0000] {logging_mixin.py:190} INFO - [2024-12-06T00:25:50.810+0000] {dagbag.py:588} INFO - Filling up the DagBag from /home/airflow/.local/lib/python3.12/site-packages/airflow/example_dags/example_complex.py
[2024-12-06T00:25:50.980+0000] {processor.py:925} INFO - DAG(s) 'example_complex' retrieved from /home/airflow/.local/lib/python3.12/site-packages/airflow/example_dags/example_complex.py
[2024-12-06T00:25:52.141+0000] {logging_mixin.py:190} INFO - [2024-12-06T00:25:52.141+0000] {dag.py:3239} INFO - Sync 1 DAGs
[2024-12-06T00:25:52.250+0000] {logging_mixin.py:190} INFO - [2024-12-06T00:25:52.249+0000] {dag.py:4180} INFO - Setting next_dagrun for example_complex to None, run_after=None
[2024-12-06T00:25:52.390+0000] {processor.py:208} INFO - Processing /home/airflow/.local/lib/python3.12/site-packages/airflow/example_dags/example_complex.py took 1.659 seconds
[2024-12-06T00:26:53.736+0000] {processor.py:186} INFO - Started process (PID=1616) to work on /home/airflow/.local/lib/python3.12/site-packages/airflow/example_dags/example_complex.py
[2024-12-06T00:26:53.784+0000] {processor.py:914} INFO - Processing file /home/airflow/.local/lib/python3.12/site-packages/airflow/example_dags/example_complex.py for tasks to queue
[2024-12-06T00:26:53.822+0000] {logging_mixin.py:190} INFO - [2024-12-06T00:26:53.820+0000] {dagbag.py:588} INFO - Filling up the DagBag from /home/airflow/.local/lib/python3.12/site-packages/airflow/example_dags/example_complex.py
[2024-12-06T00:26:54.148+0000] {processor.py:925} INFO - DAG(s) 'example_complex' retrieved from /home/airflow/.local/lib/python3.12/site-packages/airflow/example_dags/example_complex.py
[2024-12-06T00:26:54.702+0000] {logging_mixin.py:190} INFO - [2024-12-06T00:26:54.700+0000] {dag.py:3239} INFO - Sync 1 DAGs
[2024-12-06T00:26:55.003+0000] {logging_mixin.py:190} INFO - [2024-12-06T00:26:55.003+0000] {dag.py:4180} INFO - Setting next_dagrun for example_complex to None, run_after=None
[2024-12-06T00:26:55.412+0000] {processor.py:208} INFO - Processing /home/airflow/.local/lib/python3.12/site-packages/airflow/example_dags/example_complex.py took 1.849 seconds
[2024-12-06T00:27:59.275+0000] {processor.py:186} INFO - Started process (PID=1670) to work on /home/airflow/.local/lib/python3.12/site-packages/airflow/example_dags/example_complex.py
[2024-12-06T00:27:59.324+0000] {processor.py:914} INFO - Processing file /home/airflow/.local/lib/python3.12/site-packages/airflow/example_dags/example_complex.py for tasks to queue
[2024-12-06T00:27:59.379+0000] {logging_mixin.py:190} INFO - [2024-12-06T00:27:59.361+0000] {dagbag.py:588} INFO - Filling up the DagBag from /home/airflow/.local/lib/python3.12/site-packages/airflow/example_dags/example_complex.py
[2024-12-06T00:27:59.732+0000] {processor.py:925} INFO - DAG(s) 'example_complex' retrieved from /home/airflow/.local/lib/python3.12/site-packages/airflow/example_dags/example_complex.py
[2024-12-06T00:28:00.411+0000] {logging_mixin.py:190} INFO - [2024-12-06T00:28:00.410+0000] {dag.py:3239} INFO - Sync 1 DAGs
[2024-12-06T00:28:00.751+0000] {logging_mixin.py:190} INFO - [2024-12-06T00:28:00.751+0000] {dag.py:4180} INFO - Setting next_dagrun for example_complex to None, run_after=None
[2024-12-06T00:28:01.220+0000] {processor.py:208} INFO - Processing /home/airflow/.local/lib/python3.12/site-packages/airflow/example_dags/example_complex.py took 2.077 seconds
[2024-12-06T00:29:06.553+0000] {processor.py:186} INFO - Started process (PID=1741) to work on /home/airflow/.local/lib/python3.12/site-packages/airflow/example_dags/example_complex.py
[2024-12-06T00:29:06.556+0000] {processor.py:914} INFO - Processing file /home/airflow/.local/lib/python3.12/site-packages/airflow/example_dags/example_complex.py for tasks to queue
[2024-12-06T00:29:06.571+0000] {logging_mixin.py:190} INFO - [2024-12-06T00:29:06.570+0000] {dagbag.py:588} INFO - Filling up the DagBag from /home/airflow/.local/lib/python3.12/site-packages/airflow/example_dags/example_complex.py
[2024-12-06T00:29:06.670+0000] {processor.py:925} INFO - DAG(s) 'example_complex' retrieved from /home/airflow/.local/lib/python3.12/site-packages/airflow/example_dags/example_complex.py
[2024-12-06T00:29:06.950+0000] {logging_mixin.py:190} INFO - [2024-12-06T00:29:06.949+0000] {dag.py:3239} INFO - Sync 1 DAGs
[2024-12-06T00:29:07.138+0000] {logging_mixin.py:190} INFO - [2024-12-06T00:29:07.138+0000] {dag.py:4180} INFO - Setting next_dagrun for example_complex to None, run_after=None
[2024-12-06T00:29:07.950+0000] {processor.py:208} INFO - Processing /home/airflow/.local/lib/python3.12/site-packages/airflow/example_dags/example_complex.py took 1.429 seconds
[2024-12-06T00:30:02.382+0000] {processor.py:186} INFO - Started process (PID=1806) to work on /home/airflow/.local/lib/python3.12/site-packages/airflow/example_dags/example_complex.py
[2024-12-06T00:30:02.411+0000] {processor.py:914} INFO - Processing file /home/airflow/.local/lib/python3.12/site-packages/airflow/example_dags/example_complex.py for tasks to queue
[2024-12-06T00:30:02.430+0000] {logging_mixin.py:190} INFO - [2024-12-06T00:30:02.429+0000] {dagbag.py:588} INFO - Filling up the DagBag from /home/airflow/.local/lib/python3.12/site-packages/airflow/example_dags/example_complex.py
[2024-12-06T00:30:02.671+0000] {processor.py:925} INFO - DAG(s) 'example_complex' retrieved from /home/airflow/.local/lib/python3.12/site-packages/airflow/example_dags/example_complex.py
[2024-12-06T00:30:03.349+0000] {logging_mixin.py:190} INFO - [2024-12-06T00:30:03.348+0000] {dag.py:3239} INFO - Sync 1 DAGs
[2024-12-06T00:30:03.843+0000] {logging_mixin.py:190} INFO - [2024-12-06T00:30:03.832+0000] {dag.py:4180} INFO - Setting next_dagrun for example_complex to None, run_after=None
[2024-12-06T00:30:04.069+0000] {processor.py:208} INFO - Processing /home/airflow/.local/lib/python3.12/site-packages/airflow/example_dags/example_complex.py took 1.733 seconds
[2024-12-06T00:31:05.593+0000] {processor.py:186} INFO - Started process (PID=1882) to work on /home/airflow/.local/lib/python3.12/site-packages/airflow/example_dags/example_complex.py
[2024-12-06T00:31:05.609+0000] {processor.py:914} INFO - Processing file /home/airflow/.local/lib/python3.12/site-packages/airflow/example_dags/example_complex.py for tasks to queue
[2024-12-06T00:31:05.613+0000] {logging_mixin.py:190} INFO - [2024-12-06T00:31:05.612+0000] {dagbag.py:588} INFO - Filling up the DagBag from /home/airflow/.local/lib/python3.12/site-packages/airflow/example_dags/example_complex.py
[2024-12-06T00:31:05.696+0000] {processor.py:925} INFO - DAG(s) 'example_complex' retrieved from /home/airflow/.local/lib/python3.12/site-packages/airflow/example_dags/example_complex.py
[2024-12-06T00:31:06.125+0000] {logging_mixin.py:190} INFO - [2024-12-06T00:31:06.123+0000] {dag.py:3239} INFO - Sync 1 DAGs
[2024-12-06T00:31:06.295+0000] {logging_mixin.py:190} INFO - [2024-12-06T00:31:06.294+0000] {dag.py:4180} INFO - Setting next_dagrun for example_complex to None, run_after=None
[2024-12-06T00:31:06.682+0000] {processor.py:208} INFO - Processing /home/airflow/.local/lib/python3.12/site-packages/airflow/example_dags/example_complex.py took 1.127 seconds
