[2024-12-06T00:26:08.386+0000] {processor.py:186} INFO - Started process (PID=1562) to work on /home/airflow/.local/lib/python3.12/site-packages/airflow/example_dags/example_task_group.py
[2024-12-06T00:26:08.452+0000] {processor.py:914} INFO - Processing file /home/airflow/.local/lib/python3.12/site-packages/airflow/example_dags/example_task_group.py for tasks to queue
[2024-12-06T00:26:08.489+0000] {logging_mixin.py:190} INFO - [2024-12-06T00:26:08.475+0000] {dagbag.py:588} INFO - Filling up the DagBag from /home/airflow/.local/lib/python3.12/site-packages/airflow/example_dags/example_task_group.py
[2024-12-06T00:26:08.590+0000] {processor.py:925} INFO - DAG(s) 'example_task_group' retrieved from /home/airflow/.local/lib/python3.12/site-packages/airflow/example_dags/example_task_group.py
[2024-12-06T00:26:08.770+0000] {logging_mixin.py:190} INFO - [2024-12-06T00:26:08.769+0000] {dag.py:3239} INFO - Sync 1 DAGs
[2024-12-06T00:26:08.972+0000] {logging_mixin.py:190} INFO - [2024-12-06T00:26:08.972+0000] {dag.py:4180} INFO - Setting next_dagrun for example_task_group to None, run_after=None
[2024-12-06T00:26:09.580+0000] {processor.py:208} INFO - Processing /home/airflow/.local/lib/python3.12/site-packages/airflow/example_dags/example_task_group.py took 1.233 seconds
[2024-12-06T00:28:19.793+0000] {processor.py:186} INFO - Started process (PID=1683) to work on /home/airflow/.local/lib/python3.12/site-packages/airflow/example_dags/example_task_group.py
[2024-12-06T00:28:19.813+0000] {processor.py:914} INFO - Processing file /home/airflow/.local/lib/python3.12/site-packages/airflow/example_dags/example_task_group.py for tasks to queue
[2024-12-06T00:28:19.881+0000] {logging_mixin.py:190} INFO - [2024-12-06T00:28:19.880+0000] {dagbag.py:588} INFO - Filling up the DagBag from /home/airflow/.local/lib/python3.12/site-packages/airflow/example_dags/example_task_group.py
[2024-12-06T00:28:20.237+0000] {processor.py:925} INFO - DAG(s) 'example_task_group' retrieved from /home/airflow/.local/lib/python3.12/site-packages/airflow/example_dags/example_task_group.py
[2024-12-06T00:28:20.549+0000] {logging_mixin.py:190} INFO - [2024-12-06T00:28:20.548+0000] {dag.py:3239} INFO - Sync 1 DAGs
[2024-12-06T00:28:20.942+0000] {logging_mixin.py:190} INFO - [2024-12-06T00:28:20.941+0000] {dag.py:4180} INFO - Setting next_dagrun for example_task_group to None, run_after=None
[2024-12-06T00:28:21.181+0000] {processor.py:208} INFO - Processing /home/airflow/.local/lib/python3.12/site-packages/airflow/example_dags/example_task_group.py took 1.575 seconds
[2024-12-06T00:29:30.743+0000] {processor.py:186} INFO - Started process (PID=1760) to work on /home/airflow/.local/lib/python3.12/site-packages/airflow/example_dags/example_task_group.py
[2024-12-06T00:29:30.798+0000] {processor.py:914} INFO - Processing file /home/airflow/.local/lib/python3.12/site-packages/airflow/example_dags/example_task_group.py for tasks to queue
[2024-12-06T00:29:30.816+0000] {logging_mixin.py:190} INFO - [2024-12-06T00:29:30.815+0000] {dagbag.py:588} INFO - Filling up the DagBag from /home/airflow/.local/lib/python3.12/site-packages/airflow/example_dags/example_task_group.py
[2024-12-06T00:29:31.051+0000] {processor.py:925} INFO - DAG(s) 'example_task_group' retrieved from /home/airflow/.local/lib/python3.12/site-packages/airflow/example_dags/example_task_group.py
[2024-12-06T00:29:31.293+0000] {logging_mixin.py:190} INFO - [2024-12-06T00:29:31.292+0000] {dag.py:3239} INFO - Sync 1 DAGs
[2024-12-06T00:29:31.522+0000] {logging_mixin.py:190} INFO - [2024-12-06T00:29:31.521+0000] {dag.py:4180} INFO - Setting next_dagrun for example_task_group to None, run_after=None
[2024-12-06T00:29:31.817+0000] {processor.py:208} INFO - Processing /home/airflow/.local/lib/python3.12/site-packages/airflow/example_dags/example_task_group.py took 1.131 seconds
