[2024-12-06T00:26:21.589+0000] {processor.py:186} INFO - Started process (PID=1574) to work on /home/airflow/.local/lib/python3.12/site-packages/airflow/example_dags/example_sensor_decorator.py
[2024-12-06T00:26:21.592+0000] {processor.py:914} INFO - Processing file /home/airflow/.local/lib/python3.12/site-packages/airflow/example_dags/example_sensor_decorator.py for tasks to queue
[2024-12-06T00:26:21.596+0000] {logging_mixin.py:190} INFO - [2024-12-06T00:26:21.595+0000] {dagbag.py:588} INFO - Filling up the DagBag from /home/airflow/.local/lib/python3.12/site-packages/airflow/example_dags/example_sensor_decorator.py
[2024-12-06T00:26:21.650+0000] {processor.py:925} INFO - DAG(s) 'example_sensor_decorator' retrieved from /home/airflow/.local/lib/python3.12/site-packages/airflow/example_dags/example_sensor_decorator.py
[2024-12-06T00:26:21.821+0000] {logging_mixin.py:190} INFO - [2024-12-06T00:26:21.821+0000] {dag.py:3239} INFO - Sync 1 DAGs
[2024-12-06T00:26:21.937+0000] {logging_mixin.py:190} INFO - [2024-12-06T00:26:21.936+0000] {dag.py:4180} INFO - Setting next_dagrun for example_sensor_decorator to None, run_after=None
[2024-12-06T00:26:22.117+0000] {processor.py:208} INFO - Processing /home/airflow/.local/lib/python3.12/site-packages/airflow/example_dags/example_sensor_decorator.py took 0.613 seconds
[2024-12-06T00:28:42.140+0000] {processor.py:186} INFO - Started process (PID=1701) to work on /home/airflow/.local/lib/python3.12/site-packages/airflow/example_dags/example_sensor_decorator.py
[2024-12-06T00:28:42.177+0000] {processor.py:914} INFO - Processing file /home/airflow/.local/lib/python3.12/site-packages/airflow/example_dags/example_sensor_decorator.py for tasks to queue
[2024-12-06T00:28:42.196+0000] {logging_mixin.py:190} INFO - [2024-12-06T00:28:42.195+0000] {dagbag.py:588} INFO - Filling up the DagBag from /home/airflow/.local/lib/python3.12/site-packages/airflow/example_dags/example_sensor_decorator.py
[2024-12-06T00:28:42.343+0000] {processor.py:925} INFO - DAG(s) 'example_sensor_decorator' retrieved from /home/airflow/.local/lib/python3.12/site-packages/airflow/example_dags/example_sensor_decorator.py
[2024-12-06T00:28:42.615+0000] {logging_mixin.py:190} INFO - [2024-12-06T00:28:42.614+0000] {dag.py:3239} INFO - Sync 1 DAGs
[2024-12-06T00:28:43.031+0000] {logging_mixin.py:190} INFO - [2024-12-06T00:28:43.022+0000] {dag.py:4180} INFO - Setting next_dagrun for example_sensor_decorator to None, run_after=None
[2024-12-06T00:28:43.412+0000] {processor.py:208} INFO - Processing /home/airflow/.local/lib/python3.12/site-packages/airflow/example_dags/example_sensor_decorator.py took 1.343 seconds
[2024-12-06T00:30:25.930+0000] {processor.py:186} INFO - Started process (PID=1834) to work on /home/airflow/.local/lib/python3.12/site-packages/airflow/example_dags/example_sensor_decorator.py
[2024-12-06T00:30:25.950+0000] {processor.py:914} INFO - Processing file /home/airflow/.local/lib/python3.12/site-packages/airflow/example_dags/example_sensor_decorator.py for tasks to queue
[2024-12-06T00:30:25.983+0000] {logging_mixin.py:190} INFO - [2024-12-06T00:30:25.982+0000] {dagbag.py:588} INFO - Filling up the DagBag from /home/airflow/.local/lib/python3.12/site-packages/airflow/example_dags/example_sensor_decorator.py
[2024-12-06T00:30:26.178+0000] {processor.py:925} INFO - DAG(s) 'example_sensor_decorator' retrieved from /home/airflow/.local/lib/python3.12/site-packages/airflow/example_dags/example_sensor_decorator.py
[2024-12-06T00:30:26.521+0000] {logging_mixin.py:190} INFO - [2024-12-06T00:30:26.520+0000] {dag.py:3239} INFO - Sync 1 DAGs
[2024-12-06T00:30:26.878+0000] {logging_mixin.py:190} INFO - [2024-12-06T00:30:26.877+0000] {dag.py:4180} INFO - Setting next_dagrun for example_sensor_decorator to None, run_after=None
[2024-12-06T00:30:27.350+0000] {processor.py:208} INFO - Processing /home/airflow/.local/lib/python3.12/site-packages/airflow/example_dags/example_sensor_decorator.py took 1.460 seconds
