[2024-12-06T00:25:49.081+0000] {processor.py:186} INFO - Started process (PID=1546) to work on /home/airflow/.local/lib/python3.12/site-packages/airflow/example_dags/example_dag_decorator.py
[2024-12-06T00:25:49.144+0000] {processor.py:914} INFO - Processing file /home/airflow/.local/lib/python3.12/site-packages/airflow/example_dags/example_dag_decorator.py for tasks to queue
[2024-12-06T00:25:49.257+0000] {logging_mixin.py:190} INFO - [2024-12-06T00:25:49.256+0000] {dagbag.py:588} INFO - Filling up the DagBag from /home/airflow/.local/lib/python3.12/site-packages/airflow/example_dags/example_dag_decorator.py
[2024-12-06T00:25:49.481+0000] {processor.py:925} INFO - DAG(s) 'example_dag_decorator' retrieved from /home/airflow/.local/lib/python3.12/site-packages/airflow/example_dags/example_dag_decorator.py
[2024-12-06T00:25:51.066+0000] {logging_mixin.py:190} INFO - [2024-12-06T00:25:51.066+0000] {dag.py:3239} INFO - Sync 1 DAGs
[2024-12-06T00:25:51.255+0000] {logging_mixin.py:190} INFO - [2024-12-06T00:25:51.254+0000] {dag.py:4180} INFO - Setting next_dagrun for example_dag_decorator to None, run_after=None
[2024-12-06T00:25:51.474+0000] {processor.py:208} INFO - Processing /home/airflow/.local/lib/python3.12/site-packages/airflow/example_dags/example_dag_decorator.py took 2.666 seconds
[2024-12-06T00:26:52.955+0000] {processor.py:186} INFO - Started process (PID=1615) to work on /home/airflow/.local/lib/python3.12/site-packages/airflow/example_dags/example_dag_decorator.py
[2024-12-06T00:26:53.060+0000] {processor.py:914} INFO - Processing file /home/airflow/.local/lib/python3.12/site-packages/airflow/example_dags/example_dag_decorator.py for tasks to queue
[2024-12-06T00:26:53.112+0000] {logging_mixin.py:190} INFO - [2024-12-06T00:26:53.111+0000] {dagbag.py:588} INFO - Filling up the DagBag from /home/airflow/.local/lib/python3.12/site-packages/airflow/example_dags/example_dag_decorator.py
[2024-12-06T00:26:53.264+0000] {processor.py:925} INFO - DAG(s) 'example_dag_decorator' retrieved from /home/airflow/.local/lib/python3.12/site-packages/airflow/example_dags/example_dag_decorator.py
[2024-12-06T00:26:55.395+0000] {logging_mixin.py:190} INFO - [2024-12-06T00:26:55.382+0000] {dag.py:3239} INFO - Sync 1 DAGs
[2024-12-06T00:26:55.685+0000] {logging_mixin.py:190} INFO - [2024-12-06T00:26:55.684+0000] {dag.py:4180} INFO - Setting next_dagrun for example_dag_decorator to None, run_after=None
[2024-12-06T00:26:56.213+0000] {processor.py:208} INFO - Processing /home/airflow/.local/lib/python3.12/site-packages/airflow/example_dags/example_dag_decorator.py took 3.378 seconds
[2024-12-06T00:27:57.790+0000] {processor.py:186} INFO - Started process (PID=1669) to work on /home/airflow/.local/lib/python3.12/site-packages/airflow/example_dags/example_dag_decorator.py
[2024-12-06T00:27:57.837+0000] {processor.py:914} INFO - Processing file /home/airflow/.local/lib/python3.12/site-packages/airflow/example_dags/example_dag_decorator.py for tasks to queue
[2024-12-06T00:27:57.888+0000] {logging_mixin.py:190} INFO - [2024-12-06T00:27:57.888+0000] {dagbag.py:588} INFO - Filling up the DagBag from /home/airflow/.local/lib/python3.12/site-packages/airflow/example_dags/example_dag_decorator.py
[2024-12-06T00:27:58.225+0000] {processor.py:925} INFO - DAG(s) 'example_dag_decorator' retrieved from /home/airflow/.local/lib/python3.12/site-packages/airflow/example_dags/example_dag_decorator.py
[2024-12-06T00:28:00.426+0000] {logging_mixin.py:190} INFO - [2024-12-06T00:28:00.425+0000] {dag.py:3239} INFO - Sync 1 DAGs
[2024-12-06T00:28:00.650+0000] {logging_mixin.py:190} INFO - [2024-12-06T00:28:00.649+0000] {dag.py:4180} INFO - Setting next_dagrun for example_dag_decorator to None, run_after=None
[2024-12-06T00:28:01.063+0000] {processor.py:208} INFO - Processing /home/airflow/.local/lib/python3.12/site-packages/airflow/example_dags/example_dag_decorator.py took 3.399 seconds
[2024-12-06T00:29:04.973+0000] {processor.py:186} INFO - Started process (PID=1740) to work on /home/airflow/.local/lib/python3.12/site-packages/airflow/example_dags/example_dag_decorator.py
[2024-12-06T00:29:04.978+0000] {processor.py:914} INFO - Processing file /home/airflow/.local/lib/python3.12/site-packages/airflow/example_dags/example_dag_decorator.py for tasks to queue
[2024-12-06T00:29:04.983+0000] {logging_mixin.py:190} INFO - [2024-12-06T00:29:04.982+0000] {dagbag.py:588} INFO - Filling up the DagBag from /home/airflow/.local/lib/python3.12/site-packages/airflow/example_dags/example_dag_decorator.py
[2024-12-06T00:29:05.054+0000] {processor.py:925} INFO - DAG(s) 'example_dag_decorator' retrieved from /home/airflow/.local/lib/python3.12/site-packages/airflow/example_dags/example_dag_decorator.py
[2024-12-06T00:29:06.253+0000] {logging_mixin.py:190} INFO - [2024-12-06T00:29:06.252+0000] {dag.py:3239} INFO - Sync 1 DAGs
[2024-12-06T00:29:06.378+0000] {logging_mixin.py:190} INFO - [2024-12-06T00:29:06.377+0000] {dag.py:4180} INFO - Setting next_dagrun for example_dag_decorator to None, run_after=None
[2024-12-06T00:29:07.284+0000] {processor.py:208} INFO - Processing /home/airflow/.local/lib/python3.12/site-packages/airflow/example_dags/example_dag_decorator.py took 2.344 seconds
[2024-12-06T00:30:01.807+0000] {processor.py:186} INFO - Started process (PID=1805) to work on /home/airflow/.local/lib/python3.12/site-packages/airflow/example_dags/example_dag_decorator.py
[2024-12-06T00:30:01.813+0000] {processor.py:914} INFO - Processing file /home/airflow/.local/lib/python3.12/site-packages/airflow/example_dags/example_dag_decorator.py for tasks to queue
[2024-12-06T00:30:01.825+0000] {logging_mixin.py:190} INFO - [2024-12-06T00:30:01.824+0000] {dagbag.py:588} INFO - Filling up the DagBag from /home/airflow/.local/lib/python3.12/site-packages/airflow/example_dags/example_dag_decorator.py
[2024-12-06T00:30:02.068+0000] {processor.py:925} INFO - DAG(s) 'example_dag_decorator' retrieved from /home/airflow/.local/lib/python3.12/site-packages/airflow/example_dags/example_dag_decorator.py
[2024-12-06T00:30:03.843+0000] {logging_mixin.py:190} INFO - [2024-12-06T00:30:03.842+0000] {dag.py:3239} INFO - Sync 1 DAGs
[2024-12-06T00:30:03.989+0000] {logging_mixin.py:190} INFO - [2024-12-06T00:30:03.988+0000] {dag.py:4180} INFO - Setting next_dagrun for example_dag_decorator to None, run_after=None
[2024-12-06T00:30:04.211+0000] {processor.py:208} INFO - Processing /home/airflow/.local/lib/python3.12/site-packages/airflow/example_dags/example_dag_decorator.py took 2.500 seconds
[2024-12-06T00:31:04.577+0000] {processor.py:186} INFO - Started process (PID=1881) to work on /home/airflow/.local/lib/python3.12/site-packages/airflow/example_dags/example_dag_decorator.py
[2024-12-06T00:31:04.640+0000] {processor.py:914} INFO - Processing file /home/airflow/.local/lib/python3.12/site-packages/airflow/example_dags/example_dag_decorator.py for tasks to queue
[2024-12-06T00:31:04.670+0000] {logging_mixin.py:190} INFO - [2024-12-06T00:31:04.659+0000] {dagbag.py:588} INFO - Filling up the DagBag from /home/airflow/.local/lib/python3.12/site-packages/airflow/example_dags/example_dag_decorator.py
[2024-12-06T00:31:04.837+0000] {processor.py:925} INFO - DAG(s) 'example_dag_decorator' retrieved from /home/airflow/.local/lib/python3.12/site-packages/airflow/example_dags/example_dag_decorator.py
[2024-12-06T00:31:06.813+0000] {logging_mixin.py:190} INFO - [2024-12-06T00:31:06.812+0000] {dag.py:3239} INFO - Sync 1 DAGs
[2024-12-06T00:31:07.110+0000] {logging_mixin.py:190} INFO - [2024-12-06T00:31:07.093+0000] {dag.py:4180} INFO - Setting next_dagrun for example_dag_decorator to None, run_after=None
[2024-12-06T00:31:07.422+0000] {processor.py:208} INFO - Processing /home/airflow/.local/lib/python3.12/site-packages/airflow/example_dags/example_dag_decorator.py took 2.988 seconds
