[2024-12-06T00:26:23.771+0000] {processor.py:186} INFO - Started process (PID=1579) to work on /home/airflow/.local/lib/python3.12/site-packages/airflow/example_dags/example_bash_decorator.py
[2024-12-06T00:26:23.786+0000] {processor.py:914} INFO - Processing file /home/airflow/.local/lib/python3.12/site-packages/airflow/example_dags/example_bash_decorator.py for tasks to queue
[2024-12-06T00:26:23.805+0000] {logging_mixin.py:190} INFO - [2024-12-06T00:26:23.803+0000] {dagbag.py:588} INFO - Filling up the DagBag from /home/airflow/.local/lib/python3.12/site-packages/airflow/example_dags/example_bash_decorator.py
[2024-12-06T00:26:24.065+0000] {processor.py:925} INFO - DAG(s) 'example_bash_decorator' retrieved from /home/airflow/.local/lib/python3.12/site-packages/airflow/example_dags/example_bash_decorator.py
[2024-12-06T00:26:24.400+0000] {logging_mixin.py:190} INFO - [2024-12-06T00:26:24.399+0000] {dag.py:3239} INFO - Sync 1 DAGs
[2024-12-06T00:26:24.515+0000] {logging_mixin.py:190} INFO - [2024-12-06T00:26:24.515+0000] {dag.py:4180} INFO - Setting next_dagrun for example_bash_decorator to None, run_after=None
[2024-12-06T00:26:24.776+0000] {processor.py:208} INFO - Processing /home/airflow/.local/lib/python3.12/site-packages/airflow/example_dags/example_bash_decorator.py took 1.058 seconds
[2024-12-06T00:28:46.715+0000] {processor.py:186} INFO - Started process (PID=1706) to work on /home/airflow/.local/lib/python3.12/site-packages/airflow/example_dags/example_bash_decorator.py
[2024-12-06T00:28:46.734+0000] {processor.py:914} INFO - Processing file /home/airflow/.local/lib/python3.12/site-packages/airflow/example_dags/example_bash_decorator.py for tasks to queue
[2024-12-06T00:28:46.756+0000] {logging_mixin.py:190} INFO - [2024-12-06T00:28:46.752+0000] {dagbag.py:588} INFO - Filling up the DagBag from /home/airflow/.local/lib/python3.12/site-packages/airflow/example_dags/example_bash_decorator.py
[2024-12-06T00:28:46.892+0000] {processor.py:925} INFO - DAG(s) 'example_bash_decorator' retrieved from /home/airflow/.local/lib/python3.12/site-packages/airflow/example_dags/example_bash_decorator.py
[2024-12-06T00:28:47.209+0000] {logging_mixin.py:190} INFO - [2024-12-06T00:28:47.208+0000] {dag.py:3239} INFO - Sync 1 DAGs
[2024-12-06T00:28:47.587+0000] {logging_mixin.py:190} INFO - [2024-12-06T00:28:47.586+0000] {dag.py:4180} INFO - Setting next_dagrun for example_bash_decorator to None, run_after=None
[2024-12-06T00:28:48.060+0000] {processor.py:208} INFO - Processing /home/airflow/.local/lib/python3.12/site-packages/airflow/example_dags/example_bash_decorator.py took 1.482 seconds
[2024-12-06T00:30:34.392+0000] {processor.py:186} INFO - Started process (PID=1845) to work on /home/airflow/.local/lib/python3.12/site-packages/airflow/example_dags/example_bash_decorator.py
[2024-12-06T00:30:34.445+0000] {processor.py:914} INFO - Processing file /home/airflow/.local/lib/python3.12/site-packages/airflow/example_dags/example_bash_decorator.py for tasks to queue
[2024-12-06T00:30:34.497+0000] {logging_mixin.py:190} INFO - [2024-12-06T00:30:34.464+0000] {dagbag.py:588} INFO - Filling up the DagBag from /home/airflow/.local/lib/python3.12/site-packages/airflow/example_dags/example_bash_decorator.py
[2024-12-06T00:30:34.709+0000] {processor.py:925} INFO - DAG(s) 'example_bash_decorator' retrieved from /home/airflow/.local/lib/python3.12/site-packages/airflow/example_dags/example_bash_decorator.py
[2024-12-06T00:30:35.044+0000] {logging_mixin.py:190} INFO - [2024-12-06T00:30:35.043+0000] {dag.py:3239} INFO - Sync 1 DAGs
[2024-12-06T00:30:35.230+0000] {logging_mixin.py:190} INFO - [2024-12-06T00:30:35.229+0000] {dag.py:4180} INFO - Setting next_dagrun for example_bash_decorator to None, run_after=None
[2024-12-06T00:30:35.829+0000] {processor.py:208} INFO - Processing /home/airflow/.local/lib/python3.12/site-packages/airflow/example_dags/example_bash_decorator.py took 1.537 seconds
