[2024-12-06T00:26:23.061+0000] {processor.py:186} INFO - Started process (PID=1578) to work on /home/airflow/.local/lib/python3.12/site-packages/airflow/example_dags/example_setup_teardown_taskflow.py
[2024-12-06T00:26:23.065+0000] {processor.py:914} INFO - Processing file /home/airflow/.local/lib/python3.12/site-packages/airflow/example_dags/example_setup_teardown_taskflow.py for tasks to queue
[2024-12-06T00:26:23.068+0000] {logging_mixin.py:190} INFO - [2024-12-06T00:26:23.067+0000] {dagbag.py:588} INFO - Filling up the DagBag from /home/airflow/.local/lib/python3.12/site-packages/airflow/example_dags/example_setup_teardown_taskflow.py
[2024-12-06T00:26:23.147+0000] {processor.py:925} INFO - DAG(s) 'example_setup_teardown_taskflow' retrieved from /home/airflow/.local/lib/python3.12/site-packages/airflow/example_dags/example_setup_teardown_taskflow.py
[2024-12-06T00:26:23.236+0000] {logging_mixin.py:190} INFO - [2024-12-06T00:26:23.236+0000] {dag.py:3239} INFO - Sync 1 DAGs
[2024-12-06T00:26:23.314+0000] {logging_mixin.py:190} INFO - [2024-12-06T00:26:23.313+0000] {dag.py:4180} INFO - Setting next_dagrun for example_setup_teardown_taskflow to None, run_after=None
[2024-12-06T00:26:23.508+0000] {processor.py:208} INFO - Processing /home/airflow/.local/lib/python3.12/site-packages/airflow/example_dags/example_setup_teardown_taskflow.py took 0.494 seconds
[2024-12-06T00:28:46.146+0000] {processor.py:186} INFO - Started process (PID=1705) to work on /home/airflow/.local/lib/python3.12/site-packages/airflow/example_dags/example_setup_teardown_taskflow.py
[2024-12-06T00:28:46.160+0000] {processor.py:914} INFO - Processing file /home/airflow/.local/lib/python3.12/site-packages/airflow/example_dags/example_setup_teardown_taskflow.py for tasks to queue
[2024-12-06T00:28:46.197+0000] {logging_mixin.py:190} INFO - [2024-12-06T00:28:46.184+0000] {dagbag.py:588} INFO - Filling up the DagBag from /home/airflow/.local/lib/python3.12/site-packages/airflow/example_dags/example_setup_teardown_taskflow.py
[2024-12-06T00:28:46.397+0000] {processor.py:925} INFO - DAG(s) 'example_setup_teardown_taskflow' retrieved from /home/airflow/.local/lib/python3.12/site-packages/airflow/example_dags/example_setup_teardown_taskflow.py
[2024-12-06T00:28:46.584+0000] {logging_mixin.py:190} INFO - [2024-12-06T00:28:46.583+0000] {dag.py:3239} INFO - Sync 1 DAGs
[2024-12-06T00:28:46.799+0000] {logging_mixin.py:190} INFO - [2024-12-06T00:28:46.798+0000] {dag.py:4180} INFO - Setting next_dagrun for example_setup_teardown_taskflow to None, run_after=None
[2024-12-06T00:28:47.013+0000] {processor.py:208} INFO - Processing /home/airflow/.local/lib/python3.12/site-packages/airflow/example_dags/example_setup_teardown_taskflow.py took 0.920 seconds
[2024-12-06T00:30:32.586+0000] {processor.py:186} INFO - Started process (PID=1844) to work on /home/airflow/.local/lib/python3.12/site-packages/airflow/example_dags/example_setup_teardown_taskflow.py
[2024-12-06T00:30:32.591+0000] {processor.py:914} INFO - Processing file /home/airflow/.local/lib/python3.12/site-packages/airflow/example_dags/example_setup_teardown_taskflow.py for tasks to queue
[2024-12-06T00:30:32.595+0000] {logging_mixin.py:190} INFO - [2024-12-06T00:30:32.594+0000] {dagbag.py:588} INFO - Filling up the DagBag from /home/airflow/.local/lib/python3.12/site-packages/airflow/example_dags/example_setup_teardown_taskflow.py
[2024-12-06T00:30:32.836+0000] {processor.py:925} INFO - DAG(s) 'example_setup_teardown_taskflow' retrieved from /home/airflow/.local/lib/python3.12/site-packages/airflow/example_dags/example_setup_teardown_taskflow.py
[2024-12-06T00:30:33.308+0000] {logging_mixin.py:190} INFO - [2024-12-06T00:30:33.307+0000] {dag.py:3239} INFO - Sync 1 DAGs
[2024-12-06T00:30:33.532+0000] {logging_mixin.py:190} INFO - [2024-12-06T00:30:33.531+0000] {dag.py:4180} INFO - Setting next_dagrun for example_setup_teardown_taskflow to None, run_after=None
[2024-12-06T00:30:33.830+0000] {processor.py:208} INFO - Processing /home/airflow/.local/lib/python3.12/site-packages/airflow/example_dags/example_setup_teardown_taskflow.py took 1.334 seconds
