[2024-12-06T00:25:05.006+0000] {processor.py:186} INFO - Started process (PID=1500) to work on /home/airflow/.local/lib/python3.12/site-packages/airflow/example_dags/example_xcom.py
[2024-12-06T00:25:05.036+0000] {processor.py:914} INFO - Processing file /home/airflow/.local/lib/python3.12/site-packages/airflow/example_dags/example_xcom.py for tasks to queue
[2024-12-06T00:25:05.064+0000] {logging_mixin.py:190} INFO - [2024-12-06T00:25:05.062+0000] {dagbag.py:588} INFO - Filling up the DagBag from /home/airflow/.local/lib/python3.12/site-packages/airflow/example_dags/example_xcom.py
[2024-12-06T00:25:05.411+0000] {processor.py:925} INFO - DAG(s) 'example_xcom' retrieved from /home/airflow/.local/lib/python3.12/site-packages/airflow/example_dags/example_xcom.py
[2024-12-06T00:25:05.757+0000] {logging_mixin.py:190} INFO - [2024-12-06T00:25:05.745+0000] {dag.py:3239} INFO - Sync 1 DAGs
[2024-12-06T00:25:06.142+0000] {logging_mixin.py:190} INFO - [2024-12-06T00:25:06.142+0000] {dag.py:4180} INFO - Setting next_dagrun for example_xcom to 2021-01-01 00:00:00+00:00, run_after=2021-01-01 00:00:00+00:00
[2024-12-06T00:25:06.549+0000] {processor.py:208} INFO - Processing /home/airflow/.local/lib/python3.12/site-packages/airflow/example_dags/example_xcom.py took 1.616 seconds
[2024-12-06T00:27:25.829+0000] {processor.py:186} INFO - Started process (PID=1636) to work on /home/airflow/.local/lib/python3.12/site-packages/airflow/example_dags/example_xcom.py
[2024-12-06T00:27:25.847+0000] {processor.py:914} INFO - Processing file /home/airflow/.local/lib/python3.12/site-packages/airflow/example_dags/example_xcom.py for tasks to queue
[2024-12-06T00:27:25.864+0000] {logging_mixin.py:190} INFO - [2024-12-06T00:27:25.864+0000] {dagbag.py:588} INFO - Filling up the DagBag from /home/airflow/.local/lib/python3.12/site-packages/airflow/example_dags/example_xcom.py
[2024-12-06T00:27:26.030+0000] {processor.py:925} INFO - DAG(s) 'example_xcom' retrieved from /home/airflow/.local/lib/python3.12/site-packages/airflow/example_dags/example_xcom.py
[2024-12-06T00:27:26.478+0000] {logging_mixin.py:190} INFO - [2024-12-06T00:27:26.477+0000] {dag.py:3239} INFO - Sync 1 DAGs
[2024-12-06T00:27:26.941+0000] {logging_mixin.py:190} INFO - [2024-12-06T00:27:26.940+0000] {dag.py:4180} INFO - Setting next_dagrun for example_xcom to 2021-01-01 00:00:00+00:00, run_after=2021-01-01 00:00:00+00:00
[2024-12-06T00:27:27.488+0000] {processor.py:208} INFO - Processing /home/airflow/.local/lib/python3.12/site-packages/airflow/example_dags/example_xcom.py took 1.842 seconds
[2024-12-06T00:29:45.710+0000] {processor.py:186} INFO - Started process (PID=1778) to work on /home/airflow/.local/lib/python3.12/site-packages/airflow/example_dags/example_xcom.py
[2024-12-06T00:29:45.719+0000] {processor.py:914} INFO - Processing file /home/airflow/.local/lib/python3.12/site-packages/airflow/example_dags/example_xcom.py for tasks to queue
[2024-12-06T00:29:45.740+0000] {logging_mixin.py:190} INFO - [2024-12-06T00:29:45.739+0000] {dagbag.py:588} INFO - Filling up the DagBag from /home/airflow/.local/lib/python3.12/site-packages/airflow/example_dags/example_xcom.py
[2024-12-06T00:29:45.799+0000] {processor.py:925} INFO - DAG(s) 'example_xcom' retrieved from /home/airflow/.local/lib/python3.12/site-packages/airflow/example_dags/example_xcom.py
[2024-12-06T00:29:46.016+0000] {logging_mixin.py:190} INFO - [2024-12-06T00:29:46.015+0000] {dag.py:3239} INFO - Sync 1 DAGs
[2024-12-06T00:29:46.329+0000] {logging_mixin.py:190} INFO - [2024-12-06T00:29:46.328+0000] {dag.py:4180} INFO - Setting next_dagrun for example_xcom to 2021-01-01 00:00:00+00:00, run_after=2021-01-01 00:00:00+00:00
[2024-12-06T00:29:46.701+0000] {processor.py:208} INFO - Processing /home/airflow/.local/lib/python3.12/site-packages/airflow/example_dags/example_xcom.py took 1.125 seconds
