[2024-12-06T00:26:32.988+0000] {processor.py:186} INFO - Started process (PID=1587) to work on /home/airflow/.local/lib/python3.12/site-packages/airflow/example_dags/example_branch_operator.py
[2024-12-06T00:26:33.001+0000] {processor.py:914} INFO - Processing file /home/airflow/.local/lib/python3.12/site-packages/airflow/example_dags/example_branch_operator.py for tasks to queue
[2024-12-06T00:26:33.026+0000] {logging_mixin.py:190} INFO - [2024-12-06T00:26:33.025+0000] {dagbag.py:588} INFO - Filling up the DagBag from /home/airflow/.local/lib/python3.12/site-packages/airflow/example_dags/example_branch_operator.py
[2024-12-06T00:26:33.428+0000] {processor.py:925} INFO - DAG(s) 'example_branch_operator' retrieved from /home/airflow/.local/lib/python3.12/site-packages/airflow/example_dags/example_branch_operator.py
[2024-12-06T00:26:33.812+0000] {logging_mixin.py:190} INFO - [2024-12-06T00:26:33.811+0000] {dag.py:3239} INFO - Sync 1 DAGs
[2024-12-06T00:26:34.147+0000] {logging_mixin.py:190} INFO - [2024-12-06T00:26:34.146+0000] {dag.py:4180} INFO - Setting next_dagrun for example_branch_operator to 2024-12-05 00:00:00+00:00, run_after=2024-12-06 00:00:00+00:00
[2024-12-06T00:26:34.389+0000] {processor.py:208} INFO - Processing /home/airflow/.local/lib/python3.12/site-packages/airflow/example_dags/example_branch_operator.py took 1.470 seconds
[2024-12-06T00:28:52.960+0000] {processor.py:186} INFO - Started process (PID=1714) to work on /home/airflow/.local/lib/python3.12/site-packages/airflow/example_dags/example_branch_operator.py
[2024-12-06T00:28:52.966+0000] {processor.py:914} INFO - Processing file /home/airflow/.local/lib/python3.12/site-packages/airflow/example_dags/example_branch_operator.py for tasks to queue
[2024-12-06T00:28:52.975+0000] {logging_mixin.py:190} INFO - [2024-12-06T00:28:52.974+0000] {dagbag.py:588} INFO - Filling up the DagBag from /home/airflow/.local/lib/python3.12/site-packages/airflow/example_dags/example_branch_operator.py
[2024-12-06T00:28:53.208+0000] {processor.py:925} INFO - DAG(s) 'example_branch_operator' retrieved from /home/airflow/.local/lib/python3.12/site-packages/airflow/example_dags/example_branch_operator.py
[2024-12-06T00:28:53.475+0000] {logging_mixin.py:190} INFO - [2024-12-06T00:28:53.475+0000] {dag.py:3239} INFO - Sync 1 DAGs
[2024-12-06T00:28:53.948+0000] {logging_mixin.py:190} INFO - [2024-12-06T00:28:53.947+0000] {dag.py:4180} INFO - Setting next_dagrun for example_branch_operator to 2024-12-05 00:00:00+00:00, run_after=2024-12-06 00:00:00+00:00
[2024-12-06T00:28:54.327+0000] {processor.py:208} INFO - Processing /home/airflow/.local/lib/python3.12/site-packages/airflow/example_dags/example_branch_operator.py took 1.396 seconds
[2024-12-06T00:30:45.521+0000] {processor.py:186} INFO - Started process (PID=1859) to work on /home/airflow/.local/lib/python3.12/site-packages/airflow/example_dags/example_branch_operator.py
[2024-12-06T00:30:45.538+0000] {processor.py:914} INFO - Processing file /home/airflow/.local/lib/python3.12/site-packages/airflow/example_dags/example_branch_operator.py for tasks to queue
[2024-12-06T00:30:45.637+0000] {logging_mixin.py:190} INFO - [2024-12-06T00:30:45.633+0000] {dagbag.py:588} INFO - Filling up the DagBag from /home/airflow/.local/lib/python3.12/site-packages/airflow/example_dags/example_branch_operator.py
[2024-12-06T00:30:46.030+0000] {processor.py:925} INFO - DAG(s) 'example_branch_operator' retrieved from /home/airflow/.local/lib/python3.12/site-packages/airflow/example_dags/example_branch_operator.py
[2024-12-06T00:30:46.402+0000] {logging_mixin.py:190} INFO - [2024-12-06T00:30:46.401+0000] {dag.py:3239} INFO - Sync 1 DAGs
[2024-12-06T00:30:46.926+0000] {logging_mixin.py:190} INFO - [2024-12-06T00:30:46.926+0000] {dag.py:4180} INFO - Setting next_dagrun for example_branch_operator to 2024-12-05 00:00:00+00:00, run_after=2024-12-06 00:00:00+00:00
[2024-12-06T00:30:47.259+0000] {processor.py:208} INFO - Processing /home/airflow/.local/lib/python3.12/site-packages/airflow/example_dags/example_branch_operator.py took 1.840 seconds
