[2024-12-06T00:24:23.155+0000] {processor.py:186} INFO - Started process (PID=1461) to work on /home/airflow/.local/lib/python3.12/site-packages/airflow/example_dags/example_sla_dag.py
[2024-12-06T00:24:23.198+0000] {processor.py:914} INFO - Processing file /home/airflow/.local/lib/python3.12/site-packages/airflow/example_dags/example_sla_dag.py for tasks to queue
[2024-12-06T00:24:23.216+0000] {logging_mixin.py:190} INFO - [2024-12-06T00:24:23.215+0000] {dagbag.py:588} INFO - Filling up the DagBag from /home/airflow/.local/lib/python3.12/site-packages/airflow/example_dags/example_sla_dag.py
[2024-12-06T00:24:23.327+0000] {processor.py:925} INFO - DAG(s) 'example_sla_dag' retrieved from /home/airflow/.local/lib/python3.12/site-packages/airflow/example_dags/example_sla_dag.py
[2024-12-06T00:24:23.449+0000] {logging_mixin.py:190} INFO - [2024-12-06T00:24:23.448+0000] {dag.py:3239} INFO - Sync 1 DAGs
[2024-12-06T00:24:23.643+0000] {logging_mixin.py:190} INFO - [2024-12-06T00:24:23.643+0000] {dag.py:4180} INFO - Setting next_dagrun for example_sla_dag to 2024-12-06 00:22:00+00:00, run_after=2024-12-06 00:24:00+00:00
[2024-12-06T00:24:23.817+0000] {processor.py:208} INFO - Processing /home/airflow/.local/lib/python3.12/site-packages/airflow/example_dags/example_sla_dag.py took 0.730 seconds
[2024-12-06T00:25:52.780+0000] {processor.py:186} INFO - Started process (PID=1549) to work on /home/airflow/.local/lib/python3.12/site-packages/airflow/example_dags/example_sla_dag.py
[2024-12-06T00:25:52.797+0000] {processor.py:914} INFO - Processing file /home/airflow/.local/lib/python3.12/site-packages/airflow/example_dags/example_sla_dag.py for tasks to queue
[2024-12-06T00:25:52.830+0000] {logging_mixin.py:190} INFO - [2024-12-06T00:25:52.802+0000] {dagbag.py:588} INFO - Filling up the DagBag from /home/airflow/.local/lib/python3.12/site-packages/airflow/example_dags/example_sla_dag.py
[2024-12-06T00:25:52.969+0000] {processor.py:925} INFO - DAG(s) 'example_sla_dag' retrieved from /home/airflow/.local/lib/python3.12/site-packages/airflow/example_dags/example_sla_dag.py
[2024-12-06T00:25:53.184+0000] {logging_mixin.py:190} INFO - [2024-12-06T00:25:53.180+0000] {dag.py:3239} INFO - Sync 1 DAGs
[2024-12-06T00:25:53.483+0000] {logging_mixin.py:190} INFO - [2024-12-06T00:25:53.471+0000] {dag.py:4180} INFO - Setting next_dagrun for example_sla_dag to 2024-12-06 00:22:00+00:00, run_after=2024-12-06 00:24:00+00:00
[2024-12-06T00:25:53.627+0000] {processor.py:208} INFO - Processing /home/airflow/.local/lib/python3.12/site-packages/airflow/example_dags/example_sla_dag.py took 0.886 seconds
[2024-12-06T00:26:56.334+0000] {processor.py:186} INFO - Started process (PID=1617) to work on /home/airflow/.local/lib/python3.12/site-packages/airflow/example_dags/example_sla_dag.py
[2024-12-06T00:26:56.359+0000] {processor.py:914} INFO - Processing file /home/airflow/.local/lib/python3.12/site-packages/airflow/example_dags/example_sla_dag.py for tasks to queue
[2024-12-06T00:26:56.446+0000] {logging_mixin.py:190} INFO - [2024-12-06T00:26:56.445+0000] {dagbag.py:588} INFO - Filling up the DagBag from /home/airflow/.local/lib/python3.12/site-packages/airflow/example_dags/example_sla_dag.py
[2024-12-06T00:26:56.578+0000] {processor.py:925} INFO - DAG(s) 'example_sla_dag' retrieved from /home/airflow/.local/lib/python3.12/site-packages/airflow/example_dags/example_sla_dag.py
[2024-12-06T00:26:56.882+0000] {logging_mixin.py:190} INFO - [2024-12-06T00:26:56.882+0000] {dag.py:3239} INFO - Sync 1 DAGs
[2024-12-06T00:26:57.487+0000] {logging_mixin.py:190} INFO - [2024-12-06T00:26:57.459+0000] {dag.py:4180} INFO - Setting next_dagrun for example_sla_dag to 2024-12-06 00:24:00+00:00, run_after=2024-12-06 00:26:00+00:00
[2024-12-06T00:26:57.884+0000] {processor.py:208} INFO - Processing /home/airflow/.local/lib/python3.12/site-packages/airflow/example_dags/example_sla_dag.py took 1.707 seconds
[2024-12-06T00:28:03.485+0000] {processor.py:186} INFO - Started process (PID=1672) to work on /home/airflow/.local/lib/python3.12/site-packages/airflow/example_dags/example_sla_dag.py
[2024-12-06T00:28:03.494+0000] {processor.py:914} INFO - Processing file /home/airflow/.local/lib/python3.12/site-packages/airflow/example_dags/example_sla_dag.py for tasks to queue
[2024-12-06T00:28:03.505+0000] {logging_mixin.py:190} INFO - [2024-12-06T00:28:03.504+0000] {dagbag.py:588} INFO - Filling up the DagBag from /home/airflow/.local/lib/python3.12/site-packages/airflow/example_dags/example_sla_dag.py
[2024-12-06T00:28:03.642+0000] {processor.py:925} INFO - DAG(s) 'example_sla_dag' retrieved from /home/airflow/.local/lib/python3.12/site-packages/airflow/example_dags/example_sla_dag.py
[2024-12-06T00:28:04.009+0000] {logging_mixin.py:190} INFO - [2024-12-06T00:28:04.006+0000] {dag.py:3239} INFO - Sync 1 DAGs
[2024-12-06T00:28:04.680+0000] {logging_mixin.py:190} INFO - [2024-12-06T00:28:04.665+0000] {dag.py:4180} INFO - Setting next_dagrun for example_sla_dag to 2024-12-06 00:26:00+00:00, run_after=2024-12-06 00:28:00+00:00
[2024-12-06T00:28:05.186+0000] {processor.py:208} INFO - Processing /home/airflow/.local/lib/python3.12/site-packages/airflow/example_dags/example_sla_dag.py took 1.784 seconds
[2024-12-06T00:29:08.178+0000] {processor.py:186} INFO - Started process (PID=1743) to work on /home/airflow/.local/lib/python3.12/site-packages/airflow/example_dags/example_sla_dag.py
[2024-12-06T00:29:08.184+0000] {processor.py:914} INFO - Processing file /home/airflow/.local/lib/python3.12/site-packages/airflow/example_dags/example_sla_dag.py for tasks to queue
[2024-12-06T00:29:08.198+0000] {logging_mixin.py:190} INFO - [2024-12-06T00:29:08.197+0000] {dagbag.py:588} INFO - Filling up the DagBag from /home/airflow/.local/lib/python3.12/site-packages/airflow/example_dags/example_sla_dag.py
[2024-12-06T00:29:08.267+0000] {processor.py:925} INFO - DAG(s) 'example_sla_dag' retrieved from /home/airflow/.local/lib/python3.12/site-packages/airflow/example_dags/example_sla_dag.py
[2024-12-06T00:29:08.372+0000] {logging_mixin.py:190} INFO - [2024-12-06T00:29:08.371+0000] {dag.py:3239} INFO - Sync 1 DAGs
[2024-12-06T00:29:08.579+0000] {logging_mixin.py:190} INFO - [2024-12-06T00:29:08.578+0000] {dag.py:4180} INFO - Setting next_dagrun for example_sla_dag to 2024-12-06 00:26:00+00:00, run_after=2024-12-06 00:28:00+00:00
[2024-12-06T00:29:09.179+0000] {processor.py:208} INFO - Processing /home/airflow/.local/lib/python3.12/site-packages/airflow/example_dags/example_sla_dag.py took 1.029 seconds
[2024-12-06T00:30:04.461+0000] {processor.py:186} INFO - Started process (PID=1807) to work on /home/airflow/.local/lib/python3.12/site-packages/airflow/example_dags/example_sla_dag.py
[2024-12-06T00:30:04.492+0000] {processor.py:914} INFO - Processing file /home/airflow/.local/lib/python3.12/site-packages/airflow/example_dags/example_sla_dag.py for tasks to queue
[2024-12-06T00:30:04.528+0000] {logging_mixin.py:190} INFO - [2024-12-06T00:30:04.512+0000] {dagbag.py:588} INFO - Filling up the DagBag from /home/airflow/.local/lib/python3.12/site-packages/airflow/example_dags/example_sla_dag.py
[2024-12-06T00:30:04.666+0000] {processor.py:925} INFO - DAG(s) 'example_sla_dag' retrieved from /home/airflow/.local/lib/python3.12/site-packages/airflow/example_dags/example_sla_dag.py
[2024-12-06T00:30:04.852+0000] {logging_mixin.py:190} INFO - [2024-12-06T00:30:04.852+0000] {dag.py:3239} INFO - Sync 1 DAGs
[2024-12-06T00:30:05.358+0000] {logging_mixin.py:190} INFO - [2024-12-06T00:30:05.342+0000] {dag.py:4180} INFO - Setting next_dagrun for example_sla_dag to 2024-12-06 00:28:00+00:00, run_after=2024-12-06 00:30:00+00:00
[2024-12-06T00:30:05.781+0000] {processor.py:208} INFO - Processing /home/airflow/.local/lib/python3.12/site-packages/airflow/example_dags/example_sla_dag.py took 1.389 seconds
[2024-12-06T00:31:08.436+0000] {processor.py:186} INFO - Started process (PID=1884) to work on /home/airflow/.local/lib/python3.12/site-packages/airflow/example_dags/example_sla_dag.py
[2024-12-06T00:31:08.560+0000] {processor.py:914} INFO - Processing file /home/airflow/.local/lib/python3.12/site-packages/airflow/example_dags/example_sla_dag.py for tasks to queue
[2024-12-06T00:31:08.668+0000] {logging_mixin.py:190} INFO - [2024-12-06T00:31:08.667+0000] {dagbag.py:588} INFO - Filling up the DagBag from /home/airflow/.local/lib/python3.12/site-packages/airflow/example_dags/example_sla_dag.py
[2024-12-06T00:31:09.070+0000] {processor.py:925} INFO - DAG(s) 'example_sla_dag' retrieved from /home/airflow/.local/lib/python3.12/site-packages/airflow/example_dags/example_sla_dag.py
[2024-12-06T00:31:09.515+0000] {logging_mixin.py:190} INFO - [2024-12-06T00:31:09.515+0000] {dag.py:3239} INFO - Sync 1 DAGs
[2024-12-06T00:31:10.084+0000] {logging_mixin.py:190} INFO - [2024-12-06T00:31:10.083+0000] {dag.py:4180} INFO - Setting next_dagrun for example_sla_dag to 2024-12-06 00:28:00+00:00, run_after=2024-12-06 00:30:00+00:00
[2024-12-06T00:31:10.355+0000] {processor.py:208} INFO - Processing /home/airflow/.local/lib/python3.12/site-packages/airflow/example_dags/example_sla_dag.py took 2.125 seconds
