[2024-12-06T00:26:09.800+0000] {processor.py:186} INFO - Started process (PID=1564) to work on /home/airflow/.local/lib/python3.12/site-packages/airflow/example_dags/example_inlet_event_extra.py
[2024-12-06T00:26:09.815+0000] {processor.py:914} INFO - Processing file /home/airflow/.local/lib/python3.12/site-packages/airflow/example_dags/example_inlet_event_extra.py for tasks to queue
[2024-12-06T00:26:09.828+0000] {logging_mixin.py:190} INFO - [2024-12-06T00:26:09.827+0000] {dagbag.py:588} INFO - Filling up the DagBag from /home/airflow/.local/lib/python3.12/site-packages/airflow/example_dags/example_inlet_event_extra.py
[2024-12-06T00:26:16.729+0000] {processor.py:925} INFO - DAG(s) 'read_dataset_event', 'read_dataset_event_from_classic' retrieved from /home/airflow/.local/lib/python3.12/site-packages/airflow/example_dags/example_inlet_event_extra.py
[2024-12-06T00:26:16.929+0000] {logging_mixin.py:190} INFO - [2024-12-06T00:26:16.928+0000] {dag.py:3239} INFO - Sync 2 DAGs
[2024-12-06T00:26:17.100+0000] {logging_mixin.py:190} INFO - [2024-12-06T00:26:17.099+0000] {dag.py:4180} INFO - Setting next_dagrun for read_dataset_event to 2024-12-05 00:00:00+00:00, run_after=2024-12-06 00:00:00+00:00
[2024-12-06T00:26:17.176+0000] {logging_mixin.py:190} INFO - [2024-12-06T00:26:17.176+0000] {dag.py:4180} INFO - Setting next_dagrun for read_dataset_event_from_classic to 2024-12-05 00:00:00+00:00, run_after=2024-12-06 00:00:00+00:00
[2024-12-06T00:26:17.415+0000] {processor.py:208} INFO - Processing /home/airflow/.local/lib/python3.12/site-packages/airflow/example_dags/example_inlet_event_extra.py took 7.653 seconds
[2024-12-06T00:28:23.488+0000] {processor.py:186} INFO - Started process (PID=1685) to work on /home/airflow/.local/lib/python3.12/site-packages/airflow/example_dags/example_inlet_event_extra.py
[2024-12-06T00:28:23.508+0000] {processor.py:914} INFO - Processing file /home/airflow/.local/lib/python3.12/site-packages/airflow/example_dags/example_inlet_event_extra.py for tasks to queue
[2024-12-06T00:28:23.585+0000] {logging_mixin.py:190} INFO - [2024-12-06T00:28:23.569+0000] {dagbag.py:588} INFO - Filling up the DagBag from /home/airflow/.local/lib/python3.12/site-packages/airflow/example_dags/example_inlet_event_extra.py
[2024-12-06T00:28:32.336+0000] {processor.py:925} INFO - DAG(s) 'read_dataset_event', 'read_dataset_event_from_classic' retrieved from /home/airflow/.local/lib/python3.12/site-packages/airflow/example_dags/example_inlet_event_extra.py
[2024-12-06T00:28:32.725+0000] {logging_mixin.py:190} INFO - [2024-12-06T00:28:32.724+0000] {dag.py:3239} INFO - Sync 2 DAGs
[2024-12-06T00:28:33.066+0000] {logging_mixin.py:190} INFO - [2024-12-06T00:28:33.065+0000] {dag.py:4180} INFO - Setting next_dagrun for read_dataset_event to 2024-12-05 00:00:00+00:00, run_after=2024-12-06 00:00:00+00:00
[2024-12-06T00:28:33.183+0000] {logging_mixin.py:190} INFO - [2024-12-06T00:28:33.183+0000] {dag.py:4180} INFO - Setting next_dagrun for read_dataset_event_from_classic to 2024-12-05 00:00:00+00:00, run_after=2024-12-06 00:00:00+00:00
[2024-12-06T00:28:33.379+0000] {processor.py:208} INFO - Processing /home/airflow/.local/lib/python3.12/site-packages/airflow/example_dags/example_inlet_event_extra.py took 9.990 seconds
[2024-12-06T00:30:06.131+0000] {processor.py:186} INFO - Started process (PID=1809) to work on /home/airflow/.local/lib/python3.12/site-packages/airflow/example_dags/example_inlet_event_extra.py
[2024-12-06T00:30:06.134+0000] {processor.py:914} INFO - Processing file /home/airflow/.local/lib/python3.12/site-packages/airflow/example_dags/example_inlet_event_extra.py for tasks to queue
[2024-12-06T00:30:06.151+0000] {logging_mixin.py:190} INFO - [2024-12-06T00:30:06.150+0000] {dagbag.py:588} INFO - Filling up the DagBag from /home/airflow/.local/lib/python3.12/site-packages/airflow/example_dags/example_inlet_event_extra.py
[2024-12-06T00:30:14.513+0000] {processor.py:925} INFO - DAG(s) 'read_dataset_event', 'read_dataset_event_from_classic' retrieved from /home/airflow/.local/lib/python3.12/site-packages/airflow/example_dags/example_inlet_event_extra.py
[2024-12-06T00:30:14.791+0000] {logging_mixin.py:190} INFO - [2024-12-06T00:30:14.790+0000] {dag.py:3239} INFO - Sync 2 DAGs
[2024-12-06T00:30:15.375+0000] {logging_mixin.py:190} INFO - [2024-12-06T00:30:15.374+0000] {dag.py:4180} INFO - Setting next_dagrun for read_dataset_event to 2024-12-05 00:00:00+00:00, run_after=2024-12-06 00:00:00+00:00
[2024-12-06T00:30:15.539+0000] {logging_mixin.py:190} INFO - [2024-12-06T00:30:15.538+0000] {dag.py:4180} INFO - Setting next_dagrun for read_dataset_event_from_classic to 2024-12-05 00:00:00+00:00, run_after=2024-12-06 00:00:00+00:00
[2024-12-06T00:30:15.820+0000] {processor.py:208} INFO - Processing /home/airflow/.local/lib/python3.12/site-packages/airflow/example_dags/example_inlet_event_extra.py took 9.772 seconds
