[2024-12-06T00:24:31.644+0000] {processor.py:186} INFO - Started process (PID=1472) to work on /home/airflow/.local/lib/python3.12/site-packages/airflow/example_dags/example_branch_operator_decorator.py
[2024-12-06T00:24:31.671+0000] {processor.py:914} INFO - Processing file /home/airflow/.local/lib/python3.12/site-packages/airflow/example_dags/example_branch_operator_decorator.py for tasks to queue
[2024-12-06T00:24:31.690+0000] {logging_mixin.py:190} INFO - [2024-12-06T00:24:31.689+0000] {dagbag.py:588} INFO - Filling up the DagBag from /home/airflow/.local/lib/python3.12/site-packages/airflow/example_dags/example_branch_operator_decorator.py
[2024-12-06T00:24:31.853+0000] {processor.py:925} INFO - DAG(s) 'example_branch_python_operator_decorator' retrieved from /home/airflow/.local/lib/python3.12/site-packages/airflow/example_dags/example_branch_operator_decorator.py
[2024-12-06T00:24:32.082+0000] {logging_mixin.py:190} INFO - [2024-12-06T00:24:32.081+0000] {dag.py:3239} INFO - Sync 1 DAGs
[2024-12-06T00:24:32.258+0000] {logging_mixin.py:190} INFO - [2024-12-06T00:24:32.256+0000] {dag.py:4180} INFO - Setting next_dagrun for example_branch_python_operator_decorator to 2024-12-05 00:00:00+00:00, run_after=2024-12-06 00:00:00+00:00
[2024-12-06T00:24:32.485+0000] {processor.py:208} INFO - Processing /home/airflow/.local/lib/python3.12/site-packages/airflow/example_dags/example_branch_operator_decorator.py took 0.908 seconds
[2024-12-06T00:26:18.104+0000] {processor.py:186} INFO - Started process (PID=1567) to work on /home/airflow/.local/lib/python3.12/site-packages/airflow/example_dags/example_branch_operator_decorator.py
[2024-12-06T00:26:18.110+0000] {processor.py:914} INFO - Processing file /home/airflow/.local/lib/python3.12/site-packages/airflow/example_dags/example_branch_operator_decorator.py for tasks to queue
[2024-12-06T00:26:18.114+0000] {logging_mixin.py:190} INFO - [2024-12-06T00:26:18.113+0000] {dagbag.py:588} INFO - Filling up the DagBag from /home/airflow/.local/lib/python3.12/site-packages/airflow/example_dags/example_branch_operator_decorator.py
[2024-12-06T00:26:18.469+0000] {processor.py:925} INFO - DAG(s) 'example_branch_python_operator_decorator' retrieved from /home/airflow/.local/lib/python3.12/site-packages/airflow/example_dags/example_branch_operator_decorator.py
[2024-12-06T00:26:18.737+0000] {logging_mixin.py:190} INFO - [2024-12-06T00:26:18.736+0000] {dag.py:3239} INFO - Sync 1 DAGs
[2024-12-06T00:26:18.952+0000] {logging_mixin.py:190} INFO - [2024-12-06T00:26:18.951+0000] {dag.py:4180} INFO - Setting next_dagrun for example_branch_python_operator_decorator to 2024-12-05 00:00:00+00:00, run_after=2024-12-06 00:00:00+00:00
[2024-12-06T00:26:19.131+0000] {processor.py:208} INFO - Processing /home/airflow/.local/lib/python3.12/site-packages/airflow/example_dags/example_branch_operator_decorator.py took 1.069 seconds
[2024-12-06T00:28:35.573+0000] {processor.py:186} INFO - Started process (PID=1688) to work on /home/airflow/.local/lib/python3.12/site-packages/airflow/example_dags/example_branch_operator_decorator.py
[2024-12-06T00:28:35.579+0000] {processor.py:914} INFO - Processing file /home/airflow/.local/lib/python3.12/site-packages/airflow/example_dags/example_branch_operator_decorator.py for tasks to queue
[2024-12-06T00:28:35.594+0000] {logging_mixin.py:190} INFO - [2024-12-06T00:28:35.594+0000] {dagbag.py:588} INFO - Filling up the DagBag from /home/airflow/.local/lib/python3.12/site-packages/airflow/example_dags/example_branch_operator_decorator.py
[2024-12-06T00:28:35.878+0000] {processor.py:925} INFO - DAG(s) 'example_branch_python_operator_decorator' retrieved from /home/airflow/.local/lib/python3.12/site-packages/airflow/example_dags/example_branch_operator_decorator.py
[2024-12-06T00:28:36.261+0000] {logging_mixin.py:190} INFO - [2024-12-06T00:28:36.261+0000] {dag.py:3239} INFO - Sync 1 DAGs
[2024-12-06T00:28:36.606+0000] {logging_mixin.py:190} INFO - [2024-12-06T00:28:36.605+0000] {dag.py:4180} INFO - Setting next_dagrun for example_branch_python_operator_decorator to 2024-12-05 00:00:00+00:00, run_after=2024-12-06 00:00:00+00:00
[2024-12-06T00:28:36.816+0000] {processor.py:208} INFO - Processing /home/airflow/.local/lib/python3.12/site-packages/airflow/example_dags/example_branch_operator_decorator.py took 1.340 seconds
[2024-12-06T00:30:18.086+0000] {processor.py:186} INFO - Started process (PID=1822) to work on /home/airflow/.local/lib/python3.12/site-packages/airflow/example_dags/example_branch_operator_decorator.py
[2024-12-06T00:30:18.118+0000] {processor.py:914} INFO - Processing file /home/airflow/.local/lib/python3.12/site-packages/airflow/example_dags/example_branch_operator_decorator.py for tasks to queue
[2024-12-06T00:30:18.152+0000] {logging_mixin.py:190} INFO - [2024-12-06T00:30:18.151+0000] {dagbag.py:588} INFO - Filling up the DagBag from /home/airflow/.local/lib/python3.12/site-packages/airflow/example_dags/example_branch_operator_decorator.py
[2024-12-06T00:30:18.529+0000] {processor.py:925} INFO - DAG(s) 'example_branch_python_operator_decorator' retrieved from /home/airflow/.local/lib/python3.12/site-packages/airflow/example_dags/example_branch_operator_decorator.py
[2024-12-06T00:30:18.942+0000] {logging_mixin.py:190} INFO - [2024-12-06T00:30:18.940+0000] {dag.py:3239} INFO - Sync 1 DAGs
[2024-12-06T00:30:19.429+0000] {logging_mixin.py:190} INFO - [2024-12-06T00:30:19.428+0000] {dag.py:4180} INFO - Setting next_dagrun for example_branch_python_operator_decorator to 2024-12-05 00:00:00+00:00, run_after=2024-12-06 00:00:00+00:00
[2024-12-06T00:30:19.867+0000] {processor.py:208} INFO - Processing /home/airflow/.local/lib/python3.12/site-packages/airflow/example_dags/example_branch_operator_decorator.py took 1.850 seconds
