[2024-12-06T00:25:51.935+0000] {processor.py:186} INFO - Started process (PID=1548) to work on /home/airflow/.local/lib/python3.12/site-packages/airflow/example_dags/example_datasets.py
[2024-12-06T00:25:51.952+0000] {processor.py:914} INFO - Processing file /home/airflow/.local/lib/python3.12/site-packages/airflow/example_dags/example_datasets.py for tasks to queue
[2024-12-06T00:25:52.010+0000] {logging_mixin.py:190} INFO - [2024-12-06T00:25:52.009+0000] {dagbag.py:588} INFO - Filling up the DagBag from /home/airflow/.local/lib/python3.12/site-packages/airflow/example_dags/example_datasets.py
[2024-12-06T00:25:58.637+0000] {processor.py:925} INFO - DAG(s) 'dataset_consumes_1_never_scheduled', 'dataset_produces_2', 'conditional_dataset_and_time_based_timetable', 'consume_1_or_2_with_dataset_expressions', 'consume_1_and_2_with_dataset_expressions', 'dataset_consumes_unknown_never_scheduled', 'consume_1_or_both_2_and_3_with_dataset_expressions', 'dataset_consumes_1', 'dataset_consumes_1_and_2', 'dataset_produces_1' retrieved from /home/airflow/.local/lib/python3.12/site-packages/airflow/example_dags/example_datasets.py
[2024-12-06T00:26:01.455+0000] {logging_mixin.py:190} INFO - [2024-12-06T00:26:01.443+0000] {dag.py:3239} INFO - Sync 10 DAGs
[2024-12-06T00:26:01.912+0000] {logging_mixin.py:190} INFO - [2024-12-06T00:26:01.912+0000] {dag.py:4180} INFO - Setting next_dagrun for conditional_dataset_and_time_based_timetable to 2024-12-04 01:00:00+00:00, run_after=2024-12-04 01:00:00+00:00
[2024-12-06T00:26:02.193+0000] {logging_mixin.py:190} INFO - [2024-12-06T00:26:02.192+0000] {dag.py:4180} INFO - Setting next_dagrun for consume_1_and_2_with_dataset_expressions to None, run_after=None
[2024-12-06T00:26:02.211+0000] {logging_mixin.py:190} INFO - [2024-12-06T00:26:02.211+0000] {dag.py:4180} INFO - Setting next_dagrun for consume_1_or_2_with_dataset_expressions to None, run_after=None
[2024-12-06T00:26:02.297+0000] {logging_mixin.py:190} INFO - [2024-12-06T00:26:02.297+0000] {dag.py:4180} INFO - Setting next_dagrun for consume_1_or_both_2_and_3_with_dataset_expressions to None, run_after=None
[2024-12-06T00:26:02.402+0000] {logging_mixin.py:190} INFO - [2024-12-06T00:26:02.401+0000] {dag.py:4180} INFO - Setting next_dagrun for dataset_consumes_1 to None, run_after=None
[2024-12-06T00:26:02.466+0000] {logging_mixin.py:190} INFO - [2024-12-06T00:26:02.465+0000] {dag.py:4180} INFO - Setting next_dagrun for dataset_consumes_1_and_2 to None, run_after=None
[2024-12-06T00:26:02.549+0000] {logging_mixin.py:190} INFO - [2024-12-06T00:26:02.548+0000] {dag.py:4180} INFO - Setting next_dagrun for dataset_consumes_1_never_scheduled to None, run_after=None
[2024-12-06T00:26:02.741+0000] {logging_mixin.py:190} INFO - [2024-12-06T00:26:02.740+0000] {dag.py:4180} INFO - Setting next_dagrun for dataset_consumes_unknown_never_scheduled to None, run_after=None
[2024-12-06T00:26:02.883+0000] {logging_mixin.py:190} INFO - [2024-12-06T00:26:02.883+0000] {dag.py:4180} INFO - Setting next_dagrun for dataset_produces_1 to 2024-12-05 00:00:00+00:00, run_after=2024-12-06 00:00:00+00:00
[2024-12-06T00:26:02.929+0000] {logging_mixin.py:190} INFO - [2024-12-06T00:26:02.918+0000] {dag.py:4180} INFO - Setting next_dagrun for dataset_produces_2 to None, run_after=None
[2024-12-06T00:26:03.560+0000] {processor.py:208} INFO - Processing /home/airflow/.local/lib/python3.12/site-packages/airflow/example_dags/example_datasets.py took 11.724 seconds
[2024-12-06T00:28:03.213+0000] {processor.py:186} INFO - Started process (PID=1671) to work on /home/airflow/.local/lib/python3.12/site-packages/airflow/example_dags/example_datasets.py
[2024-12-06T00:28:03.365+0000] {processor.py:914} INFO - Processing file /home/airflow/.local/lib/python3.12/site-packages/airflow/example_dags/example_datasets.py for tasks to queue
[2024-12-06T00:28:03.556+0000] {logging_mixin.py:190} INFO - [2024-12-06T00:28:03.528+0000] {dagbag.py:588} INFO - Filling up the DagBag from /home/airflow/.local/lib/python3.12/site-packages/airflow/example_dags/example_datasets.py
[2024-12-06T00:28:21.638+0000] {processor.py:925} INFO - DAG(s) 'dataset_consumes_unknown_never_scheduled', 'dataset_consumes_1_never_scheduled', 'conditional_dataset_and_time_based_timetable', 'dataset_produces_2', 'consume_1_and_2_with_dataset_expressions', 'consume_1_or_both_2_and_3_with_dataset_expressions', 'dataset_consumes_1', 'dataset_consumes_1_and_2', 'dataset_produces_1', 'consume_1_or_2_with_dataset_expressions' retrieved from /home/airflow/.local/lib/python3.12/site-packages/airflow/example_dags/example_datasets.py
[2024-12-06T00:28:22.107+0000] {logging_mixin.py:190} INFO - [2024-12-06T00:28:22.096+0000] {dag.py:3239} INFO - Sync 10 DAGs
[2024-12-06T00:28:22.387+0000] {logging_mixin.py:190} INFO - [2024-12-06T00:28:22.386+0000] {dag.py:4180} INFO - Setting next_dagrun for conditional_dataset_and_time_based_timetable to 2024-12-04 01:00:00+00:00, run_after=2024-12-04 01:00:00+00:00
[2024-12-06T00:28:22.488+0000] {logging_mixin.py:190} INFO - [2024-12-06T00:28:22.488+0000] {dag.py:4180} INFO - Setting next_dagrun for consume_1_and_2_with_dataset_expressions to None, run_after=None
[2024-12-06T00:28:22.516+0000] {logging_mixin.py:190} INFO - [2024-12-06T00:28:22.515+0000] {dag.py:4180} INFO - Setting next_dagrun for consume_1_or_2_with_dataset_expressions to None, run_after=None
[2024-12-06T00:28:22.541+0000] {logging_mixin.py:190} INFO - [2024-12-06T00:28:22.540+0000] {dag.py:4180} INFO - Setting next_dagrun for consume_1_or_both_2_and_3_with_dataset_expressions to None, run_after=None
[2024-12-06T00:28:22.576+0000] {logging_mixin.py:190} INFO - [2024-12-06T00:28:22.575+0000] {dag.py:4180} INFO - Setting next_dagrun for dataset_consumes_1 to None, run_after=None
[2024-12-06T00:28:22.645+0000] {logging_mixin.py:190} INFO - [2024-12-06T00:28:22.644+0000] {dag.py:4180} INFO - Setting next_dagrun for dataset_consumes_1_and_2 to None, run_after=None
[2024-12-06T00:28:22.675+0000] {logging_mixin.py:190} INFO - [2024-12-06T00:28:22.675+0000] {dag.py:4180} INFO - Setting next_dagrun for dataset_consumes_1_never_scheduled to None, run_after=None
[2024-12-06T00:28:22.745+0000] {logging_mixin.py:190} INFO - [2024-12-06T00:28:22.744+0000] {dag.py:4180} INFO - Setting next_dagrun for dataset_consumes_unknown_never_scheduled to None, run_after=None
[2024-12-06T00:28:22.813+0000] {logging_mixin.py:190} INFO - [2024-12-06T00:28:22.781+0000] {dag.py:4180} INFO - Setting next_dagrun for dataset_produces_1 to 2024-12-05 00:00:00+00:00, run_after=2024-12-06 00:00:00+00:00
[2024-12-06T00:28:22.828+0000] {logging_mixin.py:190} INFO - [2024-12-06T00:28:22.827+0000] {dag.py:4180} INFO - Setting next_dagrun for dataset_produces_2 to None, run_after=None
[2024-12-06T00:28:23.469+0000] {processor.py:208} INFO - Processing /home/airflow/.local/lib/python3.12/site-packages/airflow/example_dags/example_datasets.py took 20.312 seconds
[2024-12-06T00:29:07.541+0000] {processor.py:186} INFO - Started process (PID=1742) to work on /home/airflow/.local/lib/python3.12/site-packages/airflow/example_dags/example_datasets.py
[2024-12-06T00:29:07.549+0000] {processor.py:914} INFO - Processing file /home/airflow/.local/lib/python3.12/site-packages/airflow/example_dags/example_datasets.py for tasks to queue
[2024-12-06T00:29:07.556+0000] {logging_mixin.py:190} INFO - [2024-12-06T00:29:07.555+0000] {dagbag.py:588} INFO - Filling up the DagBag from /home/airflow/.local/lib/python3.12/site-packages/airflow/example_dags/example_datasets.py
[2024-12-06T00:29:15.394+0000] {processor.py:925} INFO - DAG(s) 'dataset_produces_1', 'dataset_consumes_1', 'dataset_consumes_unknown_never_scheduled', 'dataset_produces_2', 'consume_1_or_both_2_and_3_with_dataset_expressions', 'dataset_consumes_1_and_2', 'consume_1_and_2_with_dataset_expressions', 'dataset_consumes_1_never_scheduled', 'conditional_dataset_and_time_based_timetable', 'consume_1_or_2_with_dataset_expressions' retrieved from /home/airflow/.local/lib/python3.12/site-packages/airflow/example_dags/example_datasets.py
[2024-12-06T00:29:16.131+0000] {logging_mixin.py:190} INFO - [2024-12-06T00:29:16.130+0000] {dag.py:3239} INFO - Sync 10 DAGs
[2024-12-06T00:29:16.621+0000] {logging_mixin.py:190} INFO - [2024-12-06T00:29:16.620+0000] {dag.py:4180} INFO - Setting next_dagrun for conditional_dataset_and_time_based_timetable to 2024-12-04 01:00:00+00:00, run_after=2024-12-04 01:00:00+00:00
[2024-12-06T00:29:16.860+0000] {logging_mixin.py:190} INFO - [2024-12-06T00:29:16.848+0000] {dag.py:4180} INFO - Setting next_dagrun for consume_1_and_2_with_dataset_expressions to None, run_after=None
[2024-12-06T00:29:16.970+0000] {logging_mixin.py:190} INFO - [2024-12-06T00:29:16.969+0000] {dag.py:4180} INFO - Setting next_dagrun for consume_1_or_2_with_dataset_expressions to None, run_after=None
[2024-12-06T00:29:17.042+0000] {logging_mixin.py:190} INFO - [2024-12-06T00:29:17.042+0000] {dag.py:4180} INFO - Setting next_dagrun for consume_1_or_both_2_and_3_with_dataset_expressions to None, run_after=None
[2024-12-06T00:29:17.058+0000] {logging_mixin.py:190} INFO - [2024-12-06T00:29:17.057+0000] {dag.py:4180} INFO - Setting next_dagrun for dataset_consumes_1 to None, run_after=None
[2024-12-06T00:29:17.105+0000] {logging_mixin.py:190} INFO - [2024-12-06T00:29:17.104+0000] {dag.py:4180} INFO - Setting next_dagrun for dataset_consumes_1_and_2 to None, run_after=None
[2024-12-06T00:29:17.160+0000] {logging_mixin.py:190} INFO - [2024-12-06T00:29:17.160+0000] {dag.py:4180} INFO - Setting next_dagrun for dataset_consumes_1_never_scheduled to None, run_after=None
[2024-12-06T00:29:17.285+0000] {logging_mixin.py:190} INFO - [2024-12-06T00:29:17.284+0000] {dag.py:4180} INFO - Setting next_dagrun for dataset_consumes_unknown_never_scheduled to None, run_after=None
[2024-12-06T00:29:17.334+0000] {logging_mixin.py:190} INFO - [2024-12-06T00:29:17.333+0000] {dag.py:4180} INFO - Setting next_dagrun for dataset_produces_1 to 2024-12-05 00:00:00+00:00, run_after=2024-12-06 00:00:00+00:00
[2024-12-06T00:29:17.424+0000] {logging_mixin.py:190} INFO - [2024-12-06T00:29:17.423+0000] {dag.py:4180} INFO - Setting next_dagrun for dataset_produces_2 to None, run_after=None
[2024-12-06T00:29:20.162+0000] {processor.py:208} INFO - Processing /home/airflow/.local/lib/python3.12/site-packages/airflow/example_dags/example_datasets.py took 12.646 seconds
[2024-12-06T00:31:07.172+0000] {processor.py:186} INFO - Started process (PID=1883) to work on /home/airflow/.local/lib/python3.12/site-packages/airflow/example_dags/example_datasets.py
[2024-12-06T00:31:07.186+0000] {processor.py:914} INFO - Processing file /home/airflow/.local/lib/python3.12/site-packages/airflow/example_dags/example_datasets.py for tasks to queue
[2024-12-06T00:31:07.218+0000] {logging_mixin.py:190} INFO - [2024-12-06T00:31:07.217+0000] {dagbag.py:588} INFO - Filling up the DagBag from /home/airflow/.local/lib/python3.12/site-packages/airflow/example_dags/example_datasets.py
