[2024-12-06T00:26:04.522+0000] {processor.py:186} INFO - Started process (PID=1553) to work on /home/airflow/.local/lib/python3.12/site-packages/airflow/example_dags/example_xcomargs.py
[2024-12-06T00:26:04.556+0000] {processor.py:914} INFO - Processing file /home/airflow/.local/lib/python3.12/site-packages/airflow/example_dags/example_xcomargs.py for tasks to queue
[2024-12-06T00:26:04.592+0000] {logging_mixin.py:190} INFO - [2024-12-06T00:26:04.591+0000] {dagbag.py:588} INFO - Filling up the DagBag from /home/airflow/.local/lib/python3.12/site-packages/airflow/example_dags/example_xcomargs.py
[2024-12-06T00:26:04.761+0000] {processor.py:925} INFO - DAG(s) 'example_xcom_args_with_operators', 'example_xcom_args' retrieved from /home/airflow/.local/lib/python3.12/site-packages/airflow/example_dags/example_xcomargs.py
[2024-12-06T00:26:04.995+0000] {logging_mixin.py:190} INFO - [2024-12-06T00:26:04.994+0000] {dag.py:3239} INFO - Sync 2 DAGs
[2024-12-06T00:26:05.263+0000] {logging_mixin.py:190} INFO - [2024-12-06T00:26:05.262+0000] {dag.py:4180} INFO - Setting next_dagrun for example_xcom_args to None, run_after=None
[2024-12-06T00:26:05.325+0000] {logging_mixin.py:190} INFO - [2024-12-06T00:26:05.314+0000] {dag.py:4180} INFO - Setting next_dagrun for example_xcom_args_with_operators to None, run_after=None
[2024-12-06T00:26:05.615+0000] {processor.py:208} INFO - Processing /home/airflow/.local/lib/python3.12/site-packages/airflow/example_dags/example_xcomargs.py took 1.283 seconds
[2024-12-06T00:28:10.495+0000] {processor.py:186} INFO - Started process (PID=1680) to work on /home/airflow/.local/lib/python3.12/site-packages/airflow/example_dags/example_xcomargs.py
[2024-12-06T00:28:10.514+0000] {processor.py:914} INFO - Processing file /home/airflow/.local/lib/python3.12/site-packages/airflow/example_dags/example_xcomargs.py for tasks to queue
[2024-12-06T00:28:10.561+0000] {logging_mixin.py:190} INFO - [2024-12-06T00:28:10.561+0000] {dagbag.py:588} INFO - Filling up the DagBag from /home/airflow/.local/lib/python3.12/site-packages/airflow/example_dags/example_xcomargs.py
[2024-12-06T00:28:10.766+0000] {processor.py:925} INFO - DAG(s) 'example_xcom_args_with_operators', 'example_xcom_args' retrieved from /home/airflow/.local/lib/python3.12/site-packages/airflow/example_dags/example_xcomargs.py
[2024-12-06T00:28:11.138+0000] {logging_mixin.py:190} INFO - [2024-12-06T00:28:11.125+0000] {dag.py:3239} INFO - Sync 2 DAGs
[2024-12-06T00:28:11.752+0000] {logging_mixin.py:190} INFO - [2024-12-06T00:28:11.735+0000] {dag.py:4180} INFO - Setting next_dagrun for example_xcom_args to None, run_after=None
[2024-12-06T00:28:11.898+0000] {logging_mixin.py:190} INFO - [2024-12-06T00:28:11.897+0000] {dag.py:4180} INFO - Setting next_dagrun for example_xcom_args_with_operators to None, run_after=None
[2024-12-06T00:28:12.202+0000] {processor.py:208} INFO - Processing /home/airflow/.local/lib/python3.12/site-packages/airflow/example_dags/example_xcomargs.py took 1.784 seconds
[2024-12-06T00:29:24.841+0000] {processor.py:186} INFO - Started process (PID=1757) to work on /home/airflow/.local/lib/python3.12/site-packages/airflow/example_dags/example_xcomargs.py
[2024-12-06T00:29:24.871+0000] {processor.py:914} INFO - Processing file /home/airflow/.local/lib/python3.12/site-packages/airflow/example_dags/example_xcomargs.py for tasks to queue
[2024-12-06T00:29:24.903+0000] {logging_mixin.py:190} INFO - [2024-12-06T00:29:24.877+0000] {dagbag.py:588} INFO - Filling up the DagBag from /home/airflow/.local/lib/python3.12/site-packages/airflow/example_dags/example_xcomargs.py
[2024-12-06T00:29:25.370+0000] {processor.py:925} INFO - DAG(s) 'example_xcom_args_with_operators', 'example_xcom_args' retrieved from /home/airflow/.local/lib/python3.12/site-packages/airflow/example_dags/example_xcomargs.py
[2024-12-06T00:29:25.613+0000] {logging_mixin.py:190} INFO - [2024-12-06T00:29:25.585+0000] {dag.py:3239} INFO - Sync 2 DAGs
[2024-12-06T00:29:25.868+0000] {logging_mixin.py:190} INFO - [2024-12-06T00:29:25.867+0000] {dag.py:4180} INFO - Setting next_dagrun for example_xcom_args to None, run_after=None
[2024-12-06T00:29:25.917+0000] {logging_mixin.py:190} INFO - [2024-12-06T00:29:25.916+0000] {dag.py:4180} INFO - Setting next_dagrun for example_xcom_args_with_operators to None, run_after=None
[2024-12-06T00:29:26.339+0000] {processor.py:208} INFO - Processing /home/airflow/.local/lib/python3.12/site-packages/airflow/example_dags/example_xcomargs.py took 1.588 seconds
