[2024-12-06T00:25:07.218+0000] {processor.py:186} INFO - Started process (PID=1501) to work on /home/airflow/.local/lib/python3.12/site-packages/airflow/example_dags/example_kubernetes_executor.py
[2024-12-06T00:25:07.233+0000] {processor.py:914} INFO - Processing file /home/airflow/.local/lib/python3.12/site-packages/airflow/example_dags/example_kubernetes_executor.py for tasks to queue
[2024-12-06T00:25:07.251+0000] {logging_mixin.py:190} INFO - [2024-12-06T00:25:07.250+0000] {dagbag.py:588} INFO - Filling up the DagBag from /home/airflow/.local/lib/python3.12/site-packages/airflow/example_dags/example_kubernetes_executor.py
[2024-12-06T00:25:08.483+0000] {processor.py:925} INFO - DAG(s) 'example_kubernetes_executor' retrieved from /home/airflow/.local/lib/python3.12/site-packages/airflow/example_dags/example_kubernetes_executor.py
[2024-12-06T00:25:09.949+0000] {logging_mixin.py:190} INFO - [2024-12-06T00:25:09.949+0000] {dag.py:3239} INFO - Sync 1 DAGs
[2024-12-06T00:25:10.318+0000] {logging_mixin.py:190} INFO - [2024-12-06T00:25:10.318+0000] {dag.py:4180} INFO - Setting next_dagrun for example_kubernetes_executor to None, run_after=None
[2024-12-06T00:25:10.798+0000] {processor.py:208} INFO - Processing /home/airflow/.local/lib/python3.12/site-packages/airflow/example_dags/example_kubernetes_executor.py took 3.690 seconds
[2024-12-06T00:27:29.037+0000] {processor.py:186} INFO - Started process (PID=1637) to work on /home/airflow/.local/lib/python3.12/site-packages/airflow/example_dags/example_kubernetes_executor.py
[2024-12-06T00:27:29.065+0000] {processor.py:914} INFO - Processing file /home/airflow/.local/lib/python3.12/site-packages/airflow/example_dags/example_kubernetes_executor.py for tasks to queue
[2024-12-06T00:27:29.101+0000] {logging_mixin.py:190} INFO - [2024-12-06T00:27:29.098+0000] {dagbag.py:588} INFO - Filling up the DagBag from /home/airflow/.local/lib/python3.12/site-packages/airflow/example_dags/example_kubernetes_executor.py
[2024-12-06T00:27:29.348+0000] {processor.py:925} INFO - DAG(s) 'example_kubernetes_executor' retrieved from /home/airflow/.local/lib/python3.12/site-packages/airflow/example_dags/example_kubernetes_executor.py
[2024-12-06T00:27:30.076+0000] {logging_mixin.py:190} INFO - [2024-12-06T00:27:30.076+0000] {dag.py:3239} INFO - Sync 1 DAGs
[2024-12-06T00:27:30.365+0000] {logging_mixin.py:190} INFO - [2024-12-06T00:27:30.364+0000] {dag.py:4180} INFO - Setting next_dagrun for example_kubernetes_executor to None, run_after=None
[2024-12-06T00:27:30.941+0000] {processor.py:208} INFO - Processing /home/airflow/.local/lib/python3.12/site-packages/airflow/example_dags/example_kubernetes_executor.py took 1.943 seconds
[2024-12-06T00:29:45.833+0000] {processor.py:186} INFO - Started process (PID=1779) to work on /home/airflow/.local/lib/python3.12/site-packages/airflow/example_dags/example_kubernetes_executor.py
[2024-12-06T00:29:45.850+0000] {processor.py:914} INFO - Processing file /home/airflow/.local/lib/python3.12/site-packages/airflow/example_dags/example_kubernetes_executor.py for tasks to queue
[2024-12-06T00:29:45.857+0000] {logging_mixin.py:190} INFO - [2024-12-06T00:29:45.856+0000] {dagbag.py:588} INFO - Filling up the DagBag from /home/airflow/.local/lib/python3.12/site-packages/airflow/example_dags/example_kubernetes_executor.py
[2024-12-06T00:29:45.957+0000] {processor.py:925} INFO - DAG(s) 'example_kubernetes_executor' retrieved from /home/airflow/.local/lib/python3.12/site-packages/airflow/example_dags/example_kubernetes_executor.py
[2024-12-06T00:29:46.568+0000] {logging_mixin.py:190} INFO - [2024-12-06T00:29:46.568+0000] {dag.py:3239} INFO - Sync 1 DAGs
[2024-12-06T00:29:46.722+0000] {logging_mixin.py:190} INFO - [2024-12-06T00:29:46.721+0000] {dag.py:4180} INFO - Setting next_dagrun for example_kubernetes_executor to None, run_after=None
[2024-12-06T00:29:46.957+0000] {processor.py:208} INFO - Processing /home/airflow/.local/lib/python3.12/site-packages/airflow/example_dags/example_kubernetes_executor.py took 1.162 seconds
