[2024-12-06T00:24:56.767+0000] {processor.py:186} INFO - Started process (PID=1489) to work on /home/airflow/.local/lib/python3.12/site-packages/airflow/example_dags/example_local_kubernetes_executor.py
[2024-12-06T00:24:56.815+0000] {processor.py:914} INFO - Processing file /home/airflow/.local/lib/python3.12/site-packages/airflow/example_dags/example_local_kubernetes_executor.py for tasks to queue
[2024-12-06T00:24:56.832+0000] {logging_mixin.py:190} INFO - [2024-12-06T00:24:56.831+0000] {dagbag.py:588} INFO - Filling up the DagBag from /home/airflow/.local/lib/python3.12/site-packages/airflow/example_dags/example_local_kubernetes_executor.py
[2024-12-06T00:24:56.950+0000] {processor.py:925} INFO - DAG(s) 'example_local_kubernetes_executor' retrieved from /home/airflow/.local/lib/python3.12/site-packages/airflow/example_dags/example_local_kubernetes_executor.py
[2024-12-06T00:24:57.306+0000] {logging_mixin.py:190} INFO - [2024-12-06T00:24:57.305+0000] {dag.py:3239} INFO - Sync 1 DAGs
[2024-12-06T00:24:57.412+0000] {logging_mixin.py:190} INFO - [2024-12-06T00:24:57.411+0000] {dag.py:4180} INFO - Setting next_dagrun for example_local_kubernetes_executor to None, run_after=None
[2024-12-06T00:24:59.442+0000] {processor.py:208} INFO - Processing /home/airflow/.local/lib/python3.12/site-packages/airflow/example_dags/example_local_kubernetes_executor.py took 2.788 seconds
[2024-12-06T00:27:19.589+0000] {processor.py:186} INFO - Started process (PID=1632) to work on /home/airflow/.local/lib/python3.12/site-packages/airflow/example_dags/example_local_kubernetes_executor.py
[2024-12-06T00:27:19.622+0000] {processor.py:914} INFO - Processing file /home/airflow/.local/lib/python3.12/site-packages/airflow/example_dags/example_local_kubernetes_executor.py for tasks to queue
[2024-12-06T00:27:19.713+0000] {logging_mixin.py:190} INFO - [2024-12-06T00:27:19.682+0000] {dagbag.py:588} INFO - Filling up the DagBag from /home/airflow/.local/lib/python3.12/site-packages/airflow/example_dags/example_local_kubernetes_executor.py
[2024-12-06T00:27:20.129+0000] {processor.py:925} INFO - DAG(s) 'example_local_kubernetes_executor' retrieved from /home/airflow/.local/lib/python3.12/site-packages/airflow/example_dags/example_local_kubernetes_executor.py
[2024-12-06T00:27:21.029+0000] {logging_mixin.py:190} INFO - [2024-12-06T00:27:21.028+0000] {dag.py:3239} INFO - Sync 1 DAGs
[2024-12-06T00:27:21.297+0000] {logging_mixin.py:190} INFO - [2024-12-06T00:27:21.297+0000] {dag.py:4180} INFO - Setting next_dagrun for example_local_kubernetes_executor to None, run_after=None
[2024-12-06T00:27:21.555+0000] {processor.py:208} INFO - Processing /home/airflow/.local/lib/python3.12/site-packages/airflow/example_dags/example_local_kubernetes_executor.py took 2.046 seconds
[2024-12-06T00:29:42.283+0000] {processor.py:186} INFO - Started process (PID=1774) to work on /home/airflow/.local/lib/python3.12/site-packages/airflow/example_dags/example_local_kubernetes_executor.py
[2024-12-06T00:29:42.294+0000] {processor.py:914} INFO - Processing file /home/airflow/.local/lib/python3.12/site-packages/airflow/example_dags/example_local_kubernetes_executor.py for tasks to queue
[2024-12-06T00:29:42.298+0000] {logging_mixin.py:190} INFO - [2024-12-06T00:29:42.297+0000] {dagbag.py:588} INFO - Filling up the DagBag from /home/airflow/.local/lib/python3.12/site-packages/airflow/example_dags/example_local_kubernetes_executor.py
[2024-12-06T00:29:42.456+0000] {processor.py:925} INFO - DAG(s) 'example_local_kubernetes_executor' retrieved from /home/airflow/.local/lib/python3.12/site-packages/airflow/example_dags/example_local_kubernetes_executor.py
[2024-12-06T00:29:42.722+0000] {logging_mixin.py:190} INFO - [2024-12-06T00:29:42.721+0000] {dag.py:3239} INFO - Sync 1 DAGs
[2024-12-06T00:29:42.901+0000] {logging_mixin.py:190} INFO - [2024-12-06T00:29:42.900+0000] {dag.py:4180} INFO - Setting next_dagrun for example_local_kubernetes_executor to None, run_after=None
[2024-12-06T00:29:43.080+0000] {processor.py:208} INFO - Processing /home/airflow/.local/lib/python3.12/site-packages/airflow/example_dags/example_local_kubernetes_executor.py took 0.832 seconds
