[2024-12-06T00:26:03.402+0000] {processor.py:186} INFO - Started process (PID=1552) to work on /home/airflow/.local/lib/python3.12/site-packages/airflow/example_dags/example_external_task_marker_dag.py
[2024-12-06T00:26:03.462+0000] {processor.py:914} INFO - Processing file /home/airflow/.local/lib/python3.12/site-packages/airflow/example_dags/example_external_task_marker_dag.py for tasks to queue
[2024-12-06T00:26:03.563+0000] {logging_mixin.py:190} INFO - [2024-12-06T00:26:03.519+0000] {dagbag.py:588} INFO - Filling up the DagBag from /home/airflow/.local/lib/python3.12/site-packages/airflow/example_dags/example_external_task_marker_dag.py
[2024-12-06T00:26:03.823+0000] {processor.py:925} INFO - DAG(s) 'example_external_task_marker_child', 'example_external_task_marker_parent' retrieved from /home/airflow/.local/lib/python3.12/site-packages/airflow/example_dags/example_external_task_marker_dag.py
[2024-12-06T00:26:04.160+0000] {logging_mixin.py:190} INFO - [2024-12-06T00:26:04.160+0000] {dag.py:3239} INFO - Sync 2 DAGs
[2024-12-06T00:26:04.597+0000] {logging_mixin.py:190} INFO - [2024-12-06T00:26:04.596+0000] {dag.py:4180} INFO - Setting next_dagrun for example_external_task_marker_child to None, run_after=None
[2024-12-06T00:26:04.668+0000] {logging_mixin.py:190} INFO - [2024-12-06T00:26:04.667+0000] {dag.py:4180} INFO - Setting next_dagrun for example_external_task_marker_parent to None, run_after=None
[2024-12-06T00:26:05.002+0000] {processor.py:208} INFO - Processing /home/airflow/.local/lib/python3.12/site-packages/airflow/example_dags/example_external_task_marker_dag.py took 1.724 seconds
[2024-12-06T00:28:07.498+0000] {processor.py:186} INFO - Started process (PID=1674) to work on /home/airflow/.local/lib/python3.12/site-packages/airflow/example_dags/example_external_task_marker_dag.py
[2024-12-06T00:28:07.595+0000] {processor.py:914} INFO - Processing file /home/airflow/.local/lib/python3.12/site-packages/airflow/example_dags/example_external_task_marker_dag.py for tasks to queue
[2024-12-06T00:28:07.678+0000] {logging_mixin.py:190} INFO - [2024-12-06T00:28:07.662+0000] {dagbag.py:588} INFO - Filling up the DagBag from /home/airflow/.local/lib/python3.12/site-packages/airflow/example_dags/example_external_task_marker_dag.py
[2024-12-06T00:28:07.868+0000] {processor.py:925} INFO - DAG(s) 'example_external_task_marker_child', 'example_external_task_marker_parent' retrieved from /home/airflow/.local/lib/python3.12/site-packages/airflow/example_dags/example_external_task_marker_dag.py
[2024-12-06T00:28:08.198+0000] {logging_mixin.py:190} INFO - [2024-12-06T00:28:08.197+0000] {dag.py:3239} INFO - Sync 2 DAGs
[2024-12-06T00:28:08.585+0000] {logging_mixin.py:190} INFO - [2024-12-06T00:28:08.584+0000] {dag.py:4180} INFO - Setting next_dagrun for example_external_task_marker_child to None, run_after=None
[2024-12-06T00:28:08.779+0000] {logging_mixin.py:190} INFO - [2024-12-06T00:28:08.779+0000] {dag.py:4180} INFO - Setting next_dagrun for example_external_task_marker_parent to None, run_after=None
[2024-12-06T00:28:09.304+0000] {processor.py:208} INFO - Processing /home/airflow/.local/lib/python3.12/site-packages/airflow/example_dags/example_external_task_marker_dag.py took 1.904 seconds
[2024-12-06T00:29:22.174+0000] {processor.py:186} INFO - Started process (PID=1756) to work on /home/airflow/.local/lib/python3.12/site-packages/airflow/example_dags/example_external_task_marker_dag.py
[2024-12-06T00:29:22.221+0000] {processor.py:914} INFO - Processing file /home/airflow/.local/lib/python3.12/site-packages/airflow/example_dags/example_external_task_marker_dag.py for tasks to queue
[2024-12-06T00:29:22.269+0000] {logging_mixin.py:190} INFO - [2024-12-06T00:29:22.241+0000] {dagbag.py:588} INFO - Filling up the DagBag from /home/airflow/.local/lib/python3.12/site-packages/airflow/example_dags/example_external_task_marker_dag.py
[2024-12-06T00:29:22.459+0000] {processor.py:925} INFO - DAG(s) 'example_external_task_marker_child', 'example_external_task_marker_parent' retrieved from /home/airflow/.local/lib/python3.12/site-packages/airflow/example_dags/example_external_task_marker_dag.py
[2024-12-06T00:29:22.812+0000] {logging_mixin.py:190} INFO - [2024-12-06T00:29:22.811+0000] {dag.py:3239} INFO - Sync 2 DAGs
[2024-12-06T00:29:23.122+0000] {logging_mixin.py:190} INFO - [2024-12-06T00:29:23.121+0000] {dag.py:4180} INFO - Setting next_dagrun for example_external_task_marker_child to None, run_after=None
[2024-12-06T00:29:23.244+0000] {logging_mixin.py:190} INFO - [2024-12-06T00:29:23.243+0000] {dag.py:4180} INFO - Setting next_dagrun for example_external_task_marker_parent to None, run_after=None
[2024-12-06T00:29:23.597+0000] {processor.py:208} INFO - Processing /home/airflow/.local/lib/python3.12/site-packages/airflow/example_dags/example_external_task_marker_dag.py took 1.511 seconds
