[2024-12-06T00:26:22.397+0000] {processor.py:186} INFO - Started process (PID=1576) to work on /home/airflow/.local/lib/python3.12/site-packages/airflow/example_dags/example_trigger_target_dag.py
[2024-12-06T00:26:22.406+0000] {processor.py:914} INFO - Processing file /home/airflow/.local/lib/python3.12/site-packages/airflow/example_dags/example_trigger_target_dag.py for tasks to queue
[2024-12-06T00:26:22.410+0000] {logging_mixin.py:190} INFO - [2024-12-06T00:26:22.409+0000] {dagbag.py:588} INFO - Filling up the DagBag from /home/airflow/.local/lib/python3.12/site-packages/airflow/example_dags/example_trigger_target_dag.py
[2024-12-06T00:26:22.456+0000] {processor.py:925} INFO - DAG(s) 'example_trigger_target_dag' retrieved from /home/airflow/.local/lib/python3.12/site-packages/airflow/example_dags/example_trigger_target_dag.py
[2024-12-06T00:26:22.608+0000] {logging_mixin.py:190} INFO - [2024-12-06T00:26:22.608+0000] {dag.py:3239} INFO - Sync 1 DAGs
[2024-12-06T00:26:22.707+0000] {logging_mixin.py:190} INFO - [2024-12-06T00:26:22.706+0000] {dag.py:4180} INFO - Setting next_dagrun for example_trigger_target_dag to None, run_after=None
[2024-12-06T00:26:22.875+0000] {processor.py:208} INFO - Processing /home/airflow/.local/lib/python3.12/site-packages/airflow/example_dags/example_trigger_target_dag.py took 0.499 seconds
[2024-12-06T00:28:44.777+0000] {processor.py:186} INFO - Started process (PID=1703) to work on /home/airflow/.local/lib/python3.12/site-packages/airflow/example_dags/example_trigger_target_dag.py
[2024-12-06T00:28:44.794+0000] {processor.py:914} INFO - Processing file /home/airflow/.local/lib/python3.12/site-packages/airflow/example_dags/example_trigger_target_dag.py for tasks to queue
[2024-12-06T00:28:44.814+0000] {logging_mixin.py:190} INFO - [2024-12-06T00:28:44.812+0000] {dagbag.py:588} INFO - Filling up the DagBag from /home/airflow/.local/lib/python3.12/site-packages/airflow/example_dags/example_trigger_target_dag.py
[2024-12-06T00:28:44.942+0000] {processor.py:925} INFO - DAG(s) 'example_trigger_target_dag' retrieved from /home/airflow/.local/lib/python3.12/site-packages/airflow/example_dags/example_trigger_target_dag.py
[2024-12-06T00:28:45.145+0000] {logging_mixin.py:190} INFO - [2024-12-06T00:28:45.144+0000] {dag.py:3239} INFO - Sync 1 DAGs
[2024-12-06T00:28:45.337+0000] {logging_mixin.py:190} INFO - [2024-12-06T00:28:45.337+0000] {dag.py:4180} INFO - Setting next_dagrun for example_trigger_target_dag to None, run_after=None
[2024-12-06T00:28:45.629+0000] {processor.py:208} INFO - Processing /home/airflow/.local/lib/python3.12/site-packages/airflow/example_dags/example_trigger_target_dag.py took 0.879 seconds
[2024-12-06T00:30:30.679+0000] {processor.py:186} INFO - Started process (PID=1842) to work on /home/airflow/.local/lib/python3.12/site-packages/airflow/example_dags/example_trigger_target_dag.py
[2024-12-06T00:30:30.695+0000] {processor.py:914} INFO - Processing file /home/airflow/.local/lib/python3.12/site-packages/airflow/example_dags/example_trigger_target_dag.py for tasks to queue
[2024-12-06T00:30:30.779+0000] {logging_mixin.py:190} INFO - [2024-12-06T00:30:30.778+0000] {dagbag.py:588} INFO - Filling up the DagBag from /home/airflow/.local/lib/python3.12/site-packages/airflow/example_dags/example_trigger_target_dag.py
[2024-12-06T00:30:30.960+0000] {processor.py:925} INFO - DAG(s) 'example_trigger_target_dag' retrieved from /home/airflow/.local/lib/python3.12/site-packages/airflow/example_dags/example_trigger_target_dag.py
[2024-12-06T00:30:31.225+0000] {logging_mixin.py:190} INFO - [2024-12-06T00:30:31.224+0000] {dag.py:3239} INFO - Sync 1 DAGs
[2024-12-06T00:30:31.459+0000] {logging_mixin.py:190} INFO - [2024-12-06T00:30:31.457+0000] {dag.py:4180} INFO - Setting next_dagrun for example_trigger_target_dag to None, run_after=None
[2024-12-06T00:30:31.844+0000] {processor.py:208} INFO - Processing /home/airflow/.local/lib/python3.12/site-packages/airflow/example_dags/example_trigger_target_dag.py took 1.333 seconds
