[2024-12-06T00:26:22.252+0000] {processor.py:186} INFO - Started process (PID=1575) to work on /home/airflow/.local/lib/python3.12/site-packages/airflow/example_dags/tutorial_dag.py
[2024-12-06T00:26:22.257+0000] {processor.py:914} INFO - Processing file /home/airflow/.local/lib/python3.12/site-packages/airflow/example_dags/tutorial_dag.py for tasks to queue
[2024-12-06T00:26:22.260+0000] {logging_mixin.py:190} INFO - [2024-12-06T00:26:22.259+0000] {dagbag.py:588} INFO - Filling up the DagBag from /home/airflow/.local/lib/python3.12/site-packages/airflow/example_dags/tutorial_dag.py
[2024-12-06T00:26:22.324+0000] {processor.py:925} INFO - DAG(s) 'tutorial_dag' retrieved from /home/airflow/.local/lib/python3.12/site-packages/airflow/example_dags/tutorial_dag.py
[2024-12-06T00:26:22.408+0000] {logging_mixin.py:190} INFO - [2024-12-06T00:26:22.408+0000] {dag.py:3239} INFO - Sync 1 DAGs
[2024-12-06T00:26:22.493+0000] {logging_mixin.py:190} INFO - [2024-12-06T00:26:22.492+0000] {dag.py:4180} INFO - Setting next_dagrun for tutorial_dag to None, run_after=None
[2024-12-06T00:26:22.654+0000] {processor.py:208} INFO - Processing /home/airflow/.local/lib/python3.12/site-packages/airflow/example_dags/tutorial_dag.py took 0.469 seconds
[2024-12-06T00:28:43.806+0000] {processor.py:186} INFO - Started process (PID=1702) to work on /home/airflow/.local/lib/python3.12/site-packages/airflow/example_dags/tutorial_dag.py
[2024-12-06T00:28:43.821+0000] {processor.py:914} INFO - Processing file /home/airflow/.local/lib/python3.12/site-packages/airflow/example_dags/tutorial_dag.py for tasks to queue
[2024-12-06T00:28:43.843+0000] {logging_mixin.py:190} INFO - [2024-12-06T00:28:43.824+0000] {dagbag.py:588} INFO - Filling up the DagBag from /home/airflow/.local/lib/python3.12/site-packages/airflow/example_dags/tutorial_dag.py
[2024-12-06T00:28:43.908+0000] {processor.py:925} INFO - DAG(s) 'tutorial_dag' retrieved from /home/airflow/.local/lib/python3.12/site-packages/airflow/example_dags/tutorial_dag.py
[2024-12-06T00:28:44.120+0000] {logging_mixin.py:190} INFO - [2024-12-06T00:28:44.117+0000] {dag.py:3239} INFO - Sync 1 DAGs
[2024-12-06T00:28:44.293+0000] {logging_mixin.py:190} INFO - [2024-12-06T00:28:44.281+0000] {dag.py:4180} INFO - Setting next_dagrun for tutorial_dag to None, run_after=None
[2024-12-06T00:28:44.502+0000] {processor.py:208} INFO - Processing /home/airflow/.local/lib/python3.12/site-packages/airflow/example_dags/tutorial_dag.py took 0.783 seconds
[2024-12-06T00:30:30.346+0000] {processor.py:186} INFO - Started process (PID=1835) to work on /home/airflow/.local/lib/python3.12/site-packages/airflow/example_dags/tutorial_dag.py
[2024-12-06T00:30:30.364+0000] {processor.py:914} INFO - Processing file /home/airflow/.local/lib/python3.12/site-packages/airflow/example_dags/tutorial_dag.py for tasks to queue
[2024-12-06T00:30:30.369+0000] {logging_mixin.py:190} INFO - [2024-12-06T00:30:30.368+0000] {dagbag.py:588} INFO - Filling up the DagBag from /home/airflow/.local/lib/python3.12/site-packages/airflow/example_dags/tutorial_dag.py
[2024-12-06T00:30:30.490+0000] {processor.py:925} INFO - DAG(s) 'tutorial_dag' retrieved from /home/airflow/.local/lib/python3.12/site-packages/airflow/example_dags/tutorial_dag.py
[2024-12-06T00:30:30.860+0000] {logging_mixin.py:190} INFO - [2024-12-06T00:30:30.859+0000] {dag.py:3239} INFO - Sync 1 DAGs
[2024-12-06T00:30:31.105+0000] {logging_mixin.py:190} INFO - [2024-12-06T00:30:31.104+0000] {dag.py:4180} INFO - Setting next_dagrun for tutorial_dag to None, run_after=None
[2024-12-06T00:30:31.468+0000] {processor.py:208} INFO - Processing /home/airflow/.local/lib/python3.12/site-packages/airflow/example_dags/tutorial_dag.py took 1.210 seconds
