[2024-12-06T00:24:44.602+0000] {processor.py:186} INFO - Started process (PID=1484) to work on /home/airflow/.local/lib/python3.12/site-packages/airflow/example_dags/tutorial_objectstorage.py
[2024-12-06T00:24:44.631+0000] {processor.py:914} INFO - Processing file /home/airflow/.local/lib/python3.12/site-packages/airflow/example_dags/tutorial_objectstorage.py for tasks to queue
[2024-12-06T00:24:44.648+0000] {logging_mixin.py:190} INFO - [2024-12-06T00:24:44.647+0000] {dagbag.py:588} INFO - Filling up the DagBag from /home/airflow/.local/lib/python3.12/site-packages/airflow/example_dags/tutorial_objectstorage.py
[2024-12-06T00:24:44.923+0000] {processor.py:925} INFO - DAG(s) 'tutorial_objectstorage' retrieved from /home/airflow/.local/lib/python3.12/site-packages/airflow/example_dags/tutorial_objectstorage.py
[2024-12-06T00:24:45.294+0000] {logging_mixin.py:190} INFO - [2024-12-06T00:24:45.283+0000] {dag.py:3239} INFO - Sync 1 DAGs
[2024-12-06T00:24:45.589+0000] {logging_mixin.py:190} INFO - [2024-12-06T00:24:45.588+0000] {dag.py:4180} INFO - Setting next_dagrun for tutorial_objectstorage to None, run_after=None
[2024-12-06T00:24:46.061+0000] {processor.py:208} INFO - Processing /home/airflow/.local/lib/python3.12/site-packages/airflow/example_dags/tutorial_objectstorage.py took 1.546 seconds
[2024-12-06T00:27:13.233+0000] {processor.py:186} INFO - Started process (PID=1627) to work on /home/airflow/.local/lib/python3.12/site-packages/airflow/example_dags/tutorial_objectstorage.py
[2024-12-06T00:27:13.330+0000] {processor.py:914} INFO - Processing file /home/airflow/.local/lib/python3.12/site-packages/airflow/example_dags/tutorial_objectstorage.py for tasks to queue
[2024-12-06T00:27:13.347+0000] {logging_mixin.py:190} INFO - [2024-12-06T00:27:13.346+0000] {dagbag.py:588} INFO - Filling up the DagBag from /home/airflow/.local/lib/python3.12/site-packages/airflow/example_dags/tutorial_objectstorage.py
[2024-12-06T00:27:13.531+0000] {processor.py:925} INFO - DAG(s) 'tutorial_objectstorage' retrieved from /home/airflow/.local/lib/python3.12/site-packages/airflow/example_dags/tutorial_objectstorage.py
[2024-12-06T00:27:13.771+0000] {logging_mixin.py:190} INFO - [2024-12-06T00:27:13.769+0000] {dag.py:3239} INFO - Sync 1 DAGs
[2024-12-06T00:27:13.996+0000] {logging_mixin.py:190} INFO - [2024-12-06T00:27:13.984+0000] {dag.py:4180} INFO - Setting next_dagrun for tutorial_objectstorage to None, run_after=None
[2024-12-06T00:27:14.280+0000] {processor.py:208} INFO - Processing /home/airflow/.local/lib/python3.12/site-packages/airflow/example_dags/tutorial_objectstorage.py took 1.149 seconds
[2024-12-06T00:29:34.497+0000] {processor.py:186} INFO - Started process (PID=1763) to work on /home/airflow/.local/lib/python3.12/site-packages/airflow/example_dags/tutorial_objectstorage.py
[2024-12-06T00:29:34.514+0000] {processor.py:914} INFO - Processing file /home/airflow/.local/lib/python3.12/site-packages/airflow/example_dags/tutorial_objectstorage.py for tasks to queue
[2024-12-06T00:29:34.569+0000] {logging_mixin.py:190} INFO - [2024-12-06T00:29:34.568+0000] {dagbag.py:588} INFO - Filling up the DagBag from /home/airflow/.local/lib/python3.12/site-packages/airflow/example_dags/tutorial_objectstorage.py
[2024-12-06T00:29:34.692+0000] {processor.py:925} INFO - DAG(s) 'tutorial_objectstorage' retrieved from /home/airflow/.local/lib/python3.12/site-packages/airflow/example_dags/tutorial_objectstorage.py
[2024-12-06T00:29:34.888+0000] {logging_mixin.py:190} INFO - [2024-12-06T00:29:34.888+0000] {dag.py:3239} INFO - Sync 1 DAGs
[2024-12-06T00:29:35.104+0000] {logging_mixin.py:190} INFO - [2024-12-06T00:29:35.104+0000] {dag.py:4180} INFO - Setting next_dagrun for tutorial_objectstorage to None, run_after=None
[2024-12-06T00:29:35.612+0000] {processor.py:208} INFO - Processing /home/airflow/.local/lib/python3.12/site-packages/airflow/example_dags/tutorial_objectstorage.py took 1.346 seconds
