[2024-12-06T00:26:25.468+0000] {processor.py:186} INFO - Started process (PID=1581) to work on /home/airflow/.local/lib/python3.12/site-packages/airflow/example_dags/tutorial.py
[2024-12-06T00:26:25.484+0000] {processor.py:914} INFO - Processing file /home/airflow/.local/lib/python3.12/site-packages/airflow/example_dags/tutorial.py for tasks to queue
[2024-12-06T00:26:25.533+0000] {logging_mixin.py:190} INFO - [2024-12-06T00:26:25.532+0000] {dagbag.py:588} INFO - Filling up the DagBag from /home/airflow/.local/lib/python3.12/site-packages/airflow/example_dags/tutorial.py
[2024-12-06T00:26:25.653+0000] {processor.py:925} INFO - DAG(s) 'tutorial' retrieved from /home/airflow/.local/lib/python3.12/site-packages/airflow/example_dags/tutorial.py
[2024-12-06T00:26:25.873+0000] {logging_mixin.py:190} INFO - [2024-12-06T00:26:25.872+0000] {dag.py:3239} INFO - Sync 1 DAGs
[2024-12-06T00:26:26.441+0000] {logging_mixin.py:190} INFO - [2024-12-06T00:26:26.440+0000] {dag.py:4180} INFO - Setting next_dagrun for tutorial to 2024-12-05 00:00:00+00:00, run_after=2024-12-06 00:00:00+00:00
[2024-12-06T00:26:26.773+0000] {processor.py:208} INFO - Processing /home/airflow/.local/lib/python3.12/site-packages/airflow/example_dags/tutorial.py took 1.406 seconds
[2024-12-06T00:28:48.997+0000] {processor.py:186} INFO - Started process (PID=1708) to work on /home/airflow/.local/lib/python3.12/site-packages/airflow/example_dags/tutorial.py
[2024-12-06T00:28:49.005+0000] {processor.py:914} INFO - Processing file /home/airflow/.local/lib/python3.12/site-packages/airflow/example_dags/tutorial.py for tasks to queue
[2024-12-06T00:28:49.011+0000] {logging_mixin.py:190} INFO - [2024-12-06T00:28:49.010+0000] {dagbag.py:588} INFO - Filling up the DagBag from /home/airflow/.local/lib/python3.12/site-packages/airflow/example_dags/tutorial.py
[2024-12-06T00:28:49.087+0000] {processor.py:925} INFO - DAG(s) 'tutorial' retrieved from /home/airflow/.local/lib/python3.12/site-packages/airflow/example_dags/tutorial.py
[2024-12-06T00:28:49.349+0000] {logging_mixin.py:190} INFO - [2024-12-06T00:28:49.348+0000] {dag.py:3239} INFO - Sync 1 DAGs
[2024-12-06T00:28:49.641+0000] {logging_mixin.py:190} INFO - [2024-12-06T00:28:49.641+0000] {dag.py:4180} INFO - Setting next_dagrun for tutorial to 2024-12-05 00:00:00+00:00, run_after=2024-12-06 00:00:00+00:00
[2024-12-06T00:28:49.810+0000] {processor.py:208} INFO - Processing /home/airflow/.local/lib/python3.12/site-packages/airflow/example_dags/tutorial.py took 0.880 seconds
[2024-12-06T00:30:36.829+0000] {processor.py:186} INFO - Started process (PID=1847) to work on /home/airflow/.local/lib/python3.12/site-packages/airflow/example_dags/tutorial.py
[2024-12-06T00:30:36.847+0000] {processor.py:914} INFO - Processing file /home/airflow/.local/lib/python3.12/site-packages/airflow/example_dags/tutorial.py for tasks to queue
[2024-12-06T00:30:36.861+0000] {logging_mixin.py:190} INFO - [2024-12-06T00:30:36.860+0000] {dagbag.py:588} INFO - Filling up the DagBag from /home/airflow/.local/lib/python3.12/site-packages/airflow/example_dags/tutorial.py
[2024-12-06T00:30:37.012+0000] {processor.py:925} INFO - DAG(s) 'tutorial' retrieved from /home/airflow/.local/lib/python3.12/site-packages/airflow/example_dags/tutorial.py
[2024-12-06T00:30:37.301+0000] {logging_mixin.py:190} INFO - [2024-12-06T00:30:37.299+0000] {dag.py:3239} INFO - Sync 1 DAGs
[2024-12-06T00:30:37.921+0000] {logging_mixin.py:190} INFO - [2024-12-06T00:30:37.920+0000] {dag.py:4180} INFO - Setting next_dagrun for tutorial to 2024-12-05 00:00:00+00:00, run_after=2024-12-06 00:00:00+00:00
[2024-12-06T00:30:38.275+0000] {processor.py:208} INFO - Processing /home/airflow/.local/lib/python3.12/site-packages/airflow/example_dags/tutorial.py took 1.552 seconds
