[2024-12-06T00:24:19.834+0000] {processor.py:186} INFO - Started process (PID=1459) to work on /opt/airflow/dags/src/data_processing.py
[2024-12-06T00:24:19.849+0000] {processor.py:914} INFO - Processing file /opt/airflow/dags/src/data_processing.py for tasks to queue
[2024-12-06T00:24:19.864+0000] {logging_mixin.py:190} INFO - [2024-12-06T00:24:19.863+0000] {dagbag.py:588} INFO - Filling up the DagBag from /opt/airflow/dags/src/data_processing.py
[2024-12-06T00:24:29.175+0000] {processor.py:927} WARNING - No viable dags retrieved from /opt/airflow/dags/src/data_processing.py
[2024-12-06T00:24:29.285+0000] {processor.py:208} INFO - Processing /opt/airflow/dags/src/data_processing.py took 9.545 seconds
[2024-12-06T00:25:15.927+0000] {processor.py:186} INFO - Started process (PID=1507) to work on /opt/airflow/dags/src/data_processing.py
[2024-12-06T00:25:15.977+0000] {processor.py:914} INFO - Processing file /opt/airflow/dags/src/data_processing.py for tasks to queue
[2024-12-06T00:25:16.009+0000] {logging_mixin.py:190} INFO - [2024-12-06T00:25:16.008+0000] {dagbag.py:588} INFO - Filling up the DagBag from /opt/airflow/dags/src/data_processing.py
[2024-12-06T00:25:45.159+0000] {processor.py:927} WARNING - No viable dags retrieved from /opt/airflow/dags/src/data_processing.py
[2024-12-06T00:25:45.281+0000] {processor.py:208} INFO - Processing /opt/airflow/dags/src/data_processing.py took 29.518 seconds
[2024-12-06T00:26:35.844+0000] {processor.py:186} INFO - Started process (PID=1589) to work on /opt/airflow/dags/src/data_processing.py
[2024-12-06T00:26:35.853+0000] {processor.py:914} INFO - Processing file /opt/airflow/dags/src/data_processing.py for tasks to queue
[2024-12-06T00:26:35.860+0000] {logging_mixin.py:190} INFO - [2024-12-06T00:26:35.859+0000] {dagbag.py:588} INFO - Filling up the DagBag from /opt/airflow/dags/src/data_processing.py
[2024-12-06T00:26:46.180+0000] {processor.py:927} WARNING - No viable dags retrieved from /opt/airflow/dags/src/data_processing.py
[2024-12-06T00:26:46.449+0000] {processor.py:208} INFO - Processing /opt/airflow/dags/src/data_processing.py took 10.636 seconds
[2024-12-06T00:27:36.749+0000] {processor.py:186} INFO - Started process (PID=1643) to work on /opt/airflow/dags/src/data_processing.py
[2024-12-06T00:27:36.765+0000] {processor.py:914} INFO - Processing file /opt/airflow/dags/src/data_processing.py for tasks to queue
[2024-12-06T00:27:36.821+0000] {logging_mixin.py:190} INFO - [2024-12-06T00:27:36.818+0000] {dagbag.py:588} INFO - Filling up the DagBag from /opt/airflow/dags/src/data_processing.py
[2024-12-06T00:27:49.325+0000] {processor.py:927} WARNING - No viable dags retrieved from /opt/airflow/dags/src/data_processing.py
[2024-12-06T00:27:49.485+0000] {processor.py:208} INFO - Processing /opt/airflow/dags/src/data_processing.py took 12.806 seconds
[2024-12-06T00:28:55.379+0000] {processor.py:186} INFO - Started process (PID=1716) to work on /opt/airflow/dags/src/data_processing.py
[2024-12-06T00:28:55.390+0000] {processor.py:914} INFO - Processing file /opt/airflow/dags/src/data_processing.py for tasks to queue
[2024-12-06T00:28:55.398+0000] {logging_mixin.py:190} INFO - [2024-12-06T00:28:55.397+0000] {dagbag.py:588} INFO - Filling up the DagBag from /opt/airflow/dags/src/data_processing.py
[2024-12-06T00:29:00.859+0000] {processor.py:927} WARNING - No viable dags retrieved from /opt/airflow/dags/src/data_processing.py
[2024-12-06T00:29:00.966+0000] {processor.py:208} INFO - Processing /opt/airflow/dags/src/data_processing.py took 5.623 seconds
[2024-12-06T00:29:50.781+0000] {processor.py:186} INFO - Started process (PID=1785) to work on /opt/airflow/dags/src/data_processing.py
[2024-12-06T00:29:50.783+0000] {processor.py:914} INFO - Processing file /opt/airflow/dags/src/data_processing.py for tasks to queue
[2024-12-06T00:29:50.786+0000] {logging_mixin.py:190} INFO - [2024-12-06T00:29:50.786+0000] {dagbag.py:588} INFO - Filling up the DagBag from /opt/airflow/dags/src/data_processing.py
[2024-12-06T00:29:57.913+0000] {processor.py:927} WARNING - No viable dags retrieved from /opt/airflow/dags/src/data_processing.py
[2024-12-06T00:29:57.993+0000] {processor.py:208} INFO - Processing /opt/airflow/dags/src/data_processing.py took 7.250 seconds
[2024-12-06T00:30:47.718+0000] {processor.py:186} INFO - Started process (PID=1861) to work on /opt/airflow/dags/src/data_processing.py
[2024-12-06T00:30:47.749+0000] {processor.py:914} INFO - Processing file /opt/airflow/dags/src/data_processing.py for tasks to queue
[2024-12-06T00:30:47.768+0000] {logging_mixin.py:190} INFO - [2024-12-06T00:30:47.767+0000] {dagbag.py:588} INFO - Filling up the DagBag from /opt/airflow/dags/src/data_processing.py
[2024-12-06T00:30:56.498+0000] {processor.py:927} WARNING - No viable dags retrieved from /opt/airflow/dags/src/data_processing.py
[2024-12-06T00:30:56.711+0000] {processor.py:208} INFO - Processing /opt/airflow/dags/src/data_processing.py took 9.050 seconds
