[2024-12-06T00:24:19.792+0000] {processor.py:186} INFO - Started process (PID=1460) to work on /opt/airflow/dags/src/data_collection.py
[2024-12-06T00:24:19.805+0000] {processor.py:914} INFO - Processing file /opt/airflow/dags/src/data_collection.py for tasks to queue
[2024-12-06T00:24:19.839+0000] {logging_mixin.py:190} INFO - [2024-12-06T00:24:19.838+0000] {dagbag.py:588} INFO - Filling up the DagBag from /opt/airflow/dags/src/data_collection.py
[2024-12-06T00:24:21.301+0000] {processor.py:927} WARNING - No viable dags retrieved from /opt/airflow/dags/src/data_collection.py
[2024-12-06T00:24:21.505+0000] {processor.py:208} INFO - Processing /opt/airflow/dags/src/data_collection.py took 1.811 seconds
[2024-12-06T00:25:16.733+0000] {processor.py:186} INFO - Started process (PID=1508) to work on /opt/airflow/dags/src/data_collection.py
[2024-12-06T00:25:16.807+0000] {processor.py:914} INFO - Processing file /opt/airflow/dags/src/data_collection.py for tasks to queue
[2024-12-06T00:25:16.998+0000] {logging_mixin.py:190} INFO - [2024-12-06T00:25:16.997+0000] {dagbag.py:588} INFO - Filling up the DagBag from /opt/airflow/dags/src/data_collection.py
[2024-12-06T00:25:19.611+0000] {processor.py:927} WARNING - No viable dags retrieved from /opt/airflow/dags/src/data_collection.py
[2024-12-06T00:25:20.029+0000] {processor.py:208} INFO - Processing /opt/airflow/dags/src/data_collection.py took 3.342 seconds
[2024-12-06T00:26:36.029+0000] {processor.py:186} INFO - Started process (PID=1590) to work on /opt/airflow/dags/src/data_collection.py
[2024-12-06T00:26:36.063+0000] {processor.py:914} INFO - Processing file /opt/airflow/dags/src/data_collection.py for tasks to queue
[2024-12-06T00:26:36.097+0000] {logging_mixin.py:190} INFO - [2024-12-06T00:26:36.095+0000] {dagbag.py:588} INFO - Filling up the DagBag from /opt/airflow/dags/src/data_collection.py
[2024-12-06T00:26:36.622+0000] {processor.py:927} WARNING - No viable dags retrieved from /opt/airflow/dags/src/data_collection.py
[2024-12-06T00:26:36.741+0000] {processor.py:208} INFO - Processing /opt/airflow/dags/src/data_collection.py took 0.771 seconds
[2024-12-06T00:27:37.190+0000] {processor.py:186} INFO - Started process (PID=1644) to work on /opt/airflow/dags/src/data_collection.py
[2024-12-06T00:27:37.205+0000] {processor.py:914} INFO - Processing file /opt/airflow/dags/src/data_collection.py for tasks to queue
[2024-12-06T00:27:37.222+0000] {logging_mixin.py:190} INFO - [2024-12-06T00:27:37.221+0000] {dagbag.py:588} INFO - Filling up the DagBag from /opt/airflow/dags/src/data_collection.py
[2024-12-06T00:27:38.315+0000] {processor.py:927} WARNING - No viable dags retrieved from /opt/airflow/dags/src/data_collection.py
[2024-12-06T00:27:38.913+0000] {processor.py:208} INFO - Processing /opt/airflow/dags/src/data_collection.py took 1.791 seconds
[2024-12-06T00:28:55.773+0000] {processor.py:186} INFO - Started process (PID=1717) to work on /opt/airflow/dags/src/data_collection.py
[2024-12-06T00:28:55.790+0000] {processor.py:914} INFO - Processing file /opt/airflow/dags/src/data_collection.py for tasks to queue
[2024-12-06T00:28:55.794+0000] {logging_mixin.py:190} INFO - [2024-12-06T00:28:55.793+0000] {dagbag.py:588} INFO - Filling up the DagBag from /opt/airflow/dags/src/data_collection.py
[2024-12-06T00:28:56.090+0000] {processor.py:927} WARNING - No viable dags retrieved from /opt/airflow/dags/src/data_collection.py
[2024-12-06T00:28:56.188+0000] {processor.py:208} INFO - Processing /opt/airflow/dags/src/data_collection.py took 0.459 seconds
[2024-12-06T00:29:50.803+0000] {processor.py:186} INFO - Started process (PID=1786) to work on /opt/airflow/dags/src/data_collection.py
[2024-12-06T00:29:50.816+0000] {processor.py:914} INFO - Processing file /opt/airflow/dags/src/data_collection.py for tasks to queue
[2024-12-06T00:29:50.819+0000] {logging_mixin.py:190} INFO - [2024-12-06T00:29:50.818+0000] {dagbag.py:588} INFO - Filling up the DagBag from /opt/airflow/dags/src/data_collection.py
[2024-12-06T00:29:51.046+0000] {processor.py:927} WARNING - No viable dags retrieved from /opt/airflow/dags/src/data_collection.py
[2024-12-06T00:29:51.200+0000] {processor.py:208} INFO - Processing /opt/airflow/dags/src/data_collection.py took 0.422 seconds
[2024-12-06T00:30:48.233+0000] {processor.py:186} INFO - Started process (PID=1862) to work on /opt/airflow/dags/src/data_collection.py
[2024-12-06T00:30:48.249+0000] {processor.py:914} INFO - Processing file /opt/airflow/dags/src/data_collection.py for tasks to queue
[2024-12-06T00:30:48.281+0000] {logging_mixin.py:190} INFO - [2024-12-06T00:30:48.268+0000] {dagbag.py:588} INFO - Filling up the DagBag from /opt/airflow/dags/src/data_collection.py
[2024-12-06T00:30:49.103+0000] {processor.py:927} WARNING - No viable dags retrieved from /opt/airflow/dags/src/data_collection.py
[2024-12-06T00:30:49.384+0000] {processor.py:208} INFO - Processing /opt/airflow/dags/src/data_collection.py took 1.225 seconds
