[2024-12-06T00:25:10.621+0000] {local_task_job_runner.py:123} INFO - ::group::Pre task execution logs
[2024-12-06T00:25:11.332+0000] {taskinstance.py:2613} INFO - Dependencies all met for dep_context=non-requeueable deps ti=<TaskInstance: class_act_7_pipeline.collect_data scheduled__2024-10-15T16:00:00+00:00 [queued]>
[2024-12-06T00:25:11.933+0000] {taskinstance.py:2613} INFO - Dependencies all met for dep_context=requeueable deps ti=<TaskInstance: class_act_7_pipeline.collect_data scheduled__2024-10-15T16:00:00+00:00 [queued]>
[2024-12-06T00:25:12.032+0000] {taskinstance.py:2866} INFO - Starting attempt 1 of 4
[2024-12-06T00:25:12.969+0000] {taskinstance.py:2889} INFO - Executing <Task(PythonOperator): collect_data> on 2024-10-15 16:00:00+00:00
[2024-12-06T00:25:13.088+0000] {warnings.py:112} WARNING - /home/***/.local/lib/python3.12/site-packages/***/task/task_runner/standard_task_runner.py:70: DeprecationWarning: This process (pid=2075) is multi-threaded, use of fork() may lead to deadlocks in the child.
  pid = os.fork()

[2024-12-06T00:25:13.111+0000] {standard_task_runner.py:72} INFO - Started process 2233 to run task
[2024-12-06T00:25:13.123+0000] {standard_task_runner.py:104} INFO - Running: ['***', 'tasks', 'run', 'class_act_7_pipeline', 'collect_data', 'scheduled__2024-10-15T16:00:00+00:00', '--job-id', '261', '--raw', '--subdir', 'DAGS_FOLDER/***_pipeline.py', '--cfg-path', '/tmp/tmpvq27voaf']
[2024-12-06T00:25:13.176+0000] {standard_task_runner.py:105} INFO - Job 261: Subtask collect_data
[2024-12-06T00:25:14.787+0000] {task_command.py:467} INFO - Running <TaskInstance: class_act_7_pipeline.collect_data scheduled__2024-10-15T16:00:00+00:00 [running]> on host cff371549a6e
[2024-12-06T00:25:17.287+0000] {taskinstance.py:3132} INFO - Exporting env vars: AIRFLOW_CTX_DAG_EMAIL='abdulrahmanbutt7273@gmail.com' AIRFLOW_CTX_DAG_OWNER='***' AIRFLOW_CTX_DAG_ID='class_act_7_pipeline' AIRFLOW_CTX_TASK_ID='collect_data' AIRFLOW_CTX_EXECUTION_DATE='2024-10-15T16:00:00+00:00' AIRFLOW_CTX_TRY_NUMBER='1' AIRFLOW_CTX_DAG_RUN_ID='scheduled__2024-10-15T16:00:00+00:00'
[2024-12-06T00:25:17.612+0000] {logging_mixin.py:190} INFO - Task instance is in running state
[2024-12-06T00:25:17.681+0000] {logging_mixin.py:190} INFO -  Previous state of the Task instance: queued
[2024-12-06T00:25:17.820+0000] {logging_mixin.py:190} INFO - Current task name:collect_data state:running start_date:2024-12-06 00:25:11.443472+00:00
[2024-12-06T00:25:17.948+0000] {logging_mixin.py:190} INFO - Dag name:class_act_7_pipeline and current dag run status:running
[2024-12-06T00:25:18.021+0000] {taskinstance.py:731} INFO - ::endgroup::
[2024-12-06T00:25:20.994+0000] {python.py:240} INFO - Done. Returned value was: None
[2024-12-06T00:25:21.407+0000] {taskinstance.py:340} INFO - ::group::Post task execution logs
[2024-12-06T00:25:21.423+0000] {taskinstance.py:352} INFO - Marking task as SUCCESS. dag_id=class_act_7_pipeline, task_id=collect_data, run_id=scheduled__2024-10-15T16:00:00+00:00, execution_date=20241015T160000, start_date=20241206T002511, end_date=20241206T002521
[2024-12-06T00:25:22.175+0000] {logging_mixin.py:190} INFO - Task instance in success state
[2024-12-06T00:25:22.208+0000] {logging_mixin.py:190} INFO -  Previous state of the Task instance: running
[2024-12-06T00:25:22.240+0000] {logging_mixin.py:190} INFO - Dag name:class_act_7_pipeline queued_at:2024-12-05 00:23:53.949185+00:00
[2024-12-06T00:25:22.256+0000] {logging_mixin.py:190} INFO - Task hostname:cff371549a6e operator:PythonOperator
[2024-12-06T00:25:22.494+0000] {local_task_job_runner.py:266} INFO - Task exited with return code 0
[2024-12-06T00:25:22.821+0000] {taskinstance.py:3895} INFO - 1 downstream tasks scheduled from follow-on schedule check
[2024-12-06T00:25:22.869+0000] {local_task_job_runner.py:245} INFO - ::endgroup::
[2024-12-06T00:25:23.232+0000] {standard_task_runner.py:217} INFO - Process not found (most likely exited), stop collecting metrics
[2024-12-06T00:28:23.124+0000] {local_task_job_runner.py:123} INFO - ::group::Pre task execution logs
[2024-12-06T00:28:23.319+0000] {taskinstance.py:2603} INFO - Dependencies not met for <TaskInstance: class_act_7_pipeline.collect_data scheduled__2024-10-15T16:00:00+00:00 [success]>, dependency 'Task Instance State' FAILED: Task is in the 'success' state.
[2024-12-06T00:28:24.107+0000] {local_task_job_runner.py:166} INFO - Task is not able to be run
