[2024-12-06T00:24:59.978+0000] {local_task_job_runner.py:123} INFO - ::group::Pre task execution logs
[2024-12-06T00:25:00.821+0000] {taskinstance.py:2613} INFO - Dependencies all met for dep_context=non-requeueable deps ti=<TaskInstance: class_act_7_pipeline.collect_data scheduled__2024-10-15T15:00:00+00:00 [queued]>
[2024-12-06T00:25:01.215+0000] {taskinstance.py:2613} INFO - Dependencies all met for dep_context=requeueable deps ti=<TaskInstance: class_act_7_pipeline.collect_data scheduled__2024-10-15T15:00:00+00:00 [queued]>
[2024-12-06T00:25:01.238+0000] {taskinstance.py:2866} INFO - Starting attempt 1 of 4
[2024-12-06T00:25:02.226+0000] {taskinstance.py:2889} INFO - Executing <Task(PythonOperator): collect_data> on 2024-10-15 15:00:00+00:00
[2024-12-06T00:25:03.209+0000] {standard_task_runner.py:104} INFO - Running: ['***', 'tasks', 'run', 'class_act_7_pipeline', 'collect_data', 'scheduled__2024-10-15T15:00:00+00:00', '--job-id', '260', '--raw', '--subdir', 'DAGS_FOLDER/***_pipeline.py', '--cfg-path', '/tmp/tmpmemo7abm']
[2024-12-06T00:25:03.264+0000] {standard_task_runner.py:105} INFO - Job 260: Subtask collect_data
[2024-12-06T00:25:03.361+0000] {warnings.py:112} WARNING - /home/***/.local/lib/python3.12/site-packages/***/task/task_runner/standard_task_runner.py:70: DeprecationWarning: This process (pid=2073) is multi-threaded, use of fork() may lead to deadlocks in the child.
  pid = os.fork()

[2024-12-06T00:25:03.424+0000] {standard_task_runner.py:72} INFO - Started process 2227 to run task
[2024-12-06T00:25:06.913+0000] {task_command.py:467} INFO - Running <TaskInstance: class_act_7_pipeline.collect_data scheduled__2024-10-15T15:00:00+00:00 [running]> on host cff371549a6e
[2024-12-06T00:25:09.271+0000] {job.py:229} INFO - Heartbeat recovered after 11.06 seconds
[2024-12-06T00:25:09.666+0000] {taskinstance.py:3132} INFO - Exporting env vars: AIRFLOW_CTX_DAG_EMAIL='abdulrahmanbutt7273@gmail.com' AIRFLOW_CTX_DAG_OWNER='***' AIRFLOW_CTX_DAG_ID='class_act_7_pipeline' AIRFLOW_CTX_TASK_ID='collect_data' AIRFLOW_CTX_EXECUTION_DATE='2024-10-15T15:00:00+00:00' AIRFLOW_CTX_TRY_NUMBER='1' AIRFLOW_CTX_DAG_RUN_ID='scheduled__2024-10-15T15:00:00+00:00'
[2024-12-06T00:25:09.727+0000] {logging_mixin.py:190} INFO - Task instance is in running state
[2024-12-06T00:25:10.061+0000] {logging_mixin.py:190} INFO -  Previous state of the Task instance: queued
[2024-12-06T00:25:10.174+0000] {logging_mixin.py:190} INFO - Current task name:collect_data state:running start_date:2024-12-06 00:25:00.871957+00:00
[2024-12-06T00:25:10.252+0000] {logging_mixin.py:190} INFO - Dag name:class_act_7_pipeline and current dag run status:running
[2024-12-06T00:25:10.317+0000] {taskinstance.py:731} INFO - ::endgroup::
[2024-12-06T00:25:13.067+0000] {python.py:240} INFO - Done. Returned value was: None
[2024-12-06T00:25:13.378+0000] {taskinstance.py:340} INFO - ::group::Post task execution logs
[2024-12-06T00:25:13.386+0000] {taskinstance.py:352} INFO - Marking task as SUCCESS. dag_id=class_act_7_pipeline, task_id=collect_data, run_id=scheduled__2024-10-15T15:00:00+00:00, execution_date=20241015T150000, start_date=20241206T002500, end_date=20241206T002513
[2024-12-06T00:25:15.715+0000] {logging_mixin.py:190} INFO - Task instance in success state
[2024-12-06T00:25:15.763+0000] {logging_mixin.py:190} INFO -  Previous state of the Task instance: running
[2024-12-06T00:25:15.767+0000] {logging_mixin.py:190} INFO - Dag name:class_act_7_pipeline queued_at:2024-12-05 00:23:51.414456+00:00
[2024-12-06T00:25:15.826+0000] {logging_mixin.py:190} INFO - Task hostname:cff371549a6e operator:PythonOperator
[2024-12-06T00:25:16.439+0000] {local_task_job_runner.py:266} INFO - Task exited with return code 0
[2024-12-06T00:25:16.652+0000] {local_task_job_runner.py:245} INFO - ::endgroup::
[2024-12-06T00:26:06.623+0000] {local_task_job_runner.py:123} INFO - ::group::Pre task execution logs
[2024-12-06T00:26:07.079+0000] {taskinstance.py:2603} INFO - Dependencies not met for <TaskInstance: class_act_7_pipeline.collect_data scheduled__2024-10-15T15:00:00+00:00 [success]>, dependency 'Task Instance State' FAILED: Task is in the 'success' state.
[2024-12-06T00:26:07.638+0000] {local_task_job_runner.py:166} INFO - Task is not able to be run
