[2024-12-05T00:10:46.766+0000] {local_task_job_runner.py:123} INFO - ::group::Pre task execution logs
[2024-12-05T00:10:47.271+0000] {taskinstance.py:2613} INFO - Dependencies all met for dep_context=non-requeueable deps ti=<TaskInstance: class_act_7_pipeline.preprocess_data scheduled__2024-10-11T16:00:00+00:00 [queued]>
[2024-12-05T00:10:47.577+0000] {taskinstance.py:2613} INFO - Dependencies all met for dep_context=requeueable deps ti=<TaskInstance: class_act_7_pipeline.preprocess_data scheduled__2024-10-11T16:00:00+00:00 [queued]>
[2024-12-05T00:10:47.595+0000] {taskinstance.py:2866} INFO - Starting attempt 2 of 4
[2024-12-05T00:10:48.108+0000] {taskinstance.py:2889} INFO - Executing <Task(PythonOperator): preprocess_data> on 2024-10-11 16:00:00+00:00
[2024-12-05T00:10:48.262+0000] {warnings.py:112} WARNING - /home/***/.local/lib/python3.12/site-packages/***/task/task_runner/standard_task_runner.py:70: DeprecationWarning: This process (pid=168) is multi-threaded, use of fork() may lead to deadlocks in the child.
  pid = os.fork()

[2024-12-05T00:10:48.270+0000] {standard_task_runner.py:72} INFO - Started process 334 to run task
[2024-12-05T00:10:48.407+0000] {standard_task_runner.py:104} INFO - Running: ['***', 'tasks', 'run', 'class_act_7_pipeline', 'preprocess_data', 'scheduled__2024-10-11T16:00:00+00:00', '--job-id', '104', '--raw', '--subdir', 'DAGS_FOLDER/***_pipeline.py', '--cfg-path', '/tmp/tmpmqq2_pmp']
[2024-12-05T00:10:48.428+0000] {standard_task_runner.py:105} INFO - Job 104: Subtask preprocess_data
[2024-12-05T00:10:49.291+0000] {task_command.py:467} INFO - Running <TaskInstance: class_act_7_pipeline.preprocess_data scheduled__2024-10-11T16:00:00+00:00 [running]> on host cff371549a6e
[2024-12-05T00:10:50.376+0000] {taskinstance.py:3132} INFO - Exporting env vars: AIRFLOW_CTX_DAG_EMAIL='abdulrahmanbutt7273@gmail.com' AIRFLOW_CTX_DAG_OWNER='***' AIRFLOW_CTX_DAG_ID='class_act_7_pipeline' AIRFLOW_CTX_TASK_ID='preprocess_data' AIRFLOW_CTX_EXECUTION_DATE='2024-10-11T16:00:00+00:00' AIRFLOW_CTX_TRY_NUMBER='2' AIRFLOW_CTX_DAG_RUN_ID='scheduled__2024-10-11T16:00:00+00:00'
[2024-12-05T00:10:50.498+0000] {logging_mixin.py:190} INFO - Task instance is in running state
[2024-12-05T00:10:50.530+0000] {logging_mixin.py:190} INFO -  Previous state of the Task instance: queued
[2024-12-05T00:10:50.551+0000] {logging_mixin.py:190} INFO - Current task name:preprocess_data state:running start_date:2024-12-05 00:10:47.289628+00:00
[2024-12-05T00:10:50.555+0000] {logging_mixin.py:190} INFO - Dag name:class_act_7_pipeline and current dag run status:running
[2024-12-05T00:10:50.615+0000] {taskinstance.py:731} INFO - ::endgroup::
[2024-12-05T00:10:50.690+0000] {python.py:240} INFO - Done. Returned value was: None
[2024-12-05T00:10:50.753+0000] {taskinstance.py:340} INFO - ::group::Post task execution logs
[2024-12-05T00:10:50.761+0000] {taskinstance.py:352} INFO - Marking task as SUCCESS. dag_id=class_act_7_pipeline, task_id=preprocess_data, run_id=scheduled__2024-10-11T16:00:00+00:00, execution_date=20241011T160000, start_date=20241205T001047, end_date=20241205T001050
[2024-12-05T00:10:50.887+0000] {logging_mixin.py:190} INFO - Task instance in success state
[2024-12-05T00:10:50.900+0000] {logging_mixin.py:190} INFO -  Previous state of the Task instance: running
[2024-12-05T00:10:50.904+0000] {logging_mixin.py:190} INFO - Dag name:class_act_7_pipeline queued_at:2024-11-26 15:12:24.750785+00:00
[2024-12-05T00:10:50.909+0000] {logging_mixin.py:190} INFO - Task hostname:cff371549a6e operator:PythonOperator
[2024-12-05T00:10:51.066+0000] {local_task_job_runner.py:266} INFO - Task exited with return code 0
[2024-12-05T00:10:51.292+0000] {local_task_job_runner.py:245} INFO - ::endgroup::
