[2024-12-06T00:30:04.721+0000] {local_task_job_runner.py:123} INFO - ::group::Pre task execution logs
[2024-12-06T00:30:05.018+0000] {taskinstance.py:2613} INFO - Dependencies all met for dep_context=non-requeueable deps ti=<TaskInstance: class_act_7_pipeline.collect_data scheduled__2024-10-16T13:00:00+00:00 [queued]>
[2024-12-06T00:30:05.358+0000] {taskinstance.py:2613} INFO - Dependencies all met for dep_context=requeueable deps ti=<TaskInstance: class_act_7_pipeline.collect_data scheduled__2024-10-16T13:00:00+00:00 [queued]>
[2024-12-06T00:30:05.428+0000] {taskinstance.py:2866} INFO - Starting attempt 1 of 4
[2024-12-06T00:30:06.343+0000] {taskinstance.py:2889} INFO - Executing <Task(PythonOperator): collect_data> on 2024-10-16 13:00:00+00:00
[2024-12-06T00:30:06.457+0000] {warnings.py:112} WARNING - /home/***/.local/lib/python3.12/site-packages/***/task/task_runner/standard_task_runner.py:70: DeprecationWarning: This process (pid=2599) is multi-threaded, use of fork() may lead to deadlocks in the child.
  pid = os.fork()

[2024-12-06T00:30:06.491+0000] {standard_task_runner.py:72} INFO - Started process 2687 to run task
[2024-12-06T00:30:06.487+0000] {standard_task_runner.py:104} INFO - Running: ['***', 'tasks', 'run', 'class_act_7_pipeline', 'collect_data', 'scheduled__2024-10-16T13:00:00+00:00', '--job-id', '305', '--raw', '--subdir', 'DAGS_FOLDER/***_pipeline.py', '--cfg-path', '/tmp/tmpc9dsoqjo']
[2024-12-06T00:30:06.530+0000] {standard_task_runner.py:105} INFO - Job 305: Subtask collect_data
[2024-12-06T00:30:07.108+0000] {task_command.py:467} INFO - Running <TaskInstance: class_act_7_pipeline.collect_data scheduled__2024-10-16T13:00:00+00:00 [running]> on host cff371549a6e
[2024-12-06T00:30:09.361+0000] {taskinstance.py:3132} INFO - Exporting env vars: AIRFLOW_CTX_DAG_EMAIL='abdulrahmanbutt7273@gmail.com' AIRFLOW_CTX_DAG_OWNER='***' AIRFLOW_CTX_DAG_ID='class_act_7_pipeline' AIRFLOW_CTX_TASK_ID='collect_data' AIRFLOW_CTX_EXECUTION_DATE='2024-10-16T13:00:00+00:00' AIRFLOW_CTX_TRY_NUMBER='1' AIRFLOW_CTX_DAG_RUN_ID='scheduled__2024-10-16T13:00:00+00:00'
[2024-12-06T00:30:09.410+0000] {logging_mixin.py:190} INFO - Task instance is in running state
[2024-12-06T00:30:09.425+0000] {logging_mixin.py:190} INFO -  Previous state of the Task instance: queued
[2024-12-06T00:30:09.444+0000] {logging_mixin.py:190} INFO - Current task name:collect_data state:running start_date:2024-12-06 00:30:05.126301+00:00
[2024-12-06T00:30:09.477+0000] {logging_mixin.py:190} INFO - Dag name:class_act_7_pipeline and current dag run status:running
[2024-12-06T00:30:09.483+0000] {taskinstance.py:731} INFO - ::endgroup::
[2024-12-06T00:30:11.263+0000] {python.py:240} INFO - Done. Returned value was: None
[2024-12-06T00:30:11.545+0000] {taskinstance.py:340} INFO - ::group::Post task execution logs
[2024-12-06T00:30:11.591+0000] {taskinstance.py:352} INFO - Marking task as SUCCESS. dag_id=class_act_7_pipeline, task_id=collect_data, run_id=scheduled__2024-10-16T13:00:00+00:00, execution_date=20241016T130000, start_date=20241206T003005, end_date=20241206T003011
[2024-12-06T00:30:12.487+0000] {logging_mixin.py:190} INFO - Task instance in success state
[2024-12-06T00:30:12.516+0000] {logging_mixin.py:190} INFO -  Previous state of the Task instance: running
[2024-12-06T00:30:12.548+0000] {logging_mixin.py:190} INFO - Dag name:class_act_7_pipeline queued_at:2024-12-06 00:29:23.706222+00:00
[2024-12-06T00:30:12.565+0000] {logging_mixin.py:190} INFO - Task hostname:cff371549a6e operator:PythonOperator
[2024-12-06T00:30:12.833+0000] {local_task_job_runner.py:266} INFO - Task exited with return code 0
[2024-12-06T00:30:13.705+0000] {taskinstance.py:3895} INFO - 1 downstream tasks scheduled from follow-on schedule check
[2024-12-06T00:30:13.835+0000] {local_task_job_runner.py:245} INFO - ::endgroup::
