[2024-12-04T23:58:14.881+0000] {processor.py:186} INFO - Started process (PID=158) to work on /home/airflow/.local/lib/python3.12/site-packages/airflow/example_dags/example_branch_python_dop_operator_3.py
[2024-12-04T23:58:14.888+0000] {processor.py:914} INFO - Processing file /home/airflow/.local/lib/python3.12/site-packages/airflow/example_dags/example_branch_python_dop_operator_3.py for tasks to queue
[2024-12-04T23:58:14.897+0000] {logging_mixin.py:190} INFO - [2024-12-04T23:58:14.896+0000] {dagbag.py:588} INFO - Filling up the DagBag from /home/airflow/.local/lib/python3.12/site-packages/airflow/example_dags/example_branch_python_dop_operator_3.py
[2024-12-04T23:58:15.037+0000] {processor.py:925} INFO - DAG(s) 'example_branch_dop_operator_v3' retrieved from /home/airflow/.local/lib/python3.12/site-packages/airflow/example_dags/example_branch_python_dop_operator_3.py
[2024-12-04T23:58:15.282+0000] {logging_mixin.py:190} INFO - [2024-12-04T23:58:15.281+0000] {dag.py:3239} INFO - Sync 1 DAGs
[2024-12-04T23:58:15.585+0000] {logging_mixin.py:190} INFO - [2024-12-04T23:58:15.585+0000] {dag.py:4180} INFO - Setting next_dagrun for example_branch_dop_operator_v3 to 2024-12-04 23:57:00+00:00, run_after=2024-12-04 23:58:00+00:00
[2024-12-04T23:58:15.842+0000] {processor.py:208} INFO - Processing /home/airflow/.local/lib/python3.12/site-packages/airflow/example_dags/example_branch_python_dop_operator_3.py took 0.998 seconds
[2024-12-04T23:58:57.641+0000] {processor.py:186} INFO - Started process (PID=228) to work on /home/airflow/.local/lib/python3.12/site-packages/airflow/example_dags/example_branch_python_dop_operator_3.py
[2024-12-04T23:58:57.643+0000] {processor.py:914} INFO - Processing file /home/airflow/.local/lib/python3.12/site-packages/airflow/example_dags/example_branch_python_dop_operator_3.py for tasks to queue
[2024-12-04T23:58:57.645+0000] {logging_mixin.py:190} INFO - [2024-12-04T23:58:57.645+0000] {dagbag.py:588} INFO - Filling up the DagBag from /home/airflow/.local/lib/python3.12/site-packages/airflow/example_dags/example_branch_python_dop_operator_3.py
[2024-12-04T23:58:57.668+0000] {processor.py:925} INFO - DAG(s) 'example_branch_dop_operator_v3' retrieved from /home/airflow/.local/lib/python3.12/site-packages/airflow/example_dags/example_branch_python_dop_operator_3.py
[2024-12-04T23:58:57.712+0000] {logging_mixin.py:190} INFO - [2024-12-04T23:58:57.711+0000] {dag.py:3239} INFO - Sync 1 DAGs
[2024-12-04T23:58:57.820+0000] {logging_mixin.py:190} INFO - [2024-12-04T23:58:57.819+0000] {dag.py:4180} INFO - Setting next_dagrun for example_branch_dop_operator_v3 to 2024-12-04 23:57:00+00:00, run_after=2024-12-04 23:58:00+00:00
[2024-12-04T23:58:57.981+0000] {processor.py:208} INFO - Processing /home/airflow/.local/lib/python3.12/site-packages/airflow/example_dags/example_branch_python_dop_operator_3.py took 0.352 seconds
[2024-12-04T23:59:32.932+0000] {processor.py:186} INFO - Started process (PID=291) to work on /home/airflow/.local/lib/python3.12/site-packages/airflow/example_dags/example_branch_python_dop_operator_3.py
[2024-12-04T23:59:32.934+0000] {processor.py:914} INFO - Processing file /home/airflow/.local/lib/python3.12/site-packages/airflow/example_dags/example_branch_python_dop_operator_3.py for tasks to queue
[2024-12-04T23:59:32.937+0000] {logging_mixin.py:190} INFO - [2024-12-04T23:59:32.937+0000] {dagbag.py:588} INFO - Filling up the DagBag from /home/airflow/.local/lib/python3.12/site-packages/airflow/example_dags/example_branch_python_dop_operator_3.py
[2024-12-04T23:59:33.030+0000] {processor.py:925} INFO - DAG(s) 'example_branch_dop_operator_v3' retrieved from /home/airflow/.local/lib/python3.12/site-packages/airflow/example_dags/example_branch_python_dop_operator_3.py
[2024-12-04T23:59:33.272+0000] {logging_mixin.py:190} INFO - [2024-12-04T23:59:33.271+0000] {dag.py:3239} INFO - Sync 1 DAGs
[2024-12-04T23:59:33.488+0000] {logging_mixin.py:190} INFO - [2024-12-04T23:59:33.487+0000] {dag.py:4180} INFO - Setting next_dagrun for example_branch_dop_operator_v3 to 2024-12-04 23:58:00+00:00, run_after=2024-12-04 23:59:00+00:00
[2024-12-04T23:59:33.581+0000] {processor.py:208} INFO - Processing /home/airflow/.local/lib/python3.12/site-packages/airflow/example_dags/example_branch_python_dop_operator_3.py took 0.680 seconds
