[2024-12-04T23:57:49.842+0000] {processor.py:186} INFO - Started process (PID=132) to work on /home/airflow/.local/lib/python3.12/site-packages/airflow/example_dags/example_skip_dag.py
[2024-12-04T23:57:49.860+0000] {processor.py:914} INFO - Processing file /home/airflow/.local/lib/python3.12/site-packages/airflow/example_dags/example_skip_dag.py for tasks to queue
[2024-12-04T23:57:49.898+0000] {logging_mixin.py:190} INFO - [2024-12-04T23:57:49.890+0000] {dagbag.py:588} INFO - Filling up the DagBag from /home/airflow/.local/lib/python3.12/site-packages/airflow/example_dags/example_skip_dag.py
[2024-12-04T23:57:49.956+0000] {processor.py:925} INFO - DAG(s) 'example_skip_dag' retrieved from /home/airflow/.local/lib/python3.12/site-packages/airflow/example_dags/example_skip_dag.py
[2024-12-04T23:57:50.145+0000] {logging_mixin.py:190} INFO - [2024-12-04T23:57:50.144+0000] {dag.py:3239} INFO - Sync 1 DAGs
[2024-12-04T23:57:50.609+0000] {logging_mixin.py:190} INFO - [2024-12-04T23:57:50.608+0000] {dag.py:4180} INFO - Setting next_dagrun for example_skip_dag to 2024-12-03 00:00:00+00:00, run_after=2024-12-04 00:00:00+00:00
[2024-12-04T23:57:50.963+0000] {processor.py:208} INFO - Processing /home/airflow/.local/lib/python3.12/site-packages/airflow/example_dags/example_skip_dag.py took 1.145 seconds
[2024-12-04T23:58:49.795+0000] {processor.py:186} INFO - Started process (PID=202) to work on /home/airflow/.local/lib/python3.12/site-packages/airflow/example_dags/example_skip_dag.py
[2024-12-04T23:58:49.806+0000] {processor.py:914} INFO - Processing file /home/airflow/.local/lib/python3.12/site-packages/airflow/example_dags/example_skip_dag.py for tasks to queue
[2024-12-04T23:58:49.821+0000] {logging_mixin.py:190} INFO - [2024-12-04T23:58:49.817+0000] {dagbag.py:588} INFO - Filling up the DagBag from /home/airflow/.local/lib/python3.12/site-packages/airflow/example_dags/example_skip_dag.py
[2024-12-04T23:58:49.887+0000] {processor.py:925} INFO - DAG(s) 'example_skip_dag' retrieved from /home/airflow/.local/lib/python3.12/site-packages/airflow/example_dags/example_skip_dag.py
[2024-12-04T23:58:50.024+0000] {logging_mixin.py:190} INFO - [2024-12-04T23:58:50.023+0000] {dag.py:3239} INFO - Sync 1 DAGs
[2024-12-04T23:58:50.146+0000] {logging_mixin.py:190} INFO - [2024-12-04T23:58:50.145+0000] {dag.py:4180} INFO - Setting next_dagrun for example_skip_dag to 2024-12-03 00:00:00+00:00, run_after=2024-12-04 00:00:00+00:00
[2024-12-04T23:58:50.207+0000] {processor.py:208} INFO - Processing /home/airflow/.local/lib/python3.12/site-packages/airflow/example_dags/example_skip_dag.py took 0.449 seconds
[2024-12-04T23:59:22.054+0000] {processor.py:186} INFO - Started process (PID=266) to work on /home/airflow/.local/lib/python3.12/site-packages/airflow/example_dags/example_skip_dag.py
[2024-12-04T23:59:22.056+0000] {processor.py:914} INFO - Processing file /home/airflow/.local/lib/python3.12/site-packages/airflow/example_dags/example_skip_dag.py for tasks to queue
[2024-12-04T23:59:22.060+0000] {logging_mixin.py:190} INFO - [2024-12-04T23:59:22.059+0000] {dagbag.py:588} INFO - Filling up the DagBag from /home/airflow/.local/lib/python3.12/site-packages/airflow/example_dags/example_skip_dag.py
[2024-12-04T23:59:22.094+0000] {processor.py:925} INFO - DAG(s) 'example_skip_dag' retrieved from /home/airflow/.local/lib/python3.12/site-packages/airflow/example_dags/example_skip_dag.py
[2024-12-04T23:59:22.166+0000] {logging_mixin.py:190} INFO - [2024-12-04T23:59:22.165+0000] {dag.py:3239} INFO - Sync 1 DAGs
[2024-12-04T23:59:22.251+0000] {logging_mixin.py:190} INFO - [2024-12-04T23:59:22.250+0000] {dag.py:4180} INFO - Setting next_dagrun for example_skip_dag to 2024-12-03 00:00:00+00:00, run_after=2024-12-04 00:00:00+00:00
[2024-12-04T23:59:22.339+0000] {processor.py:208} INFO - Processing /home/airflow/.local/lib/python3.12/site-packages/airflow/example_dags/example_skip_dag.py took 0.301 seconds
[2024-12-04T23:59:58.537+0000] {processor.py:186} INFO - Started process (PID=336) to work on /home/airflow/.local/lib/python3.12/site-packages/airflow/example_dags/example_skip_dag.py
[2024-12-04T23:59:58.540+0000] {processor.py:914} INFO - Processing file /home/airflow/.local/lib/python3.12/site-packages/airflow/example_dags/example_skip_dag.py for tasks to queue
[2024-12-04T23:59:58.573+0000] {logging_mixin.py:190} INFO - [2024-12-04T23:59:58.572+0000] {dagbag.py:588} INFO - Filling up the DagBag from /home/airflow/.local/lib/python3.12/site-packages/airflow/example_dags/example_skip_dag.py
[2024-12-04T23:59:58.634+0000] {processor.py:925} INFO - DAG(s) 'example_skip_dag' retrieved from /home/airflow/.local/lib/python3.12/site-packages/airflow/example_dags/example_skip_dag.py
[2024-12-04T23:59:58.811+0000] {logging_mixin.py:190} INFO - [2024-12-04T23:59:58.810+0000] {dag.py:3239} INFO - Sync 1 DAGs
[2024-12-04T23:59:59.116+0000] {logging_mixin.py:190} INFO - [2024-12-04T23:59:59.115+0000] {dag.py:4180} INFO - Setting next_dagrun for example_skip_dag to 2024-12-03 00:00:00+00:00, run_after=2024-12-04 00:00:00+00:00
[2024-12-04T23:59:59.366+0000] {processor.py:208} INFO - Processing /home/airflow/.local/lib/python3.12/site-packages/airflow/example_dags/example_skip_dag.py took 0.851 seconds
