[2024-12-04T23:57:18.245+0000] {processor.py:186} INFO - Started process (PID=99) to work on /home/airflow/.local/lib/python3.12/site-packages/airflow/example_dags/example_complex.py
[2024-12-04T23:57:18.275+0000] {processor.py:914} INFO - Processing file /home/airflow/.local/lib/python3.12/site-packages/airflow/example_dags/example_complex.py for tasks to queue
[2024-12-04T23:57:18.308+0000] {logging_mixin.py:190} INFO - [2024-12-04T23:57:18.307+0000] {dagbag.py:588} INFO - Filling up the DagBag from /home/airflow/.local/lib/python3.12/site-packages/airflow/example_dags/example_complex.py
[2024-12-04T23:57:18.736+0000] {processor.py:925} INFO - DAG(s) 'example_complex' retrieved from /home/airflow/.local/lib/python3.12/site-packages/airflow/example_dags/example_complex.py
[2024-12-04T23:57:19.136+0000] {logging_mixin.py:190} INFO - [2024-12-04T23:57:19.135+0000] {dag.py:3239} INFO - Sync 1 DAGs
[2024-12-04T23:57:19.232+0000] {logging_mixin.py:190} INFO - [2024-12-04T23:57:19.231+0000] {dag.py:4180} INFO - Setting next_dagrun for example_complex to None, run_after=None
[2024-12-04T23:57:19.377+0000] {processor.py:208} INFO - Processing /home/airflow/.local/lib/python3.12/site-packages/airflow/example_dags/example_complex.py took 1.292 seconds
[2024-12-04T23:58:37.111+0000] {processor.py:186} INFO - Started process (PID=192) to work on /home/airflow/.local/lib/python3.12/site-packages/airflow/example_dags/example_complex.py
[2024-12-04T23:58:37.118+0000] {processor.py:914} INFO - Processing file /home/airflow/.local/lib/python3.12/site-packages/airflow/example_dags/example_complex.py for tasks to queue
[2024-12-04T23:58:37.129+0000] {logging_mixin.py:190} INFO - [2024-12-04T23:58:37.128+0000] {dagbag.py:588} INFO - Filling up the DagBag from /home/airflow/.local/lib/python3.12/site-packages/airflow/example_dags/example_complex.py
[2024-12-04T23:58:37.317+0000] {processor.py:925} INFO - DAG(s) 'example_complex' retrieved from /home/airflow/.local/lib/python3.12/site-packages/airflow/example_dags/example_complex.py
[2024-12-04T23:58:37.715+0000] {logging_mixin.py:190} INFO - [2024-12-04T23:58:37.714+0000] {dag.py:3239} INFO - Sync 1 DAGs
[2024-12-04T23:58:37.897+0000] {logging_mixin.py:190} INFO - [2024-12-04T23:58:37.896+0000] {dag.py:4180} INFO - Setting next_dagrun for example_complex to None, run_after=None
[2024-12-04T23:58:38.135+0000] {processor.py:208} INFO - Processing /home/airflow/.local/lib/python3.12/site-packages/airflow/example_dags/example_complex.py took 1.116 seconds
[2024-12-04T23:59:08.888+0000] {processor.py:186} INFO - Started process (PID=256) to work on /home/airflow/.local/lib/python3.12/site-packages/airflow/example_dags/example_complex.py
[2024-12-04T23:59:08.893+0000] {processor.py:914} INFO - Processing file /home/airflow/.local/lib/python3.12/site-packages/airflow/example_dags/example_complex.py for tasks to queue
[2024-12-04T23:59:08.907+0000] {logging_mixin.py:190} INFO - [2024-12-04T23:59:08.906+0000] {dagbag.py:588} INFO - Filling up the DagBag from /home/airflow/.local/lib/python3.12/site-packages/airflow/example_dags/example_complex.py
[2024-12-04T23:59:08.994+0000] {processor.py:925} INFO - DAG(s) 'example_complex' retrieved from /home/airflow/.local/lib/python3.12/site-packages/airflow/example_dags/example_complex.py
[2024-12-04T23:59:09.124+0000] {logging_mixin.py:190} INFO - [2024-12-04T23:59:09.123+0000] {dag.py:3239} INFO - Sync 1 DAGs
[2024-12-04T23:59:09.166+0000] {logging_mixin.py:190} INFO - [2024-12-04T23:59:09.165+0000] {dag.py:4180} INFO - Setting next_dagrun for example_complex to None, run_after=None
[2024-12-04T23:59:09.235+0000] {processor.py:208} INFO - Processing /home/airflow/.local/lib/python3.12/site-packages/airflow/example_dags/example_complex.py took 0.369 seconds
[2024-12-04T23:59:41.860+0000] {processor.py:186} INFO - Started process (PID=317) to work on /home/airflow/.local/lib/python3.12/site-packages/airflow/example_dags/example_complex.py
[2024-12-04T23:59:41.862+0000] {processor.py:914} INFO - Processing file /home/airflow/.local/lib/python3.12/site-packages/airflow/example_dags/example_complex.py for tasks to queue
[2024-12-04T23:59:41.875+0000] {logging_mixin.py:190} INFO - [2024-12-04T23:59:41.874+0000] {dagbag.py:588} INFO - Filling up the DagBag from /home/airflow/.local/lib/python3.12/site-packages/airflow/example_dags/example_complex.py
[2024-12-04T23:59:41.934+0000] {processor.py:925} INFO - DAG(s) 'example_complex' retrieved from /home/airflow/.local/lib/python3.12/site-packages/airflow/example_dags/example_complex.py
[2024-12-04T23:59:42.098+0000] {logging_mixin.py:190} INFO - [2024-12-04T23:59:42.098+0000] {dag.py:3239} INFO - Sync 1 DAGs
[2024-12-04T23:59:42.159+0000] {logging_mixin.py:190} INFO - [2024-12-04T23:59:42.158+0000] {dag.py:4180} INFO - Setting next_dagrun for example_complex to None, run_after=None
[2024-12-04T23:59:42.231+0000] {processor.py:208} INFO - Processing /home/airflow/.local/lib/python3.12/site-packages/airflow/example_dags/example_complex.py took 0.393 seconds
