[2024-12-04T23:57:51.789+0000] {processor.py:186} INFO - Started process (PID=133) to work on /home/airflow/.local/lib/python3.12/site-packages/airflow/example_dags/example_inlet_event_extra.py
[2024-12-04T23:57:51.805+0000] {processor.py:914} INFO - Processing file /home/airflow/.local/lib/python3.12/site-packages/airflow/example_dags/example_inlet_event_extra.py for tasks to queue
[2024-12-04T23:57:51.895+0000] {logging_mixin.py:190} INFO - [2024-12-04T23:57:51.882+0000] {dagbag.py:588} INFO - Filling up the DagBag from /home/airflow/.local/lib/python3.12/site-packages/airflow/example_dags/example_inlet_event_extra.py
[2024-12-04T23:58:00.001+0000] {processor.py:925} INFO - DAG(s) 'read_dataset_event', 'read_dataset_event_from_classic' retrieved from /home/airflow/.local/lib/python3.12/site-packages/airflow/example_dags/example_inlet_event_extra.py
[2024-12-04T23:58:00.362+0000] {logging_mixin.py:190} INFO - [2024-12-04T23:58:00.359+0000] {dag.py:3239} INFO - Sync 2 DAGs
[2024-12-04T23:58:00.482+0000] {logging_mixin.py:190} INFO - [2024-12-04T23:58:00.481+0000] {dag.py:4180} INFO - Setting next_dagrun for read_dataset_event to 2024-12-03 00:00:00+00:00, run_after=2024-12-04 00:00:00+00:00
[2024-12-04T23:58:00.508+0000] {logging_mixin.py:190} INFO - [2024-12-04T23:58:00.508+0000] {dag.py:4180} INFO - Setting next_dagrun for read_dataset_event_from_classic to 2024-12-03 00:00:00+00:00, run_after=2024-12-04 00:00:00+00:00
[2024-12-04T23:58:00.662+0000] {processor.py:208} INFO - Processing /home/airflow/.local/lib/python3.12/site-packages/airflow/example_dags/example_inlet_event_extra.py took 8.928 seconds
[2024-12-04T23:58:49.877+0000] {processor.py:186} INFO - Started process (PID=203) to work on /home/airflow/.local/lib/python3.12/site-packages/airflow/example_dags/example_inlet_event_extra.py
[2024-12-04T23:58:49.890+0000] {processor.py:914} INFO - Processing file /home/airflow/.local/lib/python3.12/site-packages/airflow/example_dags/example_inlet_event_extra.py for tasks to queue
[2024-12-04T23:58:49.901+0000] {logging_mixin.py:190} INFO - [2024-12-04T23:58:49.900+0000] {dagbag.py:588} INFO - Filling up the DagBag from /home/airflow/.local/lib/python3.12/site-packages/airflow/example_dags/example_inlet_event_extra.py
[2024-12-04T23:58:52.132+0000] {processor.py:925} INFO - DAG(s) 'read_dataset_event_from_classic', 'read_dataset_event' retrieved from /home/airflow/.local/lib/python3.12/site-packages/airflow/example_dags/example_inlet_event_extra.py
[2024-12-04T23:58:52.201+0000] {logging_mixin.py:190} INFO - [2024-12-04T23:58:52.199+0000] {dag.py:3239} INFO - Sync 2 DAGs
[2024-12-04T23:58:52.295+0000] {logging_mixin.py:190} INFO - [2024-12-04T23:58:52.294+0000] {dag.py:4180} INFO - Setting next_dagrun for read_dataset_event to 2024-12-03 00:00:00+00:00, run_after=2024-12-04 00:00:00+00:00
[2024-12-04T23:58:52.316+0000] {logging_mixin.py:190} INFO - [2024-12-04T23:58:52.316+0000] {dag.py:4180} INFO - Setting next_dagrun for read_dataset_event_from_classic to 2024-12-03 00:00:00+00:00, run_after=2024-12-04 00:00:00+00:00
[2024-12-04T23:58:52.364+0000] {processor.py:208} INFO - Processing /home/airflow/.local/lib/python3.12/site-packages/airflow/example_dags/example_inlet_event_extra.py took 2.525 seconds
[2024-12-04T23:59:23.483+0000] {processor.py:186} INFO - Started process (PID=267) to work on /home/airflow/.local/lib/python3.12/site-packages/airflow/example_dags/example_inlet_event_extra.py
[2024-12-04T23:59:23.486+0000] {processor.py:914} INFO - Processing file /home/airflow/.local/lib/python3.12/site-packages/airflow/example_dags/example_inlet_event_extra.py for tasks to queue
[2024-12-04T23:59:23.489+0000] {logging_mixin.py:190} INFO - [2024-12-04T23:59:23.488+0000] {dagbag.py:588} INFO - Filling up the DagBag from /home/airflow/.local/lib/python3.12/site-packages/airflow/example_dags/example_inlet_event_extra.py
[2024-12-04T23:59:26.716+0000] {processor.py:925} INFO - DAG(s) 'read_dataset_event_from_classic', 'read_dataset_event' retrieved from /home/airflow/.local/lib/python3.12/site-packages/airflow/example_dags/example_inlet_event_extra.py
[2024-12-04T23:59:26.790+0000] {logging_mixin.py:190} INFO - [2024-12-04T23:59:26.789+0000] {dag.py:3239} INFO - Sync 2 DAGs
[2024-12-04T23:59:26.957+0000] {logging_mixin.py:190} INFO - [2024-12-04T23:59:26.957+0000] {dag.py:4180} INFO - Setting next_dagrun for read_dataset_event to 2024-12-03 00:00:00+00:00, run_after=2024-12-04 00:00:00+00:00
[2024-12-04T23:59:26.981+0000] {logging_mixin.py:190} INFO - [2024-12-04T23:59:26.981+0000] {dag.py:4180} INFO - Setting next_dagrun for read_dataset_event_from_classic to 2024-12-03 00:00:00+00:00, run_after=2024-12-04 00:00:00+00:00
[2024-12-04T23:59:27.151+0000] {processor.py:208} INFO - Processing /home/airflow/.local/lib/python3.12/site-packages/airflow/example_dags/example_inlet_event_extra.py took 3.721 seconds
[2024-12-04T23:59:59.220+0000] {processor.py:186} INFO - Started process (PID=337) to work on /home/airflow/.local/lib/python3.12/site-packages/airflow/example_dags/example_inlet_event_extra.py
[2024-12-04T23:59:59.232+0000] {processor.py:914} INFO - Processing file /home/airflow/.local/lib/python3.12/site-packages/airflow/example_dags/example_inlet_event_extra.py for tasks to queue
[2024-12-04T23:59:59.237+0000] {logging_mixin.py:190} INFO - [2024-12-04T23:59:59.236+0000] {dagbag.py:588} INFO - Filling up the DagBag from /home/airflow/.local/lib/python3.12/site-packages/airflow/example_dags/example_inlet_event_extra.py
[2024-12-05T00:00:01.839+0000] {processor.py:925} INFO - DAG(s) 'read_dataset_event_from_classic', 'read_dataset_event' retrieved from /home/airflow/.local/lib/python3.12/site-packages/airflow/example_dags/example_inlet_event_extra.py
[2024-12-05T00:00:01.929+0000] {logging_mixin.py:190} INFO - [2024-12-05T00:00:01.929+0000] {dag.py:3239} INFO - Sync 2 DAGs
[2024-12-05T00:00:02.037+0000] {logging_mixin.py:190} INFO - [2024-12-05T00:00:02.036+0000] {dag.py:4180} INFO - Setting next_dagrun for read_dataset_event to 2024-12-04 00:00:00+00:00, run_after=2024-12-05 00:00:00+00:00
[2024-12-05T00:00:02.058+0000] {logging_mixin.py:190} INFO - [2024-12-05T00:00:02.058+0000] {dag.py:4180} INFO - Setting next_dagrun for read_dataset_event_from_classic to 2024-12-04 00:00:00+00:00, run_after=2024-12-05 00:00:00+00:00
[2024-12-05T00:00:02.128+0000] {processor.py:208} INFO - Processing /home/airflow/.local/lib/python3.12/site-packages/airflow/example_dags/example_inlet_event_extra.py took 2.926 seconds
