[2024-12-04T23:58:14.284+0000] {processor.py:186} INFO - Started process (PID=157) to work on /home/airflow/.local/lib/python3.12/site-packages/airflow/example_dags/example_bash_operator.py
[2024-12-04T23:58:14.300+0000] {processor.py:914} INFO - Processing file /home/airflow/.local/lib/python3.12/site-packages/airflow/example_dags/example_bash_operator.py for tasks to queue
[2024-12-04T23:58:14.323+0000] {logging_mixin.py:190} INFO - [2024-12-04T23:58:14.310+0000] {dagbag.py:588} INFO - Filling up the DagBag from /home/airflow/.local/lib/python3.12/site-packages/airflow/example_dags/example_bash_operator.py
[2024-12-04T23:58:14.566+0000] {processor.py:925} INFO - DAG(s) 'example_bash_operator' retrieved from /home/airflow/.local/lib/python3.12/site-packages/airflow/example_dags/example_bash_operator.py
[2024-12-04T23:58:14.929+0000] {logging_mixin.py:190} INFO - [2024-12-04T23:58:14.928+0000] {dag.py:3239} INFO - Sync 1 DAGs
[2024-12-04T23:58:15.204+0000] {logging_mixin.py:190} INFO - [2024-12-04T23:58:15.203+0000] {dag.py:4180} INFO - Setting next_dagrun for example_bash_operator to 2024-12-03 00:00:00+00:00, run_after=2024-12-04 00:00:00+00:00
[2024-12-04T23:58:15.538+0000] {processor.py:208} INFO - Processing /home/airflow/.local/lib/python3.12/site-packages/airflow/example_dags/example_bash_operator.py took 1.440 seconds
[2024-12-04T23:58:57.635+0000] {processor.py:186} INFO - Started process (PID=227) to work on /home/airflow/.local/lib/python3.12/site-packages/airflow/example_dags/example_bash_operator.py
[2024-12-04T23:58:57.637+0000] {processor.py:914} INFO - Processing file /home/airflow/.local/lib/python3.12/site-packages/airflow/example_dags/example_bash_operator.py for tasks to queue
[2024-12-04T23:58:57.639+0000] {logging_mixin.py:190} INFO - [2024-12-04T23:58:57.639+0000] {dagbag.py:588} INFO - Filling up the DagBag from /home/airflow/.local/lib/python3.12/site-packages/airflow/example_dags/example_bash_operator.py
[2024-12-04T23:58:57.671+0000] {processor.py:925} INFO - DAG(s) 'example_bash_operator' retrieved from /home/airflow/.local/lib/python3.12/site-packages/airflow/example_dags/example_bash_operator.py
[2024-12-04T23:58:57.743+0000] {logging_mixin.py:190} INFO - [2024-12-04T23:58:57.742+0000] {dag.py:3239} INFO - Sync 1 DAGs
[2024-12-04T23:58:57.851+0000] {logging_mixin.py:190} INFO - [2024-12-04T23:58:57.850+0000] {dag.py:4180} INFO - Setting next_dagrun for example_bash_operator to 2024-12-03 00:00:00+00:00, run_after=2024-12-04 00:00:00+00:00
[2024-12-04T23:58:57.999+0000] {processor.py:208} INFO - Processing /home/airflow/.local/lib/python3.12/site-packages/airflow/example_dags/example_bash_operator.py took 0.378 seconds
[2024-12-04T23:59:33.570+0000] {processor.py:186} INFO - Started process (PID=292) to work on /home/airflow/.local/lib/python3.12/site-packages/airflow/example_dags/example_bash_operator.py
[2024-12-04T23:59:33.575+0000] {processor.py:914} INFO - Processing file /home/airflow/.local/lib/python3.12/site-packages/airflow/example_dags/example_bash_operator.py for tasks to queue
[2024-12-04T23:59:33.580+0000] {logging_mixin.py:190} INFO - [2024-12-04T23:59:33.579+0000] {dagbag.py:588} INFO - Filling up the DagBag from /home/airflow/.local/lib/python3.12/site-packages/airflow/example_dags/example_bash_operator.py
[2024-12-04T23:59:33.730+0000] {processor.py:925} INFO - DAG(s) 'example_bash_operator' retrieved from /home/airflow/.local/lib/python3.12/site-packages/airflow/example_dags/example_bash_operator.py
[2024-12-04T23:59:33.874+0000] {logging_mixin.py:190} INFO - [2024-12-04T23:59:33.873+0000] {dag.py:3239} INFO - Sync 1 DAGs
[2024-12-04T23:59:34.020+0000] {logging_mixin.py:190} INFO - [2024-12-04T23:59:34.020+0000] {dag.py:4180} INFO - Setting next_dagrun for example_bash_operator to 2024-12-03 00:00:00+00:00, run_after=2024-12-04 00:00:00+00:00
[2024-12-04T23:59:34.084+0000] {processor.py:208} INFO - Processing /home/airflow/.local/lib/python3.12/site-packages/airflow/example_dags/example_bash_operator.py took 0.541 seconds
