[2024-12-04T23:58:24.691+0000] {processor.py:186} INFO - Started process (PID=169) to work on /home/airflow/.local/lib/python3.12/site-packages/airflow/example_dags/example_params_trigger_ui.py
[2024-12-04T23:58:24.699+0000] {processor.py:914} INFO - Processing file /home/airflow/.local/lib/python3.12/site-packages/airflow/example_dags/example_params_trigger_ui.py for tasks to queue
[2024-12-04T23:58:24.736+0000] {logging_mixin.py:190} INFO - [2024-12-04T23:58:24.733+0000] {dagbag.py:588} INFO - Filling up the DagBag from /home/airflow/.local/lib/python3.12/site-packages/airflow/example_dags/example_params_trigger_ui.py
[2024-12-04T23:58:25.025+0000] {processor.py:925} INFO - DAG(s) 'example_params_trigger_ui' retrieved from /home/airflow/.local/lib/python3.12/site-packages/airflow/example_dags/example_params_trigger_ui.py
[2024-12-04T23:58:25.670+0000] {logging_mixin.py:190} INFO - [2024-12-04T23:58:25.669+0000] {dag.py:3239} INFO - Sync 1 DAGs
[2024-12-04T23:58:25.868+0000] {logging_mixin.py:190} INFO - [2024-12-04T23:58:25.867+0000] {dag.py:4180} INFO - Setting next_dagrun for example_params_trigger_ui to None, run_after=None
[2024-12-04T23:58:26.458+0000] {processor.py:208} INFO - Processing /home/airflow/.local/lib/python3.12/site-packages/airflow/example_dags/example_params_trigger_ui.py took 1.841 seconds
[2024-12-04T23:59:00.156+0000] {processor.py:186} INFO - Started process (PID=239) to work on /home/airflow/.local/lib/python3.12/site-packages/airflow/example_dags/example_params_trigger_ui.py
[2024-12-04T23:59:00.173+0000] {processor.py:914} INFO - Processing file /home/airflow/.local/lib/python3.12/site-packages/airflow/example_dags/example_params_trigger_ui.py for tasks to queue
[2024-12-04T23:59:00.184+0000] {logging_mixin.py:190} INFO - [2024-12-04T23:59:00.177+0000] {dagbag.py:588} INFO - Filling up the DagBag from /home/airflow/.local/lib/python3.12/site-packages/airflow/example_dags/example_params_trigger_ui.py
[2024-12-04T23:59:00.304+0000] {processor.py:925} INFO - DAG(s) 'example_params_trigger_ui' retrieved from /home/airflow/.local/lib/python3.12/site-packages/airflow/example_dags/example_params_trigger_ui.py
[2024-12-04T23:59:00.521+0000] {logging_mixin.py:190} INFO - [2024-12-04T23:59:00.520+0000] {dag.py:3239} INFO - Sync 1 DAGs
[2024-12-04T23:59:00.557+0000] {logging_mixin.py:190} INFO - [2024-12-04T23:59:00.556+0000] {dag.py:4180} INFO - Setting next_dagrun for example_params_trigger_ui to None, run_after=None
[2024-12-04T23:59:00.658+0000] {processor.py:208} INFO - Processing /home/airflow/.local/lib/python3.12/site-packages/airflow/example_dags/example_params_trigger_ui.py took 0.531 seconds
[2024-12-04T23:59:36.931+0000] {processor.py:186} INFO - Started process (PID=303) to work on /home/airflow/.local/lib/python3.12/site-packages/airflow/example_dags/example_params_trigger_ui.py
[2024-12-04T23:59:36.938+0000] {processor.py:914} INFO - Processing file /home/airflow/.local/lib/python3.12/site-packages/airflow/example_dags/example_params_trigger_ui.py for tasks to queue
[2024-12-04T23:59:36.957+0000] {logging_mixin.py:190} INFO - [2024-12-04T23:59:36.956+0000] {dagbag.py:588} INFO - Filling up the DagBag from /home/airflow/.local/lib/python3.12/site-packages/airflow/example_dags/example_params_trigger_ui.py
[2024-12-04T23:59:37.064+0000] {processor.py:925} INFO - DAG(s) 'example_params_trigger_ui' retrieved from /home/airflow/.local/lib/python3.12/site-packages/airflow/example_dags/example_params_trigger_ui.py
[2024-12-04T23:59:37.404+0000] {logging_mixin.py:190} INFO - [2024-12-04T23:59:37.403+0000] {dag.py:3239} INFO - Sync 1 DAGs
[2024-12-04T23:59:37.455+0000] {logging_mixin.py:190} INFO - [2024-12-04T23:59:37.454+0000] {dag.py:4180} INFO - Setting next_dagrun for example_params_trigger_ui to None, run_after=None
[2024-12-04T23:59:37.552+0000] {processor.py:208} INFO - Processing /home/airflow/.local/lib/python3.12/site-packages/airflow/example_dags/example_params_trigger_ui.py took 0.675 seconds
