[2024-12-04T23:57:14.664+0000] {processor.py:186} INFO - Started process (PID=88) to work on /home/airflow/.local/lib/python3.12/site-packages/airflow/example_dags/example_display_name.py
[2024-12-04T23:57:14.684+0000] {processor.py:914} INFO - Processing file /home/airflow/.local/lib/python3.12/site-packages/airflow/example_dags/example_display_name.py for tasks to queue
[2024-12-04T23:57:14.720+0000] {logging_mixin.py:190} INFO - [2024-12-04T23:57:14.719+0000] {dagbag.py:588} INFO - Filling up the DagBag from /home/airflow/.local/lib/python3.12/site-packages/airflow/example_dags/example_display_name.py
[2024-12-04T23:57:14.799+0000] {processor.py:925} INFO - DAG(s) 'example_display_name' retrieved from /home/airflow/.local/lib/python3.12/site-packages/airflow/example_dags/example_display_name.py
[2024-12-04T23:57:15.121+0000] {logging_mixin.py:190} INFO - [2024-12-04T23:57:15.110+0000] {dag.py:3239} INFO - Sync 1 DAGs
[2024-12-04T23:57:15.375+0000] {logging_mixin.py:190} INFO - [2024-12-04T23:57:15.338+0000] {dag.py:4180} INFO - Setting next_dagrun for example_display_name to None, run_after=None
[2024-12-04T23:57:15.653+0000] {processor.py:208} INFO - Processing /home/airflow/.local/lib/python3.12/site-packages/airflow/example_dags/example_display_name.py took 1.145 seconds
[2024-12-04T23:58:35.471+0000] {processor.py:186} INFO - Started process (PID=189) to work on /home/airflow/.local/lib/python3.12/site-packages/airflow/example_dags/example_display_name.py
[2024-12-04T23:58:35.486+0000] {processor.py:914} INFO - Processing file /home/airflow/.local/lib/python3.12/site-packages/airflow/example_dags/example_display_name.py for tasks to queue
[2024-12-04T23:58:35.494+0000] {logging_mixin.py:190} INFO - [2024-12-04T23:58:35.493+0000] {dagbag.py:588} INFO - Filling up the DagBag from /home/airflow/.local/lib/python3.12/site-packages/airflow/example_dags/example_display_name.py
[2024-12-04T23:58:35.546+0000] {processor.py:925} INFO - DAG(s) 'example_display_name' retrieved from /home/airflow/.local/lib/python3.12/site-packages/airflow/example_dags/example_display_name.py
[2024-12-04T23:58:35.723+0000] {logging_mixin.py:190} INFO - [2024-12-04T23:58:35.723+0000] {dag.py:3239} INFO - Sync 1 DAGs
[2024-12-04T23:58:35.816+0000] {logging_mixin.py:190} INFO - [2024-12-04T23:58:35.815+0000] {dag.py:4180} INFO - Setting next_dagrun for example_display_name to None, run_after=None
[2024-12-04T23:58:35.959+0000] {processor.py:208} INFO - Processing /home/airflow/.local/lib/python3.12/site-packages/airflow/example_dags/example_display_name.py took 0.555 seconds
[2024-12-04T23:59:06.843+0000] {processor.py:186} INFO - Started process (PID=253) to work on /home/airflow/.local/lib/python3.12/site-packages/airflow/example_dags/example_display_name.py
[2024-12-04T23:59:06.846+0000] {processor.py:914} INFO - Processing file /home/airflow/.local/lib/python3.12/site-packages/airflow/example_dags/example_display_name.py for tasks to queue
[2024-12-04T23:59:06.849+0000] {logging_mixin.py:190} INFO - [2024-12-04T23:59:06.848+0000] {dagbag.py:588} INFO - Filling up the DagBag from /home/airflow/.local/lib/python3.12/site-packages/airflow/example_dags/example_display_name.py
[2024-12-04T23:59:06.885+0000] {processor.py:925} INFO - DAG(s) 'example_display_name' retrieved from /home/airflow/.local/lib/python3.12/site-packages/airflow/example_dags/example_display_name.py
[2024-12-04T23:59:07.078+0000] {logging_mixin.py:190} INFO - [2024-12-04T23:59:07.077+0000] {dag.py:3239} INFO - Sync 1 DAGs
[2024-12-04T23:59:07.183+0000] {logging_mixin.py:190} INFO - [2024-12-04T23:59:07.182+0000] {dag.py:4180} INFO - Setting next_dagrun for example_display_name to None, run_after=None
[2024-12-04T23:59:07.302+0000] {processor.py:208} INFO - Processing /home/airflow/.local/lib/python3.12/site-packages/airflow/example_dags/example_display_name.py took 0.476 seconds
[2024-12-04T23:59:40.679+0000] {processor.py:186} INFO - Started process (PID=314) to work on /home/airflow/.local/lib/python3.12/site-packages/airflow/example_dags/example_display_name.py
[2024-12-04T23:59:40.681+0000] {processor.py:914} INFO - Processing file /home/airflow/.local/lib/python3.12/site-packages/airflow/example_dags/example_display_name.py for tasks to queue
[2024-12-04T23:59:40.702+0000] {logging_mixin.py:190} INFO - [2024-12-04T23:59:40.690+0000] {dagbag.py:588} INFO - Filling up the DagBag from /home/airflow/.local/lib/python3.12/site-packages/airflow/example_dags/example_display_name.py
[2024-12-04T23:59:40.801+0000] {processor.py:925} INFO - DAG(s) 'example_display_name' retrieved from /home/airflow/.local/lib/python3.12/site-packages/airflow/example_dags/example_display_name.py
[2024-12-04T23:59:40.932+0000] {logging_mixin.py:190} INFO - [2024-12-04T23:59:40.922+0000] {dag.py:3239} INFO - Sync 1 DAGs
[2024-12-04T23:59:41.009+0000] {logging_mixin.py:190} INFO - [2024-12-04T23:59:41.009+0000] {dag.py:4180} INFO - Setting next_dagrun for example_display_name to None, run_after=None
[2024-12-04T23:59:41.108+0000] {processor.py:208} INFO - Processing /home/airflow/.local/lib/python3.12/site-packages/airflow/example_dags/example_display_name.py took 0.445 seconds
