[2024-12-04T23:57:47.389+0000] {processor.py:186} INFO - Started process (PID=130) to work on /home/airflow/.local/lib/python3.12/site-packages/airflow/example_dags/example_python_operator.py
[2024-12-04T23:57:47.404+0000] {processor.py:914} INFO - Processing file /home/airflow/.local/lib/python3.12/site-packages/airflow/example_dags/example_python_operator.py for tasks to queue
[2024-12-04T23:57:47.425+0000] {logging_mixin.py:190} INFO - [2024-12-04T23:57:47.425+0000] {dagbag.py:588} INFO - Filling up the DagBag from /home/airflow/.local/lib/python3.12/site-packages/airflow/example_dags/example_python_operator.py
[2024-12-04T23:57:47.752+0000] {processor.py:925} INFO - DAG(s) 'example_python_operator' retrieved from /home/airflow/.local/lib/python3.12/site-packages/airflow/example_dags/example_python_operator.py
[2024-12-04T23:57:50.474+0000] {logging_mixin.py:190} INFO - [2024-12-04T23:57:50.473+0000] {dag.py:3239} INFO - Sync 1 DAGs
[2024-12-04T23:57:50.702+0000] {logging_mixin.py:190} INFO - [2024-12-04T23:57:50.701+0000] {dag.py:4180} INFO - Setting next_dagrun for example_python_operator to None, run_after=None
[2024-12-04T23:57:50.996+0000] {processor.py:208} INFO - Processing /home/airflow/.local/lib/python3.12/site-packages/airflow/example_dags/example_python_operator.py took 3.655 seconds
[2024-12-04T23:58:48.858+0000] {processor.py:186} INFO - Started process (PID=200) to work on /home/airflow/.local/lib/python3.12/site-packages/airflow/example_dags/example_python_operator.py
[2024-12-04T23:58:48.863+0000] {processor.py:914} INFO - Processing file /home/airflow/.local/lib/python3.12/site-packages/airflow/example_dags/example_python_operator.py for tasks to queue
[2024-12-04T23:58:48.876+0000] {logging_mixin.py:190} INFO - [2024-12-04T23:58:48.866+0000] {dagbag.py:588} INFO - Filling up the DagBag from /home/airflow/.local/lib/python3.12/site-packages/airflow/example_dags/example_python_operator.py
[2024-12-04T23:58:48.958+0000] {processor.py:925} INFO - DAG(s) 'example_python_operator' retrieved from /home/airflow/.local/lib/python3.12/site-packages/airflow/example_dags/example_python_operator.py
[2024-12-04T23:58:49.139+0000] {logging_mixin.py:190} INFO - [2024-12-04T23:58:49.139+0000] {dag.py:3239} INFO - Sync 1 DAGs
[2024-12-04T23:58:49.263+0000] {logging_mixin.py:190} INFO - [2024-12-04T23:58:49.262+0000] {dag.py:4180} INFO - Setting next_dagrun for example_python_operator to None, run_after=None
[2024-12-04T23:58:49.506+0000] {processor.py:208} INFO - Processing /home/airflow/.local/lib/python3.12/site-packages/airflow/example_dags/example_python_operator.py took 0.684 seconds
[2024-12-04T23:59:21.572+0000] {processor.py:186} INFO - Started process (PID=264) to work on /home/airflow/.local/lib/python3.12/site-packages/airflow/example_dags/example_python_operator.py
[2024-12-04T23:59:21.574+0000] {processor.py:914} INFO - Processing file /home/airflow/.local/lib/python3.12/site-packages/airflow/example_dags/example_python_operator.py for tasks to queue
[2024-12-04T23:59:21.579+0000] {logging_mixin.py:190} INFO - [2024-12-04T23:59:21.578+0000] {dagbag.py:588} INFO - Filling up the DagBag from /home/airflow/.local/lib/python3.12/site-packages/airflow/example_dags/example_python_operator.py
[2024-12-04T23:59:21.621+0000] {processor.py:925} INFO - DAG(s) 'example_python_operator' retrieved from /home/airflow/.local/lib/python3.12/site-packages/airflow/example_dags/example_python_operator.py
[2024-12-04T23:59:21.717+0000] {logging_mixin.py:190} INFO - [2024-12-04T23:59:21.716+0000] {dag.py:3239} INFO - Sync 1 DAGs
[2024-12-04T23:59:21.797+0000] {logging_mixin.py:190} INFO - [2024-12-04T23:59:21.797+0000] {dag.py:4180} INFO - Setting next_dagrun for example_python_operator to None, run_after=None
[2024-12-04T23:59:21.900+0000] {processor.py:208} INFO - Processing /home/airflow/.local/lib/python3.12/site-packages/airflow/example_dags/example_python_operator.py took 0.350 seconds
[2024-12-04T23:59:55.973+0000] {processor.py:186} INFO - Started process (PID=328) to work on /home/airflow/.local/lib/python3.12/site-packages/airflow/example_dags/example_python_operator.py
[2024-12-04T23:59:55.975+0000] {processor.py:914} INFO - Processing file /home/airflow/.local/lib/python3.12/site-packages/airflow/example_dags/example_python_operator.py for tasks to queue
[2024-12-04T23:59:55.980+0000] {logging_mixin.py:190} INFO - [2024-12-04T23:59:55.979+0000] {dagbag.py:588} INFO - Filling up the DagBag from /home/airflow/.local/lib/python3.12/site-packages/airflow/example_dags/example_python_operator.py
[2024-12-04T23:59:56.111+0000] {processor.py:925} INFO - DAG(s) 'example_python_operator' retrieved from /home/airflow/.local/lib/python3.12/site-packages/airflow/example_dags/example_python_operator.py
[2024-12-04T23:59:56.325+0000] {logging_mixin.py:190} INFO - [2024-12-04T23:59:56.324+0000] {dag.py:3239} INFO - Sync 1 DAGs
[2024-12-04T23:59:56.458+0000] {logging_mixin.py:190} INFO - [2024-12-04T23:59:56.458+0000] {dag.py:4180} INFO - Setting next_dagrun for example_python_operator to None, run_after=None
[2024-12-04T23:59:56.698+0000] {processor.py:208} INFO - Processing /home/airflow/.local/lib/python3.12/site-packages/airflow/example_dags/example_python_operator.py took 0.803 seconds
