[2024-12-04T23:58:16.320+0000] {processor.py:186} INFO - Started process (PID=160) to work on /home/airflow/.local/lib/python3.12/site-packages/airflow/example_dags/example_xcom.py
[2024-12-04T23:58:16.329+0000] {processor.py:914} INFO - Processing file /home/airflow/.local/lib/python3.12/site-packages/airflow/example_dags/example_xcom.py for tasks to queue
[2024-12-04T23:58:16.381+0000] {logging_mixin.py:190} INFO - [2024-12-04T23:58:16.340+0000] {dagbag.py:588} INFO - Filling up the DagBag from /home/airflow/.local/lib/python3.12/site-packages/airflow/example_dags/example_xcom.py
[2024-12-04T23:58:16.711+0000] {processor.py:925} INFO - DAG(s) 'example_xcom' retrieved from /home/airflow/.local/lib/python3.12/site-packages/airflow/example_dags/example_xcom.py
[2024-12-04T23:58:17.364+0000] {logging_mixin.py:190} INFO - [2024-12-04T23:58:17.363+0000] {dag.py:3239} INFO - Sync 1 DAGs
[2024-12-04T23:58:17.719+0000] {logging_mixin.py:190} INFO - [2024-12-04T23:58:17.718+0000] {dag.py:4180} INFO - Setting next_dagrun for example_xcom to 2021-01-01 00:00:00+00:00, run_after=2021-01-01 00:00:00+00:00
[2024-12-04T23:58:18.038+0000] {processor.py:208} INFO - Processing /home/airflow/.local/lib/python3.12/site-packages/airflow/example_dags/example_xcom.py took 1.752 seconds
[2024-12-04T23:58:58.490+0000] {processor.py:186} INFO - Started process (PID=230) to work on /home/airflow/.local/lib/python3.12/site-packages/airflow/example_dags/example_xcom.py
[2024-12-04T23:58:58.493+0000] {processor.py:914} INFO - Processing file /home/airflow/.local/lib/python3.12/site-packages/airflow/example_dags/example_xcom.py for tasks to queue
[2024-12-04T23:58:58.498+0000] {logging_mixin.py:190} INFO - [2024-12-04T23:58:58.497+0000] {dagbag.py:588} INFO - Filling up the DagBag from /home/airflow/.local/lib/python3.12/site-packages/airflow/example_dags/example_xcom.py
[2024-12-04T23:58:58.532+0000] {processor.py:925} INFO - DAG(s) 'example_xcom' retrieved from /home/airflow/.local/lib/python3.12/site-packages/airflow/example_dags/example_xcom.py
[2024-12-04T23:58:58.598+0000] {logging_mixin.py:190} INFO - [2024-12-04T23:58:58.597+0000] {dag.py:3239} INFO - Sync 1 DAGs
[2024-12-04T23:58:58.688+0000] {logging_mixin.py:190} INFO - [2024-12-04T23:58:58.687+0000] {dag.py:4180} INFO - Setting next_dagrun for example_xcom to 2021-01-01 00:00:00+00:00, run_after=2021-01-01 00:00:00+00:00
[2024-12-04T23:58:58.748+0000] {processor.py:208} INFO - Processing /home/airflow/.local/lib/python3.12/site-packages/airflow/example_dags/example_xcom.py took 0.273 seconds
[2024-12-04T23:59:34.157+0000] {processor.py:186} INFO - Started process (PID=294) to work on /home/airflow/.local/lib/python3.12/site-packages/airflow/example_dags/example_xcom.py
[2024-12-04T23:59:34.158+0000] {processor.py:914} INFO - Processing file /home/airflow/.local/lib/python3.12/site-packages/airflow/example_dags/example_xcom.py for tasks to queue
[2024-12-04T23:59:34.160+0000] {logging_mixin.py:190} INFO - [2024-12-04T23:59:34.160+0000] {dagbag.py:588} INFO - Filling up the DagBag from /home/airflow/.local/lib/python3.12/site-packages/airflow/example_dags/example_xcom.py
[2024-12-04T23:59:34.177+0000] {processor.py:925} INFO - DAG(s) 'example_xcom' retrieved from /home/airflow/.local/lib/python3.12/site-packages/airflow/example_dags/example_xcom.py
[2024-12-04T23:59:34.215+0000] {logging_mixin.py:190} INFO - [2024-12-04T23:59:34.214+0000] {dag.py:3239} INFO - Sync 1 DAGs
[2024-12-04T23:59:34.265+0000] {logging_mixin.py:190} INFO - [2024-12-04T23:59:34.264+0000] {dag.py:4180} INFO - Setting next_dagrun for example_xcom to 2021-01-01 00:00:00+00:00, run_after=2021-01-01 00:00:00+00:00
[2024-12-04T23:59:34.387+0000] {processor.py:208} INFO - Processing /home/airflow/.local/lib/python3.12/site-packages/airflow/example_dags/example_xcom.py took 0.241 seconds
