[2024-12-04T23:58:10.856+0000] {processor.py:186} INFO - Started process (PID=154) to work on /home/airflow/.local/lib/python3.12/site-packages/airflow/example_dags/example_sensor_decorator.py
[2024-12-04T23:58:10.879+0000] {processor.py:914} INFO - Processing file /home/airflow/.local/lib/python3.12/site-packages/airflow/example_dags/example_sensor_decorator.py for tasks to queue
[2024-12-04T23:58:10.929+0000] {logging_mixin.py:190} INFO - [2024-12-04T23:58:10.927+0000] {dagbag.py:588} INFO - Filling up the DagBag from /home/airflow/.local/lib/python3.12/site-packages/airflow/example_dags/example_sensor_decorator.py
[2024-12-04T23:58:11.046+0000] {processor.py:925} INFO - DAG(s) 'example_sensor_decorator' retrieved from /home/airflow/.local/lib/python3.12/site-packages/airflow/example_dags/example_sensor_decorator.py
[2024-12-04T23:58:11.331+0000] {logging_mixin.py:190} INFO - [2024-12-04T23:58:11.327+0000] {dag.py:3239} INFO - Sync 1 DAGs
[2024-12-04T23:58:11.489+0000] {logging_mixin.py:190} INFO - [2024-12-04T23:58:11.488+0000] {dag.py:4180} INFO - Setting next_dagrun for example_sensor_decorator to None, run_after=None
[2024-12-04T23:58:11.604+0000] {processor.py:208} INFO - Processing /home/airflow/.local/lib/python3.12/site-packages/airflow/example_dags/example_sensor_decorator.py took 0.790 seconds
[2024-12-04T23:58:56.416+0000] {processor.py:186} INFO - Started process (PID=218) to work on /home/airflow/.local/lib/python3.12/site-packages/airflow/example_dags/example_sensor_decorator.py
[2024-12-04T23:58:56.430+0000] {processor.py:914} INFO - Processing file /home/airflow/.local/lib/python3.12/site-packages/airflow/example_dags/example_sensor_decorator.py for tasks to queue
[2024-12-04T23:58:56.446+0000] {logging_mixin.py:190} INFO - [2024-12-04T23:58:56.445+0000] {dagbag.py:588} INFO - Filling up the DagBag from /home/airflow/.local/lib/python3.12/site-packages/airflow/example_dags/example_sensor_decorator.py
[2024-12-04T23:58:56.558+0000] {processor.py:925} INFO - DAG(s) 'example_sensor_decorator' retrieved from /home/airflow/.local/lib/python3.12/site-packages/airflow/example_dags/example_sensor_decorator.py
[2024-12-04T23:58:56.951+0000] {logging_mixin.py:190} INFO - [2024-12-04T23:58:56.949+0000] {dag.py:3239} INFO - Sync 1 DAGs
[2024-12-04T23:58:57.129+0000] {logging_mixin.py:190} INFO - [2024-12-04T23:58:57.128+0000] {dag.py:4180} INFO - Setting next_dagrun for example_sensor_decorator to None, run_after=None
[2024-12-04T23:58:57.248+0000] {processor.py:208} INFO - Processing /home/airflow/.local/lib/python3.12/site-packages/airflow/example_dags/example_sensor_decorator.py took 0.901 seconds
[2024-12-04T23:59:32.171+0000] {processor.py:186} INFO - Started process (PID=288) to work on /home/airflow/.local/lib/python3.12/site-packages/airflow/example_dags/example_sensor_decorator.py
[2024-12-04T23:59:32.175+0000] {processor.py:914} INFO - Processing file /home/airflow/.local/lib/python3.12/site-packages/airflow/example_dags/example_sensor_decorator.py for tasks to queue
[2024-12-04T23:59:32.179+0000] {logging_mixin.py:190} INFO - [2024-12-04T23:59:32.178+0000] {dagbag.py:588} INFO - Filling up the DagBag from /home/airflow/.local/lib/python3.12/site-packages/airflow/example_dags/example_sensor_decorator.py
[2024-12-04T23:59:32.207+0000] {processor.py:925} INFO - DAG(s) 'example_sensor_decorator' retrieved from /home/airflow/.local/lib/python3.12/site-packages/airflow/example_dags/example_sensor_decorator.py
[2024-12-04T23:59:32.259+0000] {logging_mixin.py:190} INFO - [2024-12-04T23:59:32.258+0000] {dag.py:3239} INFO - Sync 1 DAGs
[2024-12-04T23:59:32.304+0000] {logging_mixin.py:190} INFO - [2024-12-04T23:59:32.303+0000] {dag.py:4180} INFO - Setting next_dagrun for example_sensor_decorator to None, run_after=None
[2024-12-04T23:59:32.455+0000] {processor.py:208} INFO - Processing /home/airflow/.local/lib/python3.12/site-packages/airflow/example_dags/example_sensor_decorator.py took 0.306 seconds
