[2024-12-04T23:57:19.642+0000] {processor.py:186} INFO - Started process (PID=100) to work on /home/airflow/.local/lib/python3.12/site-packages/airflow/example_dags/example_datasets.py
[2024-12-04T23:57:19.661+0000] {processor.py:914} INFO - Processing file /home/airflow/.local/lib/python3.12/site-packages/airflow/example_dags/example_datasets.py for tasks to queue
[2024-12-04T23:57:19.685+0000] {logging_mixin.py:190} INFO - [2024-12-04T23:57:19.684+0000] {dagbag.py:588} INFO - Filling up the DagBag from /home/airflow/.local/lib/python3.12/site-packages/airflow/example_dags/example_datasets.py
[2024-12-04T23:57:36.871+0000] {processor.py:925} INFO - DAG(s) 'dataset_produces_1', 'dataset_consumes_1_and_2', 'dataset_consumes_1_never_scheduled', 'consume_1_or_both_2_and_3_with_dataset_expressions', 'conditional_dataset_and_time_based_timetable', 'dataset_produces_2', 'dataset_consumes_unknown_never_scheduled', 'consume_1_and_2_with_dataset_expressions', 'dataset_consumes_1', 'consume_1_or_2_with_dataset_expressions' retrieved from /home/airflow/.local/lib/python3.12/site-packages/airflow/example_dags/example_datasets.py
[2024-12-04T23:57:38.039+0000] {logging_mixin.py:190} INFO - [2024-12-04T23:57:38.038+0000] {dag.py:3239} INFO - Sync 10 DAGs
[2024-12-04T23:57:38.408+0000] {logging_mixin.py:190} INFO - [2024-12-04T23:57:38.393+0000] {dag.py:4180} INFO - Setting next_dagrun for conditional_dataset_and_time_based_timetable to 2024-12-04 01:00:00+00:00, run_after=2024-12-04 01:00:00+00:00
[2024-12-04T23:57:38.488+0000] {logging_mixin.py:190} INFO - [2024-12-04T23:57:38.454+0000] {dag.py:4180} INFO - Setting next_dagrun for consume_1_and_2_with_dataset_expressions to None, run_after=None
[2024-12-04T23:57:38.521+0000] {logging_mixin.py:190} INFO - [2024-12-04T23:57:38.492+0000] {dag.py:4180} INFO - Setting next_dagrun for consume_1_or_2_with_dataset_expressions to None, run_after=None
[2024-12-04T23:57:38.541+0000] {logging_mixin.py:190} INFO - [2024-12-04T23:57:38.541+0000] {dag.py:4180} INFO - Setting next_dagrun for consume_1_or_both_2_and_3_with_dataset_expressions to None, run_after=None
[2024-12-04T23:57:38.577+0000] {logging_mixin.py:190} INFO - [2024-12-04T23:57:38.574+0000] {dag.py:4180} INFO - Setting next_dagrun for dataset_consumes_1 to None, run_after=None
[2024-12-04T23:57:38.667+0000] {logging_mixin.py:190} INFO - [2024-12-04T23:57:38.626+0000] {dag.py:4180} INFO - Setting next_dagrun for dataset_consumes_1_and_2 to None, run_after=None
[2024-12-04T23:57:38.694+0000] {logging_mixin.py:190} INFO - [2024-12-04T23:57:38.685+0000] {dag.py:4180} INFO - Setting next_dagrun for dataset_consumes_1_never_scheduled to None, run_after=None
[2024-12-04T23:57:38.722+0000] {logging_mixin.py:190} INFO - [2024-12-04T23:57:38.721+0000] {dag.py:4180} INFO - Setting next_dagrun for dataset_consumes_unknown_never_scheduled to None, run_after=None
[2024-12-04T23:57:38.771+0000] {logging_mixin.py:190} INFO - [2024-12-04T23:57:38.770+0000] {dag.py:4180} INFO - Setting next_dagrun for dataset_produces_1 to 2024-12-03 00:00:00+00:00, run_after=2024-12-04 00:00:00+00:00
[2024-12-04T23:57:38.789+0000] {logging_mixin.py:190} INFO - [2024-12-04T23:57:38.788+0000] {dag.py:4180} INFO - Setting next_dagrun for dataset_produces_2 to None, run_after=None
[2024-12-04T23:57:39.275+0000] {processor.py:208} INFO - Processing /home/airflow/.local/lib/python3.12/site-packages/airflow/example_dags/example_datasets.py took 19.669 seconds
[2024-12-04T23:58:38.539+0000] {processor.py:186} INFO - Started process (PID=193) to work on /home/airflow/.local/lib/python3.12/site-packages/airflow/example_dags/example_datasets.py
[2024-12-04T23:58:38.543+0000] {processor.py:914} INFO - Processing file /home/airflow/.local/lib/python3.12/site-packages/airflow/example_dags/example_datasets.py for tasks to queue
[2024-12-04T23:58:38.556+0000] {logging_mixin.py:190} INFO - [2024-12-04T23:58:38.555+0000] {dagbag.py:588} INFO - Filling up the DagBag from /home/airflow/.local/lib/python3.12/site-packages/airflow/example_dags/example_datasets.py
[2024-12-04T23:58:43.790+0000] {processor.py:925} INFO - DAG(s) 'dataset_consumes_1_and_2', 'dataset_produces_1', 'consume_1_or_2_with_dataset_expressions', 'dataset_consumes_1', 'dataset_consumes_1_never_scheduled', 'conditional_dataset_and_time_based_timetable', 'dataset_consumes_unknown_never_scheduled', 'dataset_produces_2', 'consume_1_or_both_2_and_3_with_dataset_expressions', 'consume_1_and_2_with_dataset_expressions' retrieved from /home/airflow/.local/lib/python3.12/site-packages/airflow/example_dags/example_datasets.py
[2024-12-04T23:58:44.264+0000] {logging_mixin.py:190} INFO - [2024-12-04T23:58:44.263+0000] {dag.py:3239} INFO - Sync 10 DAGs
[2024-12-04T23:58:44.498+0000] {logging_mixin.py:190} INFO - [2024-12-04T23:58:44.496+0000] {dag.py:4180} INFO - Setting next_dagrun for conditional_dataset_and_time_based_timetable to 2024-12-04 01:00:00+00:00, run_after=2024-12-04 01:00:00+00:00
[2024-12-04T23:58:44.522+0000] {logging_mixin.py:190} INFO - [2024-12-04T23:58:44.521+0000] {dag.py:4180} INFO - Setting next_dagrun for consume_1_and_2_with_dataset_expressions to None, run_after=None
[2024-12-04T23:58:44.532+0000] {logging_mixin.py:190} INFO - [2024-12-04T23:58:44.530+0000] {dag.py:4180} INFO - Setting next_dagrun for consume_1_or_2_with_dataset_expressions to None, run_after=None
[2024-12-04T23:58:44.564+0000] {logging_mixin.py:190} INFO - [2024-12-04T23:58:44.563+0000] {dag.py:4180} INFO - Setting next_dagrun for consume_1_or_both_2_and_3_with_dataset_expressions to None, run_after=None
[2024-12-04T23:58:44.583+0000] {logging_mixin.py:190} INFO - [2024-12-04T23:58:44.582+0000] {dag.py:4180} INFO - Setting next_dagrun for dataset_consumes_1 to None, run_after=None
[2024-12-04T23:58:44.590+0000] {logging_mixin.py:190} INFO - [2024-12-04T23:58:44.590+0000] {dag.py:4180} INFO - Setting next_dagrun for dataset_consumes_1_and_2 to None, run_after=None
[2024-12-04T23:58:44.609+0000] {logging_mixin.py:190} INFO - [2024-12-04T23:58:44.609+0000] {dag.py:4180} INFO - Setting next_dagrun for dataset_consumes_1_never_scheduled to None, run_after=None
[2024-12-04T23:58:44.639+0000] {logging_mixin.py:190} INFO - [2024-12-04T23:58:44.638+0000] {dag.py:4180} INFO - Setting next_dagrun for dataset_consumes_unknown_never_scheduled to None, run_after=None
[2024-12-04T23:58:44.656+0000] {logging_mixin.py:190} INFO - [2024-12-04T23:58:44.654+0000] {dag.py:4180} INFO - Setting next_dagrun for dataset_produces_1 to 2024-12-03 00:00:00+00:00, run_after=2024-12-04 00:00:00+00:00
[2024-12-04T23:58:44.676+0000] {logging_mixin.py:190} INFO - [2024-12-04T23:58:44.671+0000] {dag.py:4180} INFO - Setting next_dagrun for dataset_produces_2 to None, run_after=None
[2024-12-04T23:58:45.130+0000] {processor.py:208} INFO - Processing /home/airflow/.local/lib/python3.12/site-packages/airflow/example_dags/example_datasets.py took 6.635 seconds
[2024-12-04T23:59:15.772+0000] {processor.py:186} INFO - Started process (PID=259) to work on /home/airflow/.local/lib/python3.12/site-packages/airflow/example_dags/example_datasets.py
[2024-12-04T23:59:15.775+0000] {processor.py:914} INFO - Processing file /home/airflow/.local/lib/python3.12/site-packages/airflow/example_dags/example_datasets.py for tasks to queue
[2024-12-04T23:59:15.784+0000] {logging_mixin.py:190} INFO - [2024-12-04T23:59:15.783+0000] {dagbag.py:588} INFO - Filling up the DagBag from /home/airflow/.local/lib/python3.12/site-packages/airflow/example_dags/example_datasets.py
[2024-12-04T23:59:18.636+0000] {processor.py:925} INFO - DAG(s) 'consume_1_or_both_2_and_3_with_dataset_expressions', 'conditional_dataset_and_time_based_timetable', 'dataset_consumes_1_and_2', 'consume_1_and_2_with_dataset_expressions', 'dataset_consumes_1_never_scheduled', 'consume_1_or_2_with_dataset_expressions', 'dataset_produces_2', 'dataset_produces_1', 'dataset_consumes_1', 'dataset_consumes_unknown_never_scheduled' retrieved from /home/airflow/.local/lib/python3.12/site-packages/airflow/example_dags/example_datasets.py
[2024-12-04T23:59:18.973+0000] {logging_mixin.py:190} INFO - [2024-12-04T23:59:18.972+0000] {dag.py:3239} INFO - Sync 10 DAGs
[2024-12-04T23:59:19.105+0000] {logging_mixin.py:190} INFO - [2024-12-04T23:59:19.104+0000] {dag.py:4180} INFO - Setting next_dagrun for conditional_dataset_and_time_based_timetable to 2024-12-04 01:00:00+00:00, run_after=2024-12-04 01:00:00+00:00
[2024-12-04T23:59:19.127+0000] {logging_mixin.py:190} INFO - [2024-12-04T23:59:19.126+0000] {dag.py:4180} INFO - Setting next_dagrun for consume_1_and_2_with_dataset_expressions to None, run_after=None
[2024-12-04T23:59:19.144+0000] {logging_mixin.py:190} INFO - [2024-12-04T23:59:19.144+0000] {dag.py:4180} INFO - Setting next_dagrun for consume_1_or_2_with_dataset_expressions to None, run_after=None
[2024-12-04T23:59:19.167+0000] {logging_mixin.py:190} INFO - [2024-12-04T23:59:19.166+0000] {dag.py:4180} INFO - Setting next_dagrun for consume_1_or_both_2_and_3_with_dataset_expressions to None, run_after=None
[2024-12-04T23:59:19.175+0000] {logging_mixin.py:190} INFO - [2024-12-04T23:59:19.172+0000] {dag.py:4180} INFO - Setting next_dagrun for dataset_consumes_1 to None, run_after=None
[2024-12-04T23:59:19.179+0000] {logging_mixin.py:190} INFO - [2024-12-04T23:59:19.178+0000] {dag.py:4180} INFO - Setting next_dagrun for dataset_consumes_1_and_2 to None, run_after=None
[2024-12-04T23:59:19.214+0000] {logging_mixin.py:190} INFO - [2024-12-04T23:59:19.213+0000] {dag.py:4180} INFO - Setting next_dagrun for dataset_consumes_1_never_scheduled to None, run_after=None
[2024-12-04T23:59:19.268+0000] {logging_mixin.py:190} INFO - [2024-12-04T23:59:19.266+0000] {dag.py:4180} INFO - Setting next_dagrun for dataset_consumes_unknown_never_scheduled to None, run_after=None
[2024-12-04T23:59:19.312+0000] {logging_mixin.py:190} INFO - [2024-12-04T23:59:19.311+0000] {dag.py:4180} INFO - Setting next_dagrun for dataset_produces_1 to 2024-12-03 00:00:00+00:00, run_after=2024-12-04 00:00:00+00:00
[2024-12-04T23:59:19.336+0000] {logging_mixin.py:190} INFO - [2024-12-04T23:59:19.335+0000] {dag.py:4180} INFO - Setting next_dagrun for dataset_produces_2 to None, run_after=None
[2024-12-04T23:59:19.749+0000] {processor.py:208} INFO - Processing /home/airflow/.local/lib/python3.12/site-packages/airflow/example_dags/example_datasets.py took 4.013 seconds
[2024-12-04T23:59:49.903+0000] {processor.py:186} INFO - Started process (PID=324) to work on /home/airflow/.local/lib/python3.12/site-packages/airflow/example_dags/example_datasets.py
[2024-12-04T23:59:49.910+0000] {processor.py:914} INFO - Processing file /home/airflow/.local/lib/python3.12/site-packages/airflow/example_dags/example_datasets.py for tasks to queue
[2024-12-04T23:59:49.914+0000] {logging_mixin.py:190} INFO - [2024-12-04T23:59:49.913+0000] {dagbag.py:588} INFO - Filling up the DagBag from /home/airflow/.local/lib/python3.12/site-packages/airflow/example_dags/example_datasets.py
[2024-12-04T23:59:52.328+0000] {processor.py:925} INFO - DAG(s) 'dataset_produces_1', 'consume_1_or_2_with_dataset_expressions', 'dataset_consumes_1_and_2', 'consume_1_or_both_2_and_3_with_dataset_expressions', 'dataset_consumes_1_never_scheduled', 'conditional_dataset_and_time_based_timetable', 'consume_1_and_2_with_dataset_expressions', 'dataset_produces_2', 'dataset_consumes_1', 'dataset_consumes_unknown_never_scheduled' retrieved from /home/airflow/.local/lib/python3.12/site-packages/airflow/example_dags/example_datasets.py
[2024-12-04T23:59:52.861+0000] {logging_mixin.py:190} INFO - [2024-12-04T23:59:52.861+0000] {dag.py:3239} INFO - Sync 10 DAGs
[2024-12-04T23:59:53.531+0000] {logging_mixin.py:190} INFO - [2024-12-04T23:59:53.530+0000] {dag.py:4180} INFO - Setting next_dagrun for conditional_dataset_and_time_based_timetable to 2024-12-04 01:00:00+00:00, run_after=2024-12-04 01:00:00+00:00
[2024-12-04T23:59:53.550+0000] {logging_mixin.py:190} INFO - [2024-12-04T23:59:53.550+0000] {dag.py:4180} INFO - Setting next_dagrun for consume_1_and_2_with_dataset_expressions to None, run_after=None
[2024-12-04T23:59:53.560+0000] {logging_mixin.py:190} INFO - [2024-12-04T23:59:53.560+0000] {dag.py:4180} INFO - Setting next_dagrun for consume_1_or_2_with_dataset_expressions to None, run_after=None
[2024-12-04T23:59:53.574+0000] {logging_mixin.py:190} INFO - [2024-12-04T23:59:53.573+0000] {dag.py:4180} INFO - Setting next_dagrun for consume_1_or_both_2_and_3_with_dataset_expressions to None, run_after=None
[2024-12-04T23:59:53.595+0000] {logging_mixin.py:190} INFO - [2024-12-04T23:59:53.594+0000] {dag.py:4180} INFO - Setting next_dagrun for dataset_consumes_1 to None, run_after=None
[2024-12-04T23:59:53.611+0000] {logging_mixin.py:190} INFO - [2024-12-04T23:59:53.610+0000] {dag.py:4180} INFO - Setting next_dagrun for dataset_consumes_1_and_2 to None, run_after=None
[2024-12-04T23:59:53.634+0000] {logging_mixin.py:190} INFO - [2024-12-04T23:59:53.633+0000] {dag.py:4180} INFO - Setting next_dagrun for dataset_consumes_1_never_scheduled to None, run_after=None
[2024-12-04T23:59:53.643+0000] {logging_mixin.py:190} INFO - [2024-12-04T23:59:53.642+0000] {dag.py:4180} INFO - Setting next_dagrun for dataset_consumes_unknown_never_scheduled to None, run_after=None
[2024-12-04T23:59:53.700+0000] {logging_mixin.py:190} INFO - [2024-12-04T23:59:53.700+0000] {dag.py:4180} INFO - Setting next_dagrun for dataset_produces_1 to 2024-12-03 00:00:00+00:00, run_after=2024-12-04 00:00:00+00:00
[2024-12-04T23:59:53.739+0000] {logging_mixin.py:190} INFO - [2024-12-04T23:59:53.728+0000] {dag.py:4180} INFO - Setting next_dagrun for dataset_produces_2 to None, run_after=None
[2024-12-04T23:59:54.076+0000] {processor.py:208} INFO - Processing /home/airflow/.local/lib/python3.12/site-packages/airflow/example_dags/example_datasets.py took 4.190 seconds
