[2024-12-04T23:58:24.751+0000] {processor.py:186} INFO - Started process (PID=170) to work on /home/airflow/.local/lib/python3.12/site-packages/airflow/example_dags/example_python_decorator.py
[2024-12-04T23:58:24.810+0000] {processor.py:914} INFO - Processing file /home/airflow/.local/lib/python3.12/site-packages/airflow/example_dags/example_python_decorator.py for tasks to queue
[2024-12-04T23:58:24.819+0000] {logging_mixin.py:190} INFO - [2024-12-04T23:58:24.818+0000] {dagbag.py:588} INFO - Filling up the DagBag from /home/airflow/.local/lib/python3.12/site-packages/airflow/example_dags/example_python_decorator.py
[2024-12-04T23:58:25.082+0000] {processor.py:925} INFO - DAG(s) 'example_python_decorator' retrieved from /home/airflow/.local/lib/python3.12/site-packages/airflow/example_dags/example_python_decorator.py
[2024-12-04T23:58:27.136+0000] {logging_mixin.py:190} INFO - [2024-12-04T23:58:27.134+0000] {dag.py:3239} INFO - Sync 1 DAGs
[2024-12-04T23:58:27.304+0000] {logging_mixin.py:190} INFO - [2024-12-04T23:58:27.303+0000] {dag.py:4180} INFO - Setting next_dagrun for example_python_decorator to None, run_after=None
[2024-12-04T23:58:27.501+0000] {processor.py:208} INFO - Processing /home/airflow/.local/lib/python3.12/site-packages/airflow/example_dags/example_python_decorator.py took 2.793 seconds
[2024-12-04T23:59:00.400+0000] {processor.py:186} INFO - Started process (PID=240) to work on /home/airflow/.local/lib/python3.12/site-packages/airflow/example_dags/example_python_decorator.py
[2024-12-04T23:59:00.403+0000] {processor.py:914} INFO - Processing file /home/airflow/.local/lib/python3.12/site-packages/airflow/example_dags/example_python_decorator.py for tasks to queue
[2024-12-04T23:59:00.407+0000] {logging_mixin.py:190} INFO - [2024-12-04T23:59:00.406+0000] {dagbag.py:588} INFO - Filling up the DagBag from /home/airflow/.local/lib/python3.12/site-packages/airflow/example_dags/example_python_decorator.py
[2024-12-04T23:59:00.469+0000] {processor.py:925} INFO - DAG(s) 'example_python_decorator' retrieved from /home/airflow/.local/lib/python3.12/site-packages/airflow/example_dags/example_python_decorator.py
[2024-12-04T23:59:00.527+0000] {logging_mixin.py:190} INFO - [2024-12-04T23:59:00.527+0000] {dag.py:3239} INFO - Sync 1 DAGs
[2024-12-04T23:59:00.572+0000] {logging_mixin.py:190} INFO - [2024-12-04T23:59:00.571+0000] {dag.py:4180} INFO - Setting next_dagrun for example_python_decorator to None, run_after=None
[2024-12-04T23:59:00.656+0000] {processor.py:208} INFO - Processing /home/airflow/.local/lib/python3.12/site-packages/airflow/example_dags/example_python_decorator.py took 0.282 seconds
[2024-12-04T23:59:37.181+0000] {processor.py:186} INFO - Started process (PID=304) to work on /home/airflow/.local/lib/python3.12/site-packages/airflow/example_dags/example_python_decorator.py
[2024-12-04T23:59:37.189+0000] {processor.py:914} INFO - Processing file /home/airflow/.local/lib/python3.12/site-packages/airflow/example_dags/example_python_decorator.py for tasks to queue
[2024-12-04T23:59:37.216+0000] {logging_mixin.py:190} INFO - [2024-12-04T23:59:37.215+0000] {dagbag.py:588} INFO - Filling up the DagBag from /home/airflow/.local/lib/python3.12/site-packages/airflow/example_dags/example_python_decorator.py
[2024-12-04T23:59:37.283+0000] {processor.py:925} INFO - DAG(s) 'example_python_decorator' retrieved from /home/airflow/.local/lib/python3.12/site-packages/airflow/example_dags/example_python_decorator.py
[2024-12-04T23:59:37.385+0000] {logging_mixin.py:190} INFO - [2024-12-04T23:59:37.384+0000] {dag.py:3239} INFO - Sync 1 DAGs
[2024-12-04T23:59:37.526+0000] {logging_mixin.py:190} INFO - [2024-12-04T23:59:37.526+0000] {dag.py:4180} INFO - Setting next_dagrun for example_python_decorator to None, run_after=None
[2024-12-04T23:59:37.696+0000] {processor.py:208} INFO - Processing /home/airflow/.local/lib/python3.12/site-packages/airflow/example_dags/example_python_decorator.py took 0.535 seconds
