[2024-12-04T23:58:03.162+0000] {processor.py:186} INFO - Started process (PID=145) to work on /home/airflow/.local/lib/python3.12/site-packages/airflow/example_dags/example_latest_only.py
[2024-12-04T23:58:03.165+0000] {processor.py:914} INFO - Processing file /home/airflow/.local/lib/python3.12/site-packages/airflow/example_dags/example_latest_only.py for tasks to queue
[2024-12-04T23:58:03.185+0000] {logging_mixin.py:190} INFO - [2024-12-04T23:58:03.184+0000] {dagbag.py:588} INFO - Filling up the DagBag from /home/airflow/.local/lib/python3.12/site-packages/airflow/example_dags/example_latest_only.py
[2024-12-04T23:58:03.224+0000] {processor.py:925} INFO - DAG(s) 'latest_only' retrieved from /home/airflow/.local/lib/python3.12/site-packages/airflow/example_dags/example_latest_only.py
[2024-12-04T23:58:03.317+0000] {logging_mixin.py:190} INFO - [2024-12-04T23:58:03.316+0000] {dag.py:3239} INFO - Sync 1 DAGs
[2024-12-04T23:58:03.448+0000] {logging_mixin.py:190} INFO - [2024-12-04T23:58:03.447+0000] {dag.py:4180} INFO - Setting next_dagrun for latest_only to 2024-12-04 16:00:00+00:00, run_after=2024-12-04 20:00:00+00:00
[2024-12-04T23:58:03.512+0000] {processor.py:208} INFO - Processing /home/airflow/.local/lib/python3.12/site-packages/airflow/example_dags/example_latest_only.py took 0.381 seconds
[2024-12-04T23:58:53.486+0000] {processor.py:186} INFO - Started process (PID=209) to work on /home/airflow/.local/lib/python3.12/site-packages/airflow/example_dags/example_latest_only.py
[2024-12-04T23:58:53.488+0000] {processor.py:914} INFO - Processing file /home/airflow/.local/lib/python3.12/site-packages/airflow/example_dags/example_latest_only.py for tasks to queue
[2024-12-04T23:58:53.491+0000] {logging_mixin.py:190} INFO - [2024-12-04T23:58:53.490+0000] {dagbag.py:588} INFO - Filling up the DagBag from /home/airflow/.local/lib/python3.12/site-packages/airflow/example_dags/example_latest_only.py
[2024-12-04T23:58:53.511+0000] {processor.py:925} INFO - DAG(s) 'latest_only' retrieved from /home/airflow/.local/lib/python3.12/site-packages/airflow/example_dags/example_latest_only.py
[2024-12-04T23:58:53.570+0000] {logging_mixin.py:190} INFO - [2024-12-04T23:58:53.569+0000] {dag.py:3239} INFO - Sync 1 DAGs
[2024-12-04T23:58:53.659+0000] {logging_mixin.py:190} INFO - [2024-12-04T23:58:53.659+0000] {dag.py:4180} INFO - Setting next_dagrun for latest_only to 2024-12-04 16:00:00+00:00, run_after=2024-12-04 20:00:00+00:00
[2024-12-04T23:58:53.726+0000] {processor.py:208} INFO - Processing /home/airflow/.local/lib/python3.12/site-packages/airflow/example_dags/example_latest_only.py took 0.266 seconds
[2024-12-04T23:59:28.919+0000] {processor.py:186} INFO - Started process (PID=279) to work on /home/airflow/.local/lib/python3.12/site-packages/airflow/example_dags/example_latest_only.py
[2024-12-04T23:59:28.923+0000] {processor.py:914} INFO - Processing file /home/airflow/.local/lib/python3.12/site-packages/airflow/example_dags/example_latest_only.py for tasks to queue
[2024-12-04T23:59:28.925+0000] {logging_mixin.py:190} INFO - [2024-12-04T23:59:28.925+0000] {dagbag.py:588} INFO - Filling up the DagBag from /home/airflow/.local/lib/python3.12/site-packages/airflow/example_dags/example_latest_only.py
[2024-12-04T23:59:28.944+0000] {processor.py:925} INFO - DAG(s) 'latest_only' retrieved from /home/airflow/.local/lib/python3.12/site-packages/airflow/example_dags/example_latest_only.py
[2024-12-04T23:59:28.988+0000] {logging_mixin.py:190} INFO - [2024-12-04T23:59:28.987+0000] {dag.py:3239} INFO - Sync 1 DAGs
[2024-12-04T23:59:29.073+0000] {logging_mixin.py:190} INFO - [2024-12-04T23:59:29.073+0000] {dag.py:4180} INFO - Setting next_dagrun for latest_only to 2024-12-04 16:00:00+00:00, run_after=2024-12-04 20:00:00+00:00
[2024-12-04T23:59:29.145+0000] {processor.py:208} INFO - Processing /home/airflow/.local/lib/python3.12/site-packages/airflow/example_dags/example_latest_only.py took 0.239 seconds
