[2024-12-04T23:57:40.290+0000] {processor.py:186} INFO - Started process (PID=127) to work on /home/airflow/.local/lib/python3.12/site-packages/airflow/example_dags/example_external_task_marker_dag.py
[2024-12-04T23:57:40.298+0000] {processor.py:914} INFO - Processing file /home/airflow/.local/lib/python3.12/site-packages/airflow/example_dags/example_external_task_marker_dag.py for tasks to queue
[2024-12-04T23:57:40.368+0000] {logging_mixin.py:190} INFO - [2024-12-04T23:57:40.368+0000] {dagbag.py:588} INFO - Filling up the DagBag from /home/airflow/.local/lib/python3.12/site-packages/airflow/example_dags/example_external_task_marker_dag.py
[2024-12-04T23:57:40.573+0000] {processor.py:925} INFO - DAG(s) 'example_external_task_marker_parent', 'example_external_task_marker_child' retrieved from /home/airflow/.local/lib/python3.12/site-packages/airflow/example_dags/example_external_task_marker_dag.py
[2024-12-04T23:57:41.086+0000] {logging_mixin.py:190} INFO - [2024-12-04T23:57:41.085+0000] {dag.py:3239} INFO - Sync 2 DAGs
[2024-12-04T23:57:42.204+0000] {logging_mixin.py:190} INFO - [2024-12-04T23:57:42.204+0000] {dag.py:4180} INFO - Setting next_dagrun for example_external_task_marker_child to None, run_after=None
[2024-12-04T23:57:42.319+0000] {logging_mixin.py:190} INFO - [2024-12-04T23:57:42.318+0000] {dag.py:4180} INFO - Setting next_dagrun for example_external_task_marker_parent to None, run_after=None
[2024-12-04T23:57:43.162+0000] {processor.py:208} INFO - Processing /home/airflow/.local/lib/python3.12/site-packages/airflow/example_dags/example_external_task_marker_dag.py took 2.970 seconds
[2024-12-04T23:58:45.646+0000] {processor.py:186} INFO - Started process (PID=197) to work on /home/airflow/.local/lib/python3.12/site-packages/airflow/example_dags/example_external_task_marker_dag.py
[2024-12-04T23:58:45.675+0000] {processor.py:914} INFO - Processing file /home/airflow/.local/lib/python3.12/site-packages/airflow/example_dags/example_external_task_marker_dag.py for tasks to queue
[2024-12-04T23:58:45.711+0000] {logging_mixin.py:190} INFO - [2024-12-04T23:58:45.696+0000] {dagbag.py:588} INFO - Filling up the DagBag from /home/airflow/.local/lib/python3.12/site-packages/airflow/example_dags/example_external_task_marker_dag.py
[2024-12-04T23:58:45.853+0000] {processor.py:925} INFO - DAG(s) 'example_external_task_marker_parent', 'example_external_task_marker_child' retrieved from /home/airflow/.local/lib/python3.12/site-packages/airflow/example_dags/example_external_task_marker_dag.py
[2024-12-04T23:58:46.078+0000] {logging_mixin.py:190} INFO - [2024-12-04T23:58:46.078+0000] {dag.py:3239} INFO - Sync 2 DAGs
[2024-12-04T23:58:46.317+0000] {logging_mixin.py:190} INFO - [2024-12-04T23:58:46.317+0000] {dag.py:4180} INFO - Setting next_dagrun for example_external_task_marker_child to None, run_after=None
[2024-12-04T23:58:46.360+0000] {logging_mixin.py:190} INFO - [2024-12-04T23:58:46.359+0000] {dag.py:4180} INFO - Setting next_dagrun for example_external_task_marker_parent to None, run_after=None
[2024-12-04T23:58:46.573+0000] {processor.py:208} INFO - Processing /home/airflow/.local/lib/python3.12/site-packages/airflow/example_dags/example_external_task_marker_dag.py took 1.006 seconds
[2024-12-04T23:59:16.797+0000] {processor.py:186} INFO - Started process (PID=260) to work on /home/airflow/.local/lib/python3.12/site-packages/airflow/example_dags/example_external_task_marker_dag.py
[2024-12-04T23:59:16.816+0000] {processor.py:914} INFO - Processing file /home/airflow/.local/lib/python3.12/site-packages/airflow/example_dags/example_external_task_marker_dag.py for tasks to queue
[2024-12-04T23:59:16.821+0000] {logging_mixin.py:190} INFO - [2024-12-04T23:59:16.818+0000] {dagbag.py:588} INFO - Filling up the DagBag from /home/airflow/.local/lib/python3.12/site-packages/airflow/example_dags/example_external_task_marker_dag.py
[2024-12-04T23:59:16.850+0000] {processor.py:925} INFO - DAG(s) 'example_external_task_marker_child', 'example_external_task_marker_parent' retrieved from /home/airflow/.local/lib/python3.12/site-packages/airflow/example_dags/example_external_task_marker_dag.py
[2024-12-04T23:59:16.978+0000] {logging_mixin.py:190} INFO - [2024-12-04T23:59:16.977+0000] {dag.py:3239} INFO - Sync 2 DAGs
[2024-12-04T23:59:17.039+0000] {logging_mixin.py:190} INFO - [2024-12-04T23:59:17.039+0000] {dag.py:4180} INFO - Setting next_dagrun for example_external_task_marker_child to None, run_after=None
[2024-12-04T23:59:17.083+0000] {logging_mixin.py:190} INFO - [2024-12-04T23:59:17.079+0000] {dag.py:4180} INFO - Setting next_dagrun for example_external_task_marker_parent to None, run_after=None
[2024-12-04T23:59:17.200+0000] {processor.py:208} INFO - Processing /home/airflow/.local/lib/python3.12/site-packages/airflow/example_dags/example_external_task_marker_dag.py took 0.434 seconds
[2024-12-04T23:59:47.483+0000] {processor.py:186} INFO - Started process (PID=323) to work on /home/airflow/.local/lib/python3.12/site-packages/airflow/example_dags/example_external_task_marker_dag.py
[2024-12-04T23:59:47.485+0000] {processor.py:914} INFO - Processing file /home/airflow/.local/lib/python3.12/site-packages/airflow/example_dags/example_external_task_marker_dag.py for tasks to queue
[2024-12-04T23:59:47.492+0000] {logging_mixin.py:190} INFO - [2024-12-04T23:59:47.491+0000] {dagbag.py:588} INFO - Filling up the DagBag from /home/airflow/.local/lib/python3.12/site-packages/airflow/example_dags/example_external_task_marker_dag.py
[2024-12-04T23:59:47.518+0000] {processor.py:925} INFO - DAG(s) 'example_external_task_marker_child', 'example_external_task_marker_parent' retrieved from /home/airflow/.local/lib/python3.12/site-packages/airflow/example_dags/example_external_task_marker_dag.py
[2024-12-04T23:59:47.603+0000] {logging_mixin.py:190} INFO - [2024-12-04T23:59:47.603+0000] {dag.py:3239} INFO - Sync 2 DAGs
[2024-12-04T23:59:47.677+0000] {logging_mixin.py:190} INFO - [2024-12-04T23:59:47.671+0000] {dag.py:4180} INFO - Setting next_dagrun for example_external_task_marker_child to None, run_after=None
[2024-12-04T23:59:47.690+0000] {logging_mixin.py:190} INFO - [2024-12-04T23:59:47.689+0000] {dag.py:4180} INFO - Setting next_dagrun for example_external_task_marker_parent to None, run_after=None
[2024-12-04T23:59:47.729+0000] {processor.py:208} INFO - Processing /home/airflow/.local/lib/python3.12/site-packages/airflow/example_dags/example_external_task_marker_dag.py took 0.282 seconds
