[2024-12-04T23:57:44.434+0000] {processor.py:186} INFO - Started process (PID=128) to work on /home/airflow/.local/lib/python3.12/site-packages/airflow/example_dags/example_xcomargs.py
[2024-12-04T23:57:44.448+0000] {processor.py:914} INFO - Processing file /home/airflow/.local/lib/python3.12/site-packages/airflow/example_dags/example_xcomargs.py for tasks to queue
[2024-12-04T23:57:44.520+0000] {logging_mixin.py:190} INFO - [2024-12-04T23:57:44.491+0000] {dagbag.py:588} INFO - Filling up the DagBag from /home/airflow/.local/lib/python3.12/site-packages/airflow/example_dags/example_xcomargs.py
[2024-12-04T23:57:44.680+0000] {processor.py:925} INFO - DAG(s) 'example_xcom_args', 'example_xcom_args_with_operators' retrieved from /home/airflow/.local/lib/python3.12/site-packages/airflow/example_dags/example_xcomargs.py
[2024-12-04T23:57:45.253+0000] {logging_mixin.py:190} INFO - [2024-12-04T23:57:45.251+0000] {dag.py:3239} INFO - Sync 2 DAGs
[2024-12-04T23:57:45.718+0000] {logging_mixin.py:190} INFO - [2024-12-04T23:57:45.686+0000] {dag.py:4180} INFO - Setting next_dagrun for example_xcom_args to None, run_after=None
[2024-12-04T23:57:45.846+0000] {logging_mixin.py:190} INFO - [2024-12-04T23:57:45.842+0000] {dag.py:4180} INFO - Setting next_dagrun for example_xcom_args_with_operators to None, run_after=None
[2024-12-04T23:57:46.575+0000] {processor.py:208} INFO - Processing /home/airflow/.local/lib/python3.12/site-packages/airflow/example_dags/example_xcomargs.py took 2.205 seconds
[2024-12-04T23:58:46.802+0000] {processor.py:186} INFO - Started process (PID=198) to work on /home/airflow/.local/lib/python3.12/site-packages/airflow/example_dags/example_xcomargs.py
[2024-12-04T23:58:46.816+0000] {processor.py:914} INFO - Processing file /home/airflow/.local/lib/python3.12/site-packages/airflow/example_dags/example_xcomargs.py for tasks to queue
[2024-12-04T23:58:46.822+0000] {logging_mixin.py:190} INFO - [2024-12-04T23:58:46.821+0000] {dagbag.py:588} INFO - Filling up the DagBag from /home/airflow/.local/lib/python3.12/site-packages/airflow/example_dags/example_xcomargs.py
[2024-12-04T23:58:46.951+0000] {processor.py:925} INFO - DAG(s) 'example_xcom_args', 'example_xcom_args_with_operators' retrieved from /home/airflow/.local/lib/python3.12/site-packages/airflow/example_dags/example_xcomargs.py
[2024-12-04T23:58:47.292+0000] {logging_mixin.py:190} INFO - [2024-12-04T23:58:47.290+0000] {dag.py:3239} INFO - Sync 2 DAGs
[2024-12-04T23:58:47.569+0000] {logging_mixin.py:190} INFO - [2024-12-04T23:58:47.556+0000] {dag.py:4180} INFO - Setting next_dagrun for example_xcom_args to None, run_after=None
[2024-12-04T23:58:47.660+0000] {logging_mixin.py:190} INFO - [2024-12-04T23:58:47.660+0000] {dag.py:4180} INFO - Setting next_dagrun for example_xcom_args_with_operators to None, run_after=None
[2024-12-04T23:58:47.829+0000] {processor.py:208} INFO - Processing /home/airflow/.local/lib/python3.12/site-packages/airflow/example_dags/example_xcomargs.py took 1.071 seconds
[2024-12-04T23:59:19.893+0000] {processor.py:186} INFO - Started process (PID=262) to work on /home/airflow/.local/lib/python3.12/site-packages/airflow/example_dags/example_xcomargs.py
[2024-12-04T23:59:19.895+0000] {processor.py:914} INFO - Processing file /home/airflow/.local/lib/python3.12/site-packages/airflow/example_dags/example_xcomargs.py for tasks to queue
[2024-12-04T23:59:19.904+0000] {logging_mixin.py:190} INFO - [2024-12-04T23:59:19.903+0000] {dagbag.py:588} INFO - Filling up the DagBag from /home/airflow/.local/lib/python3.12/site-packages/airflow/example_dags/example_xcomargs.py
[2024-12-04T23:59:19.940+0000] {processor.py:925} INFO - DAG(s) 'example_xcom_args', 'example_xcom_args_with_operators' retrieved from /home/airflow/.local/lib/python3.12/site-packages/airflow/example_dags/example_xcomargs.py
[2024-12-04T23:59:20.056+0000] {logging_mixin.py:190} INFO - [2024-12-04T23:59:20.055+0000] {dag.py:3239} INFO - Sync 2 DAGs
[2024-12-04T23:59:20.152+0000] {logging_mixin.py:190} INFO - [2024-12-04T23:59:20.151+0000] {dag.py:4180} INFO - Setting next_dagrun for example_xcom_args to None, run_after=None
[2024-12-04T23:59:20.211+0000] {logging_mixin.py:190} INFO - [2024-12-04T23:59:20.211+0000] {dag.py:4180} INFO - Setting next_dagrun for example_xcom_args_with_operators to None, run_after=None
[2024-12-04T23:59:20.342+0000] {processor.py:208} INFO - Processing /home/airflow/.local/lib/python3.12/site-packages/airflow/example_dags/example_xcomargs.py took 0.466 seconds
[2024-12-04T23:59:50.565+0000] {processor.py:186} INFO - Started process (PID=325) to work on /home/airflow/.local/lib/python3.12/site-packages/airflow/example_dags/example_xcomargs.py
[2024-12-04T23:59:50.568+0000] {processor.py:914} INFO - Processing file /home/airflow/.local/lib/python3.12/site-packages/airflow/example_dags/example_xcomargs.py for tasks to queue
[2024-12-04T23:59:50.572+0000] {logging_mixin.py:190} INFO - [2024-12-04T23:59:50.571+0000] {dagbag.py:588} INFO - Filling up the DagBag from /home/airflow/.local/lib/python3.12/site-packages/airflow/example_dags/example_xcomargs.py
[2024-12-04T23:59:50.620+0000] {processor.py:925} INFO - DAG(s) 'example_xcom_args_with_operators', 'example_xcom_args' retrieved from /home/airflow/.local/lib/python3.12/site-packages/airflow/example_dags/example_xcomargs.py
[2024-12-04T23:59:50.704+0000] {logging_mixin.py:190} INFO - [2024-12-04T23:59:50.703+0000] {dag.py:3239} INFO - Sync 2 DAGs
[2024-12-04T23:59:50.809+0000] {logging_mixin.py:190} INFO - [2024-12-04T23:59:50.809+0000] {dag.py:4180} INFO - Setting next_dagrun for example_xcom_args to None, run_after=None
[2024-12-04T23:59:50.841+0000] {logging_mixin.py:190} INFO - [2024-12-04T23:59:50.841+0000] {dag.py:4180} INFO - Setting next_dagrun for example_xcom_args_with_operators to None, run_after=None
[2024-12-04T23:59:50.914+0000] {processor.py:208} INFO - Processing /home/airflow/.local/lib/python3.12/site-packages/airflow/example_dags/example_xcomargs.py took 0.391 seconds
