[2024-12-04T23:58:27.428+0000] {processor.py:186} INFO - Started process (PID=177) to work on /home/airflow/.local/lib/python3.12/site-packages/airflow/example_dags/example_sensors.py
[2024-12-04T23:58:27.435+0000] {processor.py:914} INFO - Processing file /home/airflow/.local/lib/python3.12/site-packages/airflow/example_dags/example_sensors.py for tasks to queue
[2024-12-04T23:58:27.457+0000] {logging_mixin.py:190} INFO - [2024-12-04T23:58:27.455+0000] {dagbag.py:588} INFO - Filling up the DagBag from /home/airflow/.local/lib/python3.12/site-packages/airflow/example_dags/example_sensors.py
[2024-12-04T23:58:27.669+0000] {processor.py:925} INFO - DAG(s) 'example_sensors' retrieved from /home/airflow/.local/lib/python3.12/site-packages/airflow/example_dags/example_sensors.py
[2024-12-04T23:58:27.888+0000] {logging_mixin.py:190} INFO - [2024-12-04T23:58:27.888+0000] {dag.py:3239} INFO - Sync 1 DAGs
[2024-12-04T23:58:27.997+0000] {logging_mixin.py:190} INFO - [2024-12-04T23:58:27.997+0000] {dag.py:4180} INFO - Setting next_dagrun for example_sensors to None, run_after=None
[2024-12-04T23:58:28.217+0000] {processor.py:208} INFO - Processing /home/airflow/.local/lib/python3.12/site-packages/airflow/example_dags/example_sensors.py took 0.850 seconds
[2024-12-04T23:59:00.796+0000] {processor.py:186} INFO - Started process (PID=241) to work on /home/airflow/.local/lib/python3.12/site-packages/airflow/example_dags/example_sensors.py
[2024-12-04T23:59:00.799+0000] {processor.py:914} INFO - Processing file /home/airflow/.local/lib/python3.12/site-packages/airflow/example_dags/example_sensors.py for tasks to queue
[2024-12-04T23:59:00.803+0000] {logging_mixin.py:190} INFO - [2024-12-04T23:59:00.802+0000] {dagbag.py:588} INFO - Filling up the DagBag from /home/airflow/.local/lib/python3.12/site-packages/airflow/example_dags/example_sensors.py
[2024-12-04T23:59:00.856+0000] {processor.py:925} INFO - DAG(s) 'example_sensors' retrieved from /home/airflow/.local/lib/python3.12/site-packages/airflow/example_dags/example_sensors.py
[2024-12-04T23:59:00.953+0000] {logging_mixin.py:190} INFO - [2024-12-04T23:59:00.952+0000] {dag.py:3239} INFO - Sync 1 DAGs
[2024-12-04T23:59:01.001+0000] {logging_mixin.py:190} INFO - [2024-12-04T23:59:01.001+0000] {dag.py:4180} INFO - Setting next_dagrun for example_sensors to None, run_after=None
[2024-12-04T23:59:01.059+0000] {processor.py:208} INFO - Processing /home/airflow/.local/lib/python3.12/site-packages/airflow/example_dags/example_sensors.py took 0.281 seconds
[2024-12-04T23:59:37.686+0000] {processor.py:186} INFO - Started process (PID=305) to work on /home/airflow/.local/lib/python3.12/site-packages/airflow/example_dags/example_sensors.py
[2024-12-04T23:59:37.688+0000] {processor.py:914} INFO - Processing file /home/airflow/.local/lib/python3.12/site-packages/airflow/example_dags/example_sensors.py for tasks to queue
[2024-12-04T23:59:37.692+0000] {logging_mixin.py:190} INFO - [2024-12-04T23:59:37.691+0000] {dagbag.py:588} INFO - Filling up the DagBag from /home/airflow/.local/lib/python3.12/site-packages/airflow/example_dags/example_sensors.py
[2024-12-04T23:59:37.739+0000] {processor.py:925} INFO - DAG(s) 'example_sensors' retrieved from /home/airflow/.local/lib/python3.12/site-packages/airflow/example_dags/example_sensors.py
[2024-12-04T23:59:37.832+0000] {logging_mixin.py:190} INFO - [2024-12-04T23:59:37.831+0000] {dag.py:3239} INFO - Sync 1 DAGs
[2024-12-04T23:59:37.887+0000] {logging_mixin.py:190} INFO - [2024-12-04T23:59:37.886+0000] {dag.py:4180} INFO - Setting next_dagrun for example_sensors to None, run_after=None
[2024-12-04T23:59:38.037+0000] {processor.py:208} INFO - Processing /home/airflow/.local/lib/python3.12/site-packages/airflow/example_dags/example_sensors.py took 0.370 seconds
