[2024-12-04T23:57:19.796+0000] {processor.py:186} INFO - Started process (PID=101) to work on /home/airflow/.local/lib/python3.12/site-packages/airflow/example_dags/example_sla_dag.py
[2024-12-04T23:57:19.813+0000] {processor.py:914} INFO - Processing file /home/airflow/.local/lib/python3.12/site-packages/airflow/example_dags/example_sla_dag.py for tasks to queue
[2024-12-04T23:57:19.826+0000] {logging_mixin.py:190} INFO - [2024-12-04T23:57:19.825+0000] {dagbag.py:588} INFO - Filling up the DagBag from /home/airflow/.local/lib/python3.12/site-packages/airflow/example_dags/example_sla_dag.py
[2024-12-04T23:57:19.963+0000] {processor.py:925} INFO - DAG(s) 'example_sla_dag' retrieved from /home/airflow/.local/lib/python3.12/site-packages/airflow/example_dags/example_sla_dag.py
[2024-12-04T23:57:20.118+0000] {logging_mixin.py:190} INFO - [2024-12-04T23:57:20.117+0000] {dag.py:3239} INFO - Sync 1 DAGs
[2024-12-04T23:57:20.238+0000] {logging_mixin.py:190} INFO - [2024-12-04T23:57:20.237+0000] {dag.py:4180} INFO - Setting next_dagrun for example_sla_dag to 2024-12-04 23:54:00+00:00, run_after=2024-12-04 23:56:00+00:00
[2024-12-04T23:57:20.381+0000] {processor.py:208} INFO - Processing /home/airflow/.local/lib/python3.12/site-packages/airflow/example_dags/example_sla_dag.py took 0.623 seconds
[2024-12-04T23:58:39.250+0000] {processor.py:186} INFO - Started process (PID=194) to work on /home/airflow/.local/lib/python3.12/site-packages/airflow/example_dags/example_sla_dag.py
[2024-12-04T23:58:39.256+0000] {processor.py:914} INFO - Processing file /home/airflow/.local/lib/python3.12/site-packages/airflow/example_dags/example_sla_dag.py for tasks to queue
[2024-12-04T23:58:39.269+0000] {logging_mixin.py:190} INFO - [2024-12-04T23:58:39.268+0000] {dagbag.py:588} INFO - Filling up the DagBag from /home/airflow/.local/lib/python3.12/site-packages/airflow/example_dags/example_sla_dag.py
[2024-12-04T23:58:39.354+0000] {processor.py:925} INFO - DAG(s) 'example_sla_dag' retrieved from /home/airflow/.local/lib/python3.12/site-packages/airflow/example_dags/example_sla_dag.py
[2024-12-04T23:58:39.606+0000] {logging_mixin.py:190} INFO - [2024-12-04T23:58:39.604+0000] {dag.py:3239} INFO - Sync 1 DAGs
[2024-12-04T23:58:39.917+0000] {logging_mixin.py:190} INFO - [2024-12-04T23:58:39.916+0000] {dag.py:4180} INFO - Setting next_dagrun for example_sla_dag to 2024-12-04 23:56:00+00:00, run_after=2024-12-04 23:58:00+00:00
[2024-12-04T23:58:40.044+0000] {processor.py:208} INFO - Processing /home/airflow/.local/lib/python3.12/site-packages/airflow/example_dags/example_sla_dag.py took 0.837 seconds
[2024-12-04T23:59:10.413+0000] {processor.py:186} INFO - Started process (PID=257) to work on /home/airflow/.local/lib/python3.12/site-packages/airflow/example_dags/example_sla_dag.py
[2024-12-04T23:59:10.419+0000] {processor.py:914} INFO - Processing file /home/airflow/.local/lib/python3.12/site-packages/airflow/example_dags/example_sla_dag.py for tasks to queue
[2024-12-04T23:59:10.434+0000] {logging_mixin.py:190} INFO - [2024-12-04T23:59:10.431+0000] {dagbag.py:588} INFO - Filling up the DagBag from /home/airflow/.local/lib/python3.12/site-packages/airflow/example_dags/example_sla_dag.py
[2024-12-04T23:59:10.480+0000] {processor.py:925} INFO - DAG(s) 'example_sla_dag' retrieved from /home/airflow/.local/lib/python3.12/site-packages/airflow/example_dags/example_sla_dag.py
[2024-12-04T23:59:10.600+0000] {logging_mixin.py:190} INFO - [2024-12-04T23:59:10.599+0000] {dag.py:3239} INFO - Sync 1 DAGs
[2024-12-04T23:59:10.701+0000] {logging_mixin.py:190} INFO - [2024-12-04T23:59:10.700+0000] {dag.py:4180} INFO - Setting next_dagrun for example_sla_dag to 2024-12-04 23:56:00+00:00, run_after=2024-12-04 23:58:00+00:00
[2024-12-04T23:59:10.769+0000] {processor.py:208} INFO - Processing /home/airflow/.local/lib/python3.12/site-packages/airflow/example_dags/example_sla_dag.py took 0.388 seconds
[2024-12-04T23:59:43.439+0000] {processor.py:186} INFO - Started process (PID=321) to work on /home/airflow/.local/lib/python3.12/site-packages/airflow/example_dags/example_sla_dag.py
[2024-12-04T23:59:43.480+0000] {processor.py:914} INFO - Processing file /home/airflow/.local/lib/python3.12/site-packages/airflow/example_dags/example_sla_dag.py for tasks to queue
[2024-12-04T23:59:43.484+0000] {logging_mixin.py:190} INFO - [2024-12-04T23:59:43.483+0000] {dagbag.py:588} INFO - Filling up the DagBag from /home/airflow/.local/lib/python3.12/site-packages/airflow/example_dags/example_sla_dag.py
[2024-12-04T23:59:43.687+0000] {processor.py:925} INFO - DAG(s) 'example_sla_dag' retrieved from /home/airflow/.local/lib/python3.12/site-packages/airflow/example_dags/example_sla_dag.py
[2024-12-04T23:59:43.953+0000] {logging_mixin.py:190} INFO - [2024-12-04T23:59:43.953+0000] {dag.py:3239} INFO - Sync 1 DAGs
[2024-12-04T23:59:44.133+0000] {logging_mixin.py:190} INFO - [2024-12-04T23:59:44.130+0000] {dag.py:4180} INFO - Setting next_dagrun for example_sla_dag to 2024-12-04 23:56:00+00:00, run_after=2024-12-04 23:58:00+00:00
[2024-12-04T23:59:44.237+0000] {processor.py:208} INFO - Processing /home/airflow/.local/lib/python3.12/site-packages/airflow/example_dags/example_sla_dag.py took 0.829 seconds
