[2024-12-04T23:58:31.201+0000] {processor.py:186} INFO - Started process (PID=181) to work on /home/airflow/.local/lib/python3.12/site-packages/airflow/example_dags/example_kubernetes_executor.py
[2024-12-04T23:58:31.207+0000] {processor.py:914} INFO - Processing file /home/airflow/.local/lib/python3.12/site-packages/airflow/example_dags/example_kubernetes_executor.py for tasks to queue
[2024-12-04T23:58:31.218+0000] {logging_mixin.py:190} INFO - [2024-12-04T23:58:31.217+0000] {dagbag.py:588} INFO - Filling up the DagBag from /home/airflow/.local/lib/python3.12/site-packages/airflow/example_dags/example_kubernetes_executor.py
[2024-12-04T23:58:31.368+0000] {processor.py:925} INFO - DAG(s) 'example_kubernetes_executor' retrieved from /home/airflow/.local/lib/python3.12/site-packages/airflow/example_dags/example_kubernetes_executor.py
[2024-12-04T23:58:31.636+0000] {logging_mixin.py:190} INFO - [2024-12-04T23:58:31.635+0000] {dag.py:3239} INFO - Sync 1 DAGs
[2024-12-04T23:58:31.795+0000] {logging_mixin.py:190} INFO - [2024-12-04T23:58:31.794+0000] {dag.py:4180} INFO - Setting next_dagrun for example_kubernetes_executor to None, run_after=None
[2024-12-04T23:58:31.969+0000] {processor.py:208} INFO - Processing /home/airflow/.local/lib/python3.12/site-packages/airflow/example_dags/example_kubernetes_executor.py took 0.823 seconds
[2024-12-04T23:59:02.781+0000] {processor.py:186} INFO - Started process (PID=245) to work on /home/airflow/.local/lib/python3.12/site-packages/airflow/example_dags/example_kubernetes_executor.py
[2024-12-04T23:59:02.783+0000] {processor.py:914} INFO - Processing file /home/airflow/.local/lib/python3.12/site-packages/airflow/example_dags/example_kubernetes_executor.py for tasks to queue
[2024-12-04T23:59:02.787+0000] {logging_mixin.py:190} INFO - [2024-12-04T23:59:02.786+0000] {dagbag.py:588} INFO - Filling up the DagBag from /home/airflow/.local/lib/python3.12/site-packages/airflow/example_dags/example_kubernetes_executor.py
[2024-12-04T23:59:02.842+0000] {processor.py:925} INFO - DAG(s) 'example_kubernetes_executor' retrieved from /home/airflow/.local/lib/python3.12/site-packages/airflow/example_dags/example_kubernetes_executor.py
[2024-12-04T23:59:02.978+0000] {logging_mixin.py:190} INFO - [2024-12-04T23:59:02.977+0000] {dag.py:3239} INFO - Sync 1 DAGs
[2024-12-04T23:59:03.060+0000] {logging_mixin.py:190} INFO - [2024-12-04T23:59:03.059+0000] {dag.py:4180} INFO - Setting next_dagrun for example_kubernetes_executor to None, run_after=None
[2024-12-04T23:59:03.152+0000] {processor.py:208} INFO - Processing /home/airflow/.local/lib/python3.12/site-packages/airflow/example_dags/example_kubernetes_executor.py took 0.393 seconds
[2024-12-04T23:59:39.252+0000] {processor.py:186} INFO - Started process (PID=309) to work on /home/airflow/.local/lib/python3.12/site-packages/airflow/example_dags/example_kubernetes_executor.py
[2024-12-04T23:59:39.254+0000] {processor.py:914} INFO - Processing file /home/airflow/.local/lib/python3.12/site-packages/airflow/example_dags/example_kubernetes_executor.py for tasks to queue
[2024-12-04T23:59:39.258+0000] {logging_mixin.py:190} INFO - [2024-12-04T23:59:39.256+0000] {dagbag.py:588} INFO - Filling up the DagBag from /home/airflow/.local/lib/python3.12/site-packages/airflow/example_dags/example_kubernetes_executor.py
[2024-12-04T23:59:39.370+0000] {processor.py:925} INFO - DAG(s) 'example_kubernetes_executor' retrieved from /home/airflow/.local/lib/python3.12/site-packages/airflow/example_dags/example_kubernetes_executor.py
[2024-12-04T23:59:39.466+0000] {logging_mixin.py:190} INFO - [2024-12-04T23:59:39.465+0000] {dag.py:3239} INFO - Sync 1 DAGs
[2024-12-04T23:59:39.526+0000] {logging_mixin.py:190} INFO - [2024-12-04T23:59:39.525+0000] {dag.py:4180} INFO - Setting next_dagrun for example_kubernetes_executor to None, run_after=None
[2024-12-04T23:59:39.734+0000] {processor.py:208} INFO - Processing /home/airflow/.local/lib/python3.12/site-packages/airflow/example_dags/example_kubernetes_executor.py took 0.498 seconds
