[2024-12-04T23:58:28.636+0000] {processor.py:186} INFO - Started process (PID=179) to work on /home/airflow/.local/lib/python3.12/site-packages/airflow/example_dags/example_branch_operator.py
[2024-12-04T23:58:28.670+0000] {processor.py:914} INFO - Processing file /home/airflow/.local/lib/python3.12/site-packages/airflow/example_dags/example_branch_operator.py for tasks to queue
[2024-12-04T23:58:28.688+0000] {logging_mixin.py:190} INFO - [2024-12-04T23:58:28.687+0000] {dagbag.py:588} INFO - Filling up the DagBag from /home/airflow/.local/lib/python3.12/site-packages/airflow/example_dags/example_branch_operator.py
[2024-12-04T23:58:28.984+0000] {processor.py:925} INFO - DAG(s) 'example_branch_operator' retrieved from /home/airflow/.local/lib/python3.12/site-packages/airflow/example_dags/example_branch_operator.py
[2024-12-04T23:58:30.432+0000] {logging_mixin.py:190} INFO - [2024-12-04T23:58:30.431+0000] {dag.py:3239} INFO - Sync 1 DAGs
[2024-12-04T23:58:30.698+0000] {logging_mixin.py:190} INFO - [2024-12-04T23:58:30.698+0000] {dag.py:4180} INFO - Setting next_dagrun for example_branch_operator to 2024-12-03 00:00:00+00:00, run_after=2024-12-04 00:00:00+00:00
[2024-12-04T23:58:30.920+0000] {processor.py:208} INFO - Processing /home/airflow/.local/lib/python3.12/site-packages/airflow/example_dags/example_branch_operator.py took 2.338 seconds
[2024-12-04T23:59:01.164+0000] {processor.py:186} INFO - Started process (PID=243) to work on /home/airflow/.local/lib/python3.12/site-packages/airflow/example_dags/example_branch_operator.py
[2024-12-04T23:59:01.166+0000] {processor.py:914} INFO - Processing file /home/airflow/.local/lib/python3.12/site-packages/airflow/example_dags/example_branch_operator.py for tasks to queue
[2024-12-04T23:59:01.169+0000] {logging_mixin.py:190} INFO - [2024-12-04T23:59:01.168+0000] {dagbag.py:588} INFO - Filling up the DagBag from /home/airflow/.local/lib/python3.12/site-packages/airflow/example_dags/example_branch_operator.py
[2024-12-04T23:59:01.221+0000] {processor.py:925} INFO - DAG(s) 'example_branch_operator' retrieved from /home/airflow/.local/lib/python3.12/site-packages/airflow/example_dags/example_branch_operator.py
[2024-12-04T23:59:01.327+0000] {logging_mixin.py:190} INFO - [2024-12-04T23:59:01.327+0000] {dag.py:3239} INFO - Sync 1 DAGs
[2024-12-04T23:59:01.467+0000] {logging_mixin.py:190} INFO - [2024-12-04T23:59:01.465+0000] {dag.py:4180} INFO - Setting next_dagrun for example_branch_operator to 2024-12-03 00:00:00+00:00, run_after=2024-12-04 00:00:00+00:00
[2024-12-04T23:59:01.535+0000] {processor.py:208} INFO - Processing /home/airflow/.local/lib/python3.12/site-packages/airflow/example_dags/example_branch_operator.py took 0.385 seconds
[2024-12-04T23:59:38.251+0000] {processor.py:186} INFO - Started process (PID=307) to work on /home/airflow/.local/lib/python3.12/site-packages/airflow/example_dags/example_branch_operator.py
[2024-12-04T23:59:38.279+0000] {processor.py:914} INFO - Processing file /home/airflow/.local/lib/python3.12/site-packages/airflow/example_dags/example_branch_operator.py for tasks to queue
[2024-12-04T23:59:38.285+0000] {logging_mixin.py:190} INFO - [2024-12-04T23:59:38.284+0000] {dagbag.py:588} INFO - Filling up the DagBag from /home/airflow/.local/lib/python3.12/site-packages/airflow/example_dags/example_branch_operator.py
[2024-12-04T23:59:38.521+0000] {processor.py:925} INFO - DAG(s) 'example_branch_operator' retrieved from /home/airflow/.local/lib/python3.12/site-packages/airflow/example_dags/example_branch_operator.py
[2024-12-04T23:59:38.748+0000] {logging_mixin.py:190} INFO - [2024-12-04T23:59:38.748+0000] {dag.py:3239} INFO - Sync 1 DAGs
[2024-12-04T23:59:38.915+0000] {logging_mixin.py:190} INFO - [2024-12-04T23:59:38.915+0000] {dag.py:4180} INFO - Setting next_dagrun for example_branch_operator to 2024-12-03 00:00:00+00:00, run_after=2024-12-04 00:00:00+00:00
[2024-12-04T23:59:39.005+0000] {processor.py:208} INFO - Processing /home/airflow/.local/lib/python3.12/site-packages/airflow/example_dags/example_branch_operator.py took 0.776 seconds
