[2024-12-04T23:58:23.564+0000] {processor.py:186} INFO - Started process (PID=167) to work on /home/airflow/.local/lib/python3.12/site-packages/airflow/example_dags/tutorial.py
[2024-12-04T23:58:23.570+0000] {processor.py:914} INFO - Processing file /home/airflow/.local/lib/python3.12/site-packages/airflow/example_dags/tutorial.py for tasks to queue
[2024-12-04T23:58:23.590+0000] {logging_mixin.py:190} INFO - [2024-12-04T23:58:23.589+0000] {dagbag.py:588} INFO - Filling up the DagBag from /home/airflow/.local/lib/python3.12/site-packages/airflow/example_dags/tutorial.py
[2024-12-04T23:58:23.681+0000] {processor.py:925} INFO - DAG(s) 'tutorial' retrieved from /home/airflow/.local/lib/python3.12/site-packages/airflow/example_dags/tutorial.py
[2024-12-04T23:58:23.928+0000] {logging_mixin.py:190} INFO - [2024-12-04T23:58:23.928+0000] {dag.py:3239} INFO - Sync 1 DAGs
[2024-12-04T23:58:24.183+0000] {logging_mixin.py:190} INFO - [2024-12-04T23:58:24.182+0000] {dag.py:4180} INFO - Setting next_dagrun for tutorial to 2024-12-03 00:00:00+00:00, run_after=2024-12-04 00:00:00+00:00
[2024-12-04T23:58:24.424+0000] {processor.py:208} INFO - Processing /home/airflow/.local/lib/python3.12/site-packages/airflow/example_dags/tutorial.py took 0.900 seconds
[2024-12-04T23:58:59.685+0000] {processor.py:186} INFO - Started process (PID=237) to work on /home/airflow/.local/lib/python3.12/site-packages/airflow/example_dags/tutorial.py
[2024-12-04T23:58:59.687+0000] {processor.py:914} INFO - Processing file /home/airflow/.local/lib/python3.12/site-packages/airflow/example_dags/tutorial.py for tasks to queue
[2024-12-04T23:58:59.691+0000] {logging_mixin.py:190} INFO - [2024-12-04T23:58:59.690+0000] {dagbag.py:588} INFO - Filling up the DagBag from /home/airflow/.local/lib/python3.12/site-packages/airflow/example_dags/tutorial.py
[2024-12-04T23:58:59.721+0000] {processor.py:925} INFO - DAG(s) 'tutorial' retrieved from /home/airflow/.local/lib/python3.12/site-packages/airflow/example_dags/tutorial.py
[2024-12-04T23:58:59.794+0000] {logging_mixin.py:190} INFO - [2024-12-04T23:58:59.793+0000] {dag.py:3239} INFO - Sync 1 DAGs
[2024-12-04T23:58:59.890+0000] {logging_mixin.py:190} INFO - [2024-12-04T23:58:59.890+0000] {dag.py:4180} INFO - Setting next_dagrun for tutorial to 2024-12-03 00:00:00+00:00, run_after=2024-12-04 00:00:00+00:00
[2024-12-04T23:58:59.984+0000] {processor.py:208} INFO - Processing /home/airflow/.local/lib/python3.12/site-packages/airflow/example_dags/tutorial.py took 0.314 seconds
[2024-12-04T23:59:36.281+0000] {processor.py:186} INFO - Started process (PID=301) to work on /home/airflow/.local/lib/python3.12/site-packages/airflow/example_dags/tutorial.py
[2024-12-04T23:59:36.295+0000] {processor.py:914} INFO - Processing file /home/airflow/.local/lib/python3.12/site-packages/airflow/example_dags/tutorial.py for tasks to queue
[2024-12-04T23:59:36.319+0000] {logging_mixin.py:190} INFO - [2024-12-04T23:59:36.318+0000] {dagbag.py:588} INFO - Filling up the DagBag from /home/airflow/.local/lib/python3.12/site-packages/airflow/example_dags/tutorial.py
[2024-12-04T23:59:36.386+0000] {processor.py:925} INFO - DAG(s) 'tutorial' retrieved from /home/airflow/.local/lib/python3.12/site-packages/airflow/example_dags/tutorial.py
[2024-12-04T23:59:36.477+0000] {logging_mixin.py:190} INFO - [2024-12-04T23:59:36.476+0000] {dag.py:3239} INFO - Sync 1 DAGs
[2024-12-04T23:59:36.597+0000] {logging_mixin.py:190} INFO - [2024-12-04T23:59:36.597+0000] {dag.py:4180} INFO - Setting next_dagrun for tutorial to 2024-12-03 00:00:00+00:00, run_after=2024-12-04 00:00:00+00:00
[2024-12-04T23:59:36.828+0000] {processor.py:208} INFO - Processing /home/airflow/.local/lib/python3.12/site-packages/airflow/example_dags/tutorial.py took 0.567 seconds
