[2024-12-04T23:58:17.840+0000] {processor.py:186} INFO - Started process (PID=161) to work on /home/airflow/.local/lib/python3.12/site-packages/airflow/example_dags/tutorial_dag.py
[2024-12-04T23:58:17.843+0000] {processor.py:914} INFO - Processing file /home/airflow/.local/lib/python3.12/site-packages/airflow/example_dags/tutorial_dag.py for tasks to queue
[2024-12-04T23:58:17.849+0000] {logging_mixin.py:190} INFO - [2024-12-04T23:58:17.848+0000] {dagbag.py:588} INFO - Filling up the DagBag from /home/airflow/.local/lib/python3.12/site-packages/airflow/example_dags/tutorial_dag.py
[2024-12-04T23:58:18.032+0000] {processor.py:925} INFO - DAG(s) 'tutorial_dag' retrieved from /home/airflow/.local/lib/python3.12/site-packages/airflow/example_dags/tutorial_dag.py
[2024-12-04T23:58:18.322+0000] {logging_mixin.py:190} INFO - [2024-12-04T23:58:18.321+0000] {dag.py:3239} INFO - Sync 1 DAGs
[2024-12-04T23:58:18.495+0000] {logging_mixin.py:190} INFO - [2024-12-04T23:58:18.495+0000] {dag.py:4180} INFO - Setting next_dagrun for tutorial_dag to None, run_after=None
[2024-12-04T23:58:18.612+0000] {processor.py:208} INFO - Processing /home/airflow/.local/lib/python3.12/site-packages/airflow/example_dags/tutorial_dag.py took 0.805 seconds
[2024-12-04T23:58:58.491+0000] {processor.py:186} INFO - Started process (PID=231) to work on /home/airflow/.local/lib/python3.12/site-packages/airflow/example_dags/tutorial_dag.py
[2024-12-04T23:58:58.494+0000] {processor.py:914} INFO - Processing file /home/airflow/.local/lib/python3.12/site-packages/airflow/example_dags/tutorial_dag.py for tasks to queue
[2024-12-04T23:58:58.498+0000] {logging_mixin.py:190} INFO - [2024-12-04T23:58:58.497+0000] {dagbag.py:588} INFO - Filling up the DagBag from /home/airflow/.local/lib/python3.12/site-packages/airflow/example_dags/tutorial_dag.py
[2024-12-04T23:58:58.522+0000] {processor.py:925} INFO - DAG(s) 'tutorial_dag' retrieved from /home/airflow/.local/lib/python3.12/site-packages/airflow/example_dags/tutorial_dag.py
[2024-12-04T23:58:58.590+0000] {logging_mixin.py:190} INFO - [2024-12-04T23:58:58.589+0000] {dag.py:3239} INFO - Sync 1 DAGs
[2024-12-04T23:58:58.642+0000] {logging_mixin.py:190} INFO - [2024-12-04T23:58:58.642+0000] {dag.py:4180} INFO - Setting next_dagrun for tutorial_dag to None, run_after=None
[2024-12-04T23:58:58.711+0000] {processor.py:208} INFO - Processing /home/airflow/.local/lib/python3.12/site-packages/airflow/example_dags/tutorial_dag.py took 0.245 seconds
[2024-12-04T23:59:34.482+0000] {processor.py:186} INFO - Started process (PID=295) to work on /home/airflow/.local/lib/python3.12/site-packages/airflow/example_dags/tutorial_dag.py
[2024-12-04T23:59:34.485+0000] {processor.py:914} INFO - Processing file /home/airflow/.local/lib/python3.12/site-packages/airflow/example_dags/tutorial_dag.py for tasks to queue
[2024-12-04T23:59:34.490+0000] {logging_mixin.py:190} INFO - [2024-12-04T23:59:34.489+0000] {dagbag.py:588} INFO - Filling up the DagBag from /home/airflow/.local/lib/python3.12/site-packages/airflow/example_dags/tutorial_dag.py
[2024-12-04T23:59:34.515+0000] {processor.py:925} INFO - DAG(s) 'tutorial_dag' retrieved from /home/airflow/.local/lib/python3.12/site-packages/airflow/example_dags/tutorial_dag.py
[2024-12-04T23:59:34.577+0000] {logging_mixin.py:190} INFO - [2024-12-04T23:59:34.577+0000] {dag.py:3239} INFO - Sync 1 DAGs
[2024-12-04T23:59:34.649+0000] {logging_mixin.py:190} INFO - [2024-12-04T23:59:34.649+0000] {dag.py:4180} INFO - Setting next_dagrun for tutorial_dag to None, run_after=None
[2024-12-04T23:59:34.829+0000] {processor.py:208} INFO - Processing /home/airflow/.local/lib/python3.12/site-packages/airflow/example_dags/tutorial_dag.py took 0.371 seconds
