[2024-12-04T23:57:44.575+0000] {processor.py:186} INFO - Started process (PID=129) to work on /home/airflow/.local/lib/python3.12/site-packages/airflow/example_dags/tutorial_taskflow_templates.py
[2024-12-04T23:57:44.594+0000] {processor.py:914} INFO - Processing file /home/airflow/.local/lib/python3.12/site-packages/airflow/example_dags/tutorial_taskflow_templates.py for tasks to queue
[2024-12-04T23:57:44.652+0000] {logging_mixin.py:190} INFO - [2024-12-04T23:57:44.651+0000] {dagbag.py:588} INFO - Filling up the DagBag from /home/airflow/.local/lib/python3.12/site-packages/airflow/example_dags/tutorial_taskflow_templates.py
[2024-12-04T23:57:44.839+0000] {processor.py:925} INFO - DAG(s) 'tutorial_taskflow_templates' retrieved from /home/airflow/.local/lib/python3.12/site-packages/airflow/example_dags/tutorial_taskflow_templates.py
[2024-12-04T23:57:45.414+0000] {logging_mixin.py:190} INFO - [2024-12-04T23:57:45.413+0000] {dag.py:3239} INFO - Sync 1 DAGs
[2024-12-04T23:57:46.444+0000] {logging_mixin.py:190} INFO - [2024-12-04T23:57:46.443+0000] {dag.py:4180} INFO - Setting next_dagrun for tutorial_taskflow_templates to 2024-12-03 00:00:00+00:00, run_after=2024-12-04 00:00:00+00:00
[2024-12-04T23:57:47.201+0000] {processor.py:208} INFO - Processing /home/airflow/.local/lib/python3.12/site-packages/airflow/example_dags/tutorial_taskflow_templates.py took 2.680 seconds
[2024-12-04T23:58:48.093+0000] {processor.py:186} INFO - Started process (PID=199) to work on /home/airflow/.local/lib/python3.12/site-packages/airflow/example_dags/tutorial_taskflow_templates.py
[2024-12-04T23:58:48.096+0000] {processor.py:914} INFO - Processing file /home/airflow/.local/lib/python3.12/site-packages/airflow/example_dags/tutorial_taskflow_templates.py for tasks to queue
[2024-12-04T23:58:48.110+0000] {logging_mixin.py:190} INFO - [2024-12-04T23:58:48.107+0000] {dagbag.py:588} INFO - Filling up the DagBag from /home/airflow/.local/lib/python3.12/site-packages/airflow/example_dags/tutorial_taskflow_templates.py
[2024-12-04T23:58:48.201+0000] {processor.py:925} INFO - DAG(s) 'tutorial_taskflow_templates' retrieved from /home/airflow/.local/lib/python3.12/site-packages/airflow/example_dags/tutorial_taskflow_templates.py
[2024-12-04T23:58:48.321+0000] {logging_mixin.py:190} INFO - [2024-12-04T23:58:48.315+0000] {dag.py:3239} INFO - Sync 1 DAGs
[2024-12-04T23:58:48.484+0000] {logging_mixin.py:190} INFO - [2024-12-04T23:58:48.484+0000] {dag.py:4180} INFO - Setting next_dagrun for tutorial_taskflow_templates to 2024-12-03 00:00:00+00:00, run_after=2024-12-04 00:00:00+00:00
[2024-12-04T23:58:48.621+0000] {processor.py:208} INFO - Processing /home/airflow/.local/lib/python3.12/site-packages/airflow/example_dags/tutorial_taskflow_templates.py took 0.558 seconds
[2024-12-04T23:59:20.926+0000] {processor.py:186} INFO - Started process (PID=263) to work on /home/airflow/.local/lib/python3.12/site-packages/airflow/example_dags/tutorial_taskflow_templates.py
[2024-12-04T23:59:20.950+0000] {processor.py:914} INFO - Processing file /home/airflow/.local/lib/python3.12/site-packages/airflow/example_dags/tutorial_taskflow_templates.py for tasks to queue
[2024-12-04T23:59:20.953+0000] {logging_mixin.py:190} INFO - [2024-12-04T23:59:20.953+0000] {dagbag.py:588} INFO - Filling up the DagBag from /home/airflow/.local/lib/python3.12/site-packages/airflow/example_dags/tutorial_taskflow_templates.py
[2024-12-04T23:59:21.002+0000] {processor.py:925} INFO - DAG(s) 'tutorial_taskflow_templates' retrieved from /home/airflow/.local/lib/python3.12/site-packages/airflow/example_dags/tutorial_taskflow_templates.py
[2024-12-04T23:59:21.087+0000] {logging_mixin.py:190} INFO - [2024-12-04T23:59:21.086+0000] {dag.py:3239} INFO - Sync 1 DAGs
[2024-12-04T23:59:21.369+0000] {logging_mixin.py:190} INFO - [2024-12-04T23:59:21.368+0000] {dag.py:4180} INFO - Setting next_dagrun for tutorial_taskflow_templates to 2024-12-03 00:00:00+00:00, run_after=2024-12-04 00:00:00+00:00
[2024-12-04T23:59:21.444+0000] {processor.py:208} INFO - Processing /home/airflow/.local/lib/python3.12/site-packages/airflow/example_dags/tutorial_taskflow_templates.py took 0.535 seconds
[2024-12-04T23:59:54.504+0000] {processor.py:186} INFO - Started process (PID=327) to work on /home/airflow/.local/lib/python3.12/site-packages/airflow/example_dags/tutorial_taskflow_templates.py
[2024-12-04T23:59:54.507+0000] {processor.py:914} INFO - Processing file /home/airflow/.local/lib/python3.12/site-packages/airflow/example_dags/tutorial_taskflow_templates.py for tasks to queue
[2024-12-04T23:59:54.524+0000] {logging_mixin.py:190} INFO - [2024-12-04T23:59:54.510+0000] {dagbag.py:588} INFO - Filling up the DagBag from /home/airflow/.local/lib/python3.12/site-packages/airflow/example_dags/tutorial_taskflow_templates.py
[2024-12-04T23:59:54.715+0000] {processor.py:925} INFO - DAG(s) 'tutorial_taskflow_templates' retrieved from /home/airflow/.local/lib/python3.12/site-packages/airflow/example_dags/tutorial_taskflow_templates.py
[2024-12-04T23:59:55.043+0000] {logging_mixin.py:190} INFO - [2024-12-04T23:59:55.043+0000] {dag.py:3239} INFO - Sync 1 DAGs
[2024-12-04T23:59:55.448+0000] {logging_mixin.py:190} INFO - [2024-12-04T23:59:55.448+0000] {dag.py:4180} INFO - Setting next_dagrun for tutorial_taskflow_templates to 2024-12-03 00:00:00+00:00, run_after=2024-12-04 00:00:00+00:00
[2024-12-04T23:59:55.673+0000] {processor.py:208} INFO - Processing /home/airflow/.local/lib/python3.12/site-packages/airflow/example_dags/tutorial_taskflow_templates.py took 1.234 seconds
