[2024-12-05T00:18:58.013+0000] {local_task_job_runner.py:123} INFO - ::group::Pre task execution logs
[2024-12-05T00:18:58.279+0000] {taskinstance.py:2613} INFO - Dependencies all met for dep_context=non-requeueable deps ti=<TaskInstance: class_act_7_pipeline.preprocess_data scheduled__2024-10-14T06:00:00+00:00 [queued]>
[2024-12-05T00:18:58.431+0000] {taskinstance.py:2613} INFO - Dependencies all met for dep_context=requeueable deps ti=<TaskInstance: class_act_7_pipeline.preprocess_data scheduled__2024-10-14T06:00:00+00:00 [queued]>
[2024-12-05T00:18:58.433+0000] {taskinstance.py:2866} INFO - Starting attempt 1 of 4
[2024-12-05T00:18:58.663+0000] {taskinstance.py:2889} INFO - Executing <Task(PythonOperator): preprocess_data> on 2024-10-14 06:00:00+00:00
[2024-12-05T00:18:58.739+0000] {warnings.py:112} WARNING - /home/***/.local/lib/python3.12/site-packages/***/task/task_runner/standard_task_runner.py:70: DeprecationWarning: This process (pid=1343) is multi-threaded, use of fork() may lead to deadlocks in the child.
  pid = os.fork()

[2024-12-05T00:18:58.752+0000] {standard_task_runner.py:72} INFO - Started process 1477 to run task
[2024-12-05T00:18:58.789+0000] {standard_task_runner.py:104} INFO - Running: ['***', 'tasks', 'run', 'class_act_7_pipeline', 'preprocess_data', 'scheduled__2024-10-14T06:00:00+00:00', '--job-id', '195', '--raw', '--subdir', 'DAGS_FOLDER/***_pipeline.py', '--cfg-path', '/tmp/tmpzac_rjba']
[2024-12-05T00:18:58.820+0000] {standard_task_runner.py:105} INFO - Job 195: Subtask preprocess_data
[2024-12-05T00:18:59.247+0000] {task_command.py:467} INFO - Running <TaskInstance: class_act_7_pipeline.preprocess_data scheduled__2024-10-14T06:00:00+00:00 [running]> on host cff371549a6e
[2024-12-05T00:19:01.400+0000] {taskinstance.py:3132} INFO - Exporting env vars: AIRFLOW_CTX_DAG_EMAIL='abdulrahmanbutt7273@gmail.com' AIRFLOW_CTX_DAG_OWNER='***' AIRFLOW_CTX_DAG_ID='class_act_7_pipeline' AIRFLOW_CTX_TASK_ID='preprocess_data' AIRFLOW_CTX_EXECUTION_DATE='2024-10-14T06:00:00+00:00' AIRFLOW_CTX_TRY_NUMBER='1' AIRFLOW_CTX_DAG_RUN_ID='scheduled__2024-10-14T06:00:00+00:00'
[2024-12-05T00:19:01.410+0000] {logging_mixin.py:190} INFO - Task instance is in running state
[2024-12-05T00:19:01.416+0000] {logging_mixin.py:190} INFO -  Previous state of the Task instance: queued
[2024-12-05T00:19:01.418+0000] {logging_mixin.py:190} INFO - Current task name:preprocess_data state:running start_date:2024-12-05 00:18:58.282215+00:00
[2024-12-05T00:19:01.432+0000] {logging_mixin.py:190} INFO - Dag name:class_act_7_pipeline and current dag run status:running
[2024-12-05T00:19:01.433+0000] {taskinstance.py:731} INFO - ::endgroup::
[2024-12-05T00:19:01.720+0000] {python.py:240} INFO - Done. Returned value was: None
[2024-12-05T00:19:01.829+0000] {taskinstance.py:340} INFO - ::group::Post task execution logs
[2024-12-05T00:19:01.847+0000] {taskinstance.py:352} INFO - Marking task as SUCCESS. dag_id=class_act_7_pipeline, task_id=preprocess_data, run_id=scheduled__2024-10-14T06:00:00+00:00, execution_date=20241014T060000, start_date=20241205T001858, end_date=20241205T001901
[2024-12-05T00:19:02.012+0000] {logging_mixin.py:190} INFO - Task instance in success state
[2024-12-05T00:19:02.035+0000] {logging_mixin.py:190} INFO -  Previous state of the Task instance: running
[2024-12-05T00:19:02.038+0000] {logging_mixin.py:190} INFO - Dag name:class_act_7_pipeline queued_at:2024-12-05 00:17:29.174313+00:00
[2024-12-05T00:19:02.045+0000] {logging_mixin.py:190} INFO - Task hostname:cff371549a6e operator:PythonOperator
[2024-12-05T00:19:02.245+0000] {local_task_job_runner.py:266} INFO - Task exited with return code 0
[2024-12-05T00:19:02.425+0000] {local_task_job_runner.py:245} INFO - ::endgroup::
