[2024-12-05T00:23:06.142+0000] {local_task_job_runner.py:123} INFO - ::group::Pre task execution logs
[2024-12-05T00:23:06.417+0000] {taskinstance.py:2613} INFO - Dependencies all met for dep_context=non-requeueable deps ti=<TaskInstance: class_act_7_pipeline.preprocess_data scheduled__2024-10-15T08:00:00+00:00 [queued]>
[2024-12-05T00:23:06.726+0000] {taskinstance.py:2613} INFO - Dependencies all met for dep_context=requeueable deps ti=<TaskInstance: class_act_7_pipeline.preprocess_data scheduled__2024-10-15T08:00:00+00:00 [queued]>
[2024-12-05T00:23:06.735+0000] {taskinstance.py:2866} INFO - Starting attempt 1 of 4
[2024-12-05T00:23:07.369+0000] {taskinstance.py:2889} INFO - Executing <Task(PythonOperator): preprocess_data> on 2024-10-15 08:00:00+00:00
[2024-12-05T00:23:07.712+0000] {standard_task_runner.py:104} INFO - Running: ['***', 'tasks', 'run', 'class_act_7_pipeline', 'preprocess_data', 'scheduled__2024-10-15T08:00:00+00:00', '--job-id', '250', '--raw', '--subdir', 'DAGS_FOLDER/***_pipeline.py', '--cfg-path', '/tmp/tmpd0srx0t5']
[2024-12-05T00:23:07.727+0000] {standard_task_runner.py:105} INFO - Job 250: Subtask preprocess_data
[2024-12-05T00:23:07.635+0000] {warnings.py:112} WARNING - /home/***/.local/lib/python3.12/site-packages/***/task/task_runner/standard_task_runner.py:70: DeprecationWarning: This process (pid=1907) is multi-threaded, use of fork() may lead to deadlocks in the child.
  pid = os.fork()

[2024-12-05T00:23:07.851+0000] {standard_task_runner.py:72} INFO - Started process 2031 to run task
[2024-12-05T00:23:08.769+0000] {task_command.py:467} INFO - Running <TaskInstance: class_act_7_pipeline.preprocess_data scheduled__2024-10-15T08:00:00+00:00 [running]> on host cff371549a6e
[2024-12-05T00:23:10.862+0000] {taskinstance.py:3132} INFO - Exporting env vars: AIRFLOW_CTX_DAG_EMAIL='abdulrahmanbutt7273@gmail.com' AIRFLOW_CTX_DAG_OWNER='***' AIRFLOW_CTX_DAG_ID='class_act_7_pipeline' AIRFLOW_CTX_TASK_ID='preprocess_data' AIRFLOW_CTX_EXECUTION_DATE='2024-10-15T08:00:00+00:00' AIRFLOW_CTX_TRY_NUMBER='1' AIRFLOW_CTX_DAG_RUN_ID='scheduled__2024-10-15T08:00:00+00:00'
[2024-12-05T00:23:10.881+0000] {logging_mixin.py:190} INFO - Task instance is in running state
[2024-12-05T00:23:10.896+0000] {logging_mixin.py:190} INFO -  Previous state of the Task instance: queued
[2024-12-05T00:23:10.908+0000] {logging_mixin.py:190} INFO - Current task name:preprocess_data state:running start_date:2024-12-05 00:23:06.432589+00:00
[2024-12-05T00:23:10.918+0000] {logging_mixin.py:190} INFO - Dag name:class_act_7_pipeline and current dag run status:running
[2024-12-05T00:23:10.930+0000] {taskinstance.py:731} INFO - ::endgroup::
[2024-12-05T00:23:11.270+0000] {python.py:240} INFO - Done. Returned value was: None
[2024-12-05T00:23:11.402+0000] {taskinstance.py:340} INFO - ::group::Post task execution logs
[2024-12-05T00:23:11.405+0000] {taskinstance.py:352} INFO - Marking task as SUCCESS. dag_id=class_act_7_pipeline, task_id=preprocess_data, run_id=scheduled__2024-10-15T08:00:00+00:00, execution_date=20241015T080000, start_date=20241205T002306, end_date=20241205T002311
[2024-12-05T00:23:11.484+0000] {logging_mixin.py:190} INFO - Task instance in success state
[2024-12-05T00:23:11.493+0000] {logging_mixin.py:190} INFO -  Previous state of the Task instance: running
[2024-12-05T00:23:11.494+0000] {logging_mixin.py:190} INFO - Dag name:class_act_7_pipeline queued_at:2024-12-05 00:21:20.272311+00:00
[2024-12-05T00:23:11.500+0000] {logging_mixin.py:190} INFO - Task hostname:cff371549a6e operator:PythonOperator
[2024-12-05T00:23:11.660+0000] {local_task_job_runner.py:266} INFO - Task exited with return code 0
[2024-12-05T00:23:11.847+0000] {taskinstance.py:3895} INFO - 0 downstream tasks scheduled from follow-on schedule check
[2024-12-05T00:23:11.862+0000] {local_task_job_runner.py:245} INFO - ::endgroup::
