[2024-12-05T00:10:45.839+0000] {local_task_job_runner.py:123} INFO - ::group::Pre task execution logs
[2024-12-05T00:10:46.327+0000] {taskinstance.py:2613} INFO - Dependencies all met for dep_context=non-requeueable deps ti=<TaskInstance: class_act_7_pipeline.preprocess_data scheduled__2024-10-11T22:00:00+00:00 [queued]>
[2024-12-05T00:10:46.442+0000] {taskinstance.py:2613} INFO - Dependencies all met for dep_context=requeueable deps ti=<TaskInstance: class_act_7_pipeline.preprocess_data scheduled__2024-10-11T22:00:00+00:00 [queued]>
[2024-12-05T00:10:46.455+0000] {taskinstance.py:2866} INFO - Starting attempt 2 of 4
[2024-12-05T00:10:46.696+0000] {taskinstance.py:2889} INFO - Executing <Task(PythonOperator): preprocess_data> on 2024-10-11 22:00:00+00:00
[2024-12-05T00:10:46.906+0000] {warnings.py:112} WARNING - /home/***/.local/lib/python3.12/site-packages/***/task/task_runner/standard_task_runner.py:70: DeprecationWarning: This process (pid=167) is multi-threaded, use of fork() may lead to deadlocks in the child.
  pid = os.fork()

[2024-12-05T00:10:47.000+0000] {standard_task_runner.py:72} INFO - Started process 321 to run task
[2024-12-05T00:10:46.930+0000] {standard_task_runner.py:104} INFO - Running: ['***', 'tasks', 'run', 'class_act_7_pipeline', 'preprocess_data', 'scheduled__2024-10-11T22:00:00+00:00', '--job-id', '99', '--raw', '--subdir', 'DAGS_FOLDER/***_pipeline.py', '--cfg-path', '/tmp/tmpdn6rrvkb']
[2024-12-05T00:10:47.125+0000] {standard_task_runner.py:105} INFO - Job 99: Subtask preprocess_data
[2024-12-05T00:10:48.107+0000] {task_command.py:467} INFO - Running <TaskInstance: class_act_7_pipeline.preprocess_data scheduled__2024-10-11T22:00:00+00:00 [running]> on host cff371549a6e
[2024-12-05T00:10:50.281+0000] {taskinstance.py:3132} INFO - Exporting env vars: AIRFLOW_CTX_DAG_EMAIL='abdulrahmanbutt7273@gmail.com' AIRFLOW_CTX_DAG_OWNER='***' AIRFLOW_CTX_DAG_ID='class_act_7_pipeline' AIRFLOW_CTX_TASK_ID='preprocess_data' AIRFLOW_CTX_EXECUTION_DATE='2024-10-11T22:00:00+00:00' AIRFLOW_CTX_TRY_NUMBER='2' AIRFLOW_CTX_DAG_RUN_ID='scheduled__2024-10-11T22:00:00+00:00'
[2024-12-05T00:10:50.327+0000] {logging_mixin.py:190} INFO - Task instance is in running state
[2024-12-05T00:10:50.334+0000] {logging_mixin.py:190} INFO -  Previous state of the Task instance: queued
[2024-12-05T00:10:50.344+0000] {logging_mixin.py:190} INFO - Current task name:preprocess_data state:running start_date:2024-12-05 00:10:46.349426+00:00
[2024-12-05T00:10:50.350+0000] {logging_mixin.py:190} INFO - Dag name:class_act_7_pipeline and current dag run status:running
[2024-12-05T00:10:50.355+0000] {taskinstance.py:731} INFO - ::endgroup::
[2024-12-05T00:10:50.778+0000] {python.py:240} INFO - Done. Returned value was: None
[2024-12-05T00:10:50.846+0000] {taskinstance.py:340} INFO - ::group::Post task execution logs
[2024-12-05T00:10:50.849+0000] {taskinstance.py:352} INFO - Marking task as SUCCESS. dag_id=class_act_7_pipeline, task_id=preprocess_data, run_id=scheduled__2024-10-11T22:00:00+00:00, execution_date=20241011T220000, start_date=20241205T001046, end_date=20241205T001050
[2024-12-05T00:10:51.237+0000] {logging_mixin.py:190} INFO - Task instance in success state
[2024-12-05T00:10:51.310+0000] {logging_mixin.py:190} INFO -  Previous state of the Task instance: running
[2024-12-05T00:10:51.358+0000] {logging_mixin.py:190} INFO - Dag name:class_act_7_pipeline queued_at:2024-11-26 15:12:27.511608+00:00
[2024-12-05T00:10:51.397+0000] {logging_mixin.py:190} INFO - Task hostname:cff371549a6e operator:PythonOperator
[2024-12-05T00:10:51.632+0000] {local_task_job_runner.py:266} INFO - Task exited with return code 0
[2024-12-05T00:10:51.727+0000] {local_task_job_runner.py:245} INFO - ::endgroup::
