[2024-12-05T00:12:45.520+0000] {local_task_job_runner.py:123} INFO - ::group::Pre task execution logs
[2024-12-05T00:12:46.768+0000] {taskinstance.py:2613} INFO - Dependencies all met for dep_context=non-requeueable deps ti=<TaskInstance: class_act_7_pipeline.preprocess_data scheduled__2024-10-12T21:00:00+00:00 [queued]>
[2024-12-05T00:12:47.638+0000] {taskinstance.py:2613} INFO - Dependencies all met for dep_context=requeueable deps ti=<TaskInstance: class_act_7_pipeline.preprocess_data scheduled__2024-10-12T21:00:00+00:00 [queued]>
[2024-12-05T00:12:47.662+0000] {taskinstance.py:2866} INFO - Starting attempt 1 of 4
[2024-12-05T00:12:49.162+0000] {taskinstance.py:2889} INFO - Executing <Task(PythonOperator): preprocess_data> on 2024-10-12 21:00:00+00:00
[2024-12-05T00:12:49.367+0000] {warnings.py:112} WARNING - /home/***/.local/lib/python3.12/site-packages/***/task/task_runner/standard_task_runner.py:70: DeprecationWarning: This process (pid=496) is multi-threaded, use of fork() may lead to deadlocks in the child.
  pid = os.fork()

[2024-12-05T00:12:49.421+0000] {standard_task_runner.py:72} INFO - Started process 575 to run task
[2024-12-05T00:12:49.922+0000] {standard_task_runner.py:104} INFO - Running: ['***', 'tasks', 'run', 'class_act_7_pipeline', 'preprocess_data', 'scheduled__2024-10-12T21:00:00+00:00', '--job-id', '120', '--raw', '--subdir', 'DAGS_FOLDER/***_pipeline.py', '--cfg-path', '/tmp/tmp768byq00']
[2024-12-05T00:12:49.975+0000] {standard_task_runner.py:105} INFO - Job 120: Subtask preprocess_data
[2024-12-05T00:12:52.403+0000] {task_command.py:467} INFO - Running <TaskInstance: class_act_7_pipeline.preprocess_data scheduled__2024-10-12T21:00:00+00:00 [running]> on host cff371549a6e
[2024-12-05T00:12:53.428+0000] {taskinstance.py:3132} INFO - Exporting env vars: AIRFLOW_CTX_DAG_EMAIL='abdulrahmanbutt7273@gmail.com' AIRFLOW_CTX_DAG_OWNER='***' AIRFLOW_CTX_DAG_ID='class_act_7_pipeline' AIRFLOW_CTX_TASK_ID='preprocess_data' AIRFLOW_CTX_EXECUTION_DATE='2024-10-12T21:00:00+00:00' AIRFLOW_CTX_TRY_NUMBER='1' AIRFLOW_CTX_DAG_RUN_ID='scheduled__2024-10-12T21:00:00+00:00'
[2024-12-05T00:12:53.507+0000] {logging_mixin.py:190} INFO - Task instance is in running state
[2024-12-05T00:12:53.571+0000] {logging_mixin.py:190} INFO -  Previous state of the Task instance: queued
[2024-12-05T00:12:53.609+0000] {logging_mixin.py:190} INFO - Current task name:preprocess_data state:running start_date:2024-12-05 00:12:46.785880+00:00
[2024-12-05T00:12:53.629+0000] {logging_mixin.py:190} INFO - Dag name:class_act_7_pipeline and current dag run status:running
[2024-12-05T00:12:53.649+0000] {taskinstance.py:731} INFO - ::endgroup::
[2024-12-05T00:12:54.118+0000] {python.py:240} INFO - Done. Returned value was: None
[2024-12-05T00:12:54.530+0000] {taskinstance.py:340} INFO - ::group::Post task execution logs
[2024-12-05T00:12:54.569+0000] {taskinstance.py:352} INFO - Marking task as SUCCESS. dag_id=class_act_7_pipeline, task_id=preprocess_data, run_id=scheduled__2024-10-12T21:00:00+00:00, execution_date=20241012T210000, start_date=20241205T001246, end_date=20241205T001254
[2024-12-05T00:12:54.944+0000] {logging_mixin.py:190} INFO - Task instance in success state
[2024-12-05T00:12:54.998+0000] {logging_mixin.py:190} INFO -  Previous state of the Task instance: running
[2024-12-05T00:12:55.001+0000] {logging_mixin.py:190} INFO - Dag name:class_act_7_pipeline queued_at:2024-12-05 00:11:23.821204+00:00
[2024-12-05T00:12:55.006+0000] {logging_mixin.py:190} INFO - Task hostname:cff371549a6e operator:PythonOperator
[2024-12-05T00:12:55.439+0000] {job.py:229} INFO - Heartbeat recovered after 12.66 seconds
[2024-12-05T00:12:55.805+0000] {local_task_job_runner.py:266} INFO - Task exited with return code 0
[2024-12-05T00:12:56.059+0000] {local_task_job_runner.py:245} INFO - ::endgroup::
