[2024-12-05T00:14:48.822+0000] {local_task_job_runner.py:123} INFO - ::group::Pre task execution logs
[2024-12-05T00:14:49.580+0000] {taskinstance.py:2613} INFO - Dependencies all met for dep_context=non-requeueable deps ti=<TaskInstance: class_act_7_pipeline.collect_data scheduled__2024-10-13T05:00:00+00:00 [queued]>
[2024-12-05T00:14:49.788+0000] {taskinstance.py:2613} INFO - Dependencies all met for dep_context=requeueable deps ti=<TaskInstance: class_act_7_pipeline.collect_data scheduled__2024-10-13T05:00:00+00:00 [queued]>
[2024-12-05T00:14:49.790+0000] {taskinstance.py:2866} INFO - Starting attempt 1 of 4
[2024-12-05T00:14:50.238+0000] {taskinstance.py:2889} INFO - Executing <Task(PythonOperator): collect_data> on 2024-10-13 05:00:00+00:00
[2024-12-05T00:14:50.287+0000] {warnings.py:112} WARNING - /home/***/.local/lib/python3.12/site-packages/***/task/task_runner/standard_task_runner.py:70: DeprecationWarning: This process (pid=685) is multi-threaded, use of fork() may lead to deadlocks in the child.
  pid = os.fork()

[2024-12-05T00:14:50.307+0000] {standard_task_runner.py:72} INFO - Started process 827 to run task
[2024-12-05T00:14:50.323+0000] {standard_task_runner.py:104} INFO - Running: ['***', 'tasks', 'run', 'class_act_7_pipeline', 'collect_data', 'scheduled__2024-10-13T05:00:00+00:00', '--job-id', '145', '--raw', '--subdir', 'DAGS_FOLDER/***_pipeline.py', '--cfg-path', '/tmp/tmp2t2vtrlk']
[2024-12-05T00:14:50.336+0000] {standard_task_runner.py:105} INFO - Job 145: Subtask collect_data
[2024-12-05T00:14:50.907+0000] {task_command.py:467} INFO - Running <TaskInstance: class_act_7_pipeline.collect_data scheduled__2024-10-13T05:00:00+00:00 [running]> on host cff371549a6e
[2024-12-05T00:14:52.545+0000] {taskinstance.py:3132} INFO - Exporting env vars: AIRFLOW_CTX_DAG_EMAIL='abdulrahmanbutt7273@gmail.com' AIRFLOW_CTX_DAG_OWNER='***' AIRFLOW_CTX_DAG_ID='class_act_7_pipeline' AIRFLOW_CTX_TASK_ID='collect_data' AIRFLOW_CTX_EXECUTION_DATE='2024-10-13T05:00:00+00:00' AIRFLOW_CTX_TRY_NUMBER='1' AIRFLOW_CTX_DAG_RUN_ID='scheduled__2024-10-13T05:00:00+00:00'
[2024-12-05T00:14:52.584+0000] {logging_mixin.py:190} INFO - Task instance is in running state
[2024-12-05T00:14:52.601+0000] {logging_mixin.py:190} INFO -  Previous state of the Task instance: queued
[2024-12-05T00:14:52.620+0000] {logging_mixin.py:190} INFO - Current task name:collect_data state:running start_date:2024-12-05 00:14:49.644150+00:00
[2024-12-05T00:14:52.621+0000] {logging_mixin.py:190} INFO - Dag name:class_act_7_pipeline and current dag run status:running
[2024-12-05T00:14:52.633+0000] {taskinstance.py:731} INFO - ::endgroup::
[2024-12-05T00:14:53.715+0000] {python.py:240} INFO - Done. Returned value was: None
[2024-12-05T00:14:53.879+0000] {taskinstance.py:340} INFO - ::group::Post task execution logs
[2024-12-05T00:14:53.896+0000] {taskinstance.py:352} INFO - Marking task as SUCCESS. dag_id=class_act_7_pipeline, task_id=collect_data, run_id=scheduled__2024-10-13T05:00:00+00:00, execution_date=20241013T050000, start_date=20241205T001449, end_date=20241205T001453
[2024-12-05T00:14:54.201+0000] {logging_mixin.py:190} INFO - Task instance in success state
[2024-12-05T00:14:54.231+0000] {logging_mixin.py:190} INFO -  Previous state of the Task instance: running
[2024-12-05T00:14:54.232+0000] {logging_mixin.py:190} INFO - Dag name:class_act_7_pipeline queued_at:2024-12-05 00:13:56.151143+00:00
[2024-12-05T00:14:54.233+0000] {logging_mixin.py:190} INFO - Task hostname:cff371549a6e operator:PythonOperator
[2024-12-05T00:14:54.846+0000] {local_task_job_runner.py:266} INFO - Task exited with return code 0
[2024-12-05T00:14:55.447+0000] {standard_task_runner.py:217} INFO - Process not found (most likely exited), stop collecting metrics
[2024-12-05T00:14:55.600+0000] {taskinstance.py:3895} INFO - 1 downstream tasks scheduled from follow-on schedule check
[2024-12-05T00:14:55.641+0000] {local_task_job_runner.py:245} INFO - ::endgroup::
