[2024-12-05T00:20:26.284+0000] {local_task_job_runner.py:123} INFO - ::group::Pre task execution logs
[2024-12-05T00:20:26.601+0000] {taskinstance.py:2613} INFO - Dependencies all met for dep_context=non-requeueable deps ti=<TaskInstance: class_act_7_pipeline.preprocess_data scheduled__2024-10-14T14:00:00+00:00 [queued]>
[2024-12-05T00:20:26.698+0000] {taskinstance.py:2613} INFO - Dependencies all met for dep_context=requeueable deps ti=<TaskInstance: class_act_7_pipeline.preprocess_data scheduled__2024-10-14T14:00:00+00:00 [queued]>
[2024-12-05T00:20:26.700+0000] {taskinstance.py:2866} INFO - Starting attempt 1 of 4
[2024-12-05T00:20:28.654+0000] {taskinstance.py:2889} INFO - Executing <Task(PythonOperator): preprocess_data> on 2024-10-14 14:00:00+00:00
[2024-12-05T00:20:28.771+0000] {warnings.py:112} WARNING - /home/***/.local/lib/python3.12/site-packages/***/task/task_runner/standard_task_runner.py:70: DeprecationWarning: This process (pid=1520) is multi-threaded, use of fork() may lead to deadlocks in the child.
  pid = os.fork()

[2024-12-05T00:20:28.814+0000] {standard_task_runner.py:72} INFO - Started process 1668 to run task
[2024-12-05T00:20:28.938+0000] {standard_task_runner.py:104} INFO - Running: ['***', 'tasks', 'run', 'class_act_7_pipeline', 'preprocess_data', 'scheduled__2024-10-14T14:00:00+00:00', '--job-id', '214', '--raw', '--subdir', 'DAGS_FOLDER/***_pipeline.py', '--cfg-path', '/tmp/tmpiud0lsa_']
[2024-12-05T00:20:28.953+0000] {standard_task_runner.py:105} INFO - Job 214: Subtask preprocess_data
[2024-12-05T00:20:29.603+0000] {task_command.py:467} INFO - Running <TaskInstance: class_act_7_pipeline.preprocess_data scheduled__2024-10-14T14:00:00+00:00 [running]> on host cff371549a6e
[2024-12-05T00:20:32.198+0000] {taskinstance.py:3132} INFO - Exporting env vars: AIRFLOW_CTX_DAG_EMAIL='abdulrahmanbutt7273@gmail.com' AIRFLOW_CTX_DAG_OWNER='***' AIRFLOW_CTX_DAG_ID='class_act_7_pipeline' AIRFLOW_CTX_TASK_ID='preprocess_data' AIRFLOW_CTX_EXECUTION_DATE='2024-10-14T14:00:00+00:00' AIRFLOW_CTX_TRY_NUMBER='1' AIRFLOW_CTX_DAG_RUN_ID='scheduled__2024-10-14T14:00:00+00:00'
[2024-12-05T00:20:32.237+0000] {logging_mixin.py:190} INFO - Task instance is in running state
[2024-12-05T00:20:32.276+0000] {logging_mixin.py:190} INFO -  Previous state of the Task instance: queued
[2024-12-05T00:20:32.339+0000] {logging_mixin.py:190} INFO - Current task name:preprocess_data state:running start_date:2024-12-05 00:20:26.623290+00:00
[2024-12-05T00:20:32.369+0000] {logging_mixin.py:190} INFO - Dag name:class_act_7_pipeline and current dag run status:running
[2024-12-05T00:20:32.423+0000] {taskinstance.py:731} INFO - ::endgroup::
[2024-12-05T00:20:32.950+0000] {python.py:240} INFO - Done. Returned value was: None
[2024-12-05T00:20:33.070+0000] {taskinstance.py:340} INFO - ::group::Post task execution logs
[2024-12-05T00:20:33.077+0000] {taskinstance.py:352} INFO - Marking task as SUCCESS. dag_id=class_act_7_pipeline, task_id=preprocess_data, run_id=scheduled__2024-10-14T14:00:00+00:00, execution_date=20241014T140000, start_date=20241205T002026, end_date=20241205T002033
[2024-12-05T00:20:33.498+0000] {logging_mixin.py:190} INFO - Task instance in success state
[2024-12-05T00:20:33.499+0000] {logging_mixin.py:190} INFO -  Previous state of the Task instance: running
[2024-12-05T00:20:33.501+0000] {logging_mixin.py:190} INFO - Dag name:class_act_7_pipeline queued_at:2024-12-05 00:18:34.001258+00:00
[2024-12-05T00:20:33.503+0000] {logging_mixin.py:190} INFO - Task hostname:cff371549a6e operator:PythonOperator
[2024-12-05T00:20:33.618+0000] {local_task_job_runner.py:266} INFO - Task exited with return code 0
[2024-12-05T00:20:33.840+0000] {taskinstance.py:3895} INFO - 0 downstream tasks scheduled from follow-on schedule check
[2024-12-05T00:20:33.863+0000] {standard_task_runner.py:217} INFO - Process not found (most likely exited), stop collecting metrics
[2024-12-05T00:20:33.916+0000] {local_task_job_runner.py:245} INFO - ::endgroup::
