[2024-12-05T00:16:43.333+0000] {local_task_job_runner.py:123} INFO - ::group::Pre task execution logs
[2024-12-05T00:16:43.900+0000] {taskinstance.py:2613} INFO - Dependencies all met for dep_context=non-requeueable deps ti=<TaskInstance: class_act_7_pipeline.collect_data scheduled__2024-10-13T18:00:00+00:00 [queued]>
[2024-12-05T00:16:44.128+0000] {taskinstance.py:2613} INFO - Dependencies all met for dep_context=requeueable deps ti=<TaskInstance: class_act_7_pipeline.collect_data scheduled__2024-10-13T18:00:00+00:00 [queued]>
[2024-12-05T00:16:44.207+0000] {taskinstance.py:2866} INFO - Starting attempt 1 of 4
[2024-12-05T00:16:45.506+0000] {taskinstance.py:2889} INFO - Executing <Task(PythonOperator): collect_data> on 2024-10-13 18:00:00+00:00
[2024-12-05T00:16:45.790+0000] {warnings.py:112} WARNING - /home/***/.local/lib/python3.12/site-packages/***/task/task_runner/standard_task_runner.py:70: DeprecationWarning: This process (pid=991) is multi-threaded, use of fork() may lead to deadlocks in the child.
  pid = os.fork()

[2024-12-05T00:16:45.809+0000] {standard_task_runner.py:72} INFO - Started process 1130 to run task
[2024-12-05T00:16:45.829+0000] {standard_task_runner.py:104} INFO - Running: ['***', 'tasks', 'run', 'class_act_7_pipeline', 'collect_data', 'scheduled__2024-10-13T18:00:00+00:00', '--job-id', '169', '--raw', '--subdir', 'DAGS_FOLDER/***_pipeline.py', '--cfg-path', '/tmp/tmp0rg0ww01']
[2024-12-05T00:16:45.859+0000] {standard_task_runner.py:105} INFO - Job 169: Subtask collect_data
[2024-12-05T00:16:47.286+0000] {task_command.py:467} INFO - Running <TaskInstance: class_act_7_pipeline.collect_data scheduled__2024-10-13T18:00:00+00:00 [running]> on host cff371549a6e
[2024-12-05T00:16:49.060+0000] {taskinstance.py:3132} INFO - Exporting env vars: AIRFLOW_CTX_DAG_EMAIL='abdulrahmanbutt7273@gmail.com' AIRFLOW_CTX_DAG_OWNER='***' AIRFLOW_CTX_DAG_ID='class_act_7_pipeline' AIRFLOW_CTX_TASK_ID='collect_data' AIRFLOW_CTX_EXECUTION_DATE='2024-10-13T18:00:00+00:00' AIRFLOW_CTX_TRY_NUMBER='1' AIRFLOW_CTX_DAG_RUN_ID='scheduled__2024-10-13T18:00:00+00:00'
[2024-12-05T00:16:49.094+0000] {logging_mixin.py:190} INFO - Task instance is in running state
[2024-12-05T00:16:49.098+0000] {logging_mixin.py:190} INFO -  Previous state of the Task instance: queued
[2024-12-05T00:16:49.101+0000] {logging_mixin.py:190} INFO - Current task name:collect_data state:running start_date:2024-12-05 00:16:43.911755+00:00
[2024-12-05T00:16:49.105+0000] {logging_mixin.py:190} INFO - Dag name:class_act_7_pipeline and current dag run status:running
[2024-12-05T00:16:49.107+0000] {taskinstance.py:731} INFO - ::endgroup::
[2024-12-05T00:16:50.043+0000] {python.py:240} INFO - Done. Returned value was: None
[2024-12-05T00:16:50.222+0000] {taskinstance.py:340} INFO - ::group::Post task execution logs
[2024-12-05T00:16:50.227+0000] {taskinstance.py:352} INFO - Marking task as SUCCESS. dag_id=class_act_7_pipeline, task_id=collect_data, run_id=scheduled__2024-10-13T18:00:00+00:00, execution_date=20241013T180000, start_date=20241205T001643, end_date=20241205T001650
[2024-12-05T00:16:50.306+0000] {logging_mixin.py:190} INFO - Task instance in success state
[2024-12-05T00:16:50.322+0000] {logging_mixin.py:190} INFO -  Previous state of the Task instance: running
[2024-12-05T00:16:50.324+0000] {logging_mixin.py:190} INFO - Dag name:class_act_7_pipeline queued_at:2024-12-05 00:15:50.458969+00:00
[2024-12-05T00:16:50.339+0000] {logging_mixin.py:190} INFO - Task hostname:cff371549a6e operator:PythonOperator
[2024-12-05T00:16:50.462+0000] {local_task_job_runner.py:266} INFO - Task exited with return code 0
[2024-12-05T00:16:50.670+0000] {taskinstance.py:3895} INFO - 1 downstream tasks scheduled from follow-on schedule check
[2024-12-05T00:16:50.707+0000] {local_task_job_runner.py:245} INFO - ::endgroup::
[2024-12-05T00:16:50.849+0000] {standard_task_runner.py:217} INFO - Process not found (most likely exited), stop collecting metrics
