[2024-12-06T00:26:20.346+0000] {local_task_job_runner.py:123} INFO - ::group::Pre task execution logs
[2024-12-06T00:26:20.476+0000] {taskinstance.py:2613} INFO - Dependencies all met for dep_context=non-requeueable deps ti=<TaskInstance: class_act_7_pipeline.preprocess_data scheduled__2024-10-15T14:00:00+00:00 [queued]>
[2024-12-06T00:26:20.551+0000] {taskinstance.py:2613} INFO - Dependencies all met for dep_context=requeueable deps ti=<TaskInstance: class_act_7_pipeline.preprocess_data scheduled__2024-10-15T14:00:00+00:00 [queued]>
[2024-12-06T00:26:20.559+0000] {taskinstance.py:2866} INFO - Starting attempt 1 of 4
[2024-12-06T00:26:20.799+0000] {taskinstance.py:2889} INFO - Executing <Task(PythonOperator): preprocess_data> on 2024-10-15 14:00:00+00:00
[2024-12-06T00:26:20.956+0000] {standard_task_runner.py:104} INFO - Running: ['***', 'tasks', 'run', 'class_act_7_pipeline', 'preprocess_data', 'scheduled__2024-10-15T14:00:00+00:00', '--job-id', '276', '--raw', '--subdir', 'DAGS_FOLDER/***_pipeline.py', '--cfg-path', '/tmp/tmpr7_z5shx']
[2024-12-06T00:26:20.979+0000] {warnings.py:112} WARNING - /home/***/.local/lib/python3.12/site-packages/***/task/task_runner/standard_task_runner.py:70: DeprecationWarning: This process (pid=2288) is multi-threaded, use of fork() may lead to deadlocks in the child.
  pid = os.fork()

[2024-12-06T00:26:21.010+0000] {standard_task_runner.py:105} INFO - Job 276: Subtask preprocess_data
[2024-12-06T00:26:21.037+0000] {standard_task_runner.py:72} INFO - Started process 2355 to run task
[2024-12-06T00:26:21.405+0000] {task_command.py:467} INFO - Running <TaskInstance: class_act_7_pipeline.preprocess_data scheduled__2024-10-15T14:00:00+00:00 [running]> on host cff371549a6e
[2024-12-06T00:26:22.085+0000] {taskinstance.py:3132} INFO - Exporting env vars: AIRFLOW_CTX_DAG_EMAIL='abdulrahmanbutt7273@gmail.com' AIRFLOW_CTX_DAG_OWNER='***' AIRFLOW_CTX_DAG_ID='class_act_7_pipeline' AIRFLOW_CTX_TASK_ID='preprocess_data' AIRFLOW_CTX_EXECUTION_DATE='2024-10-15T14:00:00+00:00' AIRFLOW_CTX_TRY_NUMBER='1' AIRFLOW_CTX_DAG_RUN_ID='scheduled__2024-10-15T14:00:00+00:00'
[2024-12-06T00:26:22.114+0000] {logging_mixin.py:190} INFO - Task instance is in running state
[2024-12-06T00:26:22.128+0000] {logging_mixin.py:190} INFO -  Previous state of the Task instance: queued
[2024-12-06T00:26:22.144+0000] {logging_mixin.py:190} INFO - Current task name:preprocess_data state:running start_date:2024-12-06 00:26:20.498455+00:00
[2024-12-06T00:26:22.150+0000] {logging_mixin.py:190} INFO - Dag name:class_act_7_pipeline and current dag run status:running
[2024-12-06T00:26:22.180+0000] {taskinstance.py:731} INFO - ::endgroup::
[2024-12-06T00:26:22.420+0000] {python.py:240} INFO - Done. Returned value was: None
[2024-12-06T00:26:22.539+0000] {taskinstance.py:340} INFO - ::group::Post task execution logs
[2024-12-06T00:26:22.553+0000] {taskinstance.py:352} INFO - Marking task as SUCCESS. dag_id=class_act_7_pipeline, task_id=preprocess_data, run_id=scheduled__2024-10-15T14:00:00+00:00, execution_date=20241015T140000, start_date=20241206T002620, end_date=20241206T002622
[2024-12-06T00:26:22.626+0000] {logging_mixin.py:190} INFO - Task instance in success state
[2024-12-06T00:26:22.631+0000] {logging_mixin.py:190} INFO -  Previous state of the Task instance: running
[2024-12-06T00:26:22.642+0000] {logging_mixin.py:190} INFO - Dag name:class_act_7_pipeline queued_at:2024-12-05 00:23:49.666715+00:00
[2024-12-06T00:26:22.647+0000] {logging_mixin.py:190} INFO - Task hostname:cff371549a6e operator:PythonOperator
[2024-12-06T00:26:22.766+0000] {local_task_job_runner.py:266} INFO - Task exited with return code 0
[2024-12-06T00:26:22.916+0000] {taskinstance.py:3895} INFO - 0 downstream tasks scheduled from follow-on schedule check
[2024-12-06T00:26:22.958+0000] {local_task_job_runner.py:245} INFO - ::endgroup::
