[2024-12-05T00:23:38.705+0000] {local_task_job_runner.py:123} INFO - ::group::Pre task execution logs
[2024-12-05T00:23:38.966+0000] {taskinstance.py:2613} INFO - Dependencies all met for dep_context=non-requeueable deps ti=<TaskInstance: class_act_7_pipeline.preprocess_data scheduled__2024-10-15T11:00:00+00:00 [queued]>
[2024-12-05T00:23:39.175+0000] {taskinstance.py:2613} INFO - Dependencies all met for dep_context=requeueable deps ti=<TaskInstance: class_act_7_pipeline.preprocess_data scheduled__2024-10-15T11:00:00+00:00 [queued]>
[2024-12-05T00:23:39.263+0000] {taskinstance.py:2866} INFO - Starting attempt 1 of 4
[2024-12-05T00:23:39.616+0000] {taskinstance.py:2889} INFO - Executing <Task(PythonOperator): preprocess_data> on 2024-10-15 11:00:00+00:00
[2024-12-05T00:23:39.690+0000] {warnings.py:112} WARNING - /home/***/.local/lib/python3.12/site-packages/***/task/task_runner/standard_task_runner.py:70: DeprecationWarning: This process (pid=2037) is multi-threaded, use of fork() may lead to deadlocks in the child.
  pid = os.fork()

[2024-12-05T00:23:39.698+0000] {standard_task_runner.py:72} INFO - Started process 2057 to run task
[2024-12-05T00:23:39.715+0000] {standard_task_runner.py:104} INFO - Running: ['***', 'tasks', 'run', 'class_act_7_pipeline', 'preprocess_data', 'scheduled__2024-10-15T11:00:00+00:00', '--job-id', '255', '--raw', '--subdir', 'DAGS_FOLDER/***_pipeline.py', '--cfg-path', '/tmp/tmp4tj08ciq']
[2024-12-05T00:23:39.736+0000] {standard_task_runner.py:105} INFO - Job 255: Subtask preprocess_data
[2024-12-05T00:23:40.279+0000] {task_command.py:467} INFO - Running <TaskInstance: class_act_7_pipeline.preprocess_data scheduled__2024-10-15T11:00:00+00:00 [running]> on host cff371549a6e
[2024-12-05T00:23:41.615+0000] {taskinstance.py:3132} INFO - Exporting env vars: AIRFLOW_CTX_DAG_EMAIL='abdulrahmanbutt7273@gmail.com' AIRFLOW_CTX_DAG_OWNER='***' AIRFLOW_CTX_DAG_ID='class_act_7_pipeline' AIRFLOW_CTX_TASK_ID='preprocess_data' AIRFLOW_CTX_EXECUTION_DATE='2024-10-15T11:00:00+00:00' AIRFLOW_CTX_TRY_NUMBER='1' AIRFLOW_CTX_DAG_RUN_ID='scheduled__2024-10-15T11:00:00+00:00'
[2024-12-05T00:23:41.641+0000] {logging_mixin.py:190} INFO - Task instance is in running state
[2024-12-05T00:23:41.693+0000] {logging_mixin.py:190} INFO -  Previous state of the Task instance: queued
[2024-12-05T00:23:41.708+0000] {logging_mixin.py:190} INFO - Current task name:preprocess_data state:running start_date:2024-12-05 00:23:38.973178+00:00
[2024-12-05T00:23:41.712+0000] {logging_mixin.py:190} INFO - Dag name:class_act_7_pipeline and current dag run status:running
[2024-12-05T00:23:41.724+0000] {taskinstance.py:731} INFO - ::endgroup::
[2024-12-05T00:23:42.046+0000] {python.py:240} INFO - Done. Returned value was: None
[2024-12-05T00:23:42.173+0000] {taskinstance.py:340} INFO - ::group::Post task execution logs
[2024-12-05T00:23:42.187+0000] {taskinstance.py:352} INFO - Marking task as SUCCESS. dag_id=class_act_7_pipeline, task_id=preprocess_data, run_id=scheduled__2024-10-15T11:00:00+00:00, execution_date=20241015T110000, start_date=20241205T002338, end_date=20241205T002342
[2024-12-05T00:23:42.305+0000] {logging_mixin.py:190} INFO - Task instance in success state
[2024-12-05T00:23:42.308+0000] {logging_mixin.py:190} INFO -  Previous state of the Task instance: running
[2024-12-05T00:23:42.326+0000] {logging_mixin.py:190} INFO - Dag name:class_act_7_pipeline queued_at:2024-12-05 00:22:15.127583+00:00
[2024-12-05T00:23:42.341+0000] {logging_mixin.py:190} INFO - Task hostname:cff371549a6e operator:PythonOperator
[2024-12-05T00:23:42.491+0000] {local_task_job_runner.py:266} INFO - Task exited with return code 0
[2024-12-05T00:23:42.617+0000] {taskinstance.py:3895} INFO - 0 downstream tasks scheduled from follow-on schedule check
[2024-12-05T00:23:42.685+0000] {local_task_job_runner.py:245} INFO - ::endgroup::
