[2024-12-05T00:18:01.313+0000] {local_task_job_runner.py:123} INFO - ::group::Pre task execution logs
[2024-12-05T00:18:02.184+0000] {taskinstance.py:2613} INFO - Dependencies all met for dep_context=non-requeueable deps ti=<TaskInstance: class_act_7_pipeline.preprocess_data scheduled__2024-10-13T18:00:00+00:00 [queued]>
[2024-12-05T00:18:02.462+0000] {taskinstance.py:2613} INFO - Dependencies all met for dep_context=requeueable deps ti=<TaskInstance: class_act_7_pipeline.preprocess_data scheduled__2024-10-13T18:00:00+00:00 [queued]>
[2024-12-05T00:18:02.480+0000] {taskinstance.py:2866} INFO - Starting attempt 1 of 4
[2024-12-05T00:18:02.718+0000] {taskinstance.py:2889} INFO - Executing <Task(PythonOperator): preprocess_data> on 2024-10-13 18:00:00+00:00
[2024-12-05T00:18:02.893+0000] {standard_task_runner.py:104} INFO - Running: ['***', 'tasks', 'run', 'class_act_7_pipeline', 'preprocess_data', 'scheduled__2024-10-13T18:00:00+00:00', '--job-id', '184', '--raw', '--subdir', 'DAGS_FOLDER/***_pipeline.py', '--cfg-path', '/tmp/tmp4mw8dj4t']
[2024-12-05T00:18:02.924+0000] {standard_task_runner.py:105} INFO - Job 184: Subtask preprocess_data
[2024-12-05T00:18:02.969+0000] {warnings.py:112} WARNING - /home/***/.local/lib/python3.12/site-packages/***/task/task_runner/standard_task_runner.py:70: DeprecationWarning: This process (pid=1142) is multi-threaded, use of fork() may lead to deadlocks in the child.
  pid = os.fork()

[2024-12-05T00:18:03.021+0000] {standard_task_runner.py:72} INFO - Started process 1314 to run task
[2024-12-05T00:18:03.536+0000] {task_command.py:467} INFO - Running <TaskInstance: class_act_7_pipeline.preprocess_data scheduled__2024-10-13T18:00:00+00:00 [running]> on host cff371549a6e
[2024-12-05T00:18:06.040+0000] {taskinstance.py:3132} INFO - Exporting env vars: AIRFLOW_CTX_DAG_EMAIL='abdulrahmanbutt7273@gmail.com' AIRFLOW_CTX_DAG_OWNER='***' AIRFLOW_CTX_DAG_ID='class_act_7_pipeline' AIRFLOW_CTX_TASK_ID='preprocess_data' AIRFLOW_CTX_EXECUTION_DATE='2024-10-13T18:00:00+00:00' AIRFLOW_CTX_TRY_NUMBER='1' AIRFLOW_CTX_DAG_RUN_ID='scheduled__2024-10-13T18:00:00+00:00'
[2024-12-05T00:18:06.077+0000] {logging_mixin.py:190} INFO - Task instance is in running state
[2024-12-05T00:18:06.095+0000] {logging_mixin.py:190} INFO -  Previous state of the Task instance: queued
[2024-12-05T00:18:06.103+0000] {logging_mixin.py:190} INFO - Current task name:preprocess_data state:running start_date:2024-12-05 00:18:02.189087+00:00
[2024-12-05T00:18:06.119+0000] {logging_mixin.py:190} INFO - Dag name:class_act_7_pipeline and current dag run status:running
[2024-12-05T00:18:06.137+0000] {taskinstance.py:731} INFO - ::endgroup::
[2024-12-05T00:18:06.264+0000] {python.py:240} INFO - Done. Returned value was: None
[2024-12-05T00:18:06.396+0000] {taskinstance.py:340} INFO - ::group::Post task execution logs
[2024-12-05T00:18:06.404+0000] {taskinstance.py:352} INFO - Marking task as SUCCESS. dag_id=class_act_7_pipeline, task_id=preprocess_data, run_id=scheduled__2024-10-13T18:00:00+00:00, execution_date=20241013T180000, start_date=20241205T001802, end_date=20241205T001806
[2024-12-05T00:18:06.542+0000] {logging_mixin.py:190} INFO - Task instance in success state
[2024-12-05T00:18:06.558+0000] {logging_mixin.py:190} INFO -  Previous state of the Task instance: running
[2024-12-05T00:18:06.574+0000] {logging_mixin.py:190} INFO - Dag name:class_act_7_pipeline queued_at:2024-12-05 00:15:50.458969+00:00
[2024-12-05T00:18:06.587+0000] {logging_mixin.py:190} INFO - Task hostname:cff371549a6e operator:PythonOperator
[2024-12-05T00:18:06.728+0000] {local_task_job_runner.py:266} INFO - Task exited with return code 0
[2024-12-05T00:18:06.835+0000] {taskinstance.py:3895} INFO - 0 downstream tasks scheduled from follow-on schedule check
[2024-12-05T00:18:06.887+0000] {local_task_job_runner.py:245} INFO - ::endgroup::
