[2024-12-06T00:25:21.601+0000] {processor.py:186} INFO - Started process (PID=1514) to work on /opt/airflow/dags/airflow_pipeline.py
[2024-12-06T00:25:21.613+0000] {processor.py:914} INFO - Processing file /opt/airflow/dags/airflow_pipeline.py for tasks to queue
[2024-12-06T00:25:21.646+0000] {logging_mixin.py:190} INFO - [2024-12-06T00:25:21.645+0000] {dagbag.py:588} INFO - Filling up the DagBag from /opt/airflow/dags/airflow_pipeline.py
[2024-12-06T00:25:44.909+0000] {processor.py:925} INFO - DAG(s) 'class_act_7_pipeline' retrieved from /opt/airflow/dags/airflow_pipeline.py
[2024-12-06T00:25:44.995+0000] {logging_mixin.py:190} INFO - [2024-12-06T00:25:44.981+0000] {dag.py:3239} INFO - Sync 1 DAGs
[2024-12-06T00:25:45.432+0000] {processor.py:208} INFO - Processing /opt/airflow/dags/airflow_pipeline.py took 23.917 seconds
[2024-12-06T00:26:37.462+0000] {processor.py:186} INFO - Started process (PID=1591) to work on /opt/airflow/dags/airflow_pipeline.py
[2024-12-06T00:26:37.511+0000] {processor.py:914} INFO - Processing file /opt/airflow/dags/airflow_pipeline.py for tasks to queue
[2024-12-06T00:26:37.560+0000] {logging_mixin.py:190} INFO - [2024-12-06T00:26:37.558+0000] {dagbag.py:588} INFO - Filling up the DagBag from /opt/airflow/dags/airflow_pipeline.py
[2024-12-06T00:26:48.224+0000] {processor.py:925} INFO - DAG(s) 'class_act_7_pipeline' retrieved from /opt/airflow/dags/airflow_pipeline.py
[2024-12-06T00:26:48.810+0000] {logging_mixin.py:190} INFO - [2024-12-06T00:26:48.808+0000] {dag.py:3239} INFO - Sync 1 DAGs
[2024-12-06T00:26:49.315+0000] {logging_mixin.py:190} INFO - [2024-12-06T00:26:49.304+0000] {dag.py:4180} INFO - Setting next_dagrun for class_act_7_pipeline to 2024-10-16 03:00:00+00:00, run_after=2024-10-16 04:00:00+00:00
[2024-12-06T00:26:49.699+0000] {processor.py:208} INFO - Processing /opt/airflow/dags/airflow_pipeline.py took 12.347 seconds
[2024-12-06T00:27:40.251+0000] {processor.py:186} INFO - Started process (PID=1658) to work on /opt/airflow/dags/airflow_pipeline.py
[2024-12-06T00:27:40.317+0000] {processor.py:914} INFO - Processing file /opt/airflow/dags/airflow_pipeline.py for tasks to queue
[2024-12-06T00:27:40.350+0000] {logging_mixin.py:190} INFO - [2024-12-06T00:27:40.349+0000] {dagbag.py:588} INFO - Filling up the DagBag from /opt/airflow/dags/airflow_pipeline.py
[2024-12-06T00:27:54.152+0000] {processor.py:925} INFO - DAG(s) 'class_act_7_pipeline' retrieved from /opt/airflow/dags/airflow_pipeline.py
[2024-12-06T00:27:54.360+0000] {logging_mixin.py:190} INFO - [2024-12-06T00:27:54.359+0000] {dag.py:3239} INFO - Sync 1 DAGs
[2024-12-06T00:27:54.759+0000] {logging_mixin.py:190} INFO - [2024-12-06T00:27:54.759+0000] {dag.py:4180} INFO - Setting next_dagrun for class_act_7_pipeline to 2024-10-16 07:00:00+00:00, run_after=2024-10-16 08:00:00+00:00
[2024-12-06T00:27:55.107+0000] {processor.py:208} INFO - Processing /opt/airflow/dags/airflow_pipeline.py took 14.940 seconds
[2024-12-06T00:28:56.852+0000] {processor.py:186} INFO - Started process (PID=1725) to work on /opt/airflow/dags/airflow_pipeline.py
[2024-12-06T00:28:56.877+0000] {processor.py:914} INFO - Processing file /opt/airflow/dags/airflow_pipeline.py for tasks to queue
[2024-12-06T00:28:56.884+0000] {logging_mixin.py:190} INFO - [2024-12-06T00:28:56.883+0000] {dagbag.py:588} INFO - Filling up the DagBag from /opt/airflow/dags/airflow_pipeline.py
[2024-12-06T00:29:02.162+0000] {processor.py:925} INFO - DAG(s) 'class_act_7_pipeline' retrieved from /opt/airflow/dags/airflow_pipeline.py
[2024-12-06T00:29:02.207+0000] {logging_mixin.py:190} INFO - [2024-12-06T00:29:02.206+0000] {dag.py:3239} INFO - Sync 1 DAGs
[2024-12-06T00:29:02.272+0000] {logging_mixin.py:190} INFO - [2024-12-06T00:29:02.271+0000] {dag.py:4180} INFO - Setting next_dagrun for class_act_7_pipeline to 2024-10-16 08:00:00+00:00, run_after=2024-10-16 09:00:00+00:00
[2024-12-06T00:29:03.217+0000] {processor.py:208} INFO - Processing /opt/airflow/dags/airflow_pipeline.py took 6.413 seconds
[2024-12-06T00:29:51.808+0000] {processor.py:186} INFO - Started process (PID=1787) to work on /opt/airflow/dags/airflow_pipeline.py
[2024-12-06T00:29:51.851+0000] {processor.py:914} INFO - Processing file /opt/airflow/dags/airflow_pipeline.py for tasks to queue
[2024-12-06T00:29:51.872+0000] {logging_mixin.py:190} INFO - [2024-12-06T00:29:51.870+0000] {dagbag.py:588} INFO - Filling up the DagBag from /opt/airflow/dags/airflow_pipeline.py
[2024-12-06T00:29:58.623+0000] {processor.py:925} INFO - DAG(s) 'class_act_7_pipeline' retrieved from /opt/airflow/dags/airflow_pipeline.py
[2024-12-06T00:29:58.949+0000] {logging_mixin.py:190} INFO - [2024-12-06T00:29:58.947+0000] {dag.py:3239} INFO - Sync 1 DAGs
[2024-12-06T00:29:59.126+0000] {logging_mixin.py:190} INFO - [2024-12-06T00:29:59.126+0000] {dag.py:4180} INFO - Setting next_dagrun for class_act_7_pipeline to 2024-10-16 14:00:00+00:00, run_after=2024-10-16 15:00:00+00:00
[2024-12-06T00:29:59.367+0000] {processor.py:208} INFO - Processing /opt/airflow/dags/airflow_pipeline.py took 7.657 seconds
[2024-12-06T00:30:50.478+0000] {processor.py:186} INFO - Started process (PID=1870) to work on /opt/airflow/dags/airflow_pipeline.py
[2024-12-06T00:30:50.494+0000] {processor.py:914} INFO - Processing file /opt/airflow/dags/airflow_pipeline.py for tasks to queue
[2024-12-06T00:30:50.514+0000] {logging_mixin.py:190} INFO - [2024-12-06T00:30:50.512+0000] {dagbag.py:588} INFO - Filling up the DagBag from /opt/airflow/dags/airflow_pipeline.py
[2024-12-06T00:31:00.414+0000] {processor.py:925} INFO - DAG(s) 'class_act_7_pipeline' retrieved from /opt/airflow/dags/airflow_pipeline.py
[2024-12-06T00:31:00.619+0000] {logging_mixin.py:190} INFO - [2024-12-06T00:31:00.618+0000] {dag.py:3239} INFO - Sync 1 DAGs
[2024-12-06T00:31:01.335+0000] {logging_mixin.py:190} INFO - [2024-12-06T00:31:01.334+0000] {dag.py:4180} INFO - Setting next_dagrun for class_act_7_pipeline to 2024-10-16 16:00:00+00:00, run_after=2024-10-16 17:00:00+00:00
[2024-12-06T00:31:01.698+0000] {processor.py:208} INFO - Processing /opt/airflow/dags/airflow_pipeline.py took 11.314 seconds
