[2024-12-06T00:27:41.253+0000] {local_task_job_runner.py:123} INFO - ::group::Pre task execution logs
[2024-12-06T00:27:41.683+0000] {taskinstance.py:2613} INFO - Dependencies all met for dep_context=non-requeueable deps ti=<TaskInstance: class_act_7_pipeline.preprocess_data scheduled__2024-10-15T18:00:00+00:00 [queued]>
[2024-12-06T00:27:42.021+0000] {taskinstance.py:2613} INFO - Dependencies all met for dep_context=requeueable deps ti=<TaskInstance: class_act_7_pipeline.preprocess_data scheduled__2024-10-15T18:00:00+00:00 [queued]>
[2024-12-06T00:27:42.056+0000] {taskinstance.py:2866} INFO - Starting attempt 1 of 4
[2024-12-06T00:27:45.633+0000] {taskinstance.py:2889} INFO - Executing <Task(PythonOperator): preprocess_data> on 2024-10-15 18:00:00+00:00
[2024-12-06T00:27:46.133+0000] {warnings.py:112} WARNING - /home/***/.local/lib/python3.12/site-packages/***/task/task_runner/standard_task_runner.py:70: DeprecationWarning: This process (pid=2360) is multi-threaded, use of fork() may lead to deadlocks in the child.
  pid = os.fork()

[2024-12-06T00:27:46.247+0000] {standard_task_runner.py:72} INFO - Started process 2504 to run task
[2024-12-06T00:27:46.211+0000] {standard_task_runner.py:104} INFO - Running: ['***', 'tasks', 'run', 'class_act_7_pipeline', 'preprocess_data', 'scheduled__2024-10-15T18:00:00+00:00', '--job-id', '282', '--raw', '--subdir', 'DAGS_FOLDER/***_pipeline.py', '--cfg-path', '/tmp/tmppc5pr0p2']
[2024-12-06T00:27:46.279+0000] {standard_task_runner.py:105} INFO - Job 282: Subtask preprocess_data
[2024-12-06T00:27:48.176+0000] {task_command.py:467} INFO - Running <TaskInstance: class_act_7_pipeline.preprocess_data scheduled__2024-10-15T18:00:00+00:00 [running]> on host cff371549a6e
[2024-12-06T00:27:51.761+0000] {job.py:229} INFO - Heartbeat recovered after 14.11 seconds
[2024-12-06T00:27:52.487+0000] {taskinstance.py:3132} INFO - Exporting env vars: AIRFLOW_CTX_DAG_EMAIL='abdulrahmanbutt7273@gmail.com' AIRFLOW_CTX_DAG_OWNER='***' AIRFLOW_CTX_DAG_ID='class_act_7_pipeline' AIRFLOW_CTX_TASK_ID='preprocess_data' AIRFLOW_CTX_EXECUTION_DATE='2024-10-15T18:00:00+00:00' AIRFLOW_CTX_TRY_NUMBER='1' AIRFLOW_CTX_DAG_RUN_ID='scheduled__2024-10-15T18:00:00+00:00'
[2024-12-06T00:27:52.507+0000] {logging_mixin.py:190} INFO - Task instance is in running state
[2024-12-06T00:27:52.557+0000] {logging_mixin.py:190} INFO -  Previous state of the Task instance: queued
[2024-12-06T00:27:52.590+0000] {logging_mixin.py:190} INFO - Current task name:preprocess_data state:running start_date:2024-12-06 00:27:41.717663+00:00
[2024-12-06T00:27:52.624+0000] {logging_mixin.py:190} INFO - Dag name:class_act_7_pipeline and current dag run status:running
[2024-12-06T00:27:52.636+0000] {taskinstance.py:731} INFO - ::endgroup::
[2024-12-06T00:27:53.578+0000] {python.py:240} INFO - Done. Returned value was: None
[2024-12-06T00:27:54.154+0000] {taskinstance.py:340} INFO - ::group::Post task execution logs
[2024-12-06T00:27:54.181+0000] {taskinstance.py:352} INFO - Marking task as SUCCESS. dag_id=class_act_7_pipeline, task_id=preprocess_data, run_id=scheduled__2024-10-15T18:00:00+00:00, execution_date=20241015T180000, start_date=20241206T002741, end_date=20241206T002754
[2024-12-06T00:27:54.937+0000] {logging_mixin.py:190} INFO - Task instance in success state
[2024-12-06T00:27:54.958+0000] {logging_mixin.py:190} INFO -  Previous state of the Task instance: running
[2024-12-06T00:27:54.963+0000] {logging_mixin.py:190} INFO - Dag name:class_act_7_pipeline queued_at:2024-12-05 00:23:57.760504+00:00
[2024-12-06T00:27:54.975+0000] {logging_mixin.py:190} INFO - Task hostname:cff371549a6e operator:PythonOperator
[2024-12-06T00:27:55.477+0000] {local_task_job_runner.py:266} INFO - Task exited with return code 0
[2024-12-06T00:27:55.702+0000] {taskinstance.py:3895} INFO - 0 downstream tasks scheduled from follow-on schedule check
[2024-12-06T00:27:55.917+0000] {local_task_job_runner.py:245} INFO - ::endgroup::
[2024-12-06T00:27:56.477+0000] {standard_task_runner.py:217} INFO - Process not found (most likely exited), stop collecting metrics
