[2024-12-05T00:13:39.243+0000] {local_task_job_runner.py:123} INFO - ::group::Pre task execution logs
[2024-12-05T00:13:39.458+0000] {taskinstance.py:2613} INFO - Dependencies all met for dep_context=non-requeueable deps ti=<TaskInstance: class_act_7_pipeline.collect_data scheduled__2024-10-12T19:00:00+00:00 [queued]>
[2024-12-05T00:13:39.539+0000] {taskinstance.py:2613} INFO - Dependencies all met for dep_context=requeueable deps ti=<TaskInstance: class_act_7_pipeline.collect_data scheduled__2024-10-12T19:00:00+00:00 [queued]>
[2024-12-05T00:13:39.551+0000] {taskinstance.py:2866} INFO - Starting attempt 1 of 4
[2024-12-05T00:13:39.729+0000] {taskinstance.py:2889} INFO - Executing <Task(PythonOperator): collect_data> on 2024-10-12 19:00:00+00:00
[2024-12-05T00:13:39.853+0000] {warnings.py:112} WARNING - /home/***/.local/lib/python3.12/site-packages/***/task/task_runner/standard_task_runner.py:70: DeprecationWarning: This process (pid=390) is multi-threaded, use of fork() may lead to deadlocks in the child.
  pid = os.fork()

[2024-12-05T00:13:39.911+0000] {standard_task_runner.py:72} INFO - Started process 646 to run task
[2024-12-05T00:13:39.912+0000] {standard_task_runner.py:104} INFO - Running: ['***', 'tasks', 'run', 'class_act_7_pipeline', 'collect_data', 'scheduled__2024-10-12T19:00:00+00:00', '--job-id', '132', '--raw', '--subdir', 'DAGS_FOLDER/***_pipeline.py', '--cfg-path', '/tmp/tmp685cnvdq']
[2024-12-05T00:13:39.922+0000] {standard_task_runner.py:105} INFO - Job 132: Subtask collect_data
[2024-12-05T00:13:40.601+0000] {task_command.py:467} INFO - Running <TaskInstance: class_act_7_pipeline.collect_data scheduled__2024-10-12T19:00:00+00:00 [running]> on host cff371549a6e
[2024-12-05T00:13:42.402+0000] {taskinstance.py:3132} INFO - Exporting env vars: AIRFLOW_CTX_DAG_EMAIL='abdulrahmanbutt7273@gmail.com' AIRFLOW_CTX_DAG_OWNER='***' AIRFLOW_CTX_DAG_ID='class_act_7_pipeline' AIRFLOW_CTX_TASK_ID='collect_data' AIRFLOW_CTX_EXECUTION_DATE='2024-10-12T19:00:00+00:00' AIRFLOW_CTX_TRY_NUMBER='1' AIRFLOW_CTX_DAG_RUN_ID='scheduled__2024-10-12T19:00:00+00:00'
[2024-12-05T00:13:42.406+0000] {logging_mixin.py:190} INFO - Task instance is in running state
[2024-12-05T00:13:42.415+0000] {logging_mixin.py:190} INFO -  Previous state of the Task instance: queued
[2024-12-05T00:13:42.418+0000] {logging_mixin.py:190} INFO - Current task name:collect_data state:running start_date:2024-12-05 00:13:39.472069+00:00
[2024-12-05T00:13:42.432+0000] {logging_mixin.py:190} INFO - Dag name:class_act_7_pipeline and current dag run status:running
[2024-12-05T00:13:42.455+0000] {taskinstance.py:731} INFO - ::endgroup::
[2024-12-05T00:13:43.231+0000] {python.py:240} INFO - Done. Returned value was: None
[2024-12-05T00:13:43.489+0000] {taskinstance.py:340} INFO - ::group::Post task execution logs
[2024-12-05T00:13:43.494+0000] {taskinstance.py:352} INFO - Marking task as SUCCESS. dag_id=class_act_7_pipeline, task_id=collect_data, run_id=scheduled__2024-10-12T19:00:00+00:00, execution_date=20241012T190000, start_date=20241205T001339, end_date=20241205T001343
[2024-12-05T00:13:44.124+0000] {logging_mixin.py:190} INFO - Task instance in success state
[2024-12-05T00:13:44.145+0000] {logging_mixin.py:190} INFO -  Previous state of the Task instance: running
[2024-12-05T00:13:44.193+0000] {logging_mixin.py:190} INFO - Dag name:class_act_7_pipeline queued_at:2024-12-05 00:11:19.799865+00:00
[2024-12-05T00:13:44.211+0000] {logging_mixin.py:190} INFO - Task hostname:cff371549a6e operator:PythonOperator
[2024-12-05T00:13:44.591+0000] {local_task_job_runner.py:266} INFO - Task exited with return code 0
[2024-12-05T00:13:44.926+0000] {taskinstance.py:3895} INFO - 1 downstream tasks scheduled from follow-on schedule check
[2024-12-05T00:13:45.087+0000] {standard_task_runner.py:217} INFO - Process not found (most likely exited), stop collecting metrics
[2024-12-05T00:13:45.321+0000] {local_task_job_runner.py:245} INFO - ::endgroup::
