[2024-12-05T00:19:20.304+0000] {local_task_job_runner.py:123} INFO - ::group::Pre task execution logs
[2024-12-05T00:19:20.707+0000] {taskinstance.py:2613} INFO - Dependencies all met for dep_context=non-requeueable deps ti=<TaskInstance: class_act_7_pipeline.collect_data scheduled__2024-10-14T11:00:00+00:00 [queued]>
[2024-12-05T00:19:21.019+0000] {taskinstance.py:2613} INFO - Dependencies all met for dep_context=requeueable deps ti=<TaskInstance: class_act_7_pipeline.collect_data scheduled__2024-10-14T11:00:00+00:00 [queued]>
[2024-12-05T00:19:21.118+0000] {taskinstance.py:2866} INFO - Starting attempt 1 of 4
[2024-12-05T00:19:21.350+0000] {taskinstance.py:2889} INFO - Executing <Task(PythonOperator): collect_data> on 2024-10-14 11:00:00+00:00
[2024-12-05T00:19:21.510+0000] {warnings.py:112} WARNING - /home/***/.local/lib/python3.12/site-packages/***/task/task_runner/standard_task_runner.py:70: DeprecationWarning: This process (pid=1362) is multi-threaded, use of fork() may lead to deadlocks in the child.
  pid = os.fork()

[2024-12-05T00:19:21.549+0000] {standard_task_runner.py:72} INFO - Started process 1504 to run task
[2024-12-05T00:19:21.559+0000] {standard_task_runner.py:104} INFO - Running: ['***', 'tasks', 'run', 'class_act_7_pipeline', 'collect_data', 'scheduled__2024-10-14T11:00:00+00:00', '--job-id', '203', '--raw', '--subdir', 'DAGS_FOLDER/***_pipeline.py', '--cfg-path', '/tmp/tmp61cfgh9r']
[2024-12-05T00:19:21.595+0000] {standard_task_runner.py:105} INFO - Job 203: Subtask collect_data
[2024-12-05T00:19:23.216+0000] {task_command.py:467} INFO - Running <TaskInstance: class_act_7_pipeline.collect_data scheduled__2024-10-14T11:00:00+00:00 [running]> on host cff371549a6e
[2024-12-05T00:19:26.502+0000] {taskinstance.py:3132} INFO - Exporting env vars: AIRFLOW_CTX_DAG_EMAIL='abdulrahmanbutt7273@gmail.com' AIRFLOW_CTX_DAG_OWNER='***' AIRFLOW_CTX_DAG_ID='class_act_7_pipeline' AIRFLOW_CTX_TASK_ID='collect_data' AIRFLOW_CTX_EXECUTION_DATE='2024-10-14T11:00:00+00:00' AIRFLOW_CTX_TRY_NUMBER='1' AIRFLOW_CTX_DAG_RUN_ID='scheduled__2024-10-14T11:00:00+00:00'
[2024-12-05T00:19:26.512+0000] {logging_mixin.py:190} INFO - Task instance is in running state
[2024-12-05T00:19:26.513+0000] {logging_mixin.py:190} INFO -  Previous state of the Task instance: queued
[2024-12-05T00:19:26.532+0000] {logging_mixin.py:190} INFO - Current task name:collect_data state:running start_date:2024-12-05 00:19:20.724108+00:00
[2024-12-05T00:19:26.533+0000] {logging_mixin.py:190} INFO - Dag name:class_act_7_pipeline and current dag run status:running
[2024-12-05T00:19:26.545+0000] {taskinstance.py:731} INFO - ::endgroup::
[2024-12-05T00:19:27.493+0000] {python.py:240} INFO - Done. Returned value was: None
[2024-12-05T00:19:27.611+0000] {taskinstance.py:340} INFO - ::group::Post task execution logs
[2024-12-05T00:19:27.626+0000] {taskinstance.py:352} INFO - Marking task as SUCCESS. dag_id=class_act_7_pipeline, task_id=collect_data, run_id=scheduled__2024-10-14T11:00:00+00:00, execution_date=20241014T110000, start_date=20241205T001920, end_date=20241205T001927
[2024-12-05T00:19:27.885+0000] {logging_mixin.py:190} INFO - Task instance in success state
[2024-12-05T00:19:27.890+0000] {logging_mixin.py:190} INFO -  Previous state of the Task instance: running
[2024-12-05T00:19:27.907+0000] {logging_mixin.py:190} INFO - Dag name:class_act_7_pipeline queued_at:2024-12-05 00:18:30.102507+00:00
[2024-12-05T00:19:27.910+0000] {logging_mixin.py:190} INFO - Task hostname:cff371549a6e operator:PythonOperator
[2024-12-05T00:19:28.071+0000] {local_task_job_runner.py:266} INFO - Task exited with return code 0
[2024-12-05T00:19:28.373+0000] {taskinstance.py:3895} INFO - 1 downstream tasks scheduled from follow-on schedule check
[2024-12-05T00:19:28.454+0000] {local_task_job_runner.py:245} INFO - ::endgroup::
